<?xml version="1.0" encoding="UTF-8"?>
<TestRun id="82eeef82-40fa-457b-904d-cad0f397f7a6" name="root@CLIENTAZS 2011-07-03 01:32:53" runUser="CLIENTAZS\root" xmlns="http://microsoft.com/schemas/VisualStudio/TeamTest/2010">
  <TestSettings name="ローカル" id="82b9a1a8-b1c9-4cfe-afea-c8e70cee6ddc">
    <Description>これらはローカル テスト実行用の既定のテスト設定です。</Description>
    <Deployment enabled="false" runDeploymentRoot="root_CLIENTAZS 2011-07-03 01_32_53">
      <DeploymentItem filename="C:\Users\root\Documents\Visual Studio 2010\Projects\SerialPortTest\SensorLivetView\InfrastructureAssemblies\Livet.dll" />
      <DeploymentItem filename="C:\Users\root\Documents\Visual Studio 2010\Projects\SerialPortTest\CensorLibrary\bin\Debug\SensorLibrary.dll" />
      <DeploymentItem filename="C:\Program Files (x86)\Microsoft SDKs\Expression\Blend\.NETFramework\v4.0\Libraries\Microsoft.Expression.Interactions.dll" />
      <DeploymentItem filename="C:\Program Files (x86)\Microsoft Reactive Extensions SDK\v1.1.10621\Binaries\.NETFramework\v4.0\System.Reactive.dll" />
      <DeploymentItem filename="C:\Users\root\Documents\Visual Studio 2010\Projects\SerialPortTest\SensorLivetView\bin\Debug\SensorLivetView.exe" />
      <DeploymentItem filename="C:\Program Files\LibUsbDotNet\Src\LibWinUsb\bin\Debug\LibUsbDotNet.dll" />
      <DeploymentItem filename="C:\Program Files (x86)\Microsoft SDKs\Expression\Blend\.NETFramework\v4.0\Libraries\System.Windows.Interactivity.dll" />
      <DeploymentItem filename="C:\Users\root\Documents\Visual Studio 2010\Projects\SerialPortTest\TestProject\bin\Debug\Microsoft.Reactive.Testing.dll" />
    </Deployment>
    <Execution>
      <TestTypeSpecific />
      <AgentRule name="Execution Agents">
      </AgentRule>
    </Execution>
  </TestSettings>
  <Times creation="2011-07-03T01:32:53.7703564+09:00" queuing="2011-07-03T01:33:00.4157365+09:00" start="2011-07-03T01:33:01.4957982+09:00" finish="2011-07-03T01:33:57.4519987+09:00" />
  <ResultSummary outcome="Error">
    <Counters total="4" executed="4" passed="3" error="0" failed="0" timeout="0" aborted="1" inconclusive="0" passedButRunAborted="0" notRunnable="0" notExecuted="0" disconnected="0" warning="0" completed="0" inProgress="0" pending="0" />
    <RunInfos>
      <RunInfo computerName="CLIENTAZS" outcome="Error" timestamp="2011-07-03T01:33:57.4459984+09:00">
        <Text>テストのホスト プロセスは予期せずに終了しました。</Text>
      </RunInfo>
    </RunInfos>
  </ResultSummary>
  <TestDefinitions>
    <UnitTest name="LoopingArrayConstructorTest" storage="c:\users\root\documents\visual studio 2010\projects\serialporttest\testproject\bin\debug\testproject.dll" id="bab9a259-07fe-b630-2db5-50efc4a015e7">
      <Execution id="017a86ae-4855-42f7-8316-e41dad2b52a1" />
      <TestMethod codeBase="C:/Users/root/Documents/Visual Studio 2010/Projects/SerialPortTest/TestProject/bin/Debug/TestProject.DLL" adapterTypeName="Microsoft.VisualStudio.TestTools.TestTypes.Unit.UnitTestAdapter, Microsoft.VisualStudio.QualityTools.Tips.UnitTest.Adapter, Version=10.0.0.0, Culture=neutral, PublicKeyToken=b03f5f7f11d50a3a" className="TestProject.LoopingArrayTest, TestProject, Version=1.0.0.0, Culture=neutral, PublicKeyToken=null" name="LoopingArrayConstructorTest" />
    </UnitTest>
    <UnitTest name="GetEnumeratorTest1" storage="c:\users\root\documents\visual studio 2010\projects\serialporttest\testproject\bin\debug\testproject.dll" id="b5a4d5e0-4c69-c428-0875-3e21832ca469">
      <DeploymentItems>
        <DeploymentItem filename="SensorLibrary.dll" />
      </DeploymentItems>
      <Execution id="d36b7b7e-f1a2-4ad5-a3d2-148de75a0bcc" />
      <TestMethod codeBase="C:/Users/root/Documents/Visual Studio 2010/Projects/SerialPortTest/TestProject/bin/Debug/TestProject.DLL" adapterTypeName="Microsoft.VisualStudio.TestTools.TestTypes.Unit.UnitTestAdapter, Microsoft.VisualStudio.QualityTools.Tips.UnitTest.Adapter, Version=10.0.0.0, Culture=neutral, PublicKeyToken=b03f5f7f11d50a3a" className="TestProject.LoopingArrayTest, TestProject, Version=1.0.0.0, Culture=neutral, PublicKeyToken=null" name="GetEnumeratorTest1" />
    </UnitTest>
    <UnitTest name="PushTest" storage="c:\users\root\documents\visual studio 2010\projects\serialporttest\testproject\bin\debug\testproject.dll" id="314353f8-f8f2-09fc-9d42-2c7ab0b773e8">
      <Execution id="acf366d5-6174-4e1e-aa24-eb972c1ad38c" />
      <TestMethod codeBase="C:/Users/root/Documents/Visual Studio 2010/Projects/SerialPortTest/TestProject/bin/Debug/TestProject.DLL" adapterTypeName="Microsoft.VisualStudio.TestTools.TestTypes.Unit.UnitTestAdapter, Microsoft.VisualStudio.QualityTools.Tips.UnitTest.Adapter, Version=10.0.0.0, Culture=neutral, PublicKeyToken=b03f5f7f11d50a3a" className="TestProject.LoopingArrayTest, TestProject, Version=1.0.0.0, Culture=neutral, PublicKeyToken=null" name="PushTest" />
    </UnitTest>
    <UnitTest name="GetEnumeratorTest" storage="c:\users\root\documents\visual studio 2010\projects\serialporttest\testproject\bin\debug\testproject.dll" id="f47f23ed-0e88-3d4b-b24a-b93a5162bbab">
      <Execution id="dc5cccf5-4c57-4bfb-95e9-66996e0d7a8f" />
      <TestMethod codeBase="C:/Users/root/Documents/Visual Studio 2010/Projects/SerialPortTest/TestProject/bin/Debug/TestProject.DLL" adapterTypeName="Microsoft.VisualStudio.TestTools.TestTypes.Unit.UnitTestAdapter, Microsoft.VisualStudio.QualityTools.Tips.UnitTest.Adapter, Version=10.0.0.0, Culture=neutral, PublicKeyToken=b03f5f7f11d50a3a" className="TestProject.LoopingArrayTest, TestProject, Version=1.0.0.0, Culture=neutral, PublicKeyToken=null" name="GetEnumeratorTest" />
    </UnitTest>
  </TestDefinitions>
  <TestLists>
    <TestList name="一覧に存在しない結果" id="8c84fa94-04c1-424b-9868-57a2d4851a1d" />
    <TestList name="読み込まれたすべての結果" id="19431567-8539-422a-85d7-44ee4e166bda" />
  </TestLists>
  <TestEntries>
    <TestEntry testId="314353f8-f8f2-09fc-9d42-2c7ab0b773e8" executionId="acf366d5-6174-4e1e-aa24-eb972c1ad38c" testListId="8c84fa94-04c1-424b-9868-57a2d4851a1d" />
    <TestEntry testId="b5a4d5e0-4c69-c428-0875-3e21832ca469" executionId="d36b7b7e-f1a2-4ad5-a3d2-148de75a0bcc" testListId="8c84fa94-04c1-424b-9868-57a2d4851a1d" />
    <TestEntry testId="bab9a259-07fe-b630-2db5-50efc4a015e7" executionId="017a86ae-4855-42f7-8316-e41dad2b52a1" testListId="8c84fa94-04c1-424b-9868-57a2d4851a1d" />
    <TestEntry testId="f47f23ed-0e88-3d4b-b24a-b93a5162bbab" executionId="dc5cccf5-4c57-4bfb-95e9-66996e0d7a8f" testListId="8c84fa94-04c1-424b-9868-57a2d4851a1d" />
  </TestEntries>
  <Results>
    <UnitTestResult executionId="acf366d5-6174-4e1e-aa24-eb972c1ad38c" testId="314353f8-f8f2-09fc-9d42-2c7ab0b773e8" testName="PushTest" computerName="CLIENTAZS" duration="00:00:00.0806854" startTime="2011-07-03T01:33:02.2068389+09:00" endTime="2011-07-03T01:33:06.6200913+09:00" testType="13cdc9d9-ddb5-4fa4-a97d-d965ccfc6d4b" outcome="Passed" testListId="8c84fa94-04c1-424b-9868-57a2d4851a1d" relativeResultsDirectory="acf366d5-6174-4e1e-aa24-eb972c1ad38c">
    </UnitTestResult>
    <UnitTestResult executionId="d36b7b7e-f1a2-4ad5-a3d2-148de75a0bcc" testId="b5a4d5e0-4c69-c428-0875-3e21832ca469" testName="GetEnumeratorTest1" computerName="CLIENTAZS" duration="00:00:06.9904023" startTime="2011-07-03T01:33:06.6600936+09:00" endTime="2011-07-03T01:33:13.6914958+09:00" testType="13cdc9d9-ddb5-4fa4-a97d-d965ccfc6d4b" outcome="Passed" testListId="8c84fa94-04c1-424b-9868-57a2d4851a1d" relativeResultsDirectory="d36b7b7e-f1a2-4ad5-a3d2-148de75a0bcc">
    </UnitTestResult>
    <UnitTestResult executionId="017a86ae-4855-42f7-8316-e41dad2b52a1" testId="bab9a259-07fe-b630-2db5-50efc4a015e7" testName="LoopingArrayConstructorTest" computerName="CLIENTAZS" duration="00:00:00.0273627" startTime="2011-07-03T01:33:14.2815295+09:00" endTime="2011-07-03T01:33:14.3365327+09:00" testType="13cdc9d9-ddb5-4fa4-a97d-d965ccfc6d4b" outcome="Passed" testListId="8c84fa94-04c1-424b-9868-57a2d4851a1d" relativeResultsDirectory="017a86ae-4855-42f7-8316-e41dad2b52a1">
    </UnitTestResult>
    <UnitTestResult executionId="dc5cccf5-4c57-4bfb-95e9-66996e0d7a8f" testId="f47f23ed-0e88-3d4b-b24a-b93a5162bbab" testName="GetEnumeratorTest" computerName="CLIENTAZS" duration="00:00:43.0634630" startTime="2011-07-03T01:33:14.3885357+09:00" endTime="2011-07-03T01:33:57.4519987+09:00" testType="13cdc9d9-ddb5-4fa4-a97d-d965ccfc6d4b" outcome="Aborted" testListId="8c84fa94-04c1-424b-9868-57a2d4851a1d" relativeResultsDirectory="dc5cccf5-4c57-4bfb-95e9-66996e0d7a8f">
    </UnitTestResult>
  </Results>
</TestRun>