<?xml version="1.0" encoding="UTF-8"?>
<TestRun id="e88eb2be-5f82-409f-9b8d-223a78eb404d" name="root@CLIENTAZS 2011-06-19 17:42:08" runUser="CLIENTAZS\root" xmlns="http://microsoft.com/schemas/VisualStudio/TeamTest/2010">
  <TestSettings name="ローカル" id="82b9a1a8-b1c9-4cfe-afea-c8e70cee6ddc">
    <Description>これらはローカル テスト実行用の既定のテスト設定です。</Description>
    <Deployment userDeploymentRoot="C:\Users\root\Documents\Visual Studio 2010\Projects\SerialPortTest\TestResults" useDefaultDeploymentRoot="false" enabled="false" runDeploymentRoot="root_CLIENTAZS 2011-06-19 17_42_08">
      <DeploymentItem filename="C:\Users\root\Documents\Visual Studio 2010\Projects\SerialPortTest\CensorLibrary\bin\Debug\SensorLibrary.dll" />
      <DeploymentItem filename="C:\Program Files\LibUsbDotNet\Src\LibWinUsb\bin\Debug\LibUsbDotNet.dll" />
    </Deployment>
    <Execution>
      <TestTypeSpecific />
      <AgentRule name="Execution Agents">
      </AgentRule>
    </Execution>
  </TestSettings>
  <Times creation="2011-06-19T17:42:08.4517098+09:00" queuing="2011-06-19T17:42:12.1989241+09:00" start="2011-06-19T17:42:12.7899579+09:00" finish="2011-06-19T17:42:19.9533676+09:00" />
  <ResultSummary outcome="Error">
    <Counters total="1" executed="1" error="0" failed="0" timeout="0" aborted="1" inconclusive="0" passedButRunAborted="0" notRunnable="0" notExecuted="0" disconnected="0" warning="0" passed="0" completed="0" inProgress="0" pending="0" />
    <RunInfos>
      <RunInfo computerName="CLIENTAZS" outcome="Error" timestamp="2011-06-19T17:42:19.9483674+09:00">
        <Text>テストのホスト プロセスは予期せずに終了しました。</Text>
      </RunInfo>
    </RunInfos>
  </ResultSummary>
  <TestDefinitions>
    <UnitTest name="ItemTest" storage="c:\users\root\documents\visual studio 2010\projects\serialporttest\testproject\bin\debug\testproject.dll" id="fd6576fe-8e64-b2e3-565c-e729b98d43e4">
      <Execution id="35fea2d6-70c8-423c-bf9d-f5b591f715e7" />
      <TestMethod codeBase="C:/Users/root/Documents/Visual Studio 2010/Projects/SerialPortTest/TestProject/bin/Debug/TestProject.DLL" adapterTypeName="Microsoft.VisualStudio.TestTools.TestTypes.Unit.UnitTestAdapter, Microsoft.VisualStudio.QualityTools.Tips.UnitTest.Adapter, Version=10.0.0.0, Culture=neutral, PublicKeyToken=b03f5f7f11d50a3a" className="TestProject.MotherBoardStateTest, TestProject, Version=1.0.0.0, Culture=neutral, PublicKeyToken=null" name="ItemTest" />
    </UnitTest>
  </TestDefinitions>
  <TestLists>
    <TestList name="一覧に存在しない結果" id="8c84fa94-04c1-424b-9868-57a2d4851a1d" />
    <TestList name="読み込まれたすべての結果" id="19431567-8539-422a-85d7-44ee4e166bda" />
  </TestLists>
  <TestEntries>
    <TestEntry testId="fd6576fe-8e64-b2e3-565c-e729b98d43e4" executionId="35fea2d6-70c8-423c-bf9d-f5b591f715e7" testListId="8c84fa94-04c1-424b-9868-57a2d4851a1d" />
  </TestEntries>
  <Results>
    <UnitTestResult executionId="35fea2d6-70c8-423c-bf9d-f5b591f715e7" testId="fd6576fe-8e64-b2e3-565c-e729b98d43e4" testName="ItemTest" computerName="CLIENTAZS" duration="00:00:06.7663870" startTime="2011-06-19T17:42:13.1859806+09:00" endTime="2011-06-19T17:42:19.9523676+09:00" testType="13cdc9d9-ddb5-4fa4-a97d-d965ccfc6d4b" outcome="Aborted" testListId="8c84fa94-04c1-424b-9868-57a2d4851a1d" relativeResultsDirectory="35fea2d6-70c8-423c-bf9d-f5b591f715e7">
    </UnitTestResult>
  </Results>
</TestRun>