<?xml version="1.0" encoding="UTF-8"?>
<TestRun id="28514485-0d6f-4f86-b8b2-597d08c3547f" name="root@CLIENTAZS 2011-06-18 18:17:59" runUser="CLIENTAZS\root" xmlns="http://microsoft.com/schemas/VisualStudio/TeamTest/2010">
  <TestSettings name="ローカル" id="82b9a1a8-b1c9-4cfe-afea-c8e70cee6ddc">
    <Description>これらはローカル テスト実行用の既定のテスト設定です。</Description>
    <Deployment enabled="false" runDeploymentRoot="root_CLIENTAZS 2011-06-18 18_17_59">
      <DeploymentItem filename="C:\Users\root\Documents\Visual Studio 2010\Projects\SerialPortTest\CensorLibrary\bin\Debug\SensorLibrary.dll" />
      <DeploymentItem filename="C:\Program Files\LibUsbDotNet\Src\LibWinUsb\bin\Debug\LibUsbDotNet.dll" />
    </Deployment>
    <Execution>
      <TestTypeSpecific />
      <AgentRule name="Execution Agents">
      </AgentRule>
    </Execution>
  </TestSettings>
  <Times creation="2011-06-18T18:17:59.9345138+09:00" queuing="2011-06-18T18:18:05.8538524+09:00" start="2011-06-18T18:18:06.4948890+09:00" finish="2011-06-18T18:18:08.6340114+09:00" />
  <ResultSummary outcome="Failed">
    <Counters total="10" executed="10" passed="5" error="0" failed="4" timeout="0" aborted="0" inconclusive="1" passedButRunAborted="0" notRunnable="0" notExecuted="0" disconnected="0" warning="0" completed="0" inProgress="0" pending="0" />
  </ResultSummary>
  <TestDefinitions>
    <UnitTest name="ModuleTypeTest" storage="c:\users\root\documents\visual studio 2010\projects\serialporttest\testproject\bin\debug\testproject.dll" id="c3e25e71-e6a3-3799-dbe0-bacda8fc8163">
      <Execution id="993a7af3-7ab3-4445-a2c0-6ed5ccea716f" />
      <TestMethod codeBase="C:/Users/root/Documents/Visual Studio 2010/Projects/SerialPortTest/TestProject/bin/Debug/TestProject.DLL" adapterTypeName="Microsoft.VisualStudio.TestTools.TestTypes.Unit.UnitTestAdapter, Microsoft.VisualStudio.QualityTools.Tips.UnitTest.Adapter, Version=10.0.0.0, Culture=neutral, PublicKeyToken=b03f5f7f11d50a3a" className="TestProject.MotherBoardDataTest, TestProject, Version=1.0.0.0, Culture=neutral, PublicKeyToken=null" name="ModuleTypeTest" />
    </UnitTest>
    <UnitTest name="PointModuleDataConstructorTest" storage="c:\users\root\documents\visual studio 2010\projects\serialporttest\testproject\bin\debug\testproject.dll" id="e636afca-43c6-677e-deb3-86d562155830">
      <Execution id="7c589e7f-cd80-4685-9c8c-b135f5a44bee" />
      <TestMethod codeBase="C:/Users/root/Documents/Visual Studio 2010/Projects/SerialPortTest/TestProject/bin/Debug/TestProject.DLL" adapterTypeName="Microsoft.VisualStudio.TestTools.TestTypes.Unit.UnitTestAdapter, Microsoft.VisualStudio.QualityTools.Tips.UnitTest.Adapter, Version=10.0.0.0, Culture=neutral, PublicKeyToken=b03f5f7f11d50a3a" className="TestProject.PointModuleDataTest, TestProject, Version=1.0.0.0, Culture=neutral, PublicKeyToken=null" name="PointModuleDataConstructorTest" />
    </UnitTest>
    <UnitTest name="WriteTest" storage="c:\users\root\documents\visual studio 2010\projects\serialporttest\testproject\bin\debug\testproject.dll" id="e1892563-72ac-e402-dfba-90f0fb1b229e">
      <Execution id="f9413e22-616a-4e67-bfa1-abda4d9c440f" />
      <TestMethod codeBase="C:/Users/root/Documents/Visual Studio 2010/Projects/SerialPortTest/TestProject/bin/Debug/TestProject.DLL" adapterTypeName="Microsoft.VisualStudio.TestTools.TestTypes.Unit.UnitTestAdapter, Microsoft.VisualStudio.QualityTools.Tips.UnitTest.Adapter, Version=10.0.0.0, Culture=neutral, PublicKeyToken=b03f5f7f11d50a3a" className="TestProject.ChunckedStreamTest, TestProject, Version=1.0.0.0, Culture=neutral, PublicKeyToken=null" name="WriteTest" />
    </UnitTest>
    <UnitTest name="ByteArrayValidationCheck" storage="c:\users\root\documents\visual studio 2010\projects\serialporttest\testproject\bin\debug\testproject.dll" id="e97e0475-1df3-1614-6d37-36b8da6c07df">
      <Execution id="05e8a24a-c40d-4a71-a778-0737767f8433" />
      <TestMethod codeBase="C:/Users/root/Documents/Visual Studio 2010/Projects/SerialPortTest/TestProject/bin/Debug/TestProject.DLL" adapterTypeName="Microsoft.VisualStudio.TestTools.TestTypes.Unit.UnitTestAdapter, Microsoft.VisualStudio.QualityTools.Tips.UnitTest.Adapter, Version=10.0.0.0, Culture=neutral, PublicKeyToken=b03f5f7f11d50a3a" className="TestProject.ConvertExtenstionsTest, TestProject, Version=1.0.0.0, Culture=neutral, PublicKeyToken=null" name="ByteArrayValidationCheck" />
    </UnitTest>
    <UnitTest name="TrainSensorDataConstructorTest" storage="c:\users\root\documents\visual studio 2010\projects\serialporttest\testproject\bin\debug\testproject.dll" id="7ea7ef99-fd7d-2047-11ab-67cdd7ea0aac">
      <Execution id="64e36d8d-fa56-4fc8-a34a-44c2a7b62916" />
      <TestMethod codeBase="C:/Users/root/Documents/Visual Studio 2010/Projects/SerialPortTest/TestProject/bin/Debug/TestProject.DLL" adapterTypeName="Microsoft.VisualStudio.TestTools.TestTypes.Unit.UnitTestAdapter, Microsoft.VisualStudio.QualityTools.Tips.UnitTest.Adapter, Version=10.0.0.0, Culture=neutral, PublicKeyToken=b03f5f7f11d50a3a" className="TestProject.TrainSensorDataTest, TestProject, Version=1.0.0.0, Culture=neutral, PublicKeyToken=null" name="TrainSensorDataConstructorTest" />
    </UnitTest>
    <UnitTest name="FlushTest" storage="c:\users\root\documents\visual studio 2010\projects\serialporttest\testproject\bin\debug\testproject.dll" id="64811b85-89b0-0b59-3263-26f94adb60fb">
      <Execution id="df91290c-1756-41bf-9e35-84470a831553" />
      <TestMethod codeBase="C:/Users/root/Documents/Visual Studio 2010/Projects/SerialPortTest/TestProject/bin/Debug/TestProject.DLL" adapterTypeName="Microsoft.VisualStudio.TestTools.TestTypes.Unit.UnitTestAdapter, Microsoft.VisualStudio.QualityTools.Tips.UnitTest.Adapter, Version=10.0.0.0, Culture=neutral, PublicKeyToken=b03f5f7f11d50a3a" className="TestProject.ChunckedStreamTest, TestProject, Version=1.0.0.0, Culture=neutral, PublicKeyToken=null" name="FlushTest" />
    </UnitTest>
    <UnitTest name="MotherBoardDataConstructorTest" storage="c:\users\root\documents\visual studio 2010\projects\serialporttest\testproject\bin\debug\testproject.dll" id="31c80489-96bc-6432-541f-227c31e73e53">
      <Execution id="42ed477a-7ac8-422e-a855-32d0180bc50f" />
      <TestMethod codeBase="C:/Users/root/Documents/Visual Studio 2010/Projects/SerialPortTest/TestProject/bin/Debug/TestProject.DLL" adapterTypeName="Microsoft.VisualStudio.TestTools.TestTypes.Unit.UnitTestAdapter, Microsoft.VisualStudio.QualityTools.Tips.UnitTest.Adapter, Version=10.0.0.0, Culture=neutral, PublicKeyToken=b03f5f7f11d50a3a" className="TestProject.MotherBoardDataTest, TestProject, Version=1.0.0.0, Culture=neutral, PublicKeyToken=null" name="MotherBoardDataConstructorTest" />
    </UnitTest>
    <UnitTest name="ReadTest" storage="c:\users\root\documents\visual studio 2010\projects\serialporttest\testproject\bin\debug\testproject.dll" id="03d23227-fae1-7f69-18bc-75591f488ed7">
      <Execution id="1eebc05d-ffe1-48a7-9bf8-3effcd70f5fc" />
      <TestMethod codeBase="C:/Users/root/Documents/Visual Studio 2010/Projects/SerialPortTest/TestProject/bin/Debug/TestProject.DLL" adapterTypeName="Microsoft.VisualStudio.TestTools.TestTypes.Unit.UnitTestAdapter, Microsoft.VisualStudio.QualityTools.Tips.UnitTest.Adapter, Version=10.0.0.0, Culture=neutral, PublicKeyToken=b03f5f7f11d50a3a" className="TestProject.ChunckedStreamTest, TestProject, Version=1.0.0.0, Culture=neutral, PublicKeyToken=null" name="ReadTest" />
    </UnitTest>
    <UnitTest name="DirectionsTest" storage="c:\users\root\documents\visual studio 2010\projects\serialporttest\testproject\bin\debug\testproject.dll" id="3924b4a9-c8e3-1923-e40a-d9b46ab0bbcb">
      <Execution id="f748a8e2-9a7a-48d6-a22e-af132a9b25dc" />
      <TestMethod codeBase="C:/Users/root/Documents/Visual Studio 2010/Projects/SerialPortTest/TestProject/bin/Debug/TestProject.DLL" adapterTypeName="Microsoft.VisualStudio.TestTools.TestTypes.Unit.UnitTestAdapter, Microsoft.VisualStudio.QualityTools.Tips.UnitTest.Adapter, Version=10.0.0.0, Culture=neutral, PublicKeyToken=b03f5f7f11d50a3a" className="TestProject.PointModuleDataTest, TestProject, Version=1.0.0.0, Culture=neutral, PublicKeyToken=null" name="DirectionsTest" />
    </UnitTest>
    <UnitTest name="ToByteArrayTest" storage="c:\users\root\documents\visual studio 2010\projects\serialporttest\testproject\bin\debug\testproject.dll" id="8c676a8d-ec31-5a6b-13ab-e80d4af41e42">
      <Execution id="bb168a80-5526-490d-828b-db947d5de343" />
      <TestMethod codeBase="C:/Users/root/Documents/Visual Studio 2010/Projects/SerialPortTest/TestProject/bin/Debug/TestProject.DLL" adapterTypeName="Microsoft.VisualStudio.TestTools.TestTypes.Unit.UnitTestAdapter, Microsoft.VisualStudio.QualityTools.Tips.UnitTest.Adapter, Version=10.0.0.0, Culture=neutral, PublicKeyToken=b03f5f7f11d50a3a" className="TestProject.ConvertExtenstionsTest, TestProject, Version=1.0.0.0, Culture=neutral, PublicKeyToken=null" name="ToByteArrayTest" />
    </UnitTest>
  </TestDefinitions>
  <TestLists>
    <TestList name="一覧に存在しない結果" id="8c84fa94-04c1-424b-9868-57a2d4851a1d" />
    <TestList name="読み込まれたすべての結果" id="19431567-8539-422a-85d7-44ee4e166bda" />
  </TestLists>
  <TestEntries>
    <TestEntry testId="03d23227-fae1-7f69-18bc-75591f488ed7" executionId="1eebc05d-ffe1-48a7-9bf8-3effcd70f5fc" testListId="8c84fa94-04c1-424b-9868-57a2d4851a1d" />
    <TestEntry testId="31c80489-96bc-6432-541f-227c31e73e53" executionId="42ed477a-7ac8-422e-a855-32d0180bc50f" testListId="8c84fa94-04c1-424b-9868-57a2d4851a1d" />
    <TestEntry testId="3924b4a9-c8e3-1923-e40a-d9b46ab0bbcb" executionId="f748a8e2-9a7a-48d6-a22e-af132a9b25dc" testListId="8c84fa94-04c1-424b-9868-57a2d4851a1d" />
    <TestEntry testId="64811b85-89b0-0b59-3263-26f94adb60fb" executionId="df91290c-1756-41bf-9e35-84470a831553" testListId="8c84fa94-04c1-424b-9868-57a2d4851a1d" />
    <TestEntry testId="7ea7ef99-fd7d-2047-11ab-67cdd7ea0aac" executionId="64e36d8d-fa56-4fc8-a34a-44c2a7b62916" testListId="8c84fa94-04c1-424b-9868-57a2d4851a1d" />
    <TestEntry testId="8c676a8d-ec31-5a6b-13ab-e80d4af41e42" executionId="bb168a80-5526-490d-828b-db947d5de343" testListId="8c84fa94-04c1-424b-9868-57a2d4851a1d" />
    <TestEntry testId="c3e25e71-e6a3-3799-dbe0-bacda8fc8163" executionId="993a7af3-7ab3-4445-a2c0-6ed5ccea716f" testListId="8c84fa94-04c1-424b-9868-57a2d4851a1d" />
    <TestEntry testId="e1892563-72ac-e402-dfba-90f0fb1b229e" executionId="f9413e22-616a-4e67-bfa1-abda4d9c440f" testListId="8c84fa94-04c1-424b-9868-57a2d4851a1d" />
    <TestEntry testId="e636afca-43c6-677e-deb3-86d562155830" executionId="7c589e7f-cd80-4685-9c8c-b135f5a44bee" testListId="8c84fa94-04c1-424b-9868-57a2d4851a1d" />
    <TestEntry testId="e97e0475-1df3-1614-6d37-36b8da6c07df" executionId="05e8a24a-c40d-4a71-a778-0737767f8433" testListId="8c84fa94-04c1-424b-9868-57a2d4851a1d" />
  </TestEntries>
  <Results>
    <UnitTestResult executionId="1eebc05d-ffe1-48a7-9bf8-3effcd70f5fc" testId="03d23227-fae1-7f69-18bc-75591f488ed7" testName="ReadTest" computerName="CLIENTAZS" duration="00:00:00.0655464" startTime="2011-06-18T18:18:06.9039124+09:00" endTime="2011-06-18T18:18:07.7469607+09:00" testType="13cdc9d9-ddb5-4fa4-a97d-d965ccfc6d4b" outcome="Passed" testListId="8c84fa94-04c1-424b-9868-57a2d4851a1d" relativeResultsDirectory="1eebc05d-ffe1-48a7-9bf8-3effcd70f5fc">
    </UnitTestResult>
    <UnitTestResult executionId="42ed477a-7ac8-422e-a855-32d0180bc50f" testId="31c80489-96bc-6432-541f-227c31e73e53" testName="MotherBoardDataConstructorTest" computerName="CLIENTAZS" duration="00:00:00.3932273" startTime="2011-06-18T18:18:07.7519609+09:00" endTime="2011-06-18T18:18:08.1769853+09:00" testType="13cdc9d9-ddb5-4fa4-a97d-d965ccfc6d4b" outcome="Failed" testListId="8c84fa94-04c1-424b-9868-57a2d4851a1d" relativeResultsDirectory="42ed477a-7ac8-422e-a855-32d0180bc50f">
      <Output>
        <ErrorInfo>
          <Message>Assert.Fail に失敗しました。アサーションには Assert.Equals を使用せずに、Assert.AreEqual とオーバーロードを使用してください。(&amp; )</Message>
          <StackTrace>   場所 TestProject.MotherBoardDataTest.MotherBoardDataConstructorTest() 場所 C:\Users\root\Documents\Visual Studio 2010\Projects\SerialPortTest\TestProject\MotherBoardDataTest.cs:行 74
</StackTrace>
        </ErrorInfo>
      </Output>
    </UnitTestResult>
    <UnitTestResult executionId="f748a8e2-9a7a-48d6-a22e-af132a9b25dc" testId="3924b4a9-c8e3-1923-e40a-d9b46ab0bbcb" testName="DirectionsTest" computerName="CLIENTAZS" duration="00:00:00.0144337" startTime="2011-06-18T18:18:08.1829856+09:00" endTime="2011-06-18T18:18:08.2109872+09:00" testType="13cdc9d9-ddb5-4fa4-a97d-d965ccfc6d4b" outcome="Failed" testListId="8c84fa94-04c1-424b-9868-57a2d4851a1d" relativeResultsDirectory="f748a8e2-9a7a-48d6-a22e-af132a9b25dc">
      <Output>
        <ErrorInfo>
          <Message>Assert.Fail に失敗しました。アサーションには Assert.Equals を使用せずに、Assert.AreEqual とオーバーロードを使用してください。(&amp; )</Message>
          <StackTrace>   場所 TestProject.PointModuleDataTest.DirectionsTest() 場所 C:\Users\root\Documents\Visual Studio 2010\Projects\SerialPortTest\TestProject\PointModuleDataTest.cs:行 86
</StackTrace>
        </ErrorInfo>
      </Output>
    </UnitTestResult>
    <UnitTestResult executionId="df91290c-1756-41bf-9e35-84470a831553" testId="64811b85-89b0-0b59-3263-26f94adb60fb" testName="FlushTest" computerName="CLIENTAZS" duration="00:00:00.0267928" startTime="2011-06-18T18:18:08.2889917+09:00" endTime="2011-06-18T18:18:08.3219936+09:00" testType="13cdc9d9-ddb5-4fa4-a97d-d965ccfc6d4b" outcome="Passed" testListId="8c84fa94-04c1-424b-9868-57a2d4851a1d" relativeResultsDirectory="df91290c-1756-41bf-9e35-84470a831553">
    </UnitTestResult>
    <UnitTestResult executionId="64e36d8d-fa56-4fc8-a34a-44c2a7b62916" testId="7ea7ef99-fd7d-2047-11ab-67cdd7ea0aac" testName="TrainSensorDataConstructorTest" computerName="CLIENTAZS" duration="00:00:00.0028134" startTime="2011-06-18T18:18:08.3279939+09:00" endTime="2011-06-18T18:18:08.3439948+09:00" testType="13cdc9d9-ddb5-4fa4-a97d-d965ccfc6d4b" outcome="Inconclusive" testListId="8c84fa94-04c1-424b-9868-57a2d4851a1d" relativeResultsDirectory="64e36d8d-fa56-4fc8-a34a-44c2a7b62916">
      <Output>
        <ErrorInfo>
          <Message>Assert.Inconclusive に失敗しました。TODO: ターゲットを確認するためのコードを実装してください</Message>
          <StackTrace>   場所 TestProject.TrainSensorDataTest.TrainSensorDataConstructorTest() 場所 C:\Users\root\Documents\Visual Studio 2010\Projects\SerialPortTest\TestProject\TrainSensorDataTest.cs:行 105
</StackTrace>
        </ErrorInfo>
      </Output>
    </UnitTestResult>
    <UnitTestResult executionId="bb168a80-5526-490d-828b-db947d5de343" testId="8c676a8d-ec31-5a6b-13ab-e80d4af41e42" testName="ToByteArrayTest" computerName="CLIENTAZS" duration="00:00:00.0052083" startTime="2011-06-18T18:18:08.3499952+09:00" endTime="2011-06-18T18:18:08.3599957+09:00" testType="13cdc9d9-ddb5-4fa4-a97d-d965ccfc6d4b" outcome="Passed" testListId="8c84fa94-04c1-424b-9868-57a2d4851a1d" relativeResultsDirectory="bb168a80-5526-490d-828b-db947d5de343">
    </UnitTestResult>
    <UnitTestResult executionId="993a7af3-7ab3-4445-a2c0-6ed5ccea716f" testId="c3e25e71-e6a3-3799-dbe0-bacda8fc8163" testName="ModuleTypeTest" computerName="CLIENTAZS" duration="00:00:00.0033051" startTime="2011-06-18T18:18:08.3639960+09:00" endTime="2011-06-18T18:18:08.3719964+09:00" testType="13cdc9d9-ddb5-4fa4-a97d-d965ccfc6d4b" outcome="Failed" testListId="8c84fa94-04c1-424b-9868-57a2d4851a1d" relativeResultsDirectory="993a7af3-7ab3-4445-a2c0-6ed5ccea716f">
      <Output>
        <ErrorInfo>
          <Message>Assert.Fail に失敗しました。アサーションには Assert.Equals を使用せずに、Assert.AreEqual とオーバーロードを使用してください。(&amp; )</Message>
          <StackTrace>   場所 TestProject.MotherBoardDataTest.ModuleTypeTest() 場所 C:\Users\root\Documents\Visual Studio 2010\Projects\SerialPortTest\TestProject\MotherBoardDataTest.cs:行 86
</StackTrace>
        </ErrorInfo>
      </Output>
    </UnitTestResult>
    <UnitTestResult executionId="f9413e22-616a-4e67-bfa1-abda4d9c440f" testId="e1892563-72ac-e402-dfba-90f0fb1b229e" testName="WriteTest" computerName="CLIENTAZS" duration="00:00:00.0074870" startTime="2011-06-18T18:18:08.3759966+09:00" endTime="2011-06-18T18:18:08.3929976+09:00" testType="13cdc9d9-ddb5-4fa4-a97d-d965ccfc6d4b" outcome="Passed" testListId="8c84fa94-04c1-424b-9868-57a2d4851a1d" relativeResultsDirectory="f9413e22-616a-4e67-bfa1-abda4d9c440f">
    </UnitTestResult>
    <UnitTestResult executionId="7c589e7f-cd80-4685-9c8c-b135f5a44bee" testId="e636afca-43c6-677e-deb3-86d562155830" testName="PointModuleDataConstructorTest" computerName="CLIENTAZS" duration="00:00:00.0034757" startTime="2011-06-18T18:18:08.4029982+09:00" endTime="2011-06-18T18:18:08.4179990+09:00" testType="13cdc9d9-ddb5-4fa4-a97d-d965ccfc6d4b" outcome="Failed" testListId="8c84fa94-04c1-424b-9868-57a2d4851a1d" relativeResultsDirectory="7c589e7f-cd80-4685-9c8c-b135f5a44bee">
      <Output>
        <ErrorInfo>
          <Message>Assert.Fail に失敗しました。アサーションには Assert.Equals を使用せずに、Assert.AreEqual とオーバーロードを使用してください。(&amp; )</Message>
          <StackTrace>   場所 TestProject.PointModuleDataTest.PointModuleDataConstructorTest() 場所 C:\Users\root\Documents\Visual Studio 2010\Projects\SerialPortTest\TestProject\PointModuleDataTest.cs:行 74
</StackTrace>
        </ErrorInfo>
      </Output>
    </UnitTestResult>
    <UnitTestResult executionId="05e8a24a-c40d-4a71-a778-0737767f8433" testId="e97e0475-1df3-1614-6d37-36b8da6c07df" testName="ByteArrayValidationCheck" computerName="CLIENTAZS" duration="00:00:00.0002316" startTime="2011-06-18T18:18:08.4370001+09:00" endTime="2011-06-18T18:18:08.4460006+09:00" testType="13cdc9d9-ddb5-4fa4-a97d-d965ccfc6d4b" outcome="Passed" testListId="8c84fa94-04c1-424b-9868-57a2d4851a1d" relativeResultsDirectory="05e8a24a-c40d-4a71-a778-0737767f8433">
    </UnitTestResult>
  </Results>
</TestRun>