<?xml version="1.0" encoding="UTF-8"?>
<TestRun id="2429f1ac-3a4b-40bd-8059-06edd2b8c6d6" name="root@CLIENTAZS 2011-07-23 15:44:02" runUser="CLIENTAZS\root" xmlns="http://microsoft.com/schemas/VisualStudio/TeamTest/2010">
  <TestSettings name="ローカル" id="82b9a1a8-b1c9-4cfe-afea-c8e70cee6ddc">
    <Description>これらはローカル テスト実行用の既定のテスト設定です。</Description>
    <Deployment enabled="false" runDeploymentRoot="root_CLIENTAZS 2011-07-23 15_44_02">
      <DeploymentItem filename="C:\Users\root\Documents\TrainUtilizingSystem\ServerUtility\SensorLivetView\bin\Debug\SensorLivetView.exe" />
      <DeploymentItem filename="C:\Users\root\Documents\TrainUtilizingSystem\ServerUtility\SensorLivetView\InfrastructureAssemblies\Livet.dll" />
      <DeploymentItem filename="C:\Program Files (x86)\Microsoft SDKs\Expression\Blend\.NETFramework\v4.0\Libraries\Microsoft.Expression.Interactions.dll" />
      <DeploymentItem filename="C:\Program Files (x86)\Microsoft SDKs\Expression\Blend\.NETFramework\v4.0\Libraries\System.Windows.Interactivity.dll" />
      <DeploymentItem filename="C:\Users\root\Documents\TrainUtilizingSystem\ServerUtility\SensorLibrary\bin\Debug\SensorLibrary.dll" />
      <DeploymentItem filename="C:\Program Files (x86)\Microsoft Reactive Extensions SDK\v1.1.10621\Binaries\.NETFramework\v4.0\System.Reactive.dll" />
      <DeploymentItem filename="C:\Program Files\LibUsbDotNet\Src\LibWinUsb\bin\Debug\LibUsbDotNet.dll" />
    </Deployment>
    <Execution>
      <TestTypeSpecific />
      <AgentRule name="Execution Agents">
      </AgentRule>
    </Execution>
  </TestSettings>
  <Times creation="2011-07-23T15:44:02.9218164+09:00" queuing="2011-07-23T15:44:03.2148331+09:00" start="2011-07-23T15:44:03.6918604+09:00" finish="2011-07-23T15:44:07.5480810+09:00" />
  <ResultSummary outcome="Completed">
    <Counters total="44" executed="44" passed="44" error="0" failed="0" timeout="0" aborted="0" inconclusive="0" passedButRunAborted="0" notRunnable="0" notExecuted="0" disconnected="0" warning="0" completed="0" inProgress="0" pending="0" />
  </ResultSummary>
  <TestDefinitions>
    <UnitTest name="TimerTest" storage="c:\users\root\documents\trainutilizingsystem\serverutility\testproject\bin\debug\testproject.dll" id="02112a0a-b267-4424-8970-91320a0a97c2">
      <Execution id="1c8a8ba4-a386-4acc-b877-53bf4b179dde" />
      <TestMethod codeBase="C:/Users/root/Documents/TrainUtilizingSystem/ServerUtility/TestProject/bin/Debug/TestProject.DLL" adapterTypeName="Microsoft.VisualStudio.TestTools.TestTypes.Unit.UnitTestAdapter, Microsoft.VisualStudio.QualityTools.Tips.UnitTest.Adapter, Version=10.0.0.0, Culture=neutral, PublicKeyToken=b03f5f7f11d50a3a" className="TestProject.TrainSensorStateTest, TestProject, Version=1.0.0.0, Culture=neutral, PublicKeyToken=null" name="TimerTest" />
    </UnitTest>
    <UnitTest name="ItemTest" storage="c:\users\root\documents\trainutilizingsystem\serverutility\testproject\bin\debug\testproject.dll" id="fd6576fe-8e64-b2e3-565c-e729b98d43e4">
      <Execution id="3e6ca752-764a-4756-b4c8-76cb3755c31a" />
      <TestMethod codeBase="C:/Users/root/Documents/TrainUtilizingSystem/ServerUtility/TestProject/bin/Debug/TestProject.DLL" adapterTypeName="Microsoft.VisualStudio.TestTools.TestTypes.Unit.UnitTestAdapter, Microsoft.VisualStudio.QualityTools.Tips.UnitTest.Adapter, Version=10.0.0.0, Culture=neutral, PublicKeyToken=b03f5f7f11d50a3a" className="TestProject.MotherBoardStateTest, TestProject, Version=1.0.0.0, Culture=neutral, PublicKeyToken=null" name="ItemTest" />
    </UnitTest>
    <UnitTest name="ToStringTest" storage="c:\users\root\documents\trainutilizingsystem\serverutility\testproject\bin\debug\testproject.dll" id="1ad9505e-7b3d-d16d-51df-a136ac1ace33">
      <Execution id="aba3f371-ca2e-46f5-98c6-926297cd49f7" />
      <TestMethod codeBase="C:/Users/root/Documents/TrainUtilizingSystem/ServerUtility/TestProject/bin/Debug/TestProject.DLL" adapterTypeName="Microsoft.VisualStudio.TestTools.TestTypes.Unit.UnitTestAdapter, Microsoft.VisualStudio.QualityTools.Tips.UnitTest.Adapter, Version=10.0.0.0, Culture=neutral, PublicKeyToken=b03f5f7f11d50a3a" className="TestProject.TrainSensorStateTest, TestProject, Version=1.0.0.0, Culture=neutral, PublicKeyToken=null" name="ToStringTest" />
    </UnitTest>
    <UnitTest name="NotifyTest" storage="c:\users\root\documents\trainutilizingsystem\serverutility\testproject\bin\debug\testproject.dll" id="33375970-617f-3a5a-7a00-f7181501c5a1">
      <Execution id="3643e204-c5da-4362-b9b3-28e676eee9fb" />
      <TestMethod codeBase="C:/Users/root/Documents/TrainUtilizingSystem/ServerUtility/TestProject/bin/Debug/TestProject.DLL" adapterTypeName="Microsoft.VisualStudio.TestTools.TestTypes.Unit.UnitTestAdapter, Microsoft.VisualStudio.QualityTools.Tips.UnitTest.Adapter, Version=10.0.0.0, Culture=neutral, PublicKeyToken=b03f5f7f11d50a3a" className="TestProject.PacketDispatcherSingleTest, TestProject, Version=1.0.0.0, Culture=neutral, PublicKeyToken=null" name="NotifyTest" />
    </UnitTest>
    <UnitTest name="PointModuleStateConstructorTest" storage="c:\users\root\documents\trainutilizingsystem\serverutility\testproject\bin\debug\testproject.dll" id="8da466f7-c384-a693-e5eb-95d9f9f6fa64">
      <Execution id="28647747-b799-4a98-a2df-3dc18e10d1d9" />
      <TestMethod codeBase="C:/Users/root/Documents/TrainUtilizingSystem/ServerUtility/TestProject/bin/Debug/TestProject.DLL" adapterTypeName="Microsoft.VisualStudio.TestTools.TestTypes.Unit.UnitTestAdapter, Microsoft.VisualStudio.QualityTools.Tips.UnitTest.Adapter, Version=10.0.0.0, Culture=neutral, PublicKeyToken=b03f5f7f11d50a3a" className="TestProject.PointModuleStateTest, TestProject, Version=1.0.0.0, Culture=neutral, PublicKeyToken=null" name="PointModuleStateConstructorTest" />
    </UnitTest>
    <UnitTest name="WriteTest" storage="c:\users\root\documents\trainutilizingsystem\serverutility\testproject\bin\debug\testproject.dll" id="e1892563-72ac-e402-dfba-90f0fb1b229e">
      <Execution id="b7142d69-6d6a-408e-9f23-3f645598676b" />
      <TestMethod codeBase="C:/Users/root/Documents/TrainUtilizingSystem/ServerUtility/TestProject/bin/Debug/TestProject.DLL" adapterTypeName="Microsoft.VisualStudio.TestTools.TestTypes.Unit.UnitTestAdapter, Microsoft.VisualStudio.QualityTools.Tips.UnitTest.Adapter, Version=10.0.0.0, Culture=neutral, PublicKeyToken=b03f5f7f11d50a3a" className="TestProject.ChunckedStreamTest, TestProject, Version=1.0.0.0, Culture=neutral, PublicKeyToken=null" name="WriteTest" />
    </UnitTest>
    <UnitTest name="DeviceRegisteredPeriodTest" storage="c:\users\root\documents\trainutilizingsystem\serverutility\testproject\bin\debug\testproject.dll" id="e80f6e6d-b295-d620-d601-d4211759ac72">
      <Execution id="f62e935c-63f8-435d-b0a7-e5e031c7a108" />
      <TestMethod codeBase="C:/Users/root/Documents/TrainUtilizingSystem/ServerUtility/TestProject/bin/Debug/TestProject.DLL" adapterTypeName="Microsoft.VisualStudio.TestTools.TestTypes.Unit.UnitTestAdapter, Microsoft.VisualStudio.QualityTools.Tips.UnitTest.Adapter, Version=10.0.0.0, Culture=neutral, PublicKeyToken=b03f5f7f11d50a3a" className="TestProject.TrainControllerStateTest, TestProject, Version=1.0.0.0, Culture=neutral, PublicKeyToken=null" name="DeviceRegisteredPeriodTest" />
    </UnitTest>
    <UnitTest name="SelectedDeviceTest" storage="c:\users\root\documents\trainutilizingsystem\serverutility\testproject\bin\debug\testproject.dll" id="3a4db604-7139-9804-2ab5-ad14796afec1">
      <Execution id="ec179231-10ac-4f2d-a86d-c9416ec31096" />
      <TestMethod codeBase="C:/Users/root/Documents/TrainUtilizingSystem/ServerUtility/TestProject/bin/Debug/TestProject.DLL" adapterTypeName="Microsoft.VisualStudio.TestTools.TestTypes.Unit.UnitTestAdapter, Microsoft.VisualStudio.QualityTools.Tips.UnitTest.Adapter, Version=10.0.0.0, Culture=neutral, PublicKeyToken=b03f5f7f11d50a3a" className="TestProject.UsbDevicesViewModelTest, TestProject, Version=1.0.0.0, Culture=neutral, PublicKeyToken=null" name="SelectedDeviceTest" />
    </UnitTest>
    <UnitTest name="DevicePeriodTest" storage="c:\users\root\documents\trainutilizingsystem\serverutility\testproject\bin\debug\testproject.dll" id="5e33c801-5bb0-de1e-ffe1-f0ba7029527b">
      <Execution id="45505b62-b0eb-4b35-849b-77e1898228a5" />
      <TestMethod codeBase="C:/Users/root/Documents/TrainUtilizingSystem/ServerUtility/TestProject/bin/Debug/TestProject.DLL" adapterTypeName="Microsoft.VisualStudio.TestTools.TestTypes.Unit.UnitTestAdapter, Microsoft.VisualStudio.QualityTools.Tips.UnitTest.Adapter, Version=10.0.0.0, Culture=neutral, PublicKeyToken=b03f5f7f11d50a3a" className="TestProject.TrainControllerStateTest, TestProject, Version=1.0.0.0, Culture=neutral, PublicKeyToken=null" name="DevicePeriodTest" />
    </UnitTest>
    <UnitTest name="PushTest" storage="c:\users\root\documents\trainutilizingsystem\serverutility\testproject\bin\debug\testproject.dll" id="314353f8-f8f2-09fc-9d42-2c7ab0b773e8">
      <Execution id="3d9aef5c-e165-4a9f-adee-ac7dc7849ab9" />
      <TestMethod codeBase="C:/Users/root/Documents/TrainUtilizingSystem/ServerUtility/TestProject/bin/Debug/TestProject.DLL" adapterTypeName="Microsoft.VisualStudio.TestTools.TestTypes.Unit.UnitTestAdapter, Microsoft.VisualStudio.QualityTools.Tips.UnitTest.Adapter, Version=10.0.0.0, Culture=neutral, PublicKeyToken=b03f5f7f11d50a3a" className="TestProject.LoopingArrayTest, TestProject, Version=1.0.0.0, Culture=neutral, PublicKeyToken=null" name="PushTest" />
    </UnitTest>
    <UnitTest name="DeviceCandicatesTest" storage="c:\users\root\documents\trainutilizingsystem\serverutility\testproject\bin\debug\testproject.dll" id="c57eff42-a84b-6116-b645-b74d987ba9b1">
      <Execution id="ed310a53-0a4f-4815-b086-4dec4628d229" />
      <TestMethod codeBase="C:/Users/root/Documents/TrainUtilizingSystem/ServerUtility/TestProject/bin/Debug/TestProject.DLL" adapterTypeName="Microsoft.VisualStudio.TestTools.TestTypes.Unit.UnitTestAdapter, Microsoft.VisualStudio.QualityTools.Tips.UnitTest.Adapter, Version=10.0.0.0, Culture=neutral, PublicKeyToken=b03f5f7f11d50a3a" className="TestProject.UsbDevicesViewModelTest, TestProject, Version=1.0.0.0, Culture=neutral, PublicKeyToken=null" name="DeviceCandicatesTest" />
    </UnitTest>
    <UnitTest name="MotherBoardDataConstructorTest" storage="c:\users\root\documents\trainutilizingsystem\serverutility\testproject\bin\debug\testproject.dll" id="31c80489-96bc-6432-541f-227c31e73e53">
      <Execution id="01afea50-b2ea-439c-a461-5092880e0146" />
      <TestMethod codeBase="C:/Users/root/Documents/TrainUtilizingSystem/ServerUtility/TestProject/bin/Debug/TestProject.DLL" adapterTypeName="Microsoft.VisualStudio.TestTools.TestTypes.Unit.UnitTestAdapter, Microsoft.VisualStudio.QualityTools.Tips.UnitTest.Adapter, Version=10.0.0.0, Culture=neutral, PublicKeyToken=b03f5f7f11d50a3a" className="TestProject.MotherBoardDataTest, TestProject, Version=1.0.0.0, Culture=neutral, PublicKeyToken=null" name="MotherBoardDataConstructorTest" />
    </UnitTest>
    <UnitTest name="EssentialDutyResolutionTest" storage="c:\users\root\documents\trainutilizingsystem\serverutility\testproject\bin\debug\testproject.dll" id="22f3781a-41b8-964c-ec0c-167b4a095ea8">
      <Execution id="9e55e79d-16ac-4391-8097-7b5a81e5950b" />
      <TestMethod codeBase="C:/Users/root/Documents/TrainUtilizingSystem/ServerUtility/TestProject/bin/Debug/TestProject.DLL" adapterTypeName="Microsoft.VisualStudio.TestTools.TestTypes.Unit.UnitTestAdapter, Microsoft.VisualStudio.QualityTools.Tips.UnitTest.Adapter, Version=10.0.0.0, Culture=neutral, PublicKeyToken=b03f5f7f11d50a3a" className="TestProject.TrainControllerStateTest, TestProject, Version=1.0.0.0, Culture=neutral, PublicKeyToken=null" name="EssentialDutyResolutionTest" />
    </UnitTest>
    <UnitTest name="IsDetectedTest" storage="c:\users\root\documents\trainutilizingsystem\serverutility\testproject\bin\debug\testproject.dll" id="4820147a-9623-95f5-e2c8-b660da05a3c5">
      <Execution id="e477df79-dd67-4555-953f-6acb49630c8e" />
      <TestMethod codeBase="C:/Users/root/Documents/TrainUtilizingSystem/ServerUtility/TestProject/bin/Debug/TestProject.DLL" adapterTypeName="Microsoft.VisualStudio.TestTools.TestTypes.Unit.UnitTestAdapter, Microsoft.VisualStudio.QualityTools.Tips.UnitTest.Adapter, Version=10.0.0.0, Culture=neutral, PublicKeyToken=b03f5f7f11d50a3a" className="TestProject.TrainSensorStateTest, TestProject, Version=1.0.0.0, Culture=neutral, PublicKeyToken=null" name="IsDetectedTest" />
    </UnitTest>
    <UnitTest name="CurrentVoltageTest" storage="c:\users\root\documents\trainutilizingsystem\serverutility\testproject\bin\debug\testproject.dll" id="5ef5b6e1-0cec-8e3e-2a18-36ec4ba05980">
      <Execution id="037235b9-7ce0-4ada-b35e-8355454f641e" />
      <TestMethod codeBase="C:/Users/root/Documents/TrainUtilizingSystem/ServerUtility/TestProject/bin/Debug/TestProject.DLL" adapterTypeName="Microsoft.VisualStudio.TestTools.TestTypes.Unit.UnitTestAdapter, Microsoft.VisualStudio.QualityTools.Tips.UnitTest.Adapter, Version=10.0.0.0, Culture=neutral, PublicKeyToken=b03f5f7f11d50a3a" className="TestProject.TrainSensorStateTest, TestProject, Version=1.0.0.0, Culture=neutral, PublicKeyToken=null" name="CurrentVoltageTest" />
    </UnitTest>
    <UnitTest name="PortMappingEnumerableTest" storage="c:\users\root\documents\trainutilizingsystem\serverutility\testproject\bin\debug\testproject.dll" id="c89c1729-1b69-9af7-691d-ccb30e6f1a55">
      <Execution id="a9d54d3b-c0db-4af5-8b5e-9dcac3a3cfe9" />
      <TestMethod codeBase="C:/Users/root/Documents/TrainUtilizingSystem/ServerUtility/TestProject/bin/Debug/TestProject.DLL" adapterTypeName="Microsoft.VisualStudio.TestTools.TestTypes.Unit.UnitTestAdapter, Microsoft.VisualStudio.QualityTools.Tips.UnitTest.Adapter, Version=10.0.0.0, Culture=neutral, PublicKeyToken=b03f5f7f11d50a3a" className="TestProject.MotherBoardViewModelTest, TestProject, Version=1.0.0.0, Culture=neutral, PublicKeyToken=null" name="PortMappingEnumerableTest" />
    </UnitTest>
    <UnitTest name="GetEnumeratorTest1" storage="c:\users\root\documents\trainutilizingsystem\serverutility\testproject\bin\debug\testproject.dll" id="b5a4d5e0-4c69-c428-0875-3e21832ca469">
      <DeploymentItems>
        <DeploymentItem filename="SensorLibrary.dll" />
      </DeploymentItems>
      <Execution id="ed2cc812-a749-42b2-90b5-57e27dcd3ba5" />
      <TestMethod codeBase="C:/Users/root/Documents/TrainUtilizingSystem/ServerUtility/TestProject/bin/Debug/TestProject.DLL" adapterTypeName="Microsoft.VisualStudio.TestTools.TestTypes.Unit.UnitTestAdapter, Microsoft.VisualStudio.QualityTools.Tips.UnitTest.Adapter, Version=10.0.0.0, Culture=neutral, PublicKeyToken=b03f5f7f11d50a3a" className="TestProject.LoopingArrayTest, TestProject, Version=1.0.0.0, Culture=neutral, PublicKeyToken=null" name="GetEnumeratorTest1" />
    </UnitTest>
    <UnitTest name="ByteArrayValidationCheck" storage="c:\users\root\documents\trainutilizingsystem\serverutility\testproject\bin\debug\testproject.dll" id="e97e0475-1df3-1614-6d37-36b8da6c07df">
      <Execution id="f1e2c488-2d36-4690-b423-058699e32424" />
      <TestMethod codeBase="C:/Users/root/Documents/TrainUtilizingSystem/ServerUtility/TestProject/bin/Debug/TestProject.DLL" adapterTypeName="Microsoft.VisualStudio.TestTools.TestTypes.Unit.UnitTestAdapter, Microsoft.VisualStudio.QualityTools.Tips.UnitTest.Adapter, Version=10.0.0.0, Culture=neutral, PublicKeyToken=b03f5f7f11d50a3a" className="TestProject.ConvertExtenstionsTest, TestProject, Version=1.0.0.0, Culture=neutral, PublicKeyToken=null" name="ByteArrayValidationCheck" />
    </UnitTest>
    <UnitTest name="LoopingArrayConstructorTest" storage="c:\users\root\documents\trainutilizingsystem\serverutility\testproject\bin\debug\testproject.dll" id="bab9a259-07fe-b630-2db5-50efc4a015e7">
      <Execution id="6102b23b-8ac1-4c72-aee6-1c641a808d75" />
      <TestMethod codeBase="C:/Users/root/Documents/TrainUtilizingSystem/ServerUtility/TestProject/bin/Debug/TestProject.DLL" adapterTypeName="Microsoft.VisualStudio.TestTools.TestTypes.Unit.UnitTestAdapter, Microsoft.VisualStudio.QualityTools.Tips.UnitTest.Adapter, Version=10.0.0.0, Culture=neutral, PublicKeyToken=b03f5f7f11d50a3a" className="TestProject.LoopingArrayTest, TestProject, Version=1.0.0.0, Culture=neutral, PublicKeyToken=null" name="LoopingArrayConstructorTest" />
    </UnitTest>
    <UnitTest name="MotherBoardViewModelConstructorTest" storage="c:\users\root\documents\trainutilizingsystem\serverutility\testproject\bin\debug\testproject.dll" id="ff56d913-09b6-6f1a-eca1-4fc7d055cea3">
      <Execution id="61408c38-ed26-4e7f-8679-71f09a6c7f3b" />
      <TestMethod codeBase="C:/Users/root/Documents/TrainUtilizingSystem/ServerUtility/TestProject/bin/Debug/TestProject.DLL" adapterTypeName="Microsoft.VisualStudio.TestTools.TestTypes.Unit.UnitTestAdapter, Microsoft.VisualStudio.QualityTools.Tips.UnitTest.Adapter, Version=10.0.0.0, Culture=neutral, PublicKeyToken=b03f5f7f11d50a3a" className="TestProject.MotherBoardViewModelTest, TestProject, Version=1.0.0.0, Culture=neutral, PublicKeyToken=null" name="MotherBoardViewModelConstructorTest" />
    </UnitTest>
    <UnitTest name="UsbDevicesViewModelConstructorTest" storage="c:\users\root\documents\trainutilizingsystem\serverutility\testproject\bin\debug\testproject.dll" id="bb37a384-0089-6563-1ba1-ccf041f0602b">
      <Execution id="fbc762ca-517d-41c2-a163-23b6d38f0aa1" />
      <TestMethod codeBase="C:/Users/root/Documents/TrainUtilizingSystem/ServerUtility/TestProject/bin/Debug/TestProject.DLL" adapterTypeName="Microsoft.VisualStudio.TestTools.TestTypes.Unit.UnitTestAdapter, Microsoft.VisualStudio.QualityTools.Tips.UnitTest.Adapter, Version=10.0.0.0, Culture=neutral, PublicKeyToken=b03f5f7f11d50a3a" className="TestProject.UsbDevicesViewModelTest, TestProject, Version=1.0.0.0, Culture=neutral, PublicKeyToken=null" name="UsbDevicesViewModelConstructorTest" />
    </UnitTest>
    <UnitTest name="DirectionsTest" storage="c:\users\root\documents\trainutilizingsystem\serverutility\testproject\bin\debug\testproject.dll" id="3924b4a9-c8e3-1923-e40a-d9b46ab0bbcb">
      <Execution id="7635c08e-f200-49a6-b159-d90e36127a84" />
      <TestMethod codeBase="C:/Users/root/Documents/TrainUtilizingSystem/ServerUtility/TestProject/bin/Debug/TestProject.DLL" adapterTypeName="Microsoft.VisualStudio.TestTools.TestTypes.Unit.UnitTestAdapter, Microsoft.VisualStudio.QualityTools.Tips.UnitTest.Adapter, Version=10.0.0.0, Culture=neutral, PublicKeyToken=b03f5f7f11d50a3a" className="TestProject.PointModuleDataTest, TestProject, Version=1.0.0.0, Culture=neutral, PublicKeyToken=null" name="DirectionsTest" />
    </UnitTest>
    <UnitTest name="FlushTest" storage="c:\users\root\documents\trainutilizingsystem\serverutility\testproject\bin\debug\testproject.dll" id="64811b85-89b0-0b59-3263-26f94adb60fb">
      <Execution id="12dbf8f7-02d4-448d-99a1-379913909e1f" />
      <TestMethod codeBase="C:/Users/root/Documents/TrainUtilizingSystem/ServerUtility/TestProject/bin/Debug/TestProject.DLL" adapterTypeName="Microsoft.VisualStudio.TestTools.TestTypes.Unit.UnitTestAdapter, Microsoft.VisualStudio.QualityTools.Tips.UnitTest.Adapter, Version=10.0.0.0, Culture=neutral, PublicKeyToken=b03f5f7f11d50a3a" className="TestProject.ChunckedStreamTest, TestProject, Version=1.0.0.0, Culture=neutral, PublicKeyToken=null" name="FlushTest" />
    </UnitTest>
    <UnitTest name="PWMFreqencyTest" storage="c:\users\root\documents\trainutilizingsystem\serverutility\testproject\bin\debug\testproject.dll" id="f5900dd0-b768-09a7-faae-44c4f82d72aa">
      <Execution id="95e6d967-e032-4036-9c3f-ba2bd0a5d6f4" />
      <TestMethod codeBase="C:/Users/root/Documents/TrainUtilizingSystem/ServerUtility/TestProject/bin/Debug/TestProject.DLL" adapterTypeName="Microsoft.VisualStudio.TestTools.TestTypes.Unit.UnitTestAdapter, Microsoft.VisualStudio.QualityTools.Tips.UnitTest.Adapter, Version=10.0.0.0, Culture=neutral, PublicKeyToken=b03f5f7f11d50a3a" className="TestProject.TrainControllerStateTest, TestProject, Version=1.0.0.0, Culture=neutral, PublicKeyToken=null" name="PWMFreqencyTest" />
    </UnitTest>
    <UnitTest name="TimerTest" storage="c:\users\root\documents\trainutilizingsystem\serverutility\testproject\bin\debug\testproject.dll" id="e531a444-ddb8-6cc8-ba69-dded1772c8fb">
      <Execution id="64561a2c-2b30-45f3-a9df-7fa014210194" />
      <TestMethod codeBase="C:/Users/root/Documents/TrainUtilizingSystem/ServerUtility/TestProject/bin/Debug/TestProject.DLL" adapterTypeName="Microsoft.VisualStudio.TestTools.TestTypes.Unit.UnitTestAdapter, Microsoft.VisualStudio.QualityTools.Tips.UnitTest.Adapter, Version=10.0.0.0, Culture=neutral, PublicKeyToken=b03f5f7f11d50a3a" className="TestProject.MotherBoardStateTest, TestProject, Version=1.0.0.0, Culture=neutral, PublicKeyToken=null" name="TimerTest" />
    </UnitTest>
    <UnitTest name="ModeTest" storage="c:\users\root\documents\trainutilizingsystem\serverutility\testproject\bin\debug\testproject.dll" id="e7d27d5a-0dca-8191-f30e-a3d70f9835ee">
      <Execution id="4addfb13-13c1-42cf-a566-6f18233ad45f" />
      <TestMethod codeBase="C:/Users/root/Documents/TrainUtilizingSystem/ServerUtility/TestProject/bin/Debug/TestProject.DLL" adapterTypeName="Microsoft.VisualStudio.TestTools.TestTypes.Unit.UnitTestAdapter, Microsoft.VisualStudio.QualityTools.Tips.UnitTest.Adapter, Version=10.0.0.0, Culture=neutral, PublicKeyToken=b03f5f7f11d50a3a" className="TestProject.TrainSensorStateTest, TestProject, Version=1.0.0.0, Culture=neutral, PublicKeyToken=null" name="ModeTest" />
    </UnitTest>
    <UnitTest name="TrainSensorViewModelConstructorTest" storage="c:\users\root\documents\trainutilizingsystem\serverutility\testproject\bin\debug\testproject.dll" id="f7a737b6-f8da-3a0e-93c8-58a3d6ddb7dd">
      <Execution id="b77b1eb2-379f-4c82-b0d8-90a9e2626af4" />
      <TestMethod codeBase="C:/Users/root/Documents/TrainUtilizingSystem/ServerUtility/TestProject/bin/Debug/TestProject.DLL" adapterTypeName="Microsoft.VisualStudio.TestTools.TestTypes.Unit.UnitTestAdapter, Microsoft.VisualStudio.QualityTools.Tips.UnitTest.Adapter, Version=10.0.0.0, Culture=neutral, PublicKeyToken=b03f5f7f11d50a3a" className="TestProject.TrainSensorViewModelTest, TestProject, Version=1.0.0.0, Culture=neutral, PublicKeyToken=null" name="TrainSensorViewModelConstructorTest" />
    </UnitTest>
    <UnitTest name="IsSatisfiedDutyResolutionTest" storage="c:\users\root\documents\trainutilizingsystem\serverutility\testproject\bin\debug\testproject.dll" id="d13089e7-1536-fd2b-d03c-745461abacef">
      <Execution id="c703c58e-e21a-4827-8da9-da4c79d17c3d" />
      <TestMethod codeBase="C:/Users/root/Documents/TrainUtilizingSystem/ServerUtility/TestProject/bin/Debug/TestProject.DLL" adapterTypeName="Microsoft.VisualStudio.TestTools.TestTypes.Unit.UnitTestAdapter, Microsoft.VisualStudio.QualityTools.Tips.UnitTest.Adapter, Version=10.0.0.0, Culture=neutral, PublicKeyToken=b03f5f7f11d50a3a" className="TestProject.TrainControllerStateTest, TestProject, Version=1.0.0.0, Culture=neutral, PublicKeyToken=null" name="IsSatisfiedDutyResolutionTest" />
    </UnitTest>
    <UnitTest name="ConvertTest" storage="c:\users\root\documents\trainutilizingsystem\serverutility\testproject\bin\debug\testproject.dll" id="674eb767-160f-184e-901f-e20a6d038918">
      <Execution id="43c3f376-eb47-4d1f-b613-f66e29fe0891" />
      <TestMethod codeBase="C:/Users/root/Documents/TrainUtilizingSystem/ServerUtility/TestProject/bin/Debug/TestProject.DLL" adapterTypeName="Microsoft.VisualStudio.TestTools.TestTypes.Unit.UnitTestAdapter, Microsoft.VisualStudio.QualityTools.Tips.UnitTest.Adapter, Version=10.0.0.0, Culture=neutral, PublicKeyToken=b03f5f7f11d50a3a" className="TestProject.UsbDeviceConverterTest, TestProject, Version=1.0.0.0, Culture=neutral, PublicKeyToken=null" name="ConvertTest" />
    </UnitTest>
    <UnitTest name="ModuleTypeTest" storage="c:\users\root\documents\trainutilizingsystem\serverutility\testproject\bin\debug\testproject.dll" id="c3e25e71-e6a3-3799-dbe0-bacda8fc8163">
      <Execution id="b334e69e-c6a4-4aa5-b2ea-8742a59fe6f6" />
      <TestMethod codeBase="C:/Users/root/Documents/TrainUtilizingSystem/ServerUtility/TestProject/bin/Debug/TestProject.DLL" adapterTypeName="Microsoft.VisualStudio.TestTools.TestTypes.Unit.UnitTestAdapter, Microsoft.VisualStudio.QualityTools.Tips.UnitTest.Adapter, Version=10.0.0.0, Culture=neutral, PublicKeyToken=b03f5f7f11d50a3a" className="TestProject.MotherBoardDataTest, TestProject, Version=1.0.0.0, Culture=neutral, PublicKeyToken=null" name="ModuleTypeTest" />
    </UnitTest>
    <UnitTest name="ItemTest" storage="c:\users\root\documents\trainutilizingsystem\serverutility\testproject\bin\debug\testproject.dll" id="c6c2c1ab-9d23-f24c-e326-eec075cfb3f8">
      <Execution id="453ffc06-79be-483b-a8ea-46273cdd8dec" />
      <TestMethod codeBase="C:/Users/root/Documents/TrainUtilizingSystem/ServerUtility/TestProject/bin/Debug/TestProject.DLL" adapterTypeName="Microsoft.VisualStudio.TestTools.TestTypes.Unit.UnitTestAdapter, Microsoft.VisualStudio.QualityTools.Tips.UnitTest.Adapter, Version=10.0.0.0, Culture=neutral, PublicKeyToken=b03f5f7f11d50a3a" className="TestProject.PointModuleStateTest, TestProject, Version=1.0.0.0, Culture=neutral, PublicKeyToken=null" name="ItemTest" />
    </UnitTest>
    <UnitTest name="PreScaleTest" storage="c:\users\root\documents\trainutilizingsystem\serverutility\testproject\bin\debug\testproject.dll" id="be2edf0d-5154-5674-29d1-d642bbc088db">
      <Execution id="842bb5fe-cd7b-419d-9a1c-1beabe8694fb" />
      <TestMethod codeBase="C:/Users/root/Documents/TrainUtilizingSystem/ServerUtility/TestProject/bin/Debug/TestProject.DLL" adapterTypeName="Microsoft.VisualStudio.TestTools.TestTypes.Unit.UnitTestAdapter, Microsoft.VisualStudio.QualityTools.Tips.UnitTest.Adapter, Version=10.0.0.0, Culture=neutral, PublicKeyToken=b03f5f7f11d50a3a" className="TestProject.TrainControllerStateTest, TestProject, Version=1.0.0.0, Culture=neutral, PublicKeyToken=null" name="PreScaleTest" />
    </UnitTest>
    <UnitTest name="PointModuleDataConstructorTest" storage="c:\users\root\documents\trainutilizingsystem\serverutility\testproject\bin\debug\testproject.dll" id="e636afca-43c6-677e-deb3-86d562155830">
      <Execution id="d20786b7-ceec-48c4-bb5d-9e3eee5abcf5" />
      <TestMethod codeBase="C:/Users/root/Documents/TrainUtilizingSystem/ServerUtility/TestProject/bin/Debug/TestProject.DLL" adapterTypeName="Microsoft.VisualStudio.TestTools.TestTypes.Unit.UnitTestAdapter, Microsoft.VisualStudio.QualityTools.Tips.UnitTest.Adapter, Version=10.0.0.0, Culture=neutral, PublicKeyToken=b03f5f7f11d50a3a" className="TestProject.PointModuleDataTest, TestProject, Version=1.0.0.0, Culture=neutral, PublicKeyToken=null" name="PointModuleDataConstructorTest" />
    </UnitTest>
    <UnitTest name="ThresholdVoltageTest" storage="c:\users\root\documents\trainutilizingsystem\serverutility\testproject\bin\debug\testproject.dll" id="e36da11d-994b-1ac2-4a9f-70734f4a554b">
      <Execution id="cf4a7955-0ab3-47f0-aeda-3b3c50aefeb3" />
      <TestMethod codeBase="C:/Users/root/Documents/TrainUtilizingSystem/ServerUtility/TestProject/bin/Debug/TestProject.DLL" adapterTypeName="Microsoft.VisualStudio.TestTools.TestTypes.Unit.UnitTestAdapter, Microsoft.VisualStudio.QualityTools.Tips.UnitTest.Adapter, Version=10.0.0.0, Culture=neutral, PublicKeyToken=b03f5f7f11d50a3a" className="TestProject.TrainSensorStateTest, TestProject, Version=1.0.0.0, Culture=neutral, PublicKeyToken=null" name="ThresholdVoltageTest" />
    </UnitTest>
    <UnitTest name="GetEnumeratorTest" storage="c:\users\root\documents\trainutilizingsystem\serverutility\testproject\bin\debug\testproject.dll" id="f47f23ed-0e88-3d4b-b24a-b93a5162bbab">
      <Execution id="bc57bb39-1104-45a7-a15c-1cdfe6c70bfc" />
      <TestMethod codeBase="C:/Users/root/Documents/TrainUtilizingSystem/ServerUtility/TestProject/bin/Debug/TestProject.DLL" adapterTypeName="Microsoft.VisualStudio.TestTools.TestTypes.Unit.UnitTestAdapter, Microsoft.VisualStudio.QualityTools.Tips.UnitTest.Adapter, Version=10.0.0.0, Culture=neutral, PublicKeyToken=b03f5f7f11d50a3a" className="TestProject.LoopingArrayTest, TestProject, Version=1.0.0.0, Culture=neutral, PublicKeyToken=null" name="GetEnumeratorTest" />
    </UnitTest>
    <UnitTest name="ConvertBackTest" storage="c:\users\root\documents\trainutilizingsystem\serverutility\testproject\bin\debug\testproject.dll" id="f3ffe881-46a7-6ee6-404d-376b40511b07">
      <Execution id="a87ba3a0-cd9f-47a3-8d78-924c3e4aa176" />
      <TestMethod codeBase="C:/Users/root/Documents/TrainUtilizingSystem/ServerUtility/TestProject/bin/Debug/TestProject.DLL" adapterTypeName="Microsoft.VisualStudio.TestTools.TestTypes.Unit.UnitTestAdapter, Microsoft.VisualStudio.QualityTools.Tips.UnitTest.Adapter, Version=10.0.0.0, Culture=neutral, PublicKeyToken=b03f5f7f11d50a3a" className="TestProject.UsbDeviceConverterTest, TestProject, Version=1.0.0.0, Culture=neutral, PublicKeyToken=null" name="ConvertBackTest" />
    </UnitTest>
    <UnitTest name="OverflowedCountTest" storage="c:\users\root\documents\trainutilizingsystem\serverutility\testproject\bin\debug\testproject.dll" id="ad40eac8-0529-544e-7cd1-f5b2a391e919">
      <Execution id="b8d363ab-daeb-47d6-ae84-eabbada03fd5" />
      <TestMethod codeBase="C:/Users/root/Documents/TrainUtilizingSystem/ServerUtility/TestProject/bin/Debug/TestProject.DLL" adapterTypeName="Microsoft.VisualStudio.TestTools.TestTypes.Unit.UnitTestAdapter, Microsoft.VisualStudio.QualityTools.Tips.UnitTest.Adapter, Version=10.0.0.0, Culture=neutral, PublicKeyToken=b03f5f7f11d50a3a" className="TestProject.TrainSensorStateTest, TestProject, Version=1.0.0.0, Culture=neutral, PublicKeyToken=null" name="OverflowedCountTest" />
    </UnitTest>
    <UnitTest name="ToByteArrayTest" storage="c:\users\root\documents\trainutilizingsystem\serverutility\testproject\bin\debug\testproject.dll" id="8c676a8d-ec31-5a6b-13ab-e80d4af41e42">
      <Execution id="e24197af-52d3-4bd5-984b-b68ea29e17ca" />
      <TestMethod codeBase="C:/Users/root/Documents/TrainUtilizingSystem/ServerUtility/TestProject/bin/Debug/TestProject.DLL" adapterTypeName="Microsoft.VisualStudio.TestTools.TestTypes.Unit.UnitTestAdapter, Microsoft.VisualStudio.QualityTools.Tips.UnitTest.Adapter, Version=10.0.0.0, Culture=neutral, PublicKeyToken=b03f5f7f11d50a3a" className="TestProject.ConvertExtenstionsTest, TestProject, Version=1.0.0.0, Culture=neutral, PublicKeyToken=null" name="ToByteArrayTest" />
    </UnitTest>
    <UnitTest name="AvailableDevicesTest" storage="c:\users\root\documents\trainutilizingsystem\serverutility\testproject\bin\debug\testproject.dll" id="d525b94c-5b6f-2f29-8d49-3701df1775ef">
      <Execution id="f3d1e40a-3665-4a7c-ac1e-1c4e619e5560" />
      <TestMethod codeBase="C:/Users/root/Documents/TrainUtilizingSystem/ServerUtility/TestProject/bin/Debug/TestProject.DLL" adapterTypeName="Microsoft.VisualStudio.TestTools.TestTypes.Unit.UnitTestAdapter, Microsoft.VisualStudio.QualityTools.Tips.UnitTest.Adapter, Version=10.0.0.0, Culture=neutral, PublicKeyToken=b03f5f7f11d50a3a" className="TestProject.PacketDispatcherSingleTest, TestProject, Version=1.0.0.0, Culture=neutral, PublicKeyToken=null" name="AvailableDevicesTest" />
    </UnitTest>
    <UnitTest name="PWMPeriodTest" storage="c:\users\root\documents\trainutilizingsystem\serverutility\testproject\bin\debug\testproject.dll" id="8430c551-4dca-8dc6-6839-20a36a121715">
      <Execution id="fd613ea7-b149-4c5a-87df-a6ca9c4197fa" />
      <TestMethod codeBase="C:/Users/root/Documents/TrainUtilizingSystem/ServerUtility/TestProject/bin/Debug/TestProject.DLL" adapterTypeName="Microsoft.VisualStudio.TestTools.TestTypes.Unit.UnitTestAdapter, Microsoft.VisualStudio.QualityTools.Tips.UnitTest.Adapter, Version=10.0.0.0, Culture=neutral, PublicKeyToken=b03f5f7f11d50a3a" className="TestProject.TrainControllerStateTest, TestProject, Version=1.0.0.0, Culture=neutral, PublicKeyToken=null" name="PWMPeriodTest" />
    </UnitTest>
    <UnitTest name="ParentIDTest" storage="c:\users\root\documents\trainutilizingsystem\serverutility\testproject\bin\debug\testproject.dll" id="888367e1-b0e5-f904-1073-ef6838ec8384">
      <Execution id="46db8f91-74ef-4828-8262-50188a1e0776" />
      <TestMethod codeBase="C:/Users/root/Documents/TrainUtilizingSystem/ServerUtility/TestProject/bin/Debug/TestProject.DLL" adapterTypeName="Microsoft.VisualStudio.TestTools.TestTypes.Unit.UnitTestAdapter, Microsoft.VisualStudio.QualityTools.Tips.UnitTest.Adapter, Version=10.0.0.0, Culture=neutral, PublicKeyToken=b03f5f7f11d50a3a" className="TestProject.MotherBoardStateTest, TestProject, Version=1.0.0.0, Culture=neutral, PublicKeyToken=null" name="ParentIDTest" />
    </UnitTest>
    <UnitTest name="ReadTest" storage="c:\users\root\documents\trainutilizingsystem\serverutility\testproject\bin\debug\testproject.dll" id="03d23227-fae1-7f69-18bc-75591f488ed7">
      <Execution id="7a07930d-a93a-427a-b8ab-59c65a921e7d" />
      <TestMethod codeBase="C:/Users/root/Documents/TrainUtilizingSystem/ServerUtility/TestProject/bin/Debug/TestProject.DLL" adapterTypeName="Microsoft.VisualStudio.TestTools.TestTypes.Unit.UnitTestAdapter, Microsoft.VisualStudio.QualityTools.Tips.UnitTest.Adapter, Version=10.0.0.0, Culture=neutral, PublicKeyToken=b03f5f7f11d50a3a" className="TestProject.ChunckedStreamTest, TestProject, Version=1.0.0.0, Culture=neutral, PublicKeyToken=null" name="ReadTest" />
    </UnitTest>
    <UnitTest name="DutyTest" storage="c:\users\root\documents\trainutilizingsystem\serverutility\testproject\bin\debug\testproject.dll" id="1886196f-246c-cf3b-7c1c-5d9bdded0654">
      <Execution id="1e45eb4d-f691-4712-b3b1-d0c871dd40d3" />
      <TestMethod codeBase="C:/Users/root/Documents/TrainUtilizingSystem/ServerUtility/TestProject/bin/Debug/TestProject.DLL" adapterTypeName="Microsoft.VisualStudio.TestTools.TestTypes.Unit.UnitTestAdapter, Microsoft.VisualStudio.QualityTools.Tips.UnitTest.Adapter, Version=10.0.0.0, Culture=neutral, PublicKeyToken=b03f5f7f11d50a3a" className="TestProject.TrainControllerStateTest, TestProject, Version=1.0.0.0, Culture=neutral, PublicKeyToken=null" name="DutyTest" />
    </UnitTest>
    <UnitTest name="DeviceFrequencyTest" storage="c:\users\root\documents\trainutilizingsystem\serverutility\testproject\bin\debug\testproject.dll" id="d450f3d0-8079-6610-30f8-2a068f923ae0">
      <Execution id="ae20529a-da20-4f41-9ad1-b9f9f37b9aec" />
      <TestMethod codeBase="C:/Users/root/Documents/TrainUtilizingSystem/ServerUtility/TestProject/bin/Debug/TestProject.DLL" adapterTypeName="Microsoft.VisualStudio.TestTools.TestTypes.Unit.UnitTestAdapter, Microsoft.VisualStudio.QualityTools.Tips.UnitTest.Adapter, Version=10.0.0.0, Culture=neutral, PublicKeyToken=b03f5f7f11d50a3a" className="TestProject.TrainControllerStateTest, TestProject, Version=1.0.0.0, Culture=neutral, PublicKeyToken=null" name="DeviceFrequencyTest" />
    </UnitTest>
  </TestDefinitions>
  <TestLists>
    <TestList name="一覧に存在しない結果" id="8c84fa94-04c1-424b-9868-57a2d4851a1d" />
    <TestList name="読み込まれたすべての結果" id="19431567-8539-422a-85d7-44ee4e166bda" />
  </TestLists>
  <TestEntries>
    <TestEntry testId="02112a0a-b267-4424-8970-91320a0a97c2" executionId="1c8a8ba4-a386-4acc-b877-53bf4b179dde" testListId="8c84fa94-04c1-424b-9868-57a2d4851a1d" />
    <TestEntry testId="03d23227-fae1-7f69-18bc-75591f488ed7" executionId="7a07930d-a93a-427a-b8ab-59c65a921e7d" testListId="8c84fa94-04c1-424b-9868-57a2d4851a1d" />
    <TestEntry testId="1886196f-246c-cf3b-7c1c-5d9bdded0654" executionId="1e45eb4d-f691-4712-b3b1-d0c871dd40d3" testListId="8c84fa94-04c1-424b-9868-57a2d4851a1d" />
    <TestEntry testId="1ad9505e-7b3d-d16d-51df-a136ac1ace33" executionId="aba3f371-ca2e-46f5-98c6-926297cd49f7" testListId="8c84fa94-04c1-424b-9868-57a2d4851a1d" />
    <TestEntry testId="22f3781a-41b8-964c-ec0c-167b4a095ea8" executionId="9e55e79d-16ac-4391-8097-7b5a81e5950b" testListId="8c84fa94-04c1-424b-9868-57a2d4851a1d" />
    <TestEntry testId="314353f8-f8f2-09fc-9d42-2c7ab0b773e8" executionId="3d9aef5c-e165-4a9f-adee-ac7dc7849ab9" testListId="8c84fa94-04c1-424b-9868-57a2d4851a1d" />
    <TestEntry testId="31c80489-96bc-6432-541f-227c31e73e53" executionId="01afea50-b2ea-439c-a461-5092880e0146" testListId="8c84fa94-04c1-424b-9868-57a2d4851a1d" />
    <TestEntry testId="33375970-617f-3a5a-7a00-f7181501c5a1" executionId="3643e204-c5da-4362-b9b3-28e676eee9fb" testListId="8c84fa94-04c1-424b-9868-57a2d4851a1d" />
    <TestEntry testId="3924b4a9-c8e3-1923-e40a-d9b46ab0bbcb" executionId="7635c08e-f200-49a6-b159-d90e36127a84" testListId="8c84fa94-04c1-424b-9868-57a2d4851a1d" />
    <TestEntry testId="3a4db604-7139-9804-2ab5-ad14796afec1" executionId="ec179231-10ac-4f2d-a86d-c9416ec31096" testListId="8c84fa94-04c1-424b-9868-57a2d4851a1d" />
    <TestEntry testId="4820147a-9623-95f5-e2c8-b660da05a3c5" executionId="e477df79-dd67-4555-953f-6acb49630c8e" testListId="8c84fa94-04c1-424b-9868-57a2d4851a1d" />
    <TestEntry testId="5e33c801-5bb0-de1e-ffe1-f0ba7029527b" executionId="45505b62-b0eb-4b35-849b-77e1898228a5" testListId="8c84fa94-04c1-424b-9868-57a2d4851a1d" />
    <TestEntry testId="5ef5b6e1-0cec-8e3e-2a18-36ec4ba05980" executionId="037235b9-7ce0-4ada-b35e-8355454f641e" testListId="8c84fa94-04c1-424b-9868-57a2d4851a1d" />
    <TestEntry testId="64811b85-89b0-0b59-3263-26f94adb60fb" executionId="12dbf8f7-02d4-448d-99a1-379913909e1f" testListId="8c84fa94-04c1-424b-9868-57a2d4851a1d" />
    <TestEntry testId="674eb767-160f-184e-901f-e20a6d038918" executionId="43c3f376-eb47-4d1f-b613-f66e29fe0891" testListId="8c84fa94-04c1-424b-9868-57a2d4851a1d" />
    <TestEntry testId="8430c551-4dca-8dc6-6839-20a36a121715" executionId="fd613ea7-b149-4c5a-87df-a6ca9c4197fa" testListId="8c84fa94-04c1-424b-9868-57a2d4851a1d" />
    <TestEntry testId="888367e1-b0e5-f904-1073-ef6838ec8384" executionId="46db8f91-74ef-4828-8262-50188a1e0776" testListId="8c84fa94-04c1-424b-9868-57a2d4851a1d" />
    <TestEntry testId="8c676a8d-ec31-5a6b-13ab-e80d4af41e42" executionId="e24197af-52d3-4bd5-984b-b68ea29e17ca" testListId="8c84fa94-04c1-424b-9868-57a2d4851a1d" />
    <TestEntry testId="8da466f7-c384-a693-e5eb-95d9f9f6fa64" executionId="28647747-b799-4a98-a2df-3dc18e10d1d9" testListId="8c84fa94-04c1-424b-9868-57a2d4851a1d" />
    <TestEntry testId="ad40eac8-0529-544e-7cd1-f5b2a391e919" executionId="b8d363ab-daeb-47d6-ae84-eabbada03fd5" testListId="8c84fa94-04c1-424b-9868-57a2d4851a1d" />
    <TestEntry testId="b5a4d5e0-4c69-c428-0875-3e21832ca469" executionId="ed2cc812-a749-42b2-90b5-57e27dcd3ba5" testListId="8c84fa94-04c1-424b-9868-57a2d4851a1d" />
    <TestEntry testId="bab9a259-07fe-b630-2db5-50efc4a015e7" executionId="6102b23b-8ac1-4c72-aee6-1c641a808d75" testListId="8c84fa94-04c1-424b-9868-57a2d4851a1d" />
    <TestEntry testId="bb37a384-0089-6563-1ba1-ccf041f0602b" executionId="fbc762ca-517d-41c2-a163-23b6d38f0aa1" testListId="8c84fa94-04c1-424b-9868-57a2d4851a1d" />
    <TestEntry testId="be2edf0d-5154-5674-29d1-d642bbc088db" executionId="842bb5fe-cd7b-419d-9a1c-1beabe8694fb" testListId="8c84fa94-04c1-424b-9868-57a2d4851a1d" />
    <TestEntry testId="c3e25e71-e6a3-3799-dbe0-bacda8fc8163" executionId="b334e69e-c6a4-4aa5-b2ea-8742a59fe6f6" testListId="8c84fa94-04c1-424b-9868-57a2d4851a1d" />
    <TestEntry testId="c57eff42-a84b-6116-b645-b74d987ba9b1" executionId="ed310a53-0a4f-4815-b086-4dec4628d229" testListId="8c84fa94-04c1-424b-9868-57a2d4851a1d" />
    <TestEntry testId="c6c2c1ab-9d23-f24c-e326-eec075cfb3f8" executionId="453ffc06-79be-483b-a8ea-46273cdd8dec" testListId="8c84fa94-04c1-424b-9868-57a2d4851a1d" />
    <TestEntry testId="c89c1729-1b69-9af7-691d-ccb30e6f1a55" executionId="a9d54d3b-c0db-4af5-8b5e-9dcac3a3cfe9" testListId="8c84fa94-04c1-424b-9868-57a2d4851a1d" />
    <TestEntry testId="d13089e7-1536-fd2b-d03c-745461abacef" executionId="c703c58e-e21a-4827-8da9-da4c79d17c3d" testListId="8c84fa94-04c1-424b-9868-57a2d4851a1d" />
    <TestEntry testId="d450f3d0-8079-6610-30f8-2a068f923ae0" executionId="ae20529a-da20-4f41-9ad1-b9f9f37b9aec" testListId="8c84fa94-04c1-424b-9868-57a2d4851a1d" />
    <TestEntry testId="d525b94c-5b6f-2f29-8d49-3701df1775ef" executionId="f3d1e40a-3665-4a7c-ac1e-1c4e619e5560" testListId="8c84fa94-04c1-424b-9868-57a2d4851a1d" />
    <TestEntry testId="e1892563-72ac-e402-dfba-90f0fb1b229e" executionId="b7142d69-6d6a-408e-9f23-3f645598676b" testListId="8c84fa94-04c1-424b-9868-57a2d4851a1d" />
    <TestEntry testId="e36da11d-994b-1ac2-4a9f-70734f4a554b" executionId="cf4a7955-0ab3-47f0-aeda-3b3c50aefeb3" testListId="8c84fa94-04c1-424b-9868-57a2d4851a1d" />
    <TestEntry testId="e531a444-ddb8-6cc8-ba69-dded1772c8fb" executionId="64561a2c-2b30-45f3-a9df-7fa014210194" testListId="8c84fa94-04c1-424b-9868-57a2d4851a1d" />
    <TestEntry testId="e636afca-43c6-677e-deb3-86d562155830" executionId="d20786b7-ceec-48c4-bb5d-9e3eee5abcf5" testListId="8c84fa94-04c1-424b-9868-57a2d4851a1d" />
    <TestEntry testId="e7d27d5a-0dca-8191-f30e-a3d70f9835ee" executionId="4addfb13-13c1-42cf-a566-6f18233ad45f" testListId="8c84fa94-04c1-424b-9868-57a2d4851a1d" />
    <TestEntry testId="e80f6e6d-b295-d620-d601-d4211759ac72" executionId="f62e935c-63f8-435d-b0a7-e5e031c7a108" testListId="8c84fa94-04c1-424b-9868-57a2d4851a1d" />
    <TestEntry testId="e97e0475-1df3-1614-6d37-36b8da6c07df" executionId="f1e2c488-2d36-4690-b423-058699e32424" testListId="8c84fa94-04c1-424b-9868-57a2d4851a1d" />
    <TestEntry testId="f3ffe881-46a7-6ee6-404d-376b40511b07" executionId="a87ba3a0-cd9f-47a3-8d78-924c3e4aa176" testListId="8c84fa94-04c1-424b-9868-57a2d4851a1d" />
    <TestEntry testId="f47f23ed-0e88-3d4b-b24a-b93a5162bbab" executionId="bc57bb39-1104-45a7-a15c-1cdfe6c70bfc" testListId="8c84fa94-04c1-424b-9868-57a2d4851a1d" />
    <TestEntry testId="f5900dd0-b768-09a7-faae-44c4f82d72aa" executionId="95e6d967-e032-4036-9c3f-ba2bd0a5d6f4" testListId="8c84fa94-04c1-424b-9868-57a2d4851a1d" />
    <TestEntry testId="f7a737b6-f8da-3a0e-93c8-58a3d6ddb7dd" executionId="b77b1eb2-379f-4c82-b0d8-90a9e2626af4" testListId="8c84fa94-04c1-424b-9868-57a2d4851a1d" />
    <TestEntry testId="fd6576fe-8e64-b2e3-565c-e729b98d43e4" executionId="3e6ca752-764a-4756-b4c8-76cb3755c31a" testListId="8c84fa94-04c1-424b-9868-57a2d4851a1d" />
    <TestEntry testId="ff56d913-09b6-6f1a-eca1-4fc7d055cea3" executionId="61408c38-ed26-4e7f-8679-71f09a6c7f3b" testListId="8c84fa94-04c1-424b-9868-57a2d4851a1d" />
  </TestEntries>
  <Results>
    <UnitTestResult executionId="1c8a8ba4-a386-4acc-b877-53bf4b179dde" testId="02112a0a-b267-4424-8970-91320a0a97c2" testName="TimerTest" computerName="CLIENTAZS" duration="00:00:00.0388002" startTime="2011-07-23T15:44:03.8468693+09:00" endTime="2011-07-23T15:44:05.3359544+09:00" testType="13cdc9d9-ddb5-4fa4-a97d-d965ccfc6d4b" outcome="Passed" testListId="8c84fa94-04c1-424b-9868-57a2d4851a1d" relativeResultsDirectory="1c8a8ba4-a386-4acc-b877-53bf4b179dde">
    </UnitTestResult>
    <UnitTestResult executionId="7a07930d-a93a-427a-b8ab-59c65a921e7d" testId="03d23227-fae1-7f69-18bc-75591f488ed7" testName="ReadTest" computerName="CLIENTAZS" duration="00:00:00.0250384" startTime="2011-07-23T15:44:05.3439549+09:00" endTime="2011-07-23T15:44:05.3789569+09:00" testType="13cdc9d9-ddb5-4fa4-a97d-d965ccfc6d4b" outcome="Passed" testListId="8c84fa94-04c1-424b-9868-57a2d4851a1d" relativeResultsDirectory="7a07930d-a93a-427a-b8ab-59c65a921e7d">
    </UnitTestResult>
    <UnitTestResult executionId="1e45eb4d-f691-4712-b3b1-d0c871dd40d3" testId="1886196f-246c-cf3b-7c1c-5d9bdded0654" testName="DutyTest" computerName="CLIENTAZS" duration="00:00:00.0042519" startTime="2011-07-23T15:44:05.3839572+09:00" endTime="2011-07-23T15:44:05.3959579+09:00" testType="13cdc9d9-ddb5-4fa4-a97d-d965ccfc6d4b" outcome="Passed" testListId="8c84fa94-04c1-424b-9868-57a2d4851a1d" relativeResultsDirectory="1e45eb4d-f691-4712-b3b1-d0c871dd40d3">
    </UnitTestResult>
    <UnitTestResult executionId="aba3f371-ca2e-46f5-98c6-926297cd49f7" testId="1ad9505e-7b3d-d16d-51df-a136ac1ace33" testName="ToStringTest" computerName="CLIENTAZS" duration="00:00:00.0233919" startTime="2011-07-23T15:44:05.4029583+09:00" endTime="2011-07-23T15:44:05.4329600+09:00" testType="13cdc9d9-ddb5-4fa4-a97d-d965ccfc6d4b" outcome="Passed" testListId="8c84fa94-04c1-424b-9868-57a2d4851a1d" relativeResultsDirectory="aba3f371-ca2e-46f5-98c6-926297cd49f7">
      <Output>
        <TextMessages>
          <Message>Timer = 0, V = 2.5, IsDetected = True, Threshold = 1.25</Message>
        </TextMessages>
      </Output>
    </UnitTestResult>
    <UnitTestResult executionId="9e55e79d-16ac-4391-8097-7b5a81e5950b" testId="22f3781a-41b8-964c-ec0c-167b4a095ea8" testName="EssentialDutyResolutionTest" computerName="CLIENTAZS" duration="00:00:00.0027387" startTime="2011-07-23T15:44:05.4369602+09:00" endTime="2011-07-23T15:44:05.4439606+09:00" testType="13cdc9d9-ddb5-4fa4-a97d-d965ccfc6d4b" outcome="Passed" testListId="8c84fa94-04c1-424b-9868-57a2d4851a1d" relativeResultsDirectory="9e55e79d-16ac-4391-8097-7b5a81e5950b">
    </UnitTestResult>
    <UnitTestResult executionId="3d9aef5c-e165-4a9f-adee-ac7dc7849ab9" testId="314353f8-f8f2-09fc-9d42-2c7ab0b773e8" testName="PushTest" computerName="CLIENTAZS" duration="00:00:00.0678427" startTime="2011-07-23T15:44:05.4489609+09:00" endTime="2011-07-23T15:44:05.5299655+09:00" testType="13cdc9d9-ddb5-4fa4-a97d-d965ccfc6d4b" outcome="Passed" testListId="8c84fa94-04c1-424b-9868-57a2d4851a1d" relativeResultsDirectory="3d9aef5c-e165-4a9f-adee-ac7dc7849ab9">
    </UnitTestResult>
    <UnitTestResult executionId="01afea50-b2ea-439c-a461-5092880e0146" testId="31c80489-96bc-6432-541f-227c31e73e53" testName="MotherBoardDataConstructorTest" computerName="CLIENTAZS" duration="00:00:00.0022104" startTime="2011-07-23T15:44:05.5379660+09:00" endTime="2011-07-23T15:44:05.5499667+09:00" testType="13cdc9d9-ddb5-4fa4-a97d-d965ccfc6d4b" outcome="Passed" testListId="8c84fa94-04c1-424b-9868-57a2d4851a1d" relativeResultsDirectory="01afea50-b2ea-439c-a461-5092880e0146">
    </UnitTestResult>
    <UnitTestResult executionId="3643e204-c5da-4362-b9b3-28e676eee9fb" testId="33375970-617f-3a5a-7a00-f7181501c5a1" testName="NotifyTest" computerName="CLIENTAZS" duration="00:00:00.0235236" startTime="2011-07-23T15:44:05.5589672+09:00" endTime="2011-07-23T15:44:05.6139703+09:00" testType="13cdc9d9-ddb5-4fa4-a97d-d965ccfc6d4b" outcome="Passed" testListId="8c84fa94-04c1-424b-9868-57a2d4851a1d" relativeResultsDirectory="3643e204-c5da-4362-b9b3-28e676eee9fb">
    </UnitTestResult>
    <UnitTestResult executionId="7635c08e-f200-49a6-b159-d90e36127a84" testId="3924b4a9-c8e3-1923-e40a-d9b46ab0bbcb" testName="DirectionsTest" computerName="CLIENTAZS" duration="00:00:00.0022275" startTime="2011-07-23T15:44:05.7439778+09:00" endTime="2011-07-23T15:44:05.7729794+09:00" testType="13cdc9d9-ddb5-4fa4-a97d-d965ccfc6d4b" outcome="Passed" testListId="8c84fa94-04c1-424b-9868-57a2d4851a1d" relativeResultsDirectory="7635c08e-f200-49a6-b159-d90e36127a84">
    </UnitTestResult>
    <UnitTestResult executionId="ec179231-10ac-4f2d-a86d-c9416ec31096" testId="3a4db604-7139-9804-2ab5-ad14796afec1" testName="SelectedDeviceTest" computerName="CLIENTAZS" duration="00:00:00.1536464" startTime="2011-07-23T15:44:05.7909805+09:00" endTime="2011-07-23T15:44:05.9519897+09:00" testType="13cdc9d9-ddb5-4fa4-a97d-d965ccfc6d4b" outcome="Passed" testListId="8c84fa94-04c1-424b-9868-57a2d4851a1d" relativeResultsDirectory="ec179231-10ac-4f2d-a86d-c9416ec31096">
    </UnitTestResult>
    <UnitTestResult executionId="e477df79-dd67-4555-953f-6acb49630c8e" testId="4820147a-9623-95f5-e2c8-b660da05a3c5" testName="IsDetectedTest" computerName="CLIENTAZS" duration="00:00:00.0087541" startTime="2011-07-23T15:44:05.9759911+09:00" endTime="2011-07-23T15:44:06.0139932+09:00" testType="13cdc9d9-ddb5-4fa4-a97d-d965ccfc6d4b" outcome="Passed" testListId="8c84fa94-04c1-424b-9868-57a2d4851a1d" relativeResultsDirectory="e477df79-dd67-4555-953f-6acb49630c8e">
    </UnitTestResult>
    <UnitTestResult executionId="45505b62-b0eb-4b35-849b-77e1898228a5" testId="5e33c801-5bb0-de1e-ffe1-f0ba7029527b" testName="DevicePeriodTest" computerName="CLIENTAZS" duration="00:00:00.0006046" startTime="2011-07-23T15:44:06.0549956+09:00" endTime="2011-07-23T15:44:06.0719965+09:00" testType="13cdc9d9-ddb5-4fa4-a97d-d965ccfc6d4b" outcome="Passed" testListId="8c84fa94-04c1-424b-9868-57a2d4851a1d" relativeResultsDirectory="45505b62-b0eb-4b35-849b-77e1898228a5">
    </UnitTestResult>
    <UnitTestResult executionId="037235b9-7ce0-4ada-b35e-8355454f641e" testId="5ef5b6e1-0cec-8e3e-2a18-36ec4ba05980" testName="CurrentVoltageTest" computerName="CLIENTAZS" duration="00:00:00.0014888" startTime="2011-07-23T15:44:06.0879975+09:00" endTime="2011-07-23T15:44:06.1129989+09:00" testType="13cdc9d9-ddb5-4fa4-a97d-d965ccfc6d4b" outcome="Passed" testListId="8c84fa94-04c1-424b-9868-57a2d4851a1d" relativeResultsDirectory="037235b9-7ce0-4ada-b35e-8355454f641e">
    </UnitTestResult>
    <UnitTestResult executionId="12dbf8f7-02d4-448d-99a1-379913909e1f" testId="64811b85-89b0-0b59-3263-26f94adb60fb" testName="FlushTest" computerName="CLIENTAZS" duration="00:00:00.0046005" startTime="2011-07-23T15:44:06.1209993+09:00" endTime="2011-07-23T15:44:06.1550013+09:00" testType="13cdc9d9-ddb5-4fa4-a97d-d965ccfc6d4b" outcome="Passed" testListId="8c84fa94-04c1-424b-9868-57a2d4851a1d" relativeResultsDirectory="12dbf8f7-02d4-448d-99a1-379913909e1f">
    </UnitTestResult>
    <UnitTestResult executionId="43c3f376-eb47-4d1f-b613-f66e29fe0891" testId="674eb767-160f-184e-901f-e20a6d038918" testName="ConvertTest" computerName="CLIENTAZS" duration="00:00:00.0204232" startTime="2011-07-23T15:44:06.1830029+09:00" endTime="2011-07-23T15:44:06.2100044+09:00" testType="13cdc9d9-ddb5-4fa4-a97d-d965ccfc6d4b" outcome="Passed" testListId="8c84fa94-04c1-424b-9868-57a2d4851a1d" relativeResultsDirectory="43c3f376-eb47-4d1f-b613-f66e29fe0891">
    </UnitTestResult>
    <UnitTestResult executionId="fd613ea7-b149-4c5a-87df-a6ca9c4197fa" testId="8430c551-4dca-8dc6-6839-20a36a121715" testName="PWMPeriodTest" computerName="CLIENTAZS" duration="00:00:00.0006444" startTime="2011-07-23T15:44:06.2200050+09:00" endTime="2011-07-23T15:44:06.2300056+09:00" testType="13cdc9d9-ddb5-4fa4-a97d-d965ccfc6d4b" outcome="Passed" testListId="8c84fa94-04c1-424b-9868-57a2d4851a1d" relativeResultsDirectory="fd613ea7-b149-4c5a-87df-a6ca9c4197fa">
    </UnitTestResult>
    <UnitTestResult executionId="46db8f91-74ef-4828-8262-50188a1e0776" testId="888367e1-b0e5-f904-1073-ef6838ec8384" testName="ParentIDTest" computerName="CLIENTAZS" duration="00:00:00.0043738" startTime="2011-07-23T15:44:06.2550070+09:00" endTime="2011-07-23T15:44:06.2660076+09:00" testType="13cdc9d9-ddb5-4fa4-a97d-d965ccfc6d4b" outcome="Passed" testListId="8c84fa94-04c1-424b-9868-57a2d4851a1d" relativeResultsDirectory="46db8f91-74ef-4828-8262-50188a1e0776">
    </UnitTestResult>
    <UnitTestResult executionId="e24197af-52d3-4bd5-984b-b68ea29e17ca" testId="8c676a8d-ec31-5a6b-13ab-e80d4af41e42" testName="ToByteArrayTest" computerName="CLIENTAZS" duration="00:00:00.0030458" startTime="2011-07-23T15:44:06.2710079+09:00" endTime="2011-07-23T15:44:06.2970094+09:00" testType="13cdc9d9-ddb5-4fa4-a97d-d965ccfc6d4b" outcome="Passed" testListId="8c84fa94-04c1-424b-9868-57a2d4851a1d" relativeResultsDirectory="e24197af-52d3-4bd5-984b-b68ea29e17ca">
    </UnitTestResult>
    <UnitTestResult executionId="28647747-b799-4a98-a2df-3dc18e10d1d9" testId="8da466f7-c384-a693-e5eb-95d9f9f6fa64" testName="PointModuleStateConstructorTest" computerName="CLIENTAZS" duration="00:00:00.0043128" startTime="2011-07-23T15:44:06.3000096+09:00" endTime="2011-07-23T15:44:06.3270111+09:00" testType="13cdc9d9-ddb5-4fa4-a97d-d965ccfc6d4b" outcome="Passed" testListId="8c84fa94-04c1-424b-9868-57a2d4851a1d" relativeResultsDirectory="28647747-b799-4a98-a2df-3dc18e10d1d9">
    </UnitTestResult>
    <UnitTestResult executionId="b8d363ab-daeb-47d6-ae84-eabbada03fd5" testId="ad40eac8-0529-544e-7cd1-f5b2a391e919" testName="OverflowedCountTest" computerName="CLIENTAZS" duration="00:00:00.0009337" startTime="2011-07-23T15:44:06.3310114+09:00" endTime="2011-07-23T15:44:06.3380118+09:00" testType="13cdc9d9-ddb5-4fa4-a97d-d965ccfc6d4b" outcome="Passed" testListId="8c84fa94-04c1-424b-9868-57a2d4851a1d" relativeResultsDirectory="b8d363ab-daeb-47d6-ae84-eabbada03fd5">
    </UnitTestResult>
    <UnitTestResult executionId="ed2cc812-a749-42b2-90b5-57e27dcd3ba5" testId="b5a4d5e0-4c69-c428-0875-3e21832ca469" testName="GetEnumeratorTest1" computerName="CLIENTAZS" duration="00:00:00.0033896" startTime="2011-07-23T15:44:06.3410119+09:00" endTime="2011-07-23T15:44:06.3680135+09:00" testType="13cdc9d9-ddb5-4fa4-a97d-d965ccfc6d4b" outcome="Passed" testListId="8c84fa94-04c1-424b-9868-57a2d4851a1d" relativeResultsDirectory="ed2cc812-a749-42b2-90b5-57e27dcd3ba5">
    </UnitTestResult>
    <UnitTestResult executionId="6102b23b-8ac1-4c72-aee6-1c641a808d75" testId="bab9a259-07fe-b630-2db5-50efc4a015e7" testName="LoopingArrayConstructorTest" computerName="CLIENTAZS" duration="00:00:00.0278283" startTime="2011-07-23T15:44:06.3720137+09:00" endTime="2011-07-23T15:44:06.4330172+09:00" testType="13cdc9d9-ddb5-4fa4-a97d-d965ccfc6d4b" outcome="Passed" testListId="8c84fa94-04c1-424b-9868-57a2d4851a1d" relativeResultsDirectory="6102b23b-8ac1-4c72-aee6-1c641a808d75">
    </UnitTestResult>
    <UnitTestResult executionId="fbc762ca-517d-41c2-a163-23b6d38f0aa1" testId="bb37a384-0089-6563-1ba1-ccf041f0602b" testName="UsbDevicesViewModelConstructorTest" computerName="CLIENTAZS" duration="00:00:00.0017456" startTime="2011-07-23T15:44:06.4400176+09:00" endTime="2011-07-23T15:44:06.4690193+09:00" testType="13cdc9d9-ddb5-4fa4-a97d-d965ccfc6d4b" outcome="Passed" testListId="8c84fa94-04c1-424b-9868-57a2d4851a1d" relativeResultsDirectory="fbc762ca-517d-41c2-a163-23b6d38f0aa1">
    </UnitTestResult>
    <UnitTestResult executionId="842bb5fe-cd7b-419d-9a1c-1beabe8694fb" testId="be2edf0d-5154-5674-29d1-d642bbc088db" testName="PreScaleTest" computerName="CLIENTAZS" duration="00:00:00.0010881" startTime="2011-07-23T15:44:06.4760197+09:00" endTime="2011-07-23T15:44:06.4830201+09:00" testType="13cdc9d9-ddb5-4fa4-a97d-d965ccfc6d4b" outcome="Passed" testListId="8c84fa94-04c1-424b-9868-57a2d4851a1d" relativeResultsDirectory="842bb5fe-cd7b-419d-9a1c-1beabe8694fb">
    </UnitTestResult>
    <UnitTestResult executionId="b334e69e-c6a4-4aa5-b2ea-8742a59fe6f6" testId="c3e25e71-e6a3-3799-dbe0-bacda8fc8163" testName="ModuleTypeTest" computerName="CLIENTAZS" duration="00:00:00.0006680" startTime="2011-07-23T15:44:06.4870203+09:00" endTime="2011-07-23T15:44:06.5210222+09:00" testType="13cdc9d9-ddb5-4fa4-a97d-d965ccfc6d4b" outcome="Passed" testListId="8c84fa94-04c1-424b-9868-57a2d4851a1d" relativeResultsDirectory="b334e69e-c6a4-4aa5-b2ea-8742a59fe6f6">
    </UnitTestResult>
    <UnitTestResult executionId="ed310a53-0a4f-4815-b086-4dec4628d229" testId="c57eff42-a84b-6116-b645-b74d987ba9b1" testName="DeviceCandicatesTest" computerName="CLIENTAZS" duration="00:00:00.1512945" startTime="2011-07-23T15:44:06.5310228+09:00" endTime="2011-07-23T15:44:06.7100330+09:00" testType="13cdc9d9-ddb5-4fa4-a97d-d965ccfc6d4b" outcome="Passed" testListId="8c84fa94-04c1-424b-9868-57a2d4851a1d" relativeResultsDirectory="ed310a53-0a4f-4815-b086-4dec4628d229">
    </UnitTestResult>
    <UnitTestResult executionId="453ffc06-79be-483b-a8ea-46273cdd8dec" testId="c6c2c1ab-9d23-f24c-e326-eec075cfb3f8" testName="ItemTest" computerName="CLIENTAZS" duration="00:00:00.0818703" startTime="2011-07-23T15:44:06.7130332+09:00" endTime="2011-07-23T15:44:06.8280398+09:00" testType="13cdc9d9-ddb5-4fa4-a97d-d965ccfc6d4b" outcome="Passed" testListId="8c84fa94-04c1-424b-9868-57a2d4851a1d" relativeResultsDirectory="453ffc06-79be-483b-a8ea-46273cdd8dec">
    </UnitTestResult>
    <UnitTestResult executionId="a9d54d3b-c0db-4af5-8b5e-9dcac3a3cfe9" testId="c89c1729-1b69-9af7-691d-ccb30e6f1a55" testName="PortMappingEnumerableTest" computerName="CLIENTAZS" duration="00:00:00.0068646" startTime="2011-07-23T15:44:06.8450408+09:00" endTime="2011-07-23T15:44:06.8990438+09:00" testType="13cdc9d9-ddb5-4fa4-a97d-d965ccfc6d4b" outcome="Passed" testListId="8c84fa94-04c1-424b-9868-57a2d4851a1d" relativeResultsDirectory="a9d54d3b-c0db-4af5-8b5e-9dcac3a3cfe9">
    </UnitTestResult>
    <UnitTestResult executionId="c703c58e-e21a-4827-8da9-da4c79d17c3d" testId="d13089e7-1536-fd2b-d03c-745461abacef" testName="IsSatisfiedDutyResolutionTest" computerName="CLIENTAZS" duration="00:00:00.0012206" startTime="2011-07-23T15:44:06.9100445+09:00" endTime="2011-07-23T15:44:06.9210451+09:00" testType="13cdc9d9-ddb5-4fa4-a97d-d965ccfc6d4b" outcome="Passed" testListId="8c84fa94-04c1-424b-9868-57a2d4851a1d" relativeResultsDirectory="c703c58e-e21a-4827-8da9-da4c79d17c3d">
    </UnitTestResult>
    <UnitTestResult executionId="ae20529a-da20-4f41-9ad1-b9f9f37b9aec" testId="d450f3d0-8079-6610-30f8-2a068f923ae0" testName="DeviceFrequencyTest" computerName="CLIENTAZS" duration="00:00:00.0007086" startTime="2011-07-23T15:44:06.9490467+09:00" endTime="2011-07-23T15:44:06.9660477+09:00" testType="13cdc9d9-ddb5-4fa4-a97d-d965ccfc6d4b" outcome="Passed" testListId="8c84fa94-04c1-424b-9868-57a2d4851a1d" relativeResultsDirectory="ae20529a-da20-4f41-9ad1-b9f9f37b9aec">
    </UnitTestResult>
    <UnitTestResult executionId="f3d1e40a-3665-4a7c-ac1e-1c4e619e5560" testId="d525b94c-5b6f-2f29-8d49-3701df1775ef" testName="AvailableDevicesTest" computerName="CLIENTAZS" duration="00:00:00.0155635" startTime="2011-07-23T15:44:06.9760483+09:00" endTime="2011-07-23T15:44:07.0180507+09:00" testType="13cdc9d9-ddb5-4fa4-a97d-d965ccfc6d4b" outcome="Passed" testListId="8c84fa94-04c1-424b-9868-57a2d4851a1d" relativeResultsDirectory="f3d1e40a-3665-4a7c-ac1e-1c4e619e5560">
    </UnitTestResult>
    <UnitTestResult executionId="b7142d69-6d6a-408e-9f23-3f645598676b" testId="e1892563-72ac-e402-dfba-90f0fb1b229e" testName="WriteTest" computerName="CLIENTAZS" duration="00:00:00.0007761" startTime="2011-07-23T15:44:07.0300513+09:00" endTime="2011-07-23T15:44:07.0370517+09:00" testType="13cdc9d9-ddb5-4fa4-a97d-d965ccfc6d4b" outcome="Passed" testListId="8c84fa94-04c1-424b-9868-57a2d4851a1d" relativeResultsDirectory="b7142d69-6d6a-408e-9f23-3f645598676b">
    </UnitTestResult>
    <UnitTestResult executionId="cf4a7955-0ab3-47f0-aeda-3b3c50aefeb3" testId="e36da11d-994b-1ac2-4a9f-70734f4a554b" testName="ThresholdVoltageTest" computerName="CLIENTAZS" duration="00:00:00.0008801" startTime="2011-07-23T15:44:07.0420520+09:00" endTime="2011-07-23T15:44:07.0530527+09:00" testType="13cdc9d9-ddb5-4fa4-a97d-d965ccfc6d4b" outcome="Passed" testListId="8c84fa94-04c1-424b-9868-57a2d4851a1d" relativeResultsDirectory="cf4a7955-0ab3-47f0-aeda-3b3c50aefeb3">
    </UnitTestResult>
    <UnitTestResult executionId="64561a2c-2b30-45f3-a9df-7fa014210194" testId="e531a444-ddb8-6cc8-ba69-dded1772c8fb" testName="TimerTest" computerName="CLIENTAZS" duration="00:00:00.0007045" startTime="2011-07-23T15:44:07.0590530+09:00" endTime="2011-07-23T15:44:07.0670535+09:00" testType="13cdc9d9-ddb5-4fa4-a97d-d965ccfc6d4b" outcome="Passed" testListId="8c84fa94-04c1-424b-9868-57a2d4851a1d" relativeResultsDirectory="64561a2c-2b30-45f3-a9df-7fa014210194">
    </UnitTestResult>
    <UnitTestResult executionId="d20786b7-ceec-48c4-bb5d-9e3eee5abcf5" testId="e636afca-43c6-677e-deb3-86d562155830" testName="PointModuleDataConstructorTest" computerName="CLIENTAZS" duration="00:00:00.0003705" startTime="2011-07-23T15:44:07.0730538+09:00" endTime="2011-07-23T15:44:07.0800542+09:00" testType="13cdc9d9-ddb5-4fa4-a97d-d965ccfc6d4b" outcome="Passed" testListId="8c84fa94-04c1-424b-9868-57a2d4851a1d" relativeResultsDirectory="d20786b7-ceec-48c4-bb5d-9e3eee5abcf5">
    </UnitTestResult>
    <UnitTestResult executionId="4addfb13-13c1-42cf-a566-6f18233ad45f" testId="e7d27d5a-0dca-8191-f30e-a3d70f9835ee" testName="ModeTest" computerName="CLIENTAZS" duration="00:00:00.0020341" startTime="2011-07-23T15:44:07.0870546+09:00" endTime="2011-07-23T15:44:07.0950551+09:00" testType="13cdc9d9-ddb5-4fa4-a97d-d965ccfc6d4b" outcome="Passed" testListId="8c84fa94-04c1-424b-9868-57a2d4851a1d" relativeResultsDirectory="4addfb13-13c1-42cf-a566-6f18233ad45f">
    </UnitTestResult>
    <UnitTestResult executionId="f62e935c-63f8-435d-b0a7-e5e031c7a108" testId="e80f6e6d-b295-d620-d601-d4211759ac72" testName="DeviceRegisteredPeriodTest" computerName="CLIENTAZS" duration="00:00:00.0004591" startTime="2011-07-23T15:44:07.1020555+09:00" endTime="2011-07-23T15:44:07.1090559+09:00" testType="13cdc9d9-ddb5-4fa4-a97d-d965ccfc6d4b" outcome="Passed" testListId="8c84fa94-04c1-424b-9868-57a2d4851a1d" relativeResultsDirectory="f62e935c-63f8-435d-b0a7-e5e031c7a108">
    </UnitTestResult>
    <UnitTestResult executionId="f1e2c488-2d36-4690-b423-058699e32424" testId="e97e0475-1df3-1614-6d37-36b8da6c07df" testName="ByteArrayValidationCheck" computerName="CLIENTAZS" duration="00:00:00.0002275" startTime="2011-07-23T15:44:07.1170563+09:00" endTime="2011-07-23T15:44:07.1230567+09:00" testType="13cdc9d9-ddb5-4fa4-a97d-d965ccfc6d4b" outcome="Passed" testListId="8c84fa94-04c1-424b-9868-57a2d4851a1d" relativeResultsDirectory="f1e2c488-2d36-4690-b423-058699e32424">
    </UnitTestResult>
    <UnitTestResult executionId="a87ba3a0-cd9f-47a3-8d78-924c3e4aa176" testId="f3ffe881-46a7-6ee6-404d-376b40511b07" testName="ConvertBackTest" computerName="CLIENTAZS" duration="00:00:00.0014685" startTime="2011-07-23T15:44:07.1300571+09:00" endTime="2011-07-23T15:44:07.1380575+09:00" testType="13cdc9d9-ddb5-4fa4-a97d-d965ccfc6d4b" outcome="Passed" testListId="8c84fa94-04c1-424b-9868-57a2d4851a1d" relativeResultsDirectory="a87ba3a0-cd9f-47a3-8d78-924c3e4aa176">
    </UnitTestResult>
    <UnitTestResult executionId="bc57bb39-1104-45a7-a15c-1cdfe6c70bfc" testId="f47f23ed-0e88-3d4b-b24a-b93a5162bbab" testName="GetEnumeratorTest" computerName="CLIENTAZS" duration="00:00:00.0017464" startTime="2011-07-23T15:44:07.1450579+09:00" endTime="2011-07-23T15:44:07.1530584+09:00" testType="13cdc9d9-ddb5-4fa4-a97d-d965ccfc6d4b" outcome="Passed" testListId="8c84fa94-04c1-424b-9868-57a2d4851a1d" relativeResultsDirectory="bc57bb39-1104-45a7-a15c-1cdfe6c70bfc">
    </UnitTestResult>
    <UnitTestResult executionId="95e6d967-e032-4036-9c3f-ba2bd0a5d6f4" testId="f5900dd0-b768-09a7-faae-44c4f82d72aa" testName="PWMFreqencyTest" computerName="CLIENTAZS" duration="00:00:00.0007687" startTime="2011-07-23T15:44:07.1580587+09:00" endTime="2011-07-23T15:44:07.1670592+09:00" testType="13cdc9d9-ddb5-4fa4-a97d-d965ccfc6d4b" outcome="Passed" testListId="8c84fa94-04c1-424b-9868-57a2d4851a1d" relativeResultsDirectory="95e6d967-e032-4036-9c3f-ba2bd0a5d6f4">
    </UnitTestResult>
    <UnitTestResult executionId="b77b1eb2-379f-4c82-b0d8-90a9e2626af4" testId="f7a737b6-f8da-3a0e-93c8-58a3d6ddb7dd" testName="TrainSensorViewModelConstructorTest" computerName="CLIENTAZS" duration="00:00:00.0016489" startTime="2011-07-23T15:44:07.1730595+09:00" endTime="2011-07-23T15:44:07.1820600+09:00" testType="13cdc9d9-ddb5-4fa4-a97d-d965ccfc6d4b" outcome="Passed" testListId="8c84fa94-04c1-424b-9868-57a2d4851a1d" relativeResultsDirectory="b77b1eb2-379f-4c82-b0d8-90a9e2626af4">
    </UnitTestResult>
    <UnitTestResult executionId="3e6ca752-764a-4756-b4c8-76cb3755c31a" testId="fd6576fe-8e64-b2e3-565c-e729b98d43e4" testName="ItemTest" computerName="CLIENTAZS" duration="00:00:00.0189978" startTime="2011-07-23T15:44:07.1870603+09:00" endTime="2011-07-23T15:44:07.2160620+09:00" testType="13cdc9d9-ddb5-4fa4-a97d-d965ccfc6d4b" outcome="Passed" testListId="8c84fa94-04c1-424b-9868-57a2d4851a1d" relativeResultsDirectory="3e6ca752-764a-4756-b4c8-76cb3755c31a">
    </UnitTestResult>
    <UnitTestResult executionId="61408c38-ed26-4e7f-8679-71f09a6c7f3b" testId="ff56d913-09b6-6f1a-eca1-4fc7d055cea3" testName="MotherBoardViewModelConstructorTest" computerName="CLIENTAZS" duration="00:00:00.0002958" startTime="2011-07-23T15:44:07.2230624+09:00" endTime="2011-07-23T15:44:07.2300628+09:00" testType="13cdc9d9-ddb5-4fa4-a97d-d965ccfc6d4b" outcome="Passed" testListId="8c84fa94-04c1-424b-9868-57a2d4851a1d" relativeResultsDirectory="61408c38-ed26-4e7f-8679-71f09a6c7f3b">
    </UnitTestResult>
  </Results>
</TestRun>