<?xml version="1.0" encoding="UTF-8"?>
<TestRun id="43f4e3bb-8904-42e2-b0fa-54564726a0d8" name="root@CLIENTAZS 2011-06-19 14:28:19" runUser="CLIENTAZS\root" xmlns="http://microsoft.com/schemas/VisualStudio/TeamTest/2010">
  <TestSettings name="ローカル" id="82b9a1a8-b1c9-4cfe-afea-c8e70cee6ddc">
    <Description>これらはローカル テスト実行用の既定のテスト設定です。</Description>
    <Deployment enabled="false" runDeploymentRoot="root_CLIENTAZS 2011-06-19 14_28_19">
      <DeploymentItem filename="C:\Users\root\Documents\Visual Studio 2010\Projects\SerialPortTest\CensorLibrary\bin\Debug\SensorLibrary.dll" />
      <DeploymentItem filename="C:\Program Files\LibUsbDotNet\Src\LibWinUsb\bin\Debug\LibUsbDotNet.dll" />
    </Deployment>
    <Execution>
      <TestTypeSpecific />
      <AgentRule name="Execution Agents">
      </AgentRule>
    </Execution>
  </TestSettings>
  <Times creation="2011-06-19T14:28:19.3515633+09:00" queuing="2011-06-19T14:28:20.1586095+09:00" start="2011-06-19T14:28:20.2756162+09:00" finish="2011-06-19T14:28:21.7947030+09:00" />
  <ResultSummary outcome="Failed">
    <Counters total="24" executed="24" passed="13" error="0" failed="9" timeout="0" aborted="0" inconclusive="2" passedButRunAborted="0" notRunnable="0" notExecuted="0" disconnected="0" warning="0" completed="0" inProgress="0" pending="0" />
  </ResultSummary>
  <TestDefinitions>
    <UnitTest name="ModeTest" storage="c:\users\root\documents\visual studio 2010\projects\serialporttest\testproject\bin\debug\testproject.dll" id="e7d27d5a-0dca-8191-f30e-a3d70f9835ee">
      <Execution id="4fa31d7a-d923-42b3-8bdd-ddeb96e74ced" />
      <TestMethod codeBase="C:/Users/root/Documents/Visual Studio 2010/Projects/SerialPortTest/TestProject/bin/Debug/TestProject.DLL" adapterTypeName="Microsoft.VisualStudio.TestTools.TestTypes.Unit.UnitTestAdapter, Microsoft.VisualStudio.QualityTools.Tips.UnitTest.Adapter, Version=10.0.0.0, Culture=neutral, PublicKeyToken=b03f5f7f11d50a3a" className="TestProject.TrainSensorStateTest, TestProject, Version=1.0.0.0, Culture=neutral, PublicKeyToken=null" name="ModeTest" />
    </UnitTest>
    <UnitTest name="DirectionsTest" storage="c:\users\root\documents\visual studio 2010\projects\serialporttest\testproject\bin\debug\testproject.dll" id="3924b4a9-c8e3-1923-e40a-d9b46ab0bbcb">
      <Execution id="a11af669-d74e-4003-a929-8468ae831b59" />
      <TestMethod codeBase="C:/Users/root/Documents/Visual Studio 2010/Projects/SerialPortTest/TestProject/bin/Debug/TestProject.DLL" adapterTypeName="Microsoft.VisualStudio.TestTools.TestTypes.Unit.UnitTestAdapter, Microsoft.VisualStudio.QualityTools.Tips.UnitTest.Adapter, Version=10.0.0.0, Culture=neutral, PublicKeyToken=b03f5f7f11d50a3a" className="TestProject.PointModuleDataTest, TestProject, Version=1.0.0.0, Culture=neutral, PublicKeyToken=null" name="DirectionsTest" />
    </UnitTest>
    <UnitTest name="ThresholdVoltageTest" storage="c:\users\root\documents\visual studio 2010\projects\serialporttest\testproject\bin\debug\testproject.dll" id="e36da11d-994b-1ac2-4a9f-70734f4a554b">
      <Execution id="0dae6050-dab5-42d9-a5cc-434e7d532873" />
      <TestMethod codeBase="C:/Users/root/Documents/Visual Studio 2010/Projects/SerialPortTest/TestProject/bin/Debug/TestProject.DLL" adapterTypeName="Microsoft.VisualStudio.TestTools.TestTypes.Unit.UnitTestAdapter, Microsoft.VisualStudio.QualityTools.Tips.UnitTest.Adapter, Version=10.0.0.0, Culture=neutral, PublicKeyToken=b03f5f7f11d50a3a" className="TestProject.TrainSensorStateTest, TestProject, Version=1.0.0.0, Culture=neutral, PublicKeyToken=null" name="ThresholdVoltageTest" />
    </UnitTest>
    <UnitTest name="PointModuleStateConstructorTest" storage="c:\users\root\documents\visual studio 2010\projects\serialporttest\testproject\bin\debug\testproject.dll" id="8da466f7-c384-a693-e5eb-95d9f9f6fa64">
      <Execution id="83403d13-24c2-49d0-b570-32d2f41818c3" />
      <TestMethod codeBase="C:/Users/root/Documents/Visual Studio 2010/Projects/SerialPortTest/TestProject/bin/Debug/TestProject.DLL" adapterTypeName="Microsoft.VisualStudio.TestTools.TestTypes.Unit.UnitTestAdapter, Microsoft.VisualStudio.QualityTools.Tips.UnitTest.Adapter, Version=10.0.0.0, Culture=neutral, PublicKeyToken=b03f5f7f11d50a3a" className="TestProject.PointModuleStateTest, TestProject, Version=1.0.0.0, Culture=neutral, PublicKeyToken=null" name="PointModuleStateConstructorTest" />
    </UnitTest>
    <UnitTest name="FlushTest" storage="c:\users\root\documents\visual studio 2010\projects\serialporttest\testproject\bin\debug\testproject.dll" id="64811b85-89b0-0b59-3263-26f94adb60fb">
      <Execution id="bb381ffe-3d5e-4357-8a11-f0dd4588323f" />
      <TestMethod codeBase="C:/Users/root/Documents/Visual Studio 2010/Projects/SerialPortTest/TestProject/bin/Debug/TestProject.DLL" adapterTypeName="Microsoft.VisualStudio.TestTools.TestTypes.Unit.UnitTestAdapter, Microsoft.VisualStudio.QualityTools.Tips.UnitTest.Adapter, Version=10.0.0.0, Culture=neutral, PublicKeyToken=b03f5f7f11d50a3a" className="TestProject.ChunckedStreamTest, TestProject, Version=1.0.0.0, Culture=neutral, PublicKeyToken=null" name="FlushTest" />
    </UnitTest>
    <UnitTest name="ItemTest" storage="c:\users\root\documents\visual studio 2010\projects\serialporttest\testproject\bin\debug\testproject.dll" id="c6c2c1ab-9d23-f24c-e326-eec075cfb3f8">
      <Execution id="53f14eff-12bd-4c06-aed7-cead736439cb" />
      <TestMethod codeBase="C:/Users/root/Documents/Visual Studio 2010/Projects/SerialPortTest/TestProject/bin/Debug/TestProject.DLL" adapterTypeName="Microsoft.VisualStudio.TestTools.TestTypes.Unit.UnitTestAdapter, Microsoft.VisualStudio.QualityTools.Tips.UnitTest.Adapter, Version=10.0.0.0, Culture=neutral, PublicKeyToken=b03f5f7f11d50a3a" className="TestProject.PointModuleStateTest, TestProject, Version=1.0.0.0, Culture=neutral, PublicKeyToken=null" name="ItemTest" />
    </UnitTest>
    <UnitTest name="WriteTest" storage="c:\users\root\documents\visual studio 2010\projects\serialporttest\testproject\bin\debug\testproject.dll" id="e1892563-72ac-e402-dfba-90f0fb1b229e">
      <Execution id="d0434fe3-3ba3-4454-954e-57fb26b47ebc" />
      <TestMethod codeBase="C:/Users/root/Documents/Visual Studio 2010/Projects/SerialPortTest/TestProject/bin/Debug/TestProject.DLL" adapterTypeName="Microsoft.VisualStudio.TestTools.TestTypes.Unit.UnitTestAdapter, Microsoft.VisualStudio.QualityTools.Tips.UnitTest.Adapter, Version=10.0.0.0, Culture=neutral, PublicKeyToken=b03f5f7f11d50a3a" className="TestProject.ChunckedStreamTest, TestProject, Version=1.0.0.0, Culture=neutral, PublicKeyToken=null" name="WriteTest" />
    </UnitTest>
    <UnitTest name="PointModuleStateConstructorTest1" storage="c:\users\root\documents\visual studio 2010\projects\serialporttest\testproject\bin\debug\testproject.dll" id="48df926c-1e10-ea4f-821f-fe6d7ae397e0">
      <Execution id="0c27ab19-393f-414b-9bcd-233e59683bee" />
      <TestMethod codeBase="C:/Users/root/Documents/Visual Studio 2010/Projects/SerialPortTest/TestProject/bin/Debug/TestProject.DLL" adapterTypeName="Microsoft.VisualStudio.TestTools.TestTypes.Unit.UnitTestAdapter, Microsoft.VisualStudio.QualityTools.Tips.UnitTest.Adapter, Version=10.0.0.0, Culture=neutral, PublicKeyToken=b03f5f7f11d50a3a" className="TestProject.PointModuleStateTest, TestProject, Version=1.0.0.0, Culture=neutral, PublicKeyToken=null" name="PointModuleStateConstructorTest1" />
    </UnitTest>
    <UnitTest name="SetPointStateTest" storage="c:\users\root\documents\visual studio 2010\projects\serialporttest\testproject\bin\debug\testproject.dll" id="b838cd42-a1d9-5f7b-8393-2795415c3b1e">
      <Execution id="77f73593-7e23-438d-87fa-91b8e4aa307a" />
      <TestMethod codeBase="C:/Users/root/Documents/Visual Studio 2010/Projects/SerialPortTest/TestProject/bin/Debug/TestProject.DLL" adapterTypeName="Microsoft.VisualStudio.TestTools.TestTypes.Unit.UnitTestAdapter, Microsoft.VisualStudio.QualityTools.Tips.UnitTest.Adapter, Version=10.0.0.0, Culture=neutral, PublicKeyToken=b03f5f7f11d50a3a" className="TestProject.PointModuleStateTest, TestProject, Version=1.0.0.0, Culture=neutral, PublicKeyToken=null" name="SetPointStateTest" />
    </UnitTest>
    <UnitTest name="ToByteArrayTest" storage="c:\users\root\documents\visual studio 2010\projects\serialporttest\testproject\bin\debug\testproject.dll" id="8c676a8d-ec31-5a6b-13ab-e80d4af41e42">
      <Execution id="5c68c48b-0529-412e-8491-b12005e7bb02" />
      <TestMethod codeBase="C:/Users/root/Documents/Visual Studio 2010/Projects/SerialPortTest/TestProject/bin/Debug/TestProject.DLL" adapterTypeName="Microsoft.VisualStudio.TestTools.TestTypes.Unit.UnitTestAdapter, Microsoft.VisualStudio.QualityTools.Tips.UnitTest.Adapter, Version=10.0.0.0, Culture=neutral, PublicKeyToken=b03f5f7f11d50a3a" className="TestProject.ConvertExtenstionsTest, TestProject, Version=1.0.0.0, Culture=neutral, PublicKeyToken=null" name="ToByteArrayTest" />
    </UnitTest>
    <UnitTest name="OverflowedCountTest" storage="c:\users\root\documents\visual studio 2010\projects\serialporttest\testproject\bin\debug\testproject.dll" id="ad40eac8-0529-544e-7cd1-f5b2a391e919">
      <Execution id="0e59ac96-abd8-44e9-bbe5-da484d0afb7e" />
      <TestMethod codeBase="C:/Users/root/Documents/Visual Studio 2010/Projects/SerialPortTest/TestProject/bin/Debug/TestProject.DLL" adapterTypeName="Microsoft.VisualStudio.TestTools.TestTypes.Unit.UnitTestAdapter, Microsoft.VisualStudio.QualityTools.Tips.UnitTest.Adapter, Version=10.0.0.0, Culture=neutral, PublicKeyToken=b03f5f7f11d50a3a" className="TestProject.TrainSensorStateTest, TestProject, Version=1.0.0.0, Culture=neutral, PublicKeyToken=null" name="OverflowedCountTest" />
    </UnitTest>
    <UnitTest name="ReadTest" storage="c:\users\root\documents\visual studio 2010\projects\serialporttest\testproject\bin\debug\testproject.dll" id="03d23227-fae1-7f69-18bc-75591f488ed7">
      <Execution id="b5efd3d9-5586-4ae9-bf82-bd8abd6681da" />
      <TestMethod codeBase="C:/Users/root/Documents/Visual Studio 2010/Projects/SerialPortTest/TestProject/bin/Debug/TestProject.DLL" adapterTypeName="Microsoft.VisualStudio.TestTools.TestTypes.Unit.UnitTestAdapter, Microsoft.VisualStudio.QualityTools.Tips.UnitTest.Adapter, Version=10.0.0.0, Culture=neutral, PublicKeyToken=b03f5f7f11d50a3a" className="TestProject.ChunckedStreamTest, TestProject, Version=1.0.0.0, Culture=neutral, PublicKeyToken=null" name="ReadTest" />
    </UnitTest>
    <UnitTest name="ItemTest" storage="c:\users\root\documents\visual studio 2010\projects\serialporttest\testproject\bin\debug\testproject.dll" id="fd6576fe-8e64-b2e3-565c-e729b98d43e4">
      <Execution id="e4a1d289-109c-4a71-8996-2a716425b97c" />
      <TestMethod codeBase="C:/Users/root/Documents/Visual Studio 2010/Projects/SerialPortTest/TestProject/bin/Debug/TestProject.DLL" adapterTypeName="Microsoft.VisualStudio.TestTools.TestTypes.Unit.UnitTestAdapter, Microsoft.VisualStudio.QualityTools.Tips.UnitTest.Adapter, Version=10.0.0.0, Culture=neutral, PublicKeyToken=b03f5f7f11d50a3a" className="TestProject.MotherBoardStateTest, TestProject, Version=1.0.0.0, Culture=neutral, PublicKeyToken=null" name="ItemTest" />
    </UnitTest>
    <UnitTest name="CurrentVoltageTest" storage="c:\users\root\documents\visual studio 2010\projects\serialporttest\testproject\bin\debug\testproject.dll" id="5ef5b6e1-0cec-8e3e-2a18-36ec4ba05980">
      <Execution id="c183ab35-d1c0-4b50-adb1-1c5fe277def3" />
      <TestMethod codeBase="C:/Users/root/Documents/Visual Studio 2010/Projects/SerialPortTest/TestProject/bin/Debug/TestProject.DLL" adapterTypeName="Microsoft.VisualStudio.TestTools.TestTypes.Unit.UnitTestAdapter, Microsoft.VisualStudio.QualityTools.Tips.UnitTest.Adapter, Version=10.0.0.0, Culture=neutral, PublicKeyToken=b03f5f7f11d50a3a" className="TestProject.TrainSensorStateTest, TestProject, Version=1.0.0.0, Culture=neutral, PublicKeyToken=null" name="CurrentVoltageTest" />
    </UnitTest>
    <UnitTest name="ModuleTypeTest" storage="c:\users\root\documents\visual studio 2010\projects\serialporttest\testproject\bin\debug\testproject.dll" id="c3e25e71-e6a3-3799-dbe0-bacda8fc8163">
      <Execution id="860bfd1b-922d-4175-b269-2bd45eec02b2" />
      <TestMethod codeBase="C:/Users/root/Documents/Visual Studio 2010/Projects/SerialPortTest/TestProject/bin/Debug/TestProject.DLL" adapterTypeName="Microsoft.VisualStudio.TestTools.TestTypes.Unit.UnitTestAdapter, Microsoft.VisualStudio.QualityTools.Tips.UnitTest.Adapter, Version=10.0.0.0, Culture=neutral, PublicKeyToken=b03f5f7f11d50a3a" className="TestProject.MotherBoardDataTest, TestProject, Version=1.0.0.0, Culture=neutral, PublicKeyToken=null" name="ModuleTypeTest" />
    </UnitTest>
    <UnitTest name="IsDetectedTest" storage="c:\users\root\documents\visual studio 2010\projects\serialporttest\testproject\bin\debug\testproject.dll" id="4820147a-9623-95f5-e2c8-b660da05a3c5">
      <Execution id="4f2b0145-30ea-4cd7-9967-8418c2fe9555" />
      <TestMethod codeBase="C:/Users/root/Documents/Visual Studio 2010/Projects/SerialPortTest/TestProject/bin/Debug/TestProject.DLL" adapterTypeName="Microsoft.VisualStudio.TestTools.TestTypes.Unit.UnitTestAdapter, Microsoft.VisualStudio.QualityTools.Tips.UnitTest.Adapter, Version=10.0.0.0, Culture=neutral, PublicKeyToken=b03f5f7f11d50a3a" className="TestProject.TrainSensorStateTest, TestProject, Version=1.0.0.0, Culture=neutral, PublicKeyToken=null" name="IsDetectedTest" />
    </UnitTest>
    <UnitTest name="ByteArrayValidationCheck" storage="c:\users\root\documents\visual studio 2010\projects\serialporttest\testproject\bin\debug\testproject.dll" id="e97e0475-1df3-1614-6d37-36b8da6c07df">
      <Execution id="cf73b971-9fea-48f9-995e-752f9dc5aedf" />
      <TestMethod codeBase="C:/Users/root/Documents/Visual Studio 2010/Projects/SerialPortTest/TestProject/bin/Debug/TestProject.DLL" adapterTypeName="Microsoft.VisualStudio.TestTools.TestTypes.Unit.UnitTestAdapter, Microsoft.VisualStudio.QualityTools.Tips.UnitTest.Adapter, Version=10.0.0.0, Culture=neutral, PublicKeyToken=b03f5f7f11d50a3a" className="TestProject.ConvertExtenstionsTest, TestProject, Version=1.0.0.0, Culture=neutral, PublicKeyToken=null" name="ByteArrayValidationCheck" />
    </UnitTest>
    <UnitTest name="ToStringTest" storage="c:\users\root\documents\visual studio 2010\projects\serialporttest\testproject\bin\debug\testproject.dll" id="1ad9505e-7b3d-d16d-51df-a136ac1ace33">
      <Execution id="793a0d71-146a-4dc4-a32a-d8d6503d47a0" />
      <TestMethod codeBase="C:/Users/root/Documents/Visual Studio 2010/Projects/SerialPortTest/TestProject/bin/Debug/TestProject.DLL" adapterTypeName="Microsoft.VisualStudio.TestTools.TestTypes.Unit.UnitTestAdapter, Microsoft.VisualStudio.QualityTools.Tips.UnitTest.Adapter, Version=10.0.0.0, Culture=neutral, PublicKeyToken=b03f5f7f11d50a3a" className="TestProject.TrainSensorStateTest, TestProject, Version=1.0.0.0, Culture=neutral, PublicKeyToken=null" name="ToStringTest" />
    </UnitTest>
    <UnitTest name="PointModuleDataConstructorTest" storage="c:\users\root\documents\visual studio 2010\projects\serialporttest\testproject\bin\debug\testproject.dll" id="e636afca-43c6-677e-deb3-86d562155830">
      <Execution id="899a4bf8-bd8d-43a8-b58d-048eacc22daf" />
      <TestMethod codeBase="C:/Users/root/Documents/Visual Studio 2010/Projects/SerialPortTest/TestProject/bin/Debug/TestProject.DLL" adapterTypeName="Microsoft.VisualStudio.TestTools.TestTypes.Unit.UnitTestAdapter, Microsoft.VisualStudio.QualityTools.Tips.UnitTest.Adapter, Version=10.0.0.0, Culture=neutral, PublicKeyToken=b03f5f7f11d50a3a" className="TestProject.PointModuleDataTest, TestProject, Version=1.0.0.0, Culture=neutral, PublicKeyToken=null" name="PointModuleDataConstructorTest" />
    </UnitTest>
    <UnitTest name="ParentIDTest" storage="c:\users\root\documents\visual studio 2010\projects\serialporttest\testproject\bin\debug\testproject.dll" id="888367e1-b0e5-f904-1073-ef6838ec8384">
      <Execution id="228c9f9c-9b34-4e1f-82cf-8965f9699f54" />
      <TestMethod codeBase="C:/Users/root/Documents/Visual Studio 2010/Projects/SerialPortTest/TestProject/bin/Debug/TestProject.DLL" adapterTypeName="Microsoft.VisualStudio.TestTools.TestTypes.Unit.UnitTestAdapter, Microsoft.VisualStudio.QualityTools.Tips.UnitTest.Adapter, Version=10.0.0.0, Culture=neutral, PublicKeyToken=b03f5f7f11d50a3a" className="TestProject.MotherBoardStateTest, TestProject, Version=1.0.0.0, Culture=neutral, PublicKeyToken=null" name="ParentIDTest" />
    </UnitTest>
    <UnitTest name="TimerTest" storage="c:\users\root\documents\visual studio 2010\projects\serialporttest\testproject\bin\debug\testproject.dll" id="02112a0a-b267-4424-8970-91320a0a97c2">
      <Execution id="ba134920-caab-493b-b6b5-acef172a9f60" />
      <TestMethod codeBase="C:/Users/root/Documents/Visual Studio 2010/Projects/SerialPortTest/TestProject/bin/Debug/TestProject.DLL" adapterTypeName="Microsoft.VisualStudio.TestTools.TestTypes.Unit.UnitTestAdapter, Microsoft.VisualStudio.QualityTools.Tips.UnitTest.Adapter, Version=10.0.0.0, Culture=neutral, PublicKeyToken=b03f5f7f11d50a3a" className="TestProject.TrainSensorStateTest, TestProject, Version=1.0.0.0, Culture=neutral, PublicKeyToken=null" name="TimerTest" />
    </UnitTest>
    <UnitTest name="MotherBoardDataConstructorTest" storage="c:\users\root\documents\visual studio 2010\projects\serialporttest\testproject\bin\debug\testproject.dll" id="31c80489-96bc-6432-541f-227c31e73e53">
      <Execution id="fe472882-8638-47f4-bd4b-e61b66c7fdba" />
      <TestMethod codeBase="C:/Users/root/Documents/Visual Studio 2010/Projects/SerialPortTest/TestProject/bin/Debug/TestProject.DLL" adapterTypeName="Microsoft.VisualStudio.TestTools.TestTypes.Unit.UnitTestAdapter, Microsoft.VisualStudio.QualityTools.Tips.UnitTest.Adapter, Version=10.0.0.0, Culture=neutral, PublicKeyToken=b03f5f7f11d50a3a" className="TestProject.MotherBoardDataTest, TestProject, Version=1.0.0.0, Culture=neutral, PublicKeyToken=null" name="MotherBoardDataConstructorTest" />
    </UnitTest>
    <UnitTest name="GetPointStateTest" storage="c:\users\root\documents\visual studio 2010\projects\serialporttest\testproject\bin\debug\testproject.dll" id="4a4e554a-7ba4-a5d9-4848-e1fe230e364e">
      <Execution id="171bba84-ff4c-4516-b273-3db8fcf954e9" />
      <TestMethod codeBase="C:/Users/root/Documents/Visual Studio 2010/Projects/SerialPortTest/TestProject/bin/Debug/TestProject.DLL" adapterTypeName="Microsoft.VisualStudio.TestTools.TestTypes.Unit.UnitTestAdapter, Microsoft.VisualStudio.QualityTools.Tips.UnitTest.Adapter, Version=10.0.0.0, Culture=neutral, PublicKeyToken=b03f5f7f11d50a3a" className="TestProject.PointModuleStateTest, TestProject, Version=1.0.0.0, Culture=neutral, PublicKeyToken=null" name="GetPointStateTest" />
    </UnitTest>
    <UnitTest name="TimerTest" storage="c:\users\root\documents\visual studio 2010\projects\serialporttest\testproject\bin\debug\testproject.dll" id="e531a444-ddb8-6cc8-ba69-dded1772c8fb">
      <Execution id="eacdb53c-340c-4b0e-9a4f-0325e240c391" />
      <TestMethod codeBase="C:/Users/root/Documents/Visual Studio 2010/Projects/SerialPortTest/TestProject/bin/Debug/TestProject.DLL" adapterTypeName="Microsoft.VisualStudio.TestTools.TestTypes.Unit.UnitTestAdapter, Microsoft.VisualStudio.QualityTools.Tips.UnitTest.Adapter, Version=10.0.0.0, Culture=neutral, PublicKeyToken=b03f5f7f11d50a3a" className="TestProject.MotherBoardStateTest, TestProject, Version=1.0.0.0, Culture=neutral, PublicKeyToken=null" name="TimerTest" />
    </UnitTest>
  </TestDefinitions>
  <TestLists>
    <TestList name="一覧に存在しない結果" id="8c84fa94-04c1-424b-9868-57a2d4851a1d" />
    <TestList name="読み込まれたすべての結果" id="19431567-8539-422a-85d7-44ee4e166bda" />
  </TestLists>
  <TestEntries>
    <TestEntry testId="02112a0a-b267-4424-8970-91320a0a97c2" executionId="ba134920-caab-493b-b6b5-acef172a9f60" testListId="8c84fa94-04c1-424b-9868-57a2d4851a1d" />
    <TestEntry testId="03d23227-fae1-7f69-18bc-75591f488ed7" executionId="b5efd3d9-5586-4ae9-bf82-bd8abd6681da" testListId="8c84fa94-04c1-424b-9868-57a2d4851a1d" />
    <TestEntry testId="1ad9505e-7b3d-d16d-51df-a136ac1ace33" executionId="793a0d71-146a-4dc4-a32a-d8d6503d47a0" testListId="8c84fa94-04c1-424b-9868-57a2d4851a1d" />
    <TestEntry testId="31c80489-96bc-6432-541f-227c31e73e53" executionId="fe472882-8638-47f4-bd4b-e61b66c7fdba" testListId="8c84fa94-04c1-424b-9868-57a2d4851a1d" />
    <TestEntry testId="3924b4a9-c8e3-1923-e40a-d9b46ab0bbcb" executionId="a11af669-d74e-4003-a929-8468ae831b59" testListId="8c84fa94-04c1-424b-9868-57a2d4851a1d" />
    <TestEntry testId="4820147a-9623-95f5-e2c8-b660da05a3c5" executionId="4f2b0145-30ea-4cd7-9967-8418c2fe9555" testListId="8c84fa94-04c1-424b-9868-57a2d4851a1d" />
    <TestEntry testId="48df926c-1e10-ea4f-821f-fe6d7ae397e0" executionId="0c27ab19-393f-414b-9bcd-233e59683bee" testListId="8c84fa94-04c1-424b-9868-57a2d4851a1d" />
    <TestEntry testId="4a4e554a-7ba4-a5d9-4848-e1fe230e364e" executionId="171bba84-ff4c-4516-b273-3db8fcf954e9" testListId="8c84fa94-04c1-424b-9868-57a2d4851a1d" />
    <TestEntry testId="5ef5b6e1-0cec-8e3e-2a18-36ec4ba05980" executionId="c183ab35-d1c0-4b50-adb1-1c5fe277def3" testListId="8c84fa94-04c1-424b-9868-57a2d4851a1d" />
    <TestEntry testId="64811b85-89b0-0b59-3263-26f94adb60fb" executionId="bb381ffe-3d5e-4357-8a11-f0dd4588323f" testListId="8c84fa94-04c1-424b-9868-57a2d4851a1d" />
    <TestEntry testId="888367e1-b0e5-f904-1073-ef6838ec8384" executionId="228c9f9c-9b34-4e1f-82cf-8965f9699f54" testListId="8c84fa94-04c1-424b-9868-57a2d4851a1d" />
    <TestEntry testId="8c676a8d-ec31-5a6b-13ab-e80d4af41e42" executionId="5c68c48b-0529-412e-8491-b12005e7bb02" testListId="8c84fa94-04c1-424b-9868-57a2d4851a1d" />
    <TestEntry testId="8da466f7-c384-a693-e5eb-95d9f9f6fa64" executionId="83403d13-24c2-49d0-b570-32d2f41818c3" testListId="8c84fa94-04c1-424b-9868-57a2d4851a1d" />
    <TestEntry testId="ad40eac8-0529-544e-7cd1-f5b2a391e919" executionId="0e59ac96-abd8-44e9-bbe5-da484d0afb7e" testListId="8c84fa94-04c1-424b-9868-57a2d4851a1d" />
    <TestEntry testId="b838cd42-a1d9-5f7b-8393-2795415c3b1e" executionId="77f73593-7e23-438d-87fa-91b8e4aa307a" testListId="8c84fa94-04c1-424b-9868-57a2d4851a1d" />
    <TestEntry testId="c3e25e71-e6a3-3799-dbe0-bacda8fc8163" executionId="860bfd1b-922d-4175-b269-2bd45eec02b2" testListId="8c84fa94-04c1-424b-9868-57a2d4851a1d" />
    <TestEntry testId="c6c2c1ab-9d23-f24c-e326-eec075cfb3f8" executionId="53f14eff-12bd-4c06-aed7-cead736439cb" testListId="8c84fa94-04c1-424b-9868-57a2d4851a1d" />
    <TestEntry testId="e1892563-72ac-e402-dfba-90f0fb1b229e" executionId="d0434fe3-3ba3-4454-954e-57fb26b47ebc" testListId="8c84fa94-04c1-424b-9868-57a2d4851a1d" />
    <TestEntry testId="e36da11d-994b-1ac2-4a9f-70734f4a554b" executionId="0dae6050-dab5-42d9-a5cc-434e7d532873" testListId="8c84fa94-04c1-424b-9868-57a2d4851a1d" />
    <TestEntry testId="e531a444-ddb8-6cc8-ba69-dded1772c8fb" executionId="eacdb53c-340c-4b0e-9a4f-0325e240c391" testListId="8c84fa94-04c1-424b-9868-57a2d4851a1d" />
    <TestEntry testId="e636afca-43c6-677e-deb3-86d562155830" executionId="899a4bf8-bd8d-43a8-b58d-048eacc22daf" testListId="8c84fa94-04c1-424b-9868-57a2d4851a1d" />
    <TestEntry testId="e7d27d5a-0dca-8191-f30e-a3d70f9835ee" executionId="4fa31d7a-d923-42b3-8bdd-ddeb96e74ced" testListId="8c84fa94-04c1-424b-9868-57a2d4851a1d" />
    <TestEntry testId="e97e0475-1df3-1614-6d37-36b8da6c07df" executionId="cf73b971-9fea-48f9-995e-752f9dc5aedf" testListId="8c84fa94-04c1-424b-9868-57a2d4851a1d" />
    <TestEntry testId="fd6576fe-8e64-b2e3-565c-e729b98d43e4" executionId="e4a1d289-109c-4a71-8996-2a716425b97c" testListId="8c84fa94-04c1-424b-9868-57a2d4851a1d" />
  </TestEntries>
  <Results>
    <UnitTestResult executionId="ba134920-caab-493b-b6b5-acef172a9f60" testId="02112a0a-b267-4424-8970-91320a0a97c2" testName="TimerTest" computerName="CLIENTAZS" duration="00:00:00.0367690" startTime="2011-06-19T14:28:20.3166185+09:00" endTime="2011-06-19T14:28:20.9826566+09:00" testType="13cdc9d9-ddb5-4fa4-a97d-d965ccfc6d4b" outcome="Passed" testListId="8c84fa94-04c1-424b-9868-57a2d4851a1d" relativeResultsDirectory="ba134920-caab-493b-b6b5-acef172a9f60">
    </UnitTestResult>
    <UnitTestResult executionId="b5efd3d9-5586-4ae9-bf82-bd8abd6681da" testId="03d23227-fae1-7f69-18bc-75591f488ed7" testName="ReadTest" computerName="CLIENTAZS" duration="00:00:00.0099348" startTime="2011-06-19T14:28:20.9976574+09:00" endTime="2011-06-19T14:28:21.0166585+09:00" testType="13cdc9d9-ddb5-4fa4-a97d-d965ccfc6d4b" outcome="Passed" testListId="8c84fa94-04c1-424b-9868-57a2d4851a1d" relativeResultsDirectory="b5efd3d9-5586-4ae9-bf82-bd8abd6681da">
    </UnitTestResult>
    <UnitTestResult executionId="793a0d71-146a-4dc4-a32a-d8d6503d47a0" testId="1ad9505e-7b3d-d16d-51df-a136ac1ace33" testName="ToStringTest" computerName="CLIENTAZS" duration="00:00:00.0126467" startTime="2011-06-19T14:28:21.0246590+09:00" endTime="2011-06-19T14:28:21.0526606+09:00" testType="13cdc9d9-ddb5-4fa4-a97d-d965ccfc6d4b" outcome="Passed" testListId="8c84fa94-04c1-424b-9868-57a2d4851a1d" relativeResultsDirectory="793a0d71-146a-4dc4-a32a-d8d6503d47a0">
      <Output>
        <TextMessages>
          <Message>Timer = 0, V = 0</Message>
        </TextMessages>
      </Output>
    </UnitTestResult>
    <UnitTestResult executionId="fe472882-8638-47f4-bd4b-e61b66c7fdba" testId="31c80489-96bc-6432-541f-227c31e73e53" testName="MotherBoardDataConstructorTest" computerName="CLIENTAZS" duration="00:00:00.0030921" startTime="2011-06-19T14:28:21.0616611+09:00" endTime="2011-06-19T14:28:21.0736618+09:00" testType="13cdc9d9-ddb5-4fa4-a97d-d965ccfc6d4b" outcome="Passed" testListId="8c84fa94-04c1-424b-9868-57a2d4851a1d" relativeResultsDirectory="fe472882-8638-47f4-bd4b-e61b66c7fdba">
    </UnitTestResult>
    <UnitTestResult executionId="a11af669-d74e-4003-a929-8468ae831b59" testId="3924b4a9-c8e3-1923-e40a-d9b46ab0bbcb" testName="DirectionsTest" computerName="CLIENTAZS" duration="00:00:00.0013368" startTime="2011-06-19T14:28:21.0796621+09:00" endTime="2011-06-19T14:28:21.0896627+09:00" testType="13cdc9d9-ddb5-4fa4-a97d-d965ccfc6d4b" outcome="Passed" testListId="8c84fa94-04c1-424b-9868-57a2d4851a1d" relativeResultsDirectory="a11af669-d74e-4003-a929-8468ae831b59">
    </UnitTestResult>
    <UnitTestResult executionId="4f2b0145-30ea-4cd7-9967-8418c2fe9555" testId="4820147a-9623-95f5-e2c8-b660da05a3c5" testName="IsDetectedTest" computerName="CLIENTAZS" duration="00:00:00.0032189" startTime="2011-06-19T14:28:21.0956631+09:00" endTime="2011-06-19T14:28:21.1066637+09:00" testType="13cdc9d9-ddb5-4fa4-a97d-d965ccfc6d4b" outcome="Passed" testListId="8c84fa94-04c1-424b-9868-57a2d4851a1d" relativeResultsDirectory="4f2b0145-30ea-4cd7-9967-8418c2fe9555">
    </UnitTestResult>
    <UnitTestResult executionId="0c27ab19-393f-414b-9bcd-233e59683bee" testId="48df926c-1e10-ea4f-821f-fe6d7ae397e0" testName="PointModuleStateConstructorTest1" computerName="CLIENTAZS" duration="00:00:00.0344846" startTime="2011-06-19T14:28:21.1136641+09:00" endTime="2011-06-19T14:28:21.1546664+09:00" testType="13cdc9d9-ddb5-4fa4-a97d-d965ccfc6d4b" outcome="Inconclusive" testListId="8c84fa94-04c1-424b-9868-57a2d4851a1d" relativeResultsDirectory="0c27ab19-393f-414b-9bcd-233e59683bee">
      <Output>
        <ErrorInfo>
          <Message>Assert.Inconclusive に失敗しました。TODO: ターゲットを確認するためのコードを実装してください</Message>
          <StackTrace>   場所 TestProject.PointModuleStateTest.PointModuleStateConstructorTest1() 場所 C:\Users\root\Documents\Visual Studio 2010\Projects\SerialPortTest\TestProject\PointModuleStateTest.cs:行 87
</StackTrace>
        </ErrorInfo>
      </Output>
    </UnitTestResult>
    <UnitTestResult executionId="171bba84-ff4c-4516-b273-3db8fcf954e9" testId="4a4e554a-7ba4-a5d9-4848-e1fe230e364e" testName="GetPointStateTest" computerName="CLIENTAZS" duration="00:00:00.0348113" startTime="2011-06-19T14:28:21.1616668+09:00" endTime="2011-06-19T14:28:21.2056693+09:00" testType="13cdc9d9-ddb5-4fa4-a97d-d965ccfc6d4b" outcome="Failed" testListId="8c84fa94-04c1-424b-9868-57a2d4851a1d" relativeResultsDirectory="171bba84-ff4c-4516-b273-3db8fcf954e9">
      <Output>
        <ErrorInfo>
          <Message>テスト メソッド TestProject.PointModuleStateTest.GetPointStateTest が例外をスローしました: 
System.NullReferenceException: オブジェクト参照がオブジェクト インスタンスに設定されていません。</Message>
          <StackTrace>    場所 SensorLibrary.DeviceState`1.get_Data() 場所 C:\Users\root\Documents\Visual Studio 2010\Projects\SerialPortTest\CensorLibrary\DeviceState.cs:行 56
   場所 SensorLibrary.PointModuleState.GetPointState(Int32 addr) 場所 C:\Users\root\Documents\Visual Studio 2010\Projects\SerialPortTest\CensorLibrary\DeviceState.cs:行 218
   場所 TestProject.PointModuleStateTest.GetPointStateTest() 場所 C:\Users\root\Documents\Visual Studio 2010\Projects\SerialPortTest\TestProject\PointModuleStateTest.cs:行 101
</StackTrace>
        </ErrorInfo>
      </Output>
    </UnitTestResult>
    <UnitTestResult executionId="c183ab35-d1c0-4b50-adb1-1c5fe277def3" testId="5ef5b6e1-0cec-8e3e-2a18-36ec4ba05980" testName="CurrentVoltageTest" computerName="CLIENTAZS" duration="00:00:00.0057902" startTime="2011-06-19T14:28:21.2136698+09:00" endTime="2011-06-19T14:28:21.2496719+09:00" testType="13cdc9d9-ddb5-4fa4-a97d-d965ccfc6d4b" outcome="Failed" testListId="8c84fa94-04c1-424b-9868-57a2d4851a1d" relativeResultsDirectory="c183ab35-d1c0-4b50-adb1-1c5fe277def3">
      <Output>
        <ErrorInfo>
          <Message>Assert.AreEqual に失敗しました。&lt;2.5&gt; が必要ですが、&lt;0&gt; が指定されました。</Message>
          <StackTrace>   場所 TestProject.TrainSensorStateTest.CurrentVoltageTest() 場所 C:\Users\root\Documents\Visual Studio 2010\Projects\SerialPortTest\TestProject\TrainSensorStateTest.cs:行 109
</StackTrace>
        </ErrorInfo>
      </Output>
    </UnitTestResult>
    <UnitTestResult executionId="bb381ffe-3d5e-4357-8a11-f0dd4588323f" testId="64811b85-89b0-0b59-3263-26f94adb60fb" testName="FlushTest" computerName="CLIENTAZS" duration="00:00:00.0299150" startTime="2011-06-19T14:28:21.2736732+09:00" endTime="2011-06-19T14:28:21.3286764+09:00" testType="13cdc9d9-ddb5-4fa4-a97d-d965ccfc6d4b" outcome="Passed" testListId="8c84fa94-04c1-424b-9868-57a2d4851a1d" relativeResultsDirectory="bb381ffe-3d5e-4357-8a11-f0dd4588323f">
    </UnitTestResult>
    <UnitTestResult executionId="228c9f9c-9b34-4e1f-82cf-8965f9699f54" testId="888367e1-b0e5-f904-1073-ef6838ec8384" testName="ParentIDTest" computerName="CLIENTAZS" duration="00:00:00.0059812" startTime="2011-06-19T14:28:21.3476775+09:00" endTime="2011-06-19T14:28:21.3916800+09:00" testType="13cdc9d9-ddb5-4fa4-a97d-d965ccfc6d4b" outcome="Failed" testListId="8c84fa94-04c1-424b-9868-57a2d4851a1d" relativeResultsDirectory="228c9f9c-9b34-4e1f-82cf-8965f9699f54">
      <Output>
        <ErrorInfo>
          <Message>テスト メソッド TestProject.MotherBoardStateTest.ParentIDTest が例外をスローしました: 
System.ArgumentException: invalid module type</Message>
          <StackTrace>    場所 SensorLibrary.MotherBoardState..ctor(DevicePacket pack, PacketServer server) 場所 C:\Users\root\Documents\Visual Studio 2010\Projects\SerialPortTest\CensorLibrary\DeviceState.cs:行 258
   場所 SensorLibrary.MotherBoardState..ctor(DevicePacket packet) 場所 C:\Users\root\Documents\Visual Studio 2010\Projects\SerialPortTest\CensorLibrary\DeviceState.cs:行 261
   場所 TestProject.TestPacketProvider.get_TestMotherBoardState() 場所 C:\Users\root\Documents\Visual Studio 2010\Projects\SerialPortTest\TestProject\TestPacketProvider.cs:行 68
   場所 TestProject.MotherBoardStateTest.get_TestState() 場所 C:\Users\root\Documents\Visual Studio 2010\Projects\SerialPortTest\TestProject\MotherBoardStateTest.cs:行 71
   場所 TestProject.MotherBoardStateTest.ParentIDTest() 場所 C:\Users\root\Documents\Visual Studio 2010\Projects\SerialPortTest\TestProject\MotherBoardStateTest.cs:行 96
</StackTrace>
        </ErrorInfo>
      </Output>
    </UnitTestResult>
    <UnitTestResult executionId="5c68c48b-0529-412e-8491-b12005e7bb02" testId="8c676a8d-ec31-5a6b-13ab-e80d4af41e42" testName="ToByteArrayTest" computerName="CLIENTAZS" duration="00:00:00.0026484" startTime="2011-06-19T14:28:21.4096810+09:00" endTime="2011-06-19T14:28:21.4196816+09:00" testType="13cdc9d9-ddb5-4fa4-a97d-d965ccfc6d4b" outcome="Passed" testListId="8c84fa94-04c1-424b-9868-57a2d4851a1d" relativeResultsDirectory="5c68c48b-0529-412e-8491-b12005e7bb02">
    </UnitTestResult>
    <UnitTestResult executionId="83403d13-24c2-49d0-b570-32d2f41818c3" testId="8da466f7-c384-a693-e5eb-95d9f9f6fa64" testName="PointModuleStateConstructorTest" computerName="CLIENTAZS" duration="00:00:00.0040137" startTime="2011-06-19T14:28:21.4446830+09:00" endTime="2011-06-19T14:28:21.4716846+09:00" testType="13cdc9d9-ddb5-4fa4-a97d-d965ccfc6d4b" outcome="Inconclusive" testListId="8c84fa94-04c1-424b-9868-57a2d4851a1d" relativeResultsDirectory="83403d13-24c2-49d0-b570-32d2f41818c3">
      <Output>
        <ErrorInfo>
          <Message>Assert.Inconclusive に失敗しました。TODO: ターゲットを確認するためのコードを実装してください</Message>
          <StackTrace>   場所 TestProject.PointModuleStateTest.PointModuleStateConstructorTest() 場所 C:\Users\root\Documents\Visual Studio 2010\Projects\SerialPortTest\TestProject\PointModuleStateTest.cs:行 75
</StackTrace>
        </ErrorInfo>
      </Output>
    </UnitTestResult>
    <UnitTestResult executionId="0e59ac96-abd8-44e9-bbe5-da484d0afb7e" testId="ad40eac8-0529-544e-7cd1-f5b2a391e919" testName="OverflowedCountTest" computerName="CLIENTAZS" duration="00:00:00.0044972" startTime="2011-06-19T14:28:21.4926858+09:00" endTime="2011-06-19T14:28:21.5066866+09:00" testType="13cdc9d9-ddb5-4fa4-a97d-d965ccfc6d4b" outcome="Failed" testListId="8c84fa94-04c1-424b-9868-57a2d4851a1d" relativeResultsDirectory="0e59ac96-abd8-44e9-bbe5-da484d0afb7e">
      <Output>
        <ErrorInfo>
          <Message>テスト メソッド TestProject.TrainSensorStateTest.OverflowedCountTest が例外をスローしました: 
System.InvalidOperationException: Overflowed count is invalid except detecting mode.</Message>
          <StackTrace>    場所 SensorLibrary.TrainSensorState.get_OverflowedCount() 場所 C:\Users\root\Documents\Visual Studio 2010\Projects\SerialPortTest\CensorLibrary\DeviceState.cs:行 142
   場所 TestProject.TrainSensorStateTest.OverflowedCountTest() 場所 C:\Users\root\Documents\Visual Studio 2010\Projects\SerialPortTest\TestProject\TrainSensorStateTest.cs:行 154
</StackTrace>
        </ErrorInfo>
      </Output>
    </UnitTestResult>
    <UnitTestResult executionId="77f73593-7e23-438d-87fa-91b8e4aa307a" testId="b838cd42-a1d9-5f7b-8393-2795415c3b1e" testName="SetPointStateTest" computerName="CLIENTAZS" duration="00:00:00.0040543" startTime="2011-06-19T14:28:21.5146870+09:00" endTime="2011-06-19T14:28:21.5366883+09:00" testType="13cdc9d9-ddb5-4fa4-a97d-d965ccfc6d4b" outcome="Failed" testListId="8c84fa94-04c1-424b-9868-57a2d4851a1d" relativeResultsDirectory="77f73593-7e23-438d-87fa-91b8e4aa307a">
      <Output>
        <ErrorInfo>
          <Message>テスト メソッド TestProject.PointModuleStateTest.SetPointStateTest が例外をスローしました: 
System.NullReferenceException: オブジェクト参照がオブジェクト インスタンスに設定されていません。</Message>
          <StackTrace>    場所 SensorLibrary.DeviceState`1.get_Data() 場所 C:\Users\root\Documents\Visual Studio 2010\Projects\SerialPortTest\CensorLibrary\DeviceState.cs:行 56
   場所 SensorLibrary.PointModuleState.SetPointState(Int32 addr, PointStateEnum state) 場所 C:\Users\root\Documents\Visual Studio 2010\Projects\SerialPortTest\CensorLibrary\DeviceState.cs:行 228
   場所 TestProject.PointModuleStateTest.SetPointStateTest() 場所 C:\Users\root\Documents\Visual Studio 2010\Projects\SerialPortTest\TestProject\PointModuleStateTest.cs:行 116
</StackTrace>
        </ErrorInfo>
      </Output>
    </UnitTestResult>
    <UnitTestResult executionId="860bfd1b-922d-4175-b269-2bd45eec02b2" testId="c3e25e71-e6a3-3799-dbe0-bacda8fc8163" testName="ModuleTypeTest" computerName="CLIENTAZS" duration="00:00:00.0041974" startTime="2011-06-19T14:28:21.5426886+09:00" endTime="2011-06-19T14:28:21.5586895+09:00" testType="13cdc9d9-ddb5-4fa4-a97d-d965ccfc6d4b" outcome="Passed" testListId="8c84fa94-04c1-424b-9868-57a2d4851a1d" relativeResultsDirectory="860bfd1b-922d-4175-b269-2bd45eec02b2">
    </UnitTestResult>
    <UnitTestResult executionId="53f14eff-12bd-4c06-aed7-cead736439cb" testId="c6c2c1ab-9d23-f24c-e326-eec075cfb3f8" testName="ItemTest" computerName="CLIENTAZS" duration="00:00:00.0037301" startTime="2011-06-19T14:28:21.5656899+09:00" endTime="2011-06-19T14:28:21.5756905+09:00" testType="13cdc9d9-ddb5-4fa4-a97d-d965ccfc6d4b" outcome="Failed" testListId="8c84fa94-04c1-424b-9868-57a2d4851a1d" relativeResultsDirectory="53f14eff-12bd-4c06-aed7-cead736439cb">
      <Output>
        <ErrorInfo>
          <Message>テスト メソッド TestProject.PointModuleStateTest.ItemTest が例外をスローしました: 
System.NullReferenceException: オブジェクト参照がオブジェクト インスタンスに設定されていません。</Message>
          <StackTrace>    場所 SensorLibrary.DeviceState`1.get_Data() 場所 C:\Users\root\Documents\Visual Studio 2010\Projects\SerialPortTest\CensorLibrary\DeviceState.cs:行 56
   場所 SensorLibrary.PointModuleState.SetPointState(Int32 addr, PointStateEnum state) 場所 C:\Users\root\Documents\Visual Studio 2010\Projects\SerialPortTest\CensorLibrary\DeviceState.cs:行 228
   場所 SensorLibrary.PointModuleState.set_Item(Int32 addr, PointStateEnum value) 場所 C:\Users\root\Documents\Visual Studio 2010\Projects\SerialPortTest\CensorLibrary\DeviceState.cs:行 246
   場所 TestProject.PointModuleStateTest.ItemTest() 場所 C:\Users\root\Documents\Visual Studio 2010\Projects\SerialPortTest\TestProject\PointModuleStateTest.cs:行 131
</StackTrace>
        </ErrorInfo>
      </Output>
    </UnitTestResult>
    <UnitTestResult executionId="d0434fe3-3ba3-4454-954e-57fb26b47ebc" testId="e1892563-72ac-e402-dfba-90f0fb1b229e" testName="WriteTest" computerName="CLIENTAZS" duration="00:00:00.0007785" startTime="2011-06-19T14:28:21.5886913+09:00" endTime="2011-06-19T14:28:21.6026921+09:00" testType="13cdc9d9-ddb5-4fa4-a97d-d965ccfc6d4b" outcome="Passed" testListId="8c84fa94-04c1-424b-9868-57a2d4851a1d" relativeResultsDirectory="d0434fe3-3ba3-4454-954e-57fb26b47ebc">
    </UnitTestResult>
    <UnitTestResult executionId="0dae6050-dab5-42d9-a5cc-434e7d532873" testId="e36da11d-994b-1ac2-4a9f-70734f4a554b" testName="ThresholdVoltageTest" computerName="CLIENTAZS" duration="00:00:00.0034180" startTime="2011-06-19T14:28:21.6126926+09:00" endTime="2011-06-19T14:28:21.6236933+09:00" testType="13cdc9d9-ddb5-4fa4-a97d-d965ccfc6d4b" outcome="Failed" testListId="8c84fa94-04c1-424b-9868-57a2d4851a1d" relativeResultsDirectory="0dae6050-dab5-42d9-a5cc-434e7d532873">
      <Output>
        <ErrorInfo>
          <Message>Assert.AreEqual に失敗しました。&lt;2.5&gt; が必要ですが、&lt;0&gt; が指定されました。</Message>
          <StackTrace>   場所 TestProject.TrainSensorStateTest.ThresholdVoltageTest() 場所 C:\Users\root\Documents\Visual Studio 2010\Projects\SerialPortTest\TestProject\TrainSensorStateTest.cs:行 170
</StackTrace>
        </ErrorInfo>
      </Output>
    </UnitTestResult>
    <UnitTestResult executionId="eacdb53c-340c-4b0e-9a4f-0325e240c391" testId="e531a444-ddb8-6cc8-ba69-dded1772c8fb" testName="TimerTest" computerName="CLIENTAZS" duration="00:00:00.0072400" startTime="2011-06-19T14:28:21.6296936+09:00" endTime="2011-06-19T14:28:21.6616954+09:00" testType="13cdc9d9-ddb5-4fa4-a97d-d965ccfc6d4b" outcome="Failed" testListId="8c84fa94-04c1-424b-9868-57a2d4851a1d" relativeResultsDirectory="eacdb53c-340c-4b0e-9a4f-0325e240c391">
      <Output>
        <ErrorInfo>
          <Message>テスト メソッド TestProject.MotherBoardStateTest.TimerTest が例外をスローしました: 
System.ArgumentException: invalid module type</Message>
          <StackTrace>    場所 SensorLibrary.MotherBoardState..ctor(DevicePacket pack, PacketServer server) 場所 C:\Users\root\Documents\Visual Studio 2010\Projects\SerialPortTest\CensorLibrary\DeviceState.cs:行 258
   場所 SensorLibrary.MotherBoardState..ctor(DevicePacket packet) 場所 C:\Users\root\Documents\Visual Studio 2010\Projects\SerialPortTest\CensorLibrary\DeviceState.cs:行 261
   場所 TestProject.TestPacketProvider.get_TestMotherBoardState() 場所 C:\Users\root\Documents\Visual Studio 2010\Projects\SerialPortTest\TestProject\TestPacketProvider.cs:行 68
   場所 TestProject.MotherBoardStateTest.get_TestState() 場所 C:\Users\root\Documents\Visual Studio 2010\Projects\SerialPortTest\TestProject\MotherBoardStateTest.cs:行 71
   場所 TestProject.MotherBoardStateTest.TimerTest() 場所 C:\Users\root\Documents\Visual Studio 2010\Projects\SerialPortTest\TestProject\MotherBoardStateTest.cs:行 82
</StackTrace>
        </ErrorInfo>
      </Output>
    </UnitTestResult>
    <UnitTestResult executionId="899a4bf8-bd8d-43a8-b58d-048eacc22daf" testId="e636afca-43c6-677e-deb3-86d562155830" testName="PointModuleDataConstructorTest" computerName="CLIENTAZS" duration="00:00:00.0003892" startTime="2011-06-19T14:28:21.6686958+09:00" endTime="2011-06-19T14:28:21.6876969+09:00" testType="13cdc9d9-ddb5-4fa4-a97d-d965ccfc6d4b" outcome="Passed" testListId="8c84fa94-04c1-424b-9868-57a2d4851a1d" relativeResultsDirectory="899a4bf8-bd8d-43a8-b58d-048eacc22daf">
    </UnitTestResult>
    <UnitTestResult executionId="4fa31d7a-d923-42b3-8bdd-ddeb96e74ced" testId="e7d27d5a-0dca-8191-f30e-a3d70f9835ee" testName="ModeTest" computerName="CLIENTAZS" duration="00:00:00.0020349" startTime="2011-06-19T14:28:21.6946973+09:00" endTime="2011-06-19T14:28:21.7026978+09:00" testType="13cdc9d9-ddb5-4fa4-a97d-d965ccfc6d4b" outcome="Passed" testListId="8c84fa94-04c1-424b-9868-57a2d4851a1d" relativeResultsDirectory="4fa31d7a-d923-42b3-8bdd-ddeb96e74ced">
    </UnitTestResult>
    <UnitTestResult executionId="cf73b971-9fea-48f9-995e-752f9dc5aedf" testId="e97e0475-1df3-1614-6d37-36b8da6c07df" testName="ByteArrayValidationCheck" computerName="CLIENTAZS" duration="00:00:00.0002405" startTime="2011-06-19T14:28:21.7086981+09:00" endTime="2011-06-19T14:28:21.7286993+09:00" testType="13cdc9d9-ddb5-4fa4-a97d-d965ccfc6d4b" outcome="Passed" testListId="8c84fa94-04c1-424b-9868-57a2d4851a1d" relativeResultsDirectory="cf73b971-9fea-48f9-995e-752f9dc5aedf">
    </UnitTestResult>
    <UnitTestResult executionId="e4a1d289-109c-4a71-8996-2a716425b97c" testId="fd6576fe-8e64-b2e3-565c-e729b98d43e4" testName="ItemTest" computerName="CLIENTAZS" duration="00:00:00.0075675" startTime="2011-06-19T14:28:21.7346996+09:00" endTime="2011-06-19T14:28:21.7497005+09:00" testType="13cdc9d9-ddb5-4fa4-a97d-d965ccfc6d4b" outcome="Failed" testListId="8c84fa94-04c1-424b-9868-57a2d4851a1d" relativeResultsDirectory="e4a1d289-109c-4a71-8996-2a716425b97c">
      <Output>
        <ErrorInfo>
          <Message>テスト メソッド TestProject.MotherBoardStateTest.ItemTest が例外をスローしました: 
System.ArgumentException: invalid module type</Message>
          <StackTrace>    場所 SensorLibrary.MotherBoardState..ctor(DevicePacket pack, PacketServer server) 場所 C:\Users\root\Documents\Visual Studio 2010\Projects\SerialPortTest\CensorLibrary\DeviceState.cs:行 258
   場所 SensorLibrary.MotherBoardState..ctor(DevicePacket packet) 場所 C:\Users\root\Documents\Visual Studio 2010\Projects\SerialPortTest\CensorLibrary\DeviceState.cs:行 261
   場所 TestProject.TestPacketProvider.get_TestMotherBoardState() 場所 C:\Users\root\Documents\Visual Studio 2010\Projects\SerialPortTest\TestProject\TestPacketProvider.cs:行 68
   場所 TestProject.MotherBoardStateTest.get_TestState() 場所 C:\Users\root\Documents\Visual Studio 2010\Projects\SerialPortTest\TestProject\MotherBoardStateTest.cs:行 71
   場所 TestProject.MotherBoardStateTest.ItemTest() 場所 C:\Users\root\Documents\Visual Studio 2010\Projects\SerialPortTest\TestProject\MotherBoardStateTest.cs:行 110
</StackTrace>
        </ErrorInfo>
      </Output>
    </UnitTestResult>
  </Results>
</TestRun>