<?xml version="1.0" encoding="UTF-8"?>
<TestRun id="790e0846-0753-44b8-a149-9abc2b690d92" name="root@CLIENTAZS 2011-07-17 02:32:49" runUser="CLIENTAZS\root" xmlns="http://microsoft.com/schemas/VisualStudio/TeamTest/2010">
  <TestSettings name="ローカル" id="82b9a1a8-b1c9-4cfe-afea-c8e70cee6ddc">
    <Description>これらはローカル テスト実行用の既定のテスト設定です。</Description>
    <Deployment enabled="false" runDeploymentRoot="root_CLIENTAZS 2011-07-17 02_32_49">
      <DeploymentItem filename="C:\Users\root\Documents\Visual Studio 2010\Projects\SerialPortTest\SensorLivetView\InfrastructureAssemblies\Livet.dll" />
      <DeploymentItem filename="C:\Users\root\Documents\Visual Studio 2010\Projects\SerialPortTest\CensorLibrary\bin\Debug\SensorLibrary.dll" />
      <DeploymentItem filename="C:\Program Files (x86)\Microsoft SDKs\Expression\Blend\.NETFramework\v4.0\Libraries\Microsoft.Expression.Interactions.dll" />
      <DeploymentItem filename="C:\Program Files (x86)\Microsoft Reactive Extensions SDK\v1.1.10621\Binaries\.NETFramework\v4.0\System.Reactive.dll" />
      <DeploymentItem filename="C:\Users\root\Documents\Visual Studio 2010\Projects\SerialPortTest\SensorLivetView\bin\Debug\SensorLivetView.exe" />
      <DeploymentItem filename="C:\Program Files\LibUsbDotNet\Src\LibWinUsb\bin\Debug\LibUsbDotNet.dll" />
      <DeploymentItem filename="C:\Program Files (x86)\Microsoft SDKs\Expression\Blend\.NETFramework\v4.0\Libraries\System.Windows.Interactivity.dll" />
      <DeploymentItem filename="C:\Users\root\Documents\Visual Studio 2010\Projects\SerialPortTest\TestProject\bin\Debug\Microsoft.Reactive.Testing.dll" />
    </Deployment>
    <Execution>
      <TestTypeSpecific />
      <AgentRule name="Execution Agents">
      </AgentRule>
    </Execution>
  </TestSettings>
  <Times creation="2011-07-17T02:32:49.2420729+09:00" queuing="2011-07-17T02:32:49.4710860+09:00" start="2011-07-17T02:32:49.5170887+09:00" finish="2011-07-17T02:32:54.1033510+09:00" />
  <ResultSummary outcome="Failed">
    <Counters total="44" executed="44" passed="40" error="0" failed="4" timeout="0" aborted="0" inconclusive="0" passedButRunAborted="0" notRunnable="0" notExecuted="0" disconnected="0" warning="0" completed="0" inProgress="0" pending="0" />
  </ResultSummary>
  <TestDefinitions>
    <UnitTest name="TimerTest" storage="c:\users\root\documents\visual studio 2010\projects\serialporttest\testproject\bin\debug\testproject.dll" id="02112a0a-b267-4424-8970-91320a0a97c2">
      <Execution id="d8d5d819-18dc-4aec-b23d-97cecd2f5228" />
      <TestMethod codeBase="C:/Users/root/Documents/Visual Studio 2010/Projects/SerialPortTest/TestProject/bin/Debug/TestProject.DLL" adapterTypeName="Microsoft.VisualStudio.TestTools.TestTypes.Unit.UnitTestAdapter, Microsoft.VisualStudio.QualityTools.Tips.UnitTest.Adapter, Version=10.0.0.0, Culture=neutral, PublicKeyToken=b03f5f7f11d50a3a" className="TestProject.TrainSensorStateTest, TestProject, Version=1.0.0.0, Culture=neutral, PublicKeyToken=null" name="TimerTest" />
    </UnitTest>
    <UnitTest name="ItemTest" storage="c:\users\root\documents\visual studio 2010\projects\serialporttest\testproject\bin\debug\testproject.dll" id="fd6576fe-8e64-b2e3-565c-e729b98d43e4">
      <Execution id="ef6d4a4c-0407-41ef-a29c-ad023839d563" />
      <TestMethod codeBase="C:/Users/root/Documents/Visual Studio 2010/Projects/SerialPortTest/TestProject/bin/Debug/TestProject.DLL" adapterTypeName="Microsoft.VisualStudio.TestTools.TestTypes.Unit.UnitTestAdapter, Microsoft.VisualStudio.QualityTools.Tips.UnitTest.Adapter, Version=10.0.0.0, Culture=neutral, PublicKeyToken=b03f5f7f11d50a3a" className="TestProject.MotherBoardStateTest, TestProject, Version=1.0.0.0, Culture=neutral, PublicKeyToken=null" name="ItemTest" />
    </UnitTest>
    <UnitTest name="ToStringTest" storage="c:\users\root\documents\visual studio 2010\projects\serialporttest\testproject\bin\debug\testproject.dll" id="1ad9505e-7b3d-d16d-51df-a136ac1ace33">
      <Execution id="fd50becd-f198-4347-91c9-acedeac360d3" />
      <TestMethod codeBase="C:/Users/root/Documents/Visual Studio 2010/Projects/SerialPortTest/TestProject/bin/Debug/TestProject.DLL" adapterTypeName="Microsoft.VisualStudio.TestTools.TestTypes.Unit.UnitTestAdapter, Microsoft.VisualStudio.QualityTools.Tips.UnitTest.Adapter, Version=10.0.0.0, Culture=neutral, PublicKeyToken=b03f5f7f11d50a3a" className="TestProject.TrainSensorStateTest, TestProject, Version=1.0.0.0, Culture=neutral, PublicKeyToken=null" name="ToStringTest" />
    </UnitTest>
    <UnitTest name="NotifyTest" storage="c:\users\root\documents\visual studio 2010\projects\serialporttest\testproject\bin\debug\testproject.dll" id="33375970-617f-3a5a-7a00-f7181501c5a1">
      <Execution id="93ed2f15-6026-4f08-9c17-cdadce0029bb" />
      <TestMethod codeBase="C:/Users/root/Documents/Visual Studio 2010/Projects/SerialPortTest/TestProject/bin/Debug/TestProject.DLL" adapterTypeName="Microsoft.VisualStudio.TestTools.TestTypes.Unit.UnitTestAdapter, Microsoft.VisualStudio.QualityTools.Tips.UnitTest.Adapter, Version=10.0.0.0, Culture=neutral, PublicKeyToken=b03f5f7f11d50a3a" className="TestProject.PacketDispatcherSingleTest, TestProject, Version=1.0.0.0, Culture=neutral, PublicKeyToken=null" name="NotifyTest" />
    </UnitTest>
    <UnitTest name="PointModuleStateConstructorTest" storage="c:\users\root\documents\visual studio 2010\projects\serialporttest\testproject\bin\debug\testproject.dll" id="8da466f7-c384-a693-e5eb-95d9f9f6fa64">
      <Execution id="e3289c9a-358e-4411-819c-9c52de7e8f03" />
      <TestMethod codeBase="C:/Users/root/Documents/Visual Studio 2010/Projects/SerialPortTest/TestProject/bin/Debug/TestProject.DLL" adapterTypeName="Microsoft.VisualStudio.TestTools.TestTypes.Unit.UnitTestAdapter, Microsoft.VisualStudio.QualityTools.Tips.UnitTest.Adapter, Version=10.0.0.0, Culture=neutral, PublicKeyToken=b03f5f7f11d50a3a" className="TestProject.PointModuleStateTest, TestProject, Version=1.0.0.0, Culture=neutral, PublicKeyToken=null" name="PointModuleStateConstructorTest" />
    </UnitTest>
    <UnitTest name="WriteTest" storage="c:\users\root\documents\visual studio 2010\projects\serialporttest\testproject\bin\debug\testproject.dll" id="e1892563-72ac-e402-dfba-90f0fb1b229e">
      <Execution id="6c90c023-abb0-4164-b92e-41628bfdd0f9" />
      <TestMethod codeBase="C:/Users/root/Documents/Visual Studio 2010/Projects/SerialPortTest/TestProject/bin/Debug/TestProject.DLL" adapterTypeName="Microsoft.VisualStudio.TestTools.TestTypes.Unit.UnitTestAdapter, Microsoft.VisualStudio.QualityTools.Tips.UnitTest.Adapter, Version=10.0.0.0, Culture=neutral, PublicKeyToken=b03f5f7f11d50a3a" className="TestProject.ChunckedStreamTest, TestProject, Version=1.0.0.0, Culture=neutral, PublicKeyToken=null" name="WriteTest" />
    </UnitTest>
    <UnitTest name="DeviceRegisteredPeriodTest" storage="c:\users\root\documents\visual studio 2010\projects\serialporttest\testproject\bin\debug\testproject.dll" id="e80f6e6d-b295-d620-d601-d4211759ac72">
      <Execution id="70ca0861-7b9d-42f2-afda-ef9462f976ff" />
      <TestMethod codeBase="C:/Users/root/Documents/Visual Studio 2010/Projects/SerialPortTest/TestProject/bin/Debug/TestProject.DLL" adapterTypeName="Microsoft.VisualStudio.TestTools.TestTypes.Unit.UnitTestAdapter, Microsoft.VisualStudio.QualityTools.Tips.UnitTest.Adapter, Version=10.0.0.0, Culture=neutral, PublicKeyToken=b03f5f7f11d50a3a" className="TestProject.TrainControllerStateTest, TestProject, Version=1.0.0.0, Culture=neutral, PublicKeyToken=null" name="DeviceRegisteredPeriodTest" />
    </UnitTest>
    <UnitTest name="SelectedDeviceTest" storage="c:\users\root\documents\visual studio 2010\projects\serialporttest\testproject\bin\debug\testproject.dll" id="3a4db604-7139-9804-2ab5-ad14796afec1">
      <Execution id="5304cbc5-2fca-4db6-a32e-d0a7adcbf5a8" />
      <TestMethod codeBase="C:/Users/root/Documents/Visual Studio 2010/Projects/SerialPortTest/TestProject/bin/Debug/TestProject.DLL" adapterTypeName="Microsoft.VisualStudio.TestTools.TestTypes.Unit.UnitTestAdapter, Microsoft.VisualStudio.QualityTools.Tips.UnitTest.Adapter, Version=10.0.0.0, Culture=neutral, PublicKeyToken=b03f5f7f11d50a3a" className="TestProject.UsbDevicesViewModelTest, TestProject, Version=1.0.0.0, Culture=neutral, PublicKeyToken=null" name="SelectedDeviceTest" />
    </UnitTest>
    <UnitTest name="DevicePeriodTest" storage="c:\users\root\documents\visual studio 2010\projects\serialporttest\testproject\bin\debug\testproject.dll" id="5e33c801-5bb0-de1e-ffe1-f0ba7029527b">
      <Execution id="94ea164a-fba4-46cf-a765-75572d1ba2a7" />
      <TestMethod codeBase="C:/Users/root/Documents/Visual Studio 2010/Projects/SerialPortTest/TestProject/bin/Debug/TestProject.DLL" adapterTypeName="Microsoft.VisualStudio.TestTools.TestTypes.Unit.UnitTestAdapter, Microsoft.VisualStudio.QualityTools.Tips.UnitTest.Adapter, Version=10.0.0.0, Culture=neutral, PublicKeyToken=b03f5f7f11d50a3a" className="TestProject.TrainControllerStateTest, TestProject, Version=1.0.0.0, Culture=neutral, PublicKeyToken=null" name="DevicePeriodTest" />
    </UnitTest>
    <UnitTest name="PushTest" storage="c:\users\root\documents\visual studio 2010\projects\serialporttest\testproject\bin\debug\testproject.dll" id="314353f8-f8f2-09fc-9d42-2c7ab0b773e8">
      <Execution id="f3e9381e-8a1c-40be-9d8e-e7ce94537861" />
      <TestMethod codeBase="C:/Users/root/Documents/Visual Studio 2010/Projects/SerialPortTest/TestProject/bin/Debug/TestProject.DLL" adapterTypeName="Microsoft.VisualStudio.TestTools.TestTypes.Unit.UnitTestAdapter, Microsoft.VisualStudio.QualityTools.Tips.UnitTest.Adapter, Version=10.0.0.0, Culture=neutral, PublicKeyToken=b03f5f7f11d50a3a" className="TestProject.LoopingArrayTest, TestProject, Version=1.0.0.0, Culture=neutral, PublicKeyToken=null" name="PushTest" />
    </UnitTest>
    <UnitTest name="DeviceCandicatesTest" storage="c:\users\root\documents\visual studio 2010\projects\serialporttest\testproject\bin\debug\testproject.dll" id="c57eff42-a84b-6116-b645-b74d987ba9b1">
      <Execution id="cd0c7bf6-e337-4348-9f85-39554c041de5" />
      <TestMethod codeBase="C:/Users/root/Documents/Visual Studio 2010/Projects/SerialPortTest/TestProject/bin/Debug/TestProject.DLL" adapterTypeName="Microsoft.VisualStudio.TestTools.TestTypes.Unit.UnitTestAdapter, Microsoft.VisualStudio.QualityTools.Tips.UnitTest.Adapter, Version=10.0.0.0, Culture=neutral, PublicKeyToken=b03f5f7f11d50a3a" className="TestProject.UsbDevicesViewModelTest, TestProject, Version=1.0.0.0, Culture=neutral, PublicKeyToken=null" name="DeviceCandicatesTest" />
    </UnitTest>
    <UnitTest name="MotherBoardDataConstructorTest" storage="c:\users\root\documents\visual studio 2010\projects\serialporttest\testproject\bin\debug\testproject.dll" id="31c80489-96bc-6432-541f-227c31e73e53">
      <Execution id="e637575b-a2d3-43d8-b4dd-31a08c41d43c" />
      <TestMethod codeBase="C:/Users/root/Documents/Visual Studio 2010/Projects/SerialPortTest/TestProject/bin/Debug/TestProject.DLL" adapterTypeName="Microsoft.VisualStudio.TestTools.TestTypes.Unit.UnitTestAdapter, Microsoft.VisualStudio.QualityTools.Tips.UnitTest.Adapter, Version=10.0.0.0, Culture=neutral, PublicKeyToken=b03f5f7f11d50a3a" className="TestProject.MotherBoardDataTest, TestProject, Version=1.0.0.0, Culture=neutral, PublicKeyToken=null" name="MotherBoardDataConstructorTest" />
    </UnitTest>
    <UnitTest name="EssentialDutyResolutionTest" storage="c:\users\root\documents\visual studio 2010\projects\serialporttest\testproject\bin\debug\testproject.dll" id="22f3781a-41b8-964c-ec0c-167b4a095ea8">
      <Execution id="f07a7038-31ce-4b01-bd83-45429b2e3e77" />
      <TestMethod codeBase="C:/Users/root/Documents/Visual Studio 2010/Projects/SerialPortTest/TestProject/bin/Debug/TestProject.DLL" adapterTypeName="Microsoft.VisualStudio.TestTools.TestTypes.Unit.UnitTestAdapter, Microsoft.VisualStudio.QualityTools.Tips.UnitTest.Adapter, Version=10.0.0.0, Culture=neutral, PublicKeyToken=b03f5f7f11d50a3a" className="TestProject.TrainControllerStateTest, TestProject, Version=1.0.0.0, Culture=neutral, PublicKeyToken=null" name="EssentialDutyResolutionTest" />
    </UnitTest>
    <UnitTest name="IsDetectedTest" storage="c:\users\root\documents\visual studio 2010\projects\serialporttest\testproject\bin\debug\testproject.dll" id="4820147a-9623-95f5-e2c8-b660da05a3c5">
      <Execution id="07e2f08c-7358-4910-847d-3fcf718ecbce" />
      <TestMethod codeBase="C:/Users/root/Documents/Visual Studio 2010/Projects/SerialPortTest/TestProject/bin/Debug/TestProject.DLL" adapterTypeName="Microsoft.VisualStudio.TestTools.TestTypes.Unit.UnitTestAdapter, Microsoft.VisualStudio.QualityTools.Tips.UnitTest.Adapter, Version=10.0.0.0, Culture=neutral, PublicKeyToken=b03f5f7f11d50a3a" className="TestProject.TrainSensorStateTest, TestProject, Version=1.0.0.0, Culture=neutral, PublicKeyToken=null" name="IsDetectedTest" />
    </UnitTest>
    <UnitTest name="CurrentVoltageTest" storage="c:\users\root\documents\visual studio 2010\projects\serialporttest\testproject\bin\debug\testproject.dll" id="5ef5b6e1-0cec-8e3e-2a18-36ec4ba05980">
      <Execution id="bdc485a9-ffe2-4168-89c3-f614b5bc8431" />
      <TestMethod codeBase="C:/Users/root/Documents/Visual Studio 2010/Projects/SerialPortTest/TestProject/bin/Debug/TestProject.DLL" adapterTypeName="Microsoft.VisualStudio.TestTools.TestTypes.Unit.UnitTestAdapter, Microsoft.VisualStudio.QualityTools.Tips.UnitTest.Adapter, Version=10.0.0.0, Culture=neutral, PublicKeyToken=b03f5f7f11d50a3a" className="TestProject.TrainSensorStateTest, TestProject, Version=1.0.0.0, Culture=neutral, PublicKeyToken=null" name="CurrentVoltageTest" />
    </UnitTest>
    <UnitTest name="PortMappingEnumerableTest" storage="c:\users\root\documents\visual studio 2010\projects\serialporttest\testproject\bin\debug\testproject.dll" id="c89c1729-1b69-9af7-691d-ccb30e6f1a55">
      <Execution id="0b0938af-b01c-45a1-bb6d-2eb6066f3c71" />
      <TestMethod codeBase="C:/Users/root/Documents/Visual Studio 2010/Projects/SerialPortTest/TestProject/bin/Debug/TestProject.DLL" adapterTypeName="Microsoft.VisualStudio.TestTools.TestTypes.Unit.UnitTestAdapter, Microsoft.VisualStudio.QualityTools.Tips.UnitTest.Adapter, Version=10.0.0.0, Culture=neutral, PublicKeyToken=b03f5f7f11d50a3a" className="TestProject.MotherBoardViewModelTest, TestProject, Version=1.0.0.0, Culture=neutral, PublicKeyToken=null" name="PortMappingEnumerableTest" />
    </UnitTest>
    <UnitTest name="GetEnumeratorTest1" storage="c:\users\root\documents\visual studio 2010\projects\serialporttest\testproject\bin\debug\testproject.dll" id="b5a4d5e0-4c69-c428-0875-3e21832ca469">
      <DeploymentItems>
        <DeploymentItem filename="SensorLibrary.dll" />
      </DeploymentItems>
      <Execution id="ad2b74bc-6c07-471b-accf-d251d1f6cda1" />
      <TestMethod codeBase="C:/Users/root/Documents/Visual Studio 2010/Projects/SerialPortTest/TestProject/bin/Debug/TestProject.DLL" adapterTypeName="Microsoft.VisualStudio.TestTools.TestTypes.Unit.UnitTestAdapter, Microsoft.VisualStudio.QualityTools.Tips.UnitTest.Adapter, Version=10.0.0.0, Culture=neutral, PublicKeyToken=b03f5f7f11d50a3a" className="TestProject.LoopingArrayTest, TestProject, Version=1.0.0.0, Culture=neutral, PublicKeyToken=null" name="GetEnumeratorTest1" />
    </UnitTest>
    <UnitTest name="ByteArrayValidationCheck" storage="c:\users\root\documents\visual studio 2010\projects\serialporttest\testproject\bin\debug\testproject.dll" id="e97e0475-1df3-1614-6d37-36b8da6c07df">
      <Execution id="a61b1f5f-990e-4617-ad0d-59f7f7f5bae7" />
      <TestMethod codeBase="C:/Users/root/Documents/Visual Studio 2010/Projects/SerialPortTest/TestProject/bin/Debug/TestProject.DLL" adapterTypeName="Microsoft.VisualStudio.TestTools.TestTypes.Unit.UnitTestAdapter, Microsoft.VisualStudio.QualityTools.Tips.UnitTest.Adapter, Version=10.0.0.0, Culture=neutral, PublicKeyToken=b03f5f7f11d50a3a" className="TestProject.ConvertExtenstionsTest, TestProject, Version=1.0.0.0, Culture=neutral, PublicKeyToken=null" name="ByteArrayValidationCheck" />
    </UnitTest>
    <UnitTest name="LoopingArrayConstructorTest" storage="c:\users\root\documents\visual studio 2010\projects\serialporttest\testproject\bin\debug\testproject.dll" id="bab9a259-07fe-b630-2db5-50efc4a015e7">
      <Execution id="0fa73a46-4796-4c1d-a821-125bf18f50c3" />
      <TestMethod codeBase="C:/Users/root/Documents/Visual Studio 2010/Projects/SerialPortTest/TestProject/bin/Debug/TestProject.DLL" adapterTypeName="Microsoft.VisualStudio.TestTools.TestTypes.Unit.UnitTestAdapter, Microsoft.VisualStudio.QualityTools.Tips.UnitTest.Adapter, Version=10.0.0.0, Culture=neutral, PublicKeyToken=b03f5f7f11d50a3a" className="TestProject.LoopingArrayTest, TestProject, Version=1.0.0.0, Culture=neutral, PublicKeyToken=null" name="LoopingArrayConstructorTest" />
    </UnitTest>
    <UnitTest name="MotherBoardViewModelConstructorTest" storage="c:\users\root\documents\visual studio 2010\projects\serialporttest\testproject\bin\debug\testproject.dll" id="ff56d913-09b6-6f1a-eca1-4fc7d055cea3">
      <Execution id="a7b9719d-81a9-4658-af1d-4068fe5c6128" />
      <TestMethod codeBase="C:/Users/root/Documents/Visual Studio 2010/Projects/SerialPortTest/TestProject/bin/Debug/TestProject.DLL" adapterTypeName="Microsoft.VisualStudio.TestTools.TestTypes.Unit.UnitTestAdapter, Microsoft.VisualStudio.QualityTools.Tips.UnitTest.Adapter, Version=10.0.0.0, Culture=neutral, PublicKeyToken=b03f5f7f11d50a3a" className="TestProject.MotherBoardViewModelTest, TestProject, Version=1.0.0.0, Culture=neutral, PublicKeyToken=null" name="MotherBoardViewModelConstructorTest" />
    </UnitTest>
    <UnitTest name="UsbDevicesViewModelConstructorTest" storage="c:\users\root\documents\visual studio 2010\projects\serialporttest\testproject\bin\debug\testproject.dll" id="bb37a384-0089-6563-1ba1-ccf041f0602b">
      <Execution id="2c7b9bdd-9276-4c02-9087-c7d45b71a55c" />
      <TestMethod codeBase="C:/Users/root/Documents/Visual Studio 2010/Projects/SerialPortTest/TestProject/bin/Debug/TestProject.DLL" adapterTypeName="Microsoft.VisualStudio.TestTools.TestTypes.Unit.UnitTestAdapter, Microsoft.VisualStudio.QualityTools.Tips.UnitTest.Adapter, Version=10.0.0.0, Culture=neutral, PublicKeyToken=b03f5f7f11d50a3a" className="TestProject.UsbDevicesViewModelTest, TestProject, Version=1.0.0.0, Culture=neutral, PublicKeyToken=null" name="UsbDevicesViewModelConstructorTest" />
    </UnitTest>
    <UnitTest name="DirectionsTest" storage="c:\users\root\documents\visual studio 2010\projects\serialporttest\testproject\bin\debug\testproject.dll" id="3924b4a9-c8e3-1923-e40a-d9b46ab0bbcb">
      <Execution id="d37438bf-ace2-4ff5-a1da-6883bf5d6461" />
      <TestMethod codeBase="C:/Users/root/Documents/Visual Studio 2010/Projects/SerialPortTest/TestProject/bin/Debug/TestProject.DLL" adapterTypeName="Microsoft.VisualStudio.TestTools.TestTypes.Unit.UnitTestAdapter, Microsoft.VisualStudio.QualityTools.Tips.UnitTest.Adapter, Version=10.0.0.0, Culture=neutral, PublicKeyToken=b03f5f7f11d50a3a" className="TestProject.PointModuleDataTest, TestProject, Version=1.0.0.0, Culture=neutral, PublicKeyToken=null" name="DirectionsTest" />
    </UnitTest>
    <UnitTest name="FlushTest" storage="c:\users\root\documents\visual studio 2010\projects\serialporttest\testproject\bin\debug\testproject.dll" id="64811b85-89b0-0b59-3263-26f94adb60fb">
      <Execution id="b30e6646-1677-4b6f-a470-49a651b2ecf7" />
      <TestMethod codeBase="C:/Users/root/Documents/Visual Studio 2010/Projects/SerialPortTest/TestProject/bin/Debug/TestProject.DLL" adapterTypeName="Microsoft.VisualStudio.TestTools.TestTypes.Unit.UnitTestAdapter, Microsoft.VisualStudio.QualityTools.Tips.UnitTest.Adapter, Version=10.0.0.0, Culture=neutral, PublicKeyToken=b03f5f7f11d50a3a" className="TestProject.ChunckedStreamTest, TestProject, Version=1.0.0.0, Culture=neutral, PublicKeyToken=null" name="FlushTest" />
    </UnitTest>
    <UnitTest name="PWMFreqencyTest" storage="c:\users\root\documents\visual studio 2010\projects\serialporttest\testproject\bin\debug\testproject.dll" id="f5900dd0-b768-09a7-faae-44c4f82d72aa">
      <Execution id="a1328e9b-4e6c-43b0-b87b-2e0ebd641831" />
      <TestMethod codeBase="C:/Users/root/Documents/Visual Studio 2010/Projects/SerialPortTest/TestProject/bin/Debug/TestProject.DLL" adapterTypeName="Microsoft.VisualStudio.TestTools.TestTypes.Unit.UnitTestAdapter, Microsoft.VisualStudio.QualityTools.Tips.UnitTest.Adapter, Version=10.0.0.0, Culture=neutral, PublicKeyToken=b03f5f7f11d50a3a" className="TestProject.TrainControllerStateTest, TestProject, Version=1.0.0.0, Culture=neutral, PublicKeyToken=null" name="PWMFreqencyTest" />
    </UnitTest>
    <UnitTest name="TimerTest" storage="c:\users\root\documents\visual studio 2010\projects\serialporttest\testproject\bin\debug\testproject.dll" id="e531a444-ddb8-6cc8-ba69-dded1772c8fb">
      <Execution id="3beb5d10-b16f-458d-a379-16ac4cbdc596" />
      <TestMethod codeBase="C:/Users/root/Documents/Visual Studio 2010/Projects/SerialPortTest/TestProject/bin/Debug/TestProject.DLL" adapterTypeName="Microsoft.VisualStudio.TestTools.TestTypes.Unit.UnitTestAdapter, Microsoft.VisualStudio.QualityTools.Tips.UnitTest.Adapter, Version=10.0.0.0, Culture=neutral, PublicKeyToken=b03f5f7f11d50a3a" className="TestProject.MotherBoardStateTest, TestProject, Version=1.0.0.0, Culture=neutral, PublicKeyToken=null" name="TimerTest" />
    </UnitTest>
    <UnitTest name="ModeTest" storage="c:\users\root\documents\visual studio 2010\projects\serialporttest\testproject\bin\debug\testproject.dll" id="e7d27d5a-0dca-8191-f30e-a3d70f9835ee">
      <Execution id="36fc7f6b-a43f-4a23-bd62-254b39d30e98" />
      <TestMethod codeBase="C:/Users/root/Documents/Visual Studio 2010/Projects/SerialPortTest/TestProject/bin/Debug/TestProject.DLL" adapterTypeName="Microsoft.VisualStudio.TestTools.TestTypes.Unit.UnitTestAdapter, Microsoft.VisualStudio.QualityTools.Tips.UnitTest.Adapter, Version=10.0.0.0, Culture=neutral, PublicKeyToken=b03f5f7f11d50a3a" className="TestProject.TrainSensorStateTest, TestProject, Version=1.0.0.0, Culture=neutral, PublicKeyToken=null" name="ModeTest" />
    </UnitTest>
    <UnitTest name="TrainSensorViewModelConstructorTest" storage="c:\users\root\documents\visual studio 2010\projects\serialporttest\testproject\bin\debug\testproject.dll" id="f7a737b6-f8da-3a0e-93c8-58a3d6ddb7dd">
      <Execution id="7f3085eb-57c6-449d-a64c-2d1c1b6afc10" />
      <TestMethod codeBase="C:/Users/root/Documents/Visual Studio 2010/Projects/SerialPortTest/TestProject/bin/Debug/TestProject.DLL" adapterTypeName="Microsoft.VisualStudio.TestTools.TestTypes.Unit.UnitTestAdapter, Microsoft.VisualStudio.QualityTools.Tips.UnitTest.Adapter, Version=10.0.0.0, Culture=neutral, PublicKeyToken=b03f5f7f11d50a3a" className="TestProject.TrainSensorViewModelTest, TestProject, Version=1.0.0.0, Culture=neutral, PublicKeyToken=null" name="TrainSensorViewModelConstructorTest" />
    </UnitTest>
    <UnitTest name="IsSatisfiedDutyResolutionTest" storage="c:\users\root\documents\visual studio 2010\projects\serialporttest\testproject\bin\debug\testproject.dll" id="d13089e7-1536-fd2b-d03c-745461abacef">
      <Execution id="e2c042a1-154a-4632-8dbd-b40ee9f22b4c" />
      <TestMethod codeBase="C:/Users/root/Documents/Visual Studio 2010/Projects/SerialPortTest/TestProject/bin/Debug/TestProject.DLL" adapterTypeName="Microsoft.VisualStudio.TestTools.TestTypes.Unit.UnitTestAdapter, Microsoft.VisualStudio.QualityTools.Tips.UnitTest.Adapter, Version=10.0.0.0, Culture=neutral, PublicKeyToken=b03f5f7f11d50a3a" className="TestProject.TrainControllerStateTest, TestProject, Version=1.0.0.0, Culture=neutral, PublicKeyToken=null" name="IsSatisfiedDutyResolutionTest" />
    </UnitTest>
    <UnitTest name="ConvertTest" storage="c:\users\root\documents\visual studio 2010\projects\serialporttest\testproject\bin\debug\testproject.dll" id="674eb767-160f-184e-901f-e20a6d038918">
      <Execution id="455f744c-0a32-4703-9c1f-7b6c4d199249" />
      <TestMethod codeBase="C:/Users/root/Documents/Visual Studio 2010/Projects/SerialPortTest/TestProject/bin/Debug/TestProject.DLL" adapterTypeName="Microsoft.VisualStudio.TestTools.TestTypes.Unit.UnitTestAdapter, Microsoft.VisualStudio.QualityTools.Tips.UnitTest.Adapter, Version=10.0.0.0, Culture=neutral, PublicKeyToken=b03f5f7f11d50a3a" className="TestProject.UsbDeviceConverterTest, TestProject, Version=1.0.0.0, Culture=neutral, PublicKeyToken=null" name="ConvertTest" />
    </UnitTest>
    <UnitTest name="ModuleTypeTest" storage="c:\users\root\documents\visual studio 2010\projects\serialporttest\testproject\bin\debug\testproject.dll" id="c3e25e71-e6a3-3799-dbe0-bacda8fc8163">
      <Execution id="9fe8a31b-df4f-484f-872c-c61bc0ee6ab9" />
      <TestMethod codeBase="C:/Users/root/Documents/Visual Studio 2010/Projects/SerialPortTest/TestProject/bin/Debug/TestProject.DLL" adapterTypeName="Microsoft.VisualStudio.TestTools.TestTypes.Unit.UnitTestAdapter, Microsoft.VisualStudio.QualityTools.Tips.UnitTest.Adapter, Version=10.0.0.0, Culture=neutral, PublicKeyToken=b03f5f7f11d50a3a" className="TestProject.MotherBoardDataTest, TestProject, Version=1.0.0.0, Culture=neutral, PublicKeyToken=null" name="ModuleTypeTest" />
    </UnitTest>
    <UnitTest name="ItemTest" storage="c:\users\root\documents\visual studio 2010\projects\serialporttest\testproject\bin\debug\testproject.dll" id="c6c2c1ab-9d23-f24c-e326-eec075cfb3f8">
      <Execution id="28fbcdee-dc81-4608-aa0e-d7130f9de4d8" />
      <TestMethod codeBase="C:/Users/root/Documents/Visual Studio 2010/Projects/SerialPortTest/TestProject/bin/Debug/TestProject.DLL" adapterTypeName="Microsoft.VisualStudio.TestTools.TestTypes.Unit.UnitTestAdapter, Microsoft.VisualStudio.QualityTools.Tips.UnitTest.Adapter, Version=10.0.0.0, Culture=neutral, PublicKeyToken=b03f5f7f11d50a3a" className="TestProject.PointModuleStateTest, TestProject, Version=1.0.0.0, Culture=neutral, PublicKeyToken=null" name="ItemTest" />
    </UnitTest>
    <UnitTest name="PreScaleTest" storage="c:\users\root\documents\visual studio 2010\projects\serialporttest\testproject\bin\debug\testproject.dll" id="be2edf0d-5154-5674-29d1-d642bbc088db">
      <Execution id="7f550378-7bc6-4866-8bc8-cbd76148fdcf" />
      <TestMethod codeBase="C:/Users/root/Documents/Visual Studio 2010/Projects/SerialPortTest/TestProject/bin/Debug/TestProject.DLL" adapterTypeName="Microsoft.VisualStudio.TestTools.TestTypes.Unit.UnitTestAdapter, Microsoft.VisualStudio.QualityTools.Tips.UnitTest.Adapter, Version=10.0.0.0, Culture=neutral, PublicKeyToken=b03f5f7f11d50a3a" className="TestProject.TrainControllerStateTest, TestProject, Version=1.0.0.0, Culture=neutral, PublicKeyToken=null" name="PreScaleTest" />
    </UnitTest>
    <UnitTest name="PointModuleDataConstructorTest" storage="c:\users\root\documents\visual studio 2010\projects\serialporttest\testproject\bin\debug\testproject.dll" id="e636afca-43c6-677e-deb3-86d562155830">
      <Execution id="19b973dc-7592-4259-b02e-41a9b5df1f46" />
      <TestMethod codeBase="C:/Users/root/Documents/Visual Studio 2010/Projects/SerialPortTest/TestProject/bin/Debug/TestProject.DLL" adapterTypeName="Microsoft.VisualStudio.TestTools.TestTypes.Unit.UnitTestAdapter, Microsoft.VisualStudio.QualityTools.Tips.UnitTest.Adapter, Version=10.0.0.0, Culture=neutral, PublicKeyToken=b03f5f7f11d50a3a" className="TestProject.PointModuleDataTest, TestProject, Version=1.0.0.0, Culture=neutral, PublicKeyToken=null" name="PointModuleDataConstructorTest" />
    </UnitTest>
    <UnitTest name="ThresholdVoltageTest" storage="c:\users\root\documents\visual studio 2010\projects\serialporttest\testproject\bin\debug\testproject.dll" id="e36da11d-994b-1ac2-4a9f-70734f4a554b">
      <Execution id="bfd6f35d-04cc-40c2-8928-4e4a8dd38151" />
      <TestMethod codeBase="C:/Users/root/Documents/Visual Studio 2010/Projects/SerialPortTest/TestProject/bin/Debug/TestProject.DLL" adapterTypeName="Microsoft.VisualStudio.TestTools.TestTypes.Unit.UnitTestAdapter, Microsoft.VisualStudio.QualityTools.Tips.UnitTest.Adapter, Version=10.0.0.0, Culture=neutral, PublicKeyToken=b03f5f7f11d50a3a" className="TestProject.TrainSensorStateTest, TestProject, Version=1.0.0.0, Culture=neutral, PublicKeyToken=null" name="ThresholdVoltageTest" />
    </UnitTest>
    <UnitTest name="GetEnumeratorTest" storage="c:\users\root\documents\visual studio 2010\projects\serialporttest\testproject\bin\debug\testproject.dll" id="f47f23ed-0e88-3d4b-b24a-b93a5162bbab">
      <Execution id="1c5bc38b-b276-4ff8-92f8-bbe67cd366dc" />
      <TestMethod codeBase="C:/Users/root/Documents/Visual Studio 2010/Projects/SerialPortTest/TestProject/bin/Debug/TestProject.DLL" adapterTypeName="Microsoft.VisualStudio.TestTools.TestTypes.Unit.UnitTestAdapter, Microsoft.VisualStudio.QualityTools.Tips.UnitTest.Adapter, Version=10.0.0.0, Culture=neutral, PublicKeyToken=b03f5f7f11d50a3a" className="TestProject.LoopingArrayTest, TestProject, Version=1.0.0.0, Culture=neutral, PublicKeyToken=null" name="GetEnumeratorTest" />
    </UnitTest>
    <UnitTest name="ConvertBackTest" storage="c:\users\root\documents\visual studio 2010\projects\serialporttest\testproject\bin\debug\testproject.dll" id="f3ffe881-46a7-6ee6-404d-376b40511b07">
      <Execution id="61f1a061-8e5b-4f8b-a2d1-6d341f9585a2" />
      <TestMethod codeBase="C:/Users/root/Documents/Visual Studio 2010/Projects/SerialPortTest/TestProject/bin/Debug/TestProject.DLL" adapterTypeName="Microsoft.VisualStudio.TestTools.TestTypes.Unit.UnitTestAdapter, Microsoft.VisualStudio.QualityTools.Tips.UnitTest.Adapter, Version=10.0.0.0, Culture=neutral, PublicKeyToken=b03f5f7f11d50a3a" className="TestProject.UsbDeviceConverterTest, TestProject, Version=1.0.0.0, Culture=neutral, PublicKeyToken=null" name="ConvertBackTest" />
    </UnitTest>
    <UnitTest name="OverflowedCountTest" storage="c:\users\root\documents\visual studio 2010\projects\serialporttest\testproject\bin\debug\testproject.dll" id="ad40eac8-0529-544e-7cd1-f5b2a391e919">
      <Execution id="085e7c05-8571-473e-b178-82042adfbaad" />
      <TestMethod codeBase="C:/Users/root/Documents/Visual Studio 2010/Projects/SerialPortTest/TestProject/bin/Debug/TestProject.DLL" adapterTypeName="Microsoft.VisualStudio.TestTools.TestTypes.Unit.UnitTestAdapter, Microsoft.VisualStudio.QualityTools.Tips.UnitTest.Adapter, Version=10.0.0.0, Culture=neutral, PublicKeyToken=b03f5f7f11d50a3a" className="TestProject.TrainSensorStateTest, TestProject, Version=1.0.0.0, Culture=neutral, PublicKeyToken=null" name="OverflowedCountTest" />
    </UnitTest>
    <UnitTest name="ToByteArrayTest" storage="c:\users\root\documents\visual studio 2010\projects\serialporttest\testproject\bin\debug\testproject.dll" id="8c676a8d-ec31-5a6b-13ab-e80d4af41e42">
      <Execution id="a37c0370-1cac-4532-bf00-b74bbb83e034" />
      <TestMethod codeBase="C:/Users/root/Documents/Visual Studio 2010/Projects/SerialPortTest/TestProject/bin/Debug/TestProject.DLL" adapterTypeName="Microsoft.VisualStudio.TestTools.TestTypes.Unit.UnitTestAdapter, Microsoft.VisualStudio.QualityTools.Tips.UnitTest.Adapter, Version=10.0.0.0, Culture=neutral, PublicKeyToken=b03f5f7f11d50a3a" className="TestProject.ConvertExtenstionsTest, TestProject, Version=1.0.0.0, Culture=neutral, PublicKeyToken=null" name="ToByteArrayTest" />
    </UnitTest>
    <UnitTest name="AvailableDevicesTest" storage="c:\users\root\documents\visual studio 2010\projects\serialporttest\testproject\bin\debug\testproject.dll" id="d525b94c-5b6f-2f29-8d49-3701df1775ef">
      <Execution id="c1d208fa-77f6-477c-928e-e14871ed47ea" />
      <TestMethod codeBase="C:/Users/root/Documents/Visual Studio 2010/Projects/SerialPortTest/TestProject/bin/Debug/TestProject.DLL" adapterTypeName="Microsoft.VisualStudio.TestTools.TestTypes.Unit.UnitTestAdapter, Microsoft.VisualStudio.QualityTools.Tips.UnitTest.Adapter, Version=10.0.0.0, Culture=neutral, PublicKeyToken=b03f5f7f11d50a3a" className="TestProject.PacketDispatcherSingleTest, TestProject, Version=1.0.0.0, Culture=neutral, PublicKeyToken=null" name="AvailableDevicesTest" />
    </UnitTest>
    <UnitTest name="PWMPeriodTest" storage="c:\users\root\documents\visual studio 2010\projects\serialporttest\testproject\bin\debug\testproject.dll" id="8430c551-4dca-8dc6-6839-20a36a121715">
      <Execution id="46ab1c0b-b38f-46fd-8e60-dfcc3c4618b3" />
      <TestMethod codeBase="C:/Users/root/Documents/Visual Studio 2010/Projects/SerialPortTest/TestProject/bin/Debug/TestProject.DLL" adapterTypeName="Microsoft.VisualStudio.TestTools.TestTypes.Unit.UnitTestAdapter, Microsoft.VisualStudio.QualityTools.Tips.UnitTest.Adapter, Version=10.0.0.0, Culture=neutral, PublicKeyToken=b03f5f7f11d50a3a" className="TestProject.TrainControllerStateTest, TestProject, Version=1.0.0.0, Culture=neutral, PublicKeyToken=null" name="PWMPeriodTest" />
    </UnitTest>
    <UnitTest name="ParentIDTest" storage="c:\users\root\documents\visual studio 2010\projects\serialporttest\testproject\bin\debug\testproject.dll" id="888367e1-b0e5-f904-1073-ef6838ec8384">
      <Execution id="cbe12107-b7dd-4d51-9734-26598e3f56f9" />
      <TestMethod codeBase="C:/Users/root/Documents/Visual Studio 2010/Projects/SerialPortTest/TestProject/bin/Debug/TestProject.DLL" adapterTypeName="Microsoft.VisualStudio.TestTools.TestTypes.Unit.UnitTestAdapter, Microsoft.VisualStudio.QualityTools.Tips.UnitTest.Adapter, Version=10.0.0.0, Culture=neutral, PublicKeyToken=b03f5f7f11d50a3a" className="TestProject.MotherBoardStateTest, TestProject, Version=1.0.0.0, Culture=neutral, PublicKeyToken=null" name="ParentIDTest" />
    </UnitTest>
    <UnitTest name="ReadTest" storage="c:\users\root\documents\visual studio 2010\projects\serialporttest\testproject\bin\debug\testproject.dll" id="03d23227-fae1-7f69-18bc-75591f488ed7">
      <Execution id="f61bfc49-16d5-4c50-b990-faf8c8f94fd8" />
      <TestMethod codeBase="C:/Users/root/Documents/Visual Studio 2010/Projects/SerialPortTest/TestProject/bin/Debug/TestProject.DLL" adapterTypeName="Microsoft.VisualStudio.TestTools.TestTypes.Unit.UnitTestAdapter, Microsoft.VisualStudio.QualityTools.Tips.UnitTest.Adapter, Version=10.0.0.0, Culture=neutral, PublicKeyToken=b03f5f7f11d50a3a" className="TestProject.ChunckedStreamTest, TestProject, Version=1.0.0.0, Culture=neutral, PublicKeyToken=null" name="ReadTest" />
    </UnitTest>
    <UnitTest name="DutyTest" storage="c:\users\root\documents\visual studio 2010\projects\serialporttest\testproject\bin\debug\testproject.dll" id="1886196f-246c-cf3b-7c1c-5d9bdded0654">
      <Execution id="00db03f6-db48-4695-b7b6-f0b7b09d9a83" />
      <TestMethod codeBase="C:/Users/root/Documents/Visual Studio 2010/Projects/SerialPortTest/TestProject/bin/Debug/TestProject.DLL" adapterTypeName="Microsoft.VisualStudio.TestTools.TestTypes.Unit.UnitTestAdapter, Microsoft.VisualStudio.QualityTools.Tips.UnitTest.Adapter, Version=10.0.0.0, Culture=neutral, PublicKeyToken=b03f5f7f11d50a3a" className="TestProject.TrainControllerStateTest, TestProject, Version=1.0.0.0, Culture=neutral, PublicKeyToken=null" name="DutyTest" />
    </UnitTest>
    <UnitTest name="DeviceFrequencyTest" storage="c:\users\root\documents\visual studio 2010\projects\serialporttest\testproject\bin\debug\testproject.dll" id="d450f3d0-8079-6610-30f8-2a068f923ae0">
      <Execution id="9b4bb77e-33c1-49eb-bc1e-9f2f9e7f77de" />
      <TestMethod codeBase="C:/Users/root/Documents/Visual Studio 2010/Projects/SerialPortTest/TestProject/bin/Debug/TestProject.DLL" adapterTypeName="Microsoft.VisualStudio.TestTools.TestTypes.Unit.UnitTestAdapter, Microsoft.VisualStudio.QualityTools.Tips.UnitTest.Adapter, Version=10.0.0.0, Culture=neutral, PublicKeyToken=b03f5f7f11d50a3a" className="TestProject.TrainControllerStateTest, TestProject, Version=1.0.0.0, Culture=neutral, PublicKeyToken=null" name="DeviceFrequencyTest" />
    </UnitTest>
  </TestDefinitions>
  <TestLists>
    <TestList name="一覧に存在しない結果" id="8c84fa94-04c1-424b-9868-57a2d4851a1d" />
    <TestList name="読み込まれたすべての結果" id="19431567-8539-422a-85d7-44ee4e166bda" />
  </TestLists>
  <TestEntries>
    <TestEntry testId="02112a0a-b267-4424-8970-91320a0a97c2" executionId="d8d5d819-18dc-4aec-b23d-97cecd2f5228" testListId="8c84fa94-04c1-424b-9868-57a2d4851a1d" />
    <TestEntry testId="03d23227-fae1-7f69-18bc-75591f488ed7" executionId="f61bfc49-16d5-4c50-b990-faf8c8f94fd8" testListId="8c84fa94-04c1-424b-9868-57a2d4851a1d" />
    <TestEntry testId="1886196f-246c-cf3b-7c1c-5d9bdded0654" executionId="00db03f6-db48-4695-b7b6-f0b7b09d9a83" testListId="8c84fa94-04c1-424b-9868-57a2d4851a1d" />
    <TestEntry testId="1ad9505e-7b3d-d16d-51df-a136ac1ace33" executionId="fd50becd-f198-4347-91c9-acedeac360d3" testListId="8c84fa94-04c1-424b-9868-57a2d4851a1d" />
    <TestEntry testId="22f3781a-41b8-964c-ec0c-167b4a095ea8" executionId="f07a7038-31ce-4b01-bd83-45429b2e3e77" testListId="8c84fa94-04c1-424b-9868-57a2d4851a1d" />
    <TestEntry testId="314353f8-f8f2-09fc-9d42-2c7ab0b773e8" executionId="f3e9381e-8a1c-40be-9d8e-e7ce94537861" testListId="8c84fa94-04c1-424b-9868-57a2d4851a1d" />
    <TestEntry testId="31c80489-96bc-6432-541f-227c31e73e53" executionId="e637575b-a2d3-43d8-b4dd-31a08c41d43c" testListId="8c84fa94-04c1-424b-9868-57a2d4851a1d" />
    <TestEntry testId="33375970-617f-3a5a-7a00-f7181501c5a1" executionId="93ed2f15-6026-4f08-9c17-cdadce0029bb" testListId="8c84fa94-04c1-424b-9868-57a2d4851a1d" />
    <TestEntry testId="3924b4a9-c8e3-1923-e40a-d9b46ab0bbcb" executionId="d37438bf-ace2-4ff5-a1da-6883bf5d6461" testListId="8c84fa94-04c1-424b-9868-57a2d4851a1d" />
    <TestEntry testId="3a4db604-7139-9804-2ab5-ad14796afec1" executionId="5304cbc5-2fca-4db6-a32e-d0a7adcbf5a8" testListId="8c84fa94-04c1-424b-9868-57a2d4851a1d" />
    <TestEntry testId="4820147a-9623-95f5-e2c8-b660da05a3c5" executionId="07e2f08c-7358-4910-847d-3fcf718ecbce" testListId="8c84fa94-04c1-424b-9868-57a2d4851a1d" />
    <TestEntry testId="5e33c801-5bb0-de1e-ffe1-f0ba7029527b" executionId="94ea164a-fba4-46cf-a765-75572d1ba2a7" testListId="8c84fa94-04c1-424b-9868-57a2d4851a1d" />
    <TestEntry testId="5ef5b6e1-0cec-8e3e-2a18-36ec4ba05980" executionId="bdc485a9-ffe2-4168-89c3-f614b5bc8431" testListId="8c84fa94-04c1-424b-9868-57a2d4851a1d" />
    <TestEntry testId="64811b85-89b0-0b59-3263-26f94adb60fb" executionId="b30e6646-1677-4b6f-a470-49a651b2ecf7" testListId="8c84fa94-04c1-424b-9868-57a2d4851a1d" />
    <TestEntry testId="674eb767-160f-184e-901f-e20a6d038918" executionId="455f744c-0a32-4703-9c1f-7b6c4d199249" testListId="8c84fa94-04c1-424b-9868-57a2d4851a1d" />
    <TestEntry testId="8430c551-4dca-8dc6-6839-20a36a121715" executionId="46ab1c0b-b38f-46fd-8e60-dfcc3c4618b3" testListId="8c84fa94-04c1-424b-9868-57a2d4851a1d" />
    <TestEntry testId="888367e1-b0e5-f904-1073-ef6838ec8384" executionId="cbe12107-b7dd-4d51-9734-26598e3f56f9" testListId="8c84fa94-04c1-424b-9868-57a2d4851a1d" />
    <TestEntry testId="8c676a8d-ec31-5a6b-13ab-e80d4af41e42" executionId="a37c0370-1cac-4532-bf00-b74bbb83e034" testListId="8c84fa94-04c1-424b-9868-57a2d4851a1d" />
    <TestEntry testId="8da466f7-c384-a693-e5eb-95d9f9f6fa64" executionId="e3289c9a-358e-4411-819c-9c52de7e8f03" testListId="8c84fa94-04c1-424b-9868-57a2d4851a1d" />
    <TestEntry testId="ad40eac8-0529-544e-7cd1-f5b2a391e919" executionId="085e7c05-8571-473e-b178-82042adfbaad" testListId="8c84fa94-04c1-424b-9868-57a2d4851a1d" />
    <TestEntry testId="b5a4d5e0-4c69-c428-0875-3e21832ca469" executionId="ad2b74bc-6c07-471b-accf-d251d1f6cda1" testListId="8c84fa94-04c1-424b-9868-57a2d4851a1d" />
    <TestEntry testId="bab9a259-07fe-b630-2db5-50efc4a015e7" executionId="0fa73a46-4796-4c1d-a821-125bf18f50c3" testListId="8c84fa94-04c1-424b-9868-57a2d4851a1d" />
    <TestEntry testId="bb37a384-0089-6563-1ba1-ccf041f0602b" executionId="2c7b9bdd-9276-4c02-9087-c7d45b71a55c" testListId="8c84fa94-04c1-424b-9868-57a2d4851a1d" />
    <TestEntry testId="be2edf0d-5154-5674-29d1-d642bbc088db" executionId="7f550378-7bc6-4866-8bc8-cbd76148fdcf" testListId="8c84fa94-04c1-424b-9868-57a2d4851a1d" />
    <TestEntry testId="c3e25e71-e6a3-3799-dbe0-bacda8fc8163" executionId="9fe8a31b-df4f-484f-872c-c61bc0ee6ab9" testListId="8c84fa94-04c1-424b-9868-57a2d4851a1d" />
    <TestEntry testId="c57eff42-a84b-6116-b645-b74d987ba9b1" executionId="cd0c7bf6-e337-4348-9f85-39554c041de5" testListId="8c84fa94-04c1-424b-9868-57a2d4851a1d" />
    <TestEntry testId="c6c2c1ab-9d23-f24c-e326-eec075cfb3f8" executionId="28fbcdee-dc81-4608-aa0e-d7130f9de4d8" testListId="8c84fa94-04c1-424b-9868-57a2d4851a1d" />
    <TestEntry testId="c89c1729-1b69-9af7-691d-ccb30e6f1a55" executionId="0b0938af-b01c-45a1-bb6d-2eb6066f3c71" testListId="8c84fa94-04c1-424b-9868-57a2d4851a1d" />
    <TestEntry testId="d13089e7-1536-fd2b-d03c-745461abacef" executionId="e2c042a1-154a-4632-8dbd-b40ee9f22b4c" testListId="8c84fa94-04c1-424b-9868-57a2d4851a1d" />
    <TestEntry testId="d450f3d0-8079-6610-30f8-2a068f923ae0" executionId="9b4bb77e-33c1-49eb-bc1e-9f2f9e7f77de" testListId="8c84fa94-04c1-424b-9868-57a2d4851a1d" />
    <TestEntry testId="d525b94c-5b6f-2f29-8d49-3701df1775ef" executionId="c1d208fa-77f6-477c-928e-e14871ed47ea" testListId="8c84fa94-04c1-424b-9868-57a2d4851a1d" />
    <TestEntry testId="e1892563-72ac-e402-dfba-90f0fb1b229e" executionId="6c90c023-abb0-4164-b92e-41628bfdd0f9" testListId="8c84fa94-04c1-424b-9868-57a2d4851a1d" />
    <TestEntry testId="e36da11d-994b-1ac2-4a9f-70734f4a554b" executionId="bfd6f35d-04cc-40c2-8928-4e4a8dd38151" testListId="8c84fa94-04c1-424b-9868-57a2d4851a1d" />
    <TestEntry testId="e531a444-ddb8-6cc8-ba69-dded1772c8fb" executionId="3beb5d10-b16f-458d-a379-16ac4cbdc596" testListId="8c84fa94-04c1-424b-9868-57a2d4851a1d" />
    <TestEntry testId="e636afca-43c6-677e-deb3-86d562155830" executionId="19b973dc-7592-4259-b02e-41a9b5df1f46" testListId="8c84fa94-04c1-424b-9868-57a2d4851a1d" />
    <TestEntry testId="e7d27d5a-0dca-8191-f30e-a3d70f9835ee" executionId="36fc7f6b-a43f-4a23-bd62-254b39d30e98" testListId="8c84fa94-04c1-424b-9868-57a2d4851a1d" />
    <TestEntry testId="e80f6e6d-b295-d620-d601-d4211759ac72" executionId="70ca0861-7b9d-42f2-afda-ef9462f976ff" testListId="8c84fa94-04c1-424b-9868-57a2d4851a1d" />
    <TestEntry testId="e97e0475-1df3-1614-6d37-36b8da6c07df" executionId="a61b1f5f-990e-4617-ad0d-59f7f7f5bae7" testListId="8c84fa94-04c1-424b-9868-57a2d4851a1d" />
    <TestEntry testId="f3ffe881-46a7-6ee6-404d-376b40511b07" executionId="61f1a061-8e5b-4f8b-a2d1-6d341f9585a2" testListId="8c84fa94-04c1-424b-9868-57a2d4851a1d" />
    <TestEntry testId="f47f23ed-0e88-3d4b-b24a-b93a5162bbab" executionId="1c5bc38b-b276-4ff8-92f8-bbe67cd366dc" testListId="8c84fa94-04c1-424b-9868-57a2d4851a1d" />
    <TestEntry testId="f5900dd0-b768-09a7-faae-44c4f82d72aa" executionId="a1328e9b-4e6c-43b0-b87b-2e0ebd641831" testListId="8c84fa94-04c1-424b-9868-57a2d4851a1d" />
    <TestEntry testId="f7a737b6-f8da-3a0e-93c8-58a3d6ddb7dd" executionId="7f3085eb-57c6-449d-a64c-2d1c1b6afc10" testListId="8c84fa94-04c1-424b-9868-57a2d4851a1d" />
    <TestEntry testId="fd6576fe-8e64-b2e3-565c-e729b98d43e4" executionId="ef6d4a4c-0407-41ef-a29c-ad023839d563" testListId="8c84fa94-04c1-424b-9868-57a2d4851a1d" />
    <TestEntry testId="ff56d913-09b6-6f1a-eca1-4fc7d055cea3" executionId="a7b9719d-81a9-4658-af1d-4068fe5c6128" testListId="8c84fa94-04c1-424b-9868-57a2d4851a1d" />
  </TestEntries>
  <Results>
    <UnitTestResult executionId="d8d5d819-18dc-4aec-b23d-97cecd2f5228" testId="02112a0a-b267-4424-8970-91320a0a97c2" testName="TimerTest" computerName="CLIENTAZS" duration="00:00:00.0548749" startTime="2011-07-17T02:32:49.5230890+09:00" endTime="2011-07-17T02:32:50.0721204+09:00" testType="13cdc9d9-ddb5-4fa4-a97d-d965ccfc6d4b" outcome="Passed" testListId="8c84fa94-04c1-424b-9868-57a2d4851a1d" relativeResultsDirectory="d8d5d819-18dc-4aec-b23d-97cecd2f5228">
    </UnitTestResult>
    <UnitTestResult executionId="f61bfc49-16d5-4c50-b990-faf8c8f94fd8" testId="03d23227-fae1-7f69-18bc-75591f488ed7" testName="ReadTest" computerName="CLIENTAZS" duration="00:00:00.0119276" startTime="2011-07-17T02:32:50.0871213+09:00" endTime="2011-07-17T02:32:50.1391242+09:00" testType="13cdc9d9-ddb5-4fa4-a97d-d965ccfc6d4b" outcome="Passed" testListId="8c84fa94-04c1-424b-9868-57a2d4851a1d" relativeResultsDirectory="f61bfc49-16d5-4c50-b990-faf8c8f94fd8">
    </UnitTestResult>
    <UnitTestResult executionId="00db03f6-db48-4695-b7b6-f0b7b09d9a83" testId="1886196f-246c-cf3b-7c1c-5d9bdded0654" testName="DutyTest" computerName="CLIENTAZS" duration="00:00:00.0116577" startTime="2011-07-17T02:32:50.1451246+09:00" endTime="2011-07-17T02:32:50.1851269+09:00" testType="13cdc9d9-ddb5-4fa4-a97d-d965ccfc6d4b" outcome="Passed" testListId="8c84fa94-04c1-424b-9868-57a2d4851a1d" relativeResultsDirectory="00db03f6-db48-4695-b7b6-f0b7b09d9a83">
    </UnitTestResult>
    <UnitTestResult executionId="fd50becd-f198-4347-91c9-acedeac360d3" testId="1ad9505e-7b3d-d16d-51df-a136ac1ace33" testName="ToStringTest" computerName="CLIENTAZS" duration="00:00:00.0111011" startTime="2011-07-17T02:32:50.1921273+09:00" endTime="2011-07-17T02:32:50.2281293+09:00" testType="13cdc9d9-ddb5-4fa4-a97d-d965ccfc6d4b" outcome="Passed" testListId="8c84fa94-04c1-424b-9868-57a2d4851a1d" relativeResultsDirectory="fd50becd-f198-4347-91c9-acedeac360d3">
      <Output>
        <TextMessages>
          <Message>Timer = 0, V = 2.5, IsDetected = True, Threshold = 1.25</Message>
        </TextMessages>
      </Output>
    </UnitTestResult>
    <UnitTestResult executionId="f07a7038-31ce-4b01-bd83-45429b2e3e77" testId="22f3781a-41b8-964c-ec0c-167b4a095ea8" testName="EssentialDutyResolutionTest" computerName="CLIENTAZS" duration="00:00:00.0566888" startTime="2011-07-17T02:32:50.2341297+09:00" endTime="2011-07-17T02:32:50.3051337+09:00" testType="13cdc9d9-ddb5-4fa4-a97d-d965ccfc6d4b" outcome="Failed" testListId="8c84fa94-04c1-424b-9868-57a2d4851a1d" relativeResultsDirectory="f07a7038-31ce-4b01-bd83-45429b2e3e77">
      <Output>
        <ErrorInfo>
          <Message>Assert.IsTrue に失敗しました。</Message>
          <StackTrace>   場所 TestProject.TrainControllerStateTest.EssentialDutyResolutionTest() 場所 C:\Users\root\Documents\Visual Studio 2010\Projects\SerialPortTest\TestProject\TrainControllerStateTest.cs:行 183
</StackTrace>
        </ErrorInfo>
      </Output>
    </UnitTestResult>
    <UnitTestResult executionId="f3e9381e-8a1c-40be-9d8e-e7ce94537861" testId="314353f8-f8f2-09fc-9d42-2c7ab0b773e8" testName="PushTest" computerName="CLIENTAZS" duration="00:00:00.0711462" startTime="2011-07-17T02:32:50.3191345+09:00" endTime="2011-07-17T02:32:50.4221404+09:00" testType="13cdc9d9-ddb5-4fa4-a97d-d965ccfc6d4b" outcome="Passed" testListId="8c84fa94-04c1-424b-9868-57a2d4851a1d" relativeResultsDirectory="f3e9381e-8a1c-40be-9d8e-e7ce94537861">
    </UnitTestResult>
    <UnitTestResult executionId="e637575b-a2d3-43d8-b4dd-31a08c41d43c" testId="31c80489-96bc-6432-541f-227c31e73e53" testName="MotherBoardDataConstructorTest" computerName="CLIENTAZS" duration="00:00:00.0016529" startTime="2011-07-17T02:32:50.5361469+09:00" endTime="2011-07-17T02:32:50.7121570+09:00" testType="13cdc9d9-ddb5-4fa4-a97d-d965ccfc6d4b" outcome="Passed" testListId="8c84fa94-04c1-424b-9868-57a2d4851a1d" relativeResultsDirectory="e637575b-a2d3-43d8-b4dd-31a08c41d43c">
    </UnitTestResult>
    <UnitTestResult executionId="93ed2f15-6026-4f08-9c17-cdadce0029bb" testId="33375970-617f-3a5a-7a00-f7181501c5a1" testName="NotifyTest" computerName="CLIENTAZS" duration="00:00:00.1973885" startTime="2011-07-17T02:32:50.7281579+09:00" endTime="2011-07-17T02:32:50.9701718+09:00" testType="13cdc9d9-ddb5-4fa4-a97d-d965ccfc6d4b" outcome="Passed" testListId="8c84fa94-04c1-424b-9868-57a2d4851a1d" relativeResultsDirectory="93ed2f15-6026-4f08-9c17-cdadce0029bb">
    </UnitTestResult>
    <UnitTestResult executionId="d37438bf-ace2-4ff5-a1da-6883bf5d6461" testId="3924b4a9-c8e3-1923-e40a-d9b46ab0bbcb" testName="DirectionsTest" computerName="CLIENTAZS" duration="00:00:00.0070881" startTime="2011-07-17T02:32:50.9781722+09:00" endTime="2011-07-17T02:32:50.9941731+09:00" testType="13cdc9d9-ddb5-4fa4-a97d-d965ccfc6d4b" outcome="Passed" testListId="8c84fa94-04c1-424b-9868-57a2d4851a1d" relativeResultsDirectory="d37438bf-ace2-4ff5-a1da-6883bf5d6461">
    </UnitTestResult>
    <UnitTestResult executionId="5304cbc5-2fca-4db6-a32e-d0a7adcbf5a8" testId="3a4db604-7139-9804-2ab5-ad14796afec1" testName="SelectedDeviceTest" computerName="CLIENTAZS" duration="00:00:00.1548605" startTime="2011-07-17T02:32:51.0091740+09:00" endTime="2011-07-17T02:32:51.3081911+09:00" testType="13cdc9d9-ddb5-4fa4-a97d-d965ccfc6d4b" outcome="Passed" testListId="8c84fa94-04c1-424b-9868-57a2d4851a1d" relativeResultsDirectory="5304cbc5-2fca-4db6-a32e-d0a7adcbf5a8">
    </UnitTestResult>
    <UnitTestResult executionId="07e2f08c-7358-4910-847d-3fcf718ecbce" testId="4820147a-9623-95f5-e2c8-b660da05a3c5" testName="IsDetectedTest" computerName="CLIENTAZS" duration="00:00:00.0025176" startTime="2011-07-17T02:32:51.3391929+09:00" endTime="2011-07-17T02:32:51.3691946+09:00" testType="13cdc9d9-ddb5-4fa4-a97d-d965ccfc6d4b" outcome="Passed" testListId="8c84fa94-04c1-424b-9868-57a2d4851a1d" relativeResultsDirectory="07e2f08c-7358-4910-847d-3fcf718ecbce">
    </UnitTestResult>
    <UnitTestResult executionId="94ea164a-fba4-46cf-a765-75572d1ba2a7" testId="5e33c801-5bb0-de1e-ffe1-f0ba7029527b" testName="DevicePeriodTest" computerName="CLIENTAZS" duration="00:00:00.0436746" startTime="2011-07-17T02:32:51.3771950+09:00" endTime="2011-07-17T02:32:51.4471990+09:00" testType="13cdc9d9-ddb5-4fa4-a97d-d965ccfc6d4b" outcome="Passed" testListId="8c84fa94-04c1-424b-9868-57a2d4851a1d" relativeResultsDirectory="94ea164a-fba4-46cf-a765-75572d1ba2a7">
    </UnitTestResult>
    <UnitTestResult executionId="bdc485a9-ffe2-4168-89c3-f614b5bc8431" testId="5ef5b6e1-0cec-8e3e-2a18-36ec4ba05980" testName="CurrentVoltageTest" computerName="CLIENTAZS" duration="00:00:00.0015229" startTime="2011-07-17T02:32:51.4611998+09:00" endTime="2011-07-17T02:32:51.5022022+09:00" testType="13cdc9d9-ddb5-4fa4-a97d-d965ccfc6d4b" outcome="Passed" testListId="8c84fa94-04c1-424b-9868-57a2d4851a1d" relativeResultsDirectory="bdc485a9-ffe2-4168-89c3-f614b5bc8431">
    </UnitTestResult>
    <UnitTestResult executionId="b30e6646-1677-4b6f-a470-49a651b2ecf7" testId="64811b85-89b0-0b59-3263-26f94adb60fb" testName="FlushTest" computerName="CLIENTAZS" duration="00:00:00.0156065" startTime="2011-07-17T02:32:51.5442046+09:00" endTime="2011-07-17T02:32:51.5962076+09:00" testType="13cdc9d9-ddb5-4fa4-a97d-d965ccfc6d4b" outcome="Passed" testListId="8c84fa94-04c1-424b-9868-57a2d4851a1d" relativeResultsDirectory="b30e6646-1677-4b6f-a470-49a651b2ecf7">
    </UnitTestResult>
    <UnitTestResult executionId="455f744c-0a32-4703-9c1f-7b6c4d199249" testId="674eb767-160f-184e-901f-e20a6d038918" testName="ConvertTest" computerName="CLIENTAZS" duration="00:00:00.0142429" startTime="2011-07-17T02:32:51.6032080+09:00" endTime="2011-07-17T02:32:51.6522108+09:00" testType="13cdc9d9-ddb5-4fa4-a97d-d965ccfc6d4b" outcome="Passed" testListId="8c84fa94-04c1-424b-9868-57a2d4851a1d" relativeResultsDirectory="455f744c-0a32-4703-9c1f-7b6c4d199249">
    </UnitTestResult>
    <UnitTestResult executionId="46ab1c0b-b38f-46fd-8e60-dfcc3c4618b3" testId="8430c551-4dca-8dc6-6839-20a36a121715" testName="PWMPeriodTest" computerName="CLIENTAZS" duration="00:00:00.0066184" startTime="2011-07-17T02:32:51.6832125+09:00" endTime="2011-07-17T02:32:51.7122142+09:00" testType="13cdc9d9-ddb5-4fa4-a97d-d965ccfc6d4b" outcome="Failed" testListId="8c84fa94-04c1-424b-9868-57a2d4851a1d" relativeResultsDirectory="46ab1c0b-b38f-46fd-8e60-dfcc3c4618b3">
      <Output>
        <ErrorInfo>
          <Message>Assert.IsTrue に失敗しました。</Message>
          <StackTrace>   場所 TestProject.TrainControllerStateTest.PWMPeriodTest() 場所 C:\Users\root\Documents\Visual Studio 2010\Projects\SerialPortTest\TestProject\TrainControllerStateTest.cs:行 249
</StackTrace>
        </ErrorInfo>
      </Output>
    </UnitTestResult>
    <UnitTestResult executionId="cbe12107-b7dd-4d51-9734-26598e3f56f9" testId="888367e1-b0e5-f904-1073-ef6838ec8384" testName="ParentIDTest" computerName="CLIENTAZS" duration="00:00:00.0031686" startTime="2011-07-17T02:32:51.7262150+09:00" endTime="2011-07-17T02:32:51.7872185+09:00" testType="13cdc9d9-ddb5-4fa4-a97d-d965ccfc6d4b" outcome="Passed" testListId="8c84fa94-04c1-424b-9868-57a2d4851a1d" relativeResultsDirectory="cbe12107-b7dd-4d51-9734-26598e3f56f9">
    </UnitTestResult>
    <UnitTestResult executionId="a37c0370-1cac-4532-bf00-b74bbb83e034" testId="8c676a8d-ec31-5a6b-13ab-e80d4af41e42" testName="ToByteArrayTest" computerName="CLIENTAZS" duration="00:00:00.0040235" startTime="2011-07-17T02:32:51.7912187+09:00" endTime="2011-07-17T02:32:51.8382214+09:00" testType="13cdc9d9-ddb5-4fa4-a97d-d965ccfc6d4b" outcome="Passed" testListId="8c84fa94-04c1-424b-9868-57a2d4851a1d" relativeResultsDirectory="a37c0370-1cac-4532-bf00-b74bbb83e034">
    </UnitTestResult>
    <UnitTestResult executionId="e3289c9a-358e-4411-819c-9c52de7e8f03" testId="8da466f7-c384-a693-e5eb-95d9f9f6fa64" testName="PointModuleStateConstructorTest" computerName="CLIENTAZS" duration="00:00:00.0755704" startTime="2011-07-17T02:32:51.8422216+09:00" endTime="2011-07-17T02:32:51.9442275+09:00" testType="13cdc9d9-ddb5-4fa4-a97d-d965ccfc6d4b" outcome="Passed" testListId="8c84fa94-04c1-424b-9868-57a2d4851a1d" relativeResultsDirectory="e3289c9a-358e-4411-819c-9c52de7e8f03">
    </UnitTestResult>
    <UnitTestResult executionId="085e7c05-8571-473e-b178-82042adfbaad" testId="ad40eac8-0529-544e-7cd1-f5b2a391e919" testName="OverflowedCountTest" computerName="CLIENTAZS" duration="00:00:00.0120511" startTime="2011-07-17T02:32:52.0222319+09:00" endTime="2011-07-17T02:32:52.0612342+09:00" testType="13cdc9d9-ddb5-4fa4-a97d-d965ccfc6d4b" outcome="Passed" testListId="8c84fa94-04c1-424b-9868-57a2d4851a1d" relativeResultsDirectory="085e7c05-8571-473e-b178-82042adfbaad">
    </UnitTestResult>
    <UnitTestResult executionId="ad2b74bc-6c07-471b-accf-d251d1f6cda1" testId="b5a4d5e0-4c69-c428-0875-3e21832ca469" testName="GetEnumeratorTest1" computerName="CLIENTAZS" duration="00:00:00.0015196" startTime="2011-07-17T02:32:52.0932360+09:00" endTime="2011-07-17T02:32:52.1222377+09:00" testType="13cdc9d9-ddb5-4fa4-a97d-d965ccfc6d4b" outcome="Passed" testListId="8c84fa94-04c1-424b-9868-57a2d4851a1d" relativeResultsDirectory="ad2b74bc-6c07-471b-accf-d251d1f6cda1">
    </UnitTestResult>
    <UnitTestResult executionId="0fa73a46-4796-4c1d-a821-125bf18f50c3" testId="bab9a259-07fe-b630-2db5-50efc4a015e7" testName="LoopingArrayConstructorTest" computerName="CLIENTAZS" duration="00:00:00.0014278" startTime="2011-07-17T02:32:52.1262379+09:00" endTime="2011-07-17T02:32:52.1802410+09:00" testType="13cdc9d9-ddb5-4fa4-a97d-d965ccfc6d4b" outcome="Passed" testListId="8c84fa94-04c1-424b-9868-57a2d4851a1d" relativeResultsDirectory="0fa73a46-4796-4c1d-a821-125bf18f50c3">
    </UnitTestResult>
    <UnitTestResult executionId="2c7b9bdd-9276-4c02-9087-c7d45b71a55c" testId="bb37a384-0089-6563-1ba1-ccf041f0602b" testName="UsbDevicesViewModelConstructorTest" computerName="CLIENTAZS" duration="00:00:00.0003039" startTime="2011-07-17T02:32:52.1862413+09:00" endTime="2011-07-17T02:32:52.2052424+09:00" testType="13cdc9d9-ddb5-4fa4-a97d-d965ccfc6d4b" outcome="Passed" testListId="8c84fa94-04c1-424b-9868-57a2d4851a1d" relativeResultsDirectory="2c7b9bdd-9276-4c02-9087-c7d45b71a55c">
    </UnitTestResult>
    <UnitTestResult executionId="7f550378-7bc6-4866-8bc8-cbd76148fdcf" testId="be2edf0d-5154-5674-29d1-d642bbc088db" testName="PreScaleTest" computerName="CLIENTAZS" duration="00:00:00.0011767" startTime="2011-07-17T02:32:52.2132429+09:00" endTime="2011-07-17T02:32:52.2322439+09:00" testType="13cdc9d9-ddb5-4fa4-a97d-d965ccfc6d4b" outcome="Passed" testListId="8c84fa94-04c1-424b-9868-57a2d4851a1d" relativeResultsDirectory="7f550378-7bc6-4866-8bc8-cbd76148fdcf">
    </UnitTestResult>
    <UnitTestResult executionId="9fe8a31b-df4f-484f-872c-c61bc0ee6ab9" testId="c3e25e71-e6a3-3799-dbe0-bacda8fc8163" testName="ModuleTypeTest" computerName="CLIENTAZS" duration="00:00:00.0007565" startTime="2011-07-17T02:32:52.2372442+09:00" endTime="2011-07-17T02:32:52.2542452+09:00" testType="13cdc9d9-ddb5-4fa4-a97d-d965ccfc6d4b" outcome="Passed" testListId="8c84fa94-04c1-424b-9868-57a2d4851a1d" relativeResultsDirectory="9fe8a31b-df4f-484f-872c-c61bc0ee6ab9">
    </UnitTestResult>
    <UnitTestResult executionId="cd0c7bf6-e337-4348-9f85-39554c041de5" testId="c57eff42-a84b-6116-b645-b74d987ba9b1" testName="DeviceCandicatesTest" computerName="CLIENTAZS" duration="00:00:00.7565093" startTime="2011-07-17T02:32:52.2642458+09:00" endTime="2011-07-17T02:32:53.0372900+09:00" testType="13cdc9d9-ddb5-4fa4-a97d-d965ccfc6d4b" outcome="Passed" testListId="8c84fa94-04c1-424b-9868-57a2d4851a1d" relativeResultsDirectory="cd0c7bf6-e337-4348-9f85-39554c041de5">
    </UnitTestResult>
    <UnitTestResult executionId="28fbcdee-dc81-4608-aa0e-d7130f9de4d8" testId="c6c2c1ab-9d23-f24c-e326-eec075cfb3f8" testName="ItemTest" computerName="CLIENTAZS" duration="00:00:00.0621906" startTime="2011-07-17T02:32:53.0412902+09:00" endTime="2011-07-17T02:32:53.1312954+09:00" testType="13cdc9d9-ddb5-4fa4-a97d-d965ccfc6d4b" outcome="Passed" testListId="8c84fa94-04c1-424b-9868-57a2d4851a1d" relativeResultsDirectory="28fbcdee-dc81-4608-aa0e-d7130f9de4d8">
    </UnitTestResult>
    <UnitTestResult executionId="0b0938af-b01c-45a1-bb6d-2eb6066f3c71" testId="c89c1729-1b69-9af7-691d-ccb30e6f1a55" testName="PortMappingEnumerableTest" computerName="CLIENTAZS" duration="00:00:00.0068207" startTime="2011-07-17T02:32:53.3843098+09:00" endTime="2011-07-17T02:32:53.5053168+09:00" testType="13cdc9d9-ddb5-4fa4-a97d-d965ccfc6d4b" outcome="Passed" testListId="8c84fa94-04c1-424b-9868-57a2d4851a1d" relativeResultsDirectory="0b0938af-b01c-45a1-bb6d-2eb6066f3c71">
    </UnitTestResult>
    <UnitTestResult executionId="e2c042a1-154a-4632-8dbd-b40ee9f22b4c" testId="d13089e7-1536-fd2b-d03c-745461abacef" testName="IsSatisfiedDutyResolutionTest" computerName="CLIENTAZS" duration="00:00:00.0061860" startTime="2011-07-17T02:32:53.5263180+09:00" endTime="2011-07-17T02:32:53.5933218+09:00" testType="13cdc9d9-ddb5-4fa4-a97d-d965ccfc6d4b" outcome="Failed" testListId="8c84fa94-04c1-424b-9868-57a2d4851a1d" relativeResultsDirectory="e2c042a1-154a-4632-8dbd-b40ee9f22b4c">
      <Output>
        <ErrorInfo>
          <Message>Assert.IsTrue に失敗しました。</Message>
          <StackTrace>   場所 TestProject.TrainControllerStateTest.IsSatisfiedDutyResolutionTest() 場所 C:\Users\root\Documents\Visual Studio 2010\Projects\SerialPortTest\TestProject\TrainControllerStateTest.cs:行 204
</StackTrace>
        </ErrorInfo>
      </Output>
    </UnitTestResult>
    <UnitTestResult executionId="9b4bb77e-33c1-49eb-bc1e-9f2f9e7f77de" testId="d450f3d0-8079-6610-30f8-2a068f923ae0" testName="DeviceFrequencyTest" computerName="CLIENTAZS" duration="00:00:00.0125094" startTime="2011-07-17T02:32:53.5983221+09:00" endTime="2011-07-17T02:32:53.7193290+09:00" testType="13cdc9d9-ddb5-4fa4-a97d-d965ccfc6d4b" outcome="Passed" testListId="8c84fa94-04c1-424b-9868-57a2d4851a1d" relativeResultsDirectory="9b4bb77e-33c1-49eb-bc1e-9f2f9e7f77de">
    </UnitTestResult>
    <UnitTestResult executionId="c1d208fa-77f6-477c-928e-e14871ed47ea" testId="d525b94c-5b6f-2f29-8d49-3701df1775ef" testName="AvailableDevicesTest" computerName="CLIENTAZS" duration="00:00:00.0098170" startTime="2011-07-17T02:32:53.7223292+09:00" endTime="2011-07-17T02:32:53.7613314+09:00" testType="13cdc9d9-ddb5-4fa4-a97d-d965ccfc6d4b" outcome="Passed" testListId="8c84fa94-04c1-424b-9868-57a2d4851a1d" relativeResultsDirectory="c1d208fa-77f6-477c-928e-e14871ed47ea">
    </UnitTestResult>
    <UnitTestResult executionId="6c90c023-abb0-4164-b92e-41628bfdd0f9" testId="e1892563-72ac-e402-dfba-90f0fb1b229e" testName="WriteTest" computerName="CLIENTAZS" duration="00:00:00.0022689" startTime="2011-07-17T02:32:53.7673318+09:00" endTime="2011-07-17T02:32:53.7983335+09:00" testType="13cdc9d9-ddb5-4fa4-a97d-d965ccfc6d4b" outcome="Passed" testListId="8c84fa94-04c1-424b-9868-57a2d4851a1d" relativeResultsDirectory="6c90c023-abb0-4164-b92e-41628bfdd0f9">
    </UnitTestResult>
    <UnitTestResult executionId="bfd6f35d-04cc-40c2-8928-4e4a8dd38151" testId="e36da11d-994b-1ac2-4a9f-70734f4a554b" testName="ThresholdVoltageTest" computerName="CLIENTAZS" duration="00:00:00.0016554" startTime="2011-07-17T02:32:53.8033338+09:00" endTime="2011-07-17T02:32:53.8213348+09:00" testType="13cdc9d9-ddb5-4fa4-a97d-d965ccfc6d4b" outcome="Passed" testListId="8c84fa94-04c1-424b-9868-57a2d4851a1d" relativeResultsDirectory="bfd6f35d-04cc-40c2-8928-4e4a8dd38151">
    </UnitTestResult>
    <UnitTestResult executionId="3beb5d10-b16f-458d-a379-16ac4cbdc596" testId="e531a444-ddb8-6cc8-ba69-dded1772c8fb" testName="TimerTest" computerName="CLIENTAZS" duration="00:00:00.0026078" startTime="2011-07-17T02:32:53.8283352+09:00" endTime="2011-07-17T02:32:53.8423360+09:00" testType="13cdc9d9-ddb5-4fa4-a97d-d965ccfc6d4b" outcome="Passed" testListId="8c84fa94-04c1-424b-9868-57a2d4851a1d" relativeResultsDirectory="3beb5d10-b16f-458d-a379-16ac4cbdc596">
    </UnitTestResult>
    <UnitTestResult executionId="19b973dc-7592-4259-b02e-41a9b5df1f46" testId="e636afca-43c6-677e-deb3-86d562155830" testName="PointModuleDataConstructorTest" computerName="CLIENTAZS" duration="00:00:00.0076334" startTime="2011-07-17T02:32:53.8463363+09:00" endTime="2011-07-17T02:32:53.8663374+09:00" testType="13cdc9d9-ddb5-4fa4-a97d-d965ccfc6d4b" outcome="Passed" testListId="8c84fa94-04c1-424b-9868-57a2d4851a1d" relativeResultsDirectory="19b973dc-7592-4259-b02e-41a9b5df1f46">
    </UnitTestResult>
    <UnitTestResult executionId="36fc7f6b-a43f-4a23-bd62-254b39d30e98" testId="e7d27d5a-0dca-8191-f30e-a3d70f9835ee" testName="ModeTest" computerName="CLIENTAZS" duration="00:00:00.0019756" startTime="2011-07-17T02:32:53.8703376+09:00" endTime="2011-07-17T02:32:53.8893387+09:00" testType="13cdc9d9-ddb5-4fa4-a97d-d965ccfc6d4b" outcome="Passed" testListId="8c84fa94-04c1-424b-9868-57a2d4851a1d" relativeResultsDirectory="36fc7f6b-a43f-4a23-bd62-254b39d30e98">
    </UnitTestResult>
    <UnitTestResult executionId="70ca0861-7b9d-42f2-afda-ef9462f976ff" testId="e80f6e6d-b295-d620-d601-d4211759ac72" testName="DeviceRegisteredPeriodTest" computerName="CLIENTAZS" duration="00:00:00.0007102" startTime="2011-07-17T02:32:53.8973392+09:00" endTime="2011-07-17T02:32:53.9033395+09:00" testType="13cdc9d9-ddb5-4fa4-a97d-d965ccfc6d4b" outcome="Passed" testListId="8c84fa94-04c1-424b-9868-57a2d4851a1d" relativeResultsDirectory="70ca0861-7b9d-42f2-afda-ef9462f976ff">
    </UnitTestResult>
    <UnitTestResult executionId="a61b1f5f-990e-4617-ad0d-59f7f7f5bae7" testId="e97e0475-1df3-1614-6d37-36b8da6c07df" testName="ByteArrayValidationCheck" computerName="CLIENTAZS" duration="00:00:00.0002340" startTime="2011-07-17T02:32:53.9113400+09:00" endTime="2011-07-17T02:32:53.9203405+09:00" testType="13cdc9d9-ddb5-4fa4-a97d-d965ccfc6d4b" outcome="Passed" testListId="8c84fa94-04c1-424b-9868-57a2d4851a1d" relativeResultsDirectory="a61b1f5f-990e-4617-ad0d-59f7f7f5bae7">
    </UnitTestResult>
    <UnitTestResult executionId="61f1a061-8e5b-4f8b-a2d1-6d341f9585a2" testId="f3ffe881-46a7-6ee6-404d-376b40511b07" testName="ConvertBackTest" computerName="CLIENTAZS" duration="00:00:00.0014522" startTime="2011-07-17T02:32:53.9253408+09:00" endTime="2011-07-17T02:32:53.9383415+09:00" testType="13cdc9d9-ddb5-4fa4-a97d-d965ccfc6d4b" outcome="Passed" testListId="8c84fa94-04c1-424b-9868-57a2d4851a1d" relativeResultsDirectory="61f1a061-8e5b-4f8b-a2d1-6d341f9585a2">
    </UnitTestResult>
    <UnitTestResult executionId="1c5bc38b-b276-4ff8-92f8-bbe67cd366dc" testId="f47f23ed-0e88-3d4b-b24a-b93a5162bbab" testName="GetEnumeratorTest" computerName="CLIENTAZS" duration="00:00:00.0023510" startTime="2011-07-17T02:32:53.9433418+09:00" endTime="2011-07-17T02:32:53.9583427+09:00" testType="13cdc9d9-ddb5-4fa4-a97d-d965ccfc6d4b" outcome="Passed" testListId="8c84fa94-04c1-424b-9868-57a2d4851a1d" relativeResultsDirectory="1c5bc38b-b276-4ff8-92f8-bbe67cd366dc">
    </UnitTestResult>
    <UnitTestResult executionId="a1328e9b-4e6c-43b0-b87b-2e0ebd641831" testId="f5900dd0-b768-09a7-faae-44c4f82d72aa" testName="PWMFreqencyTest" computerName="CLIENTAZS" duration="00:00:00.0034132" startTime="2011-07-17T02:32:53.9613428+09:00" endTime="2011-07-17T02:32:53.9773438+09:00" testType="13cdc9d9-ddb5-4fa4-a97d-d965ccfc6d4b" outcome="Failed" testListId="8c84fa94-04c1-424b-9868-57a2d4851a1d" relativeResultsDirectory="a1328e9b-4e6c-43b0-b87b-2e0ebd641831">
      <Output>
        <ErrorInfo>
          <Message>Assert.IsTrue に失敗しました。</Message>
          <StackTrace>   場所 TestProject.TrainControllerStateTest.PWMFreqencyTest() 場所 C:\Users\root\Documents\Visual Studio 2010\Projects\SerialPortTest\TestProject\TrainControllerStateTest.cs:行 226
</StackTrace>
        </ErrorInfo>
      </Output>
    </UnitTestResult>
    <UnitTestResult executionId="7f3085eb-57c6-449d-a64c-2d1c1b6afc10" testId="f7a737b6-f8da-3a0e-93c8-58a3d6ddb7dd" testName="TrainSensorViewModelConstructorTest" computerName="CLIENTAZS" duration="00:00:00.0014701" startTime="2011-07-17T02:32:53.9813440+09:00" endTime="2011-07-17T02:32:54.0063454+09:00" testType="13cdc9d9-ddb5-4fa4-a97d-d965ccfc6d4b" outcome="Passed" testListId="8c84fa94-04c1-424b-9868-57a2d4851a1d" relativeResultsDirectory="7f3085eb-57c6-449d-a64c-2d1c1b6afc10">
    </UnitTestResult>
    <UnitTestResult executionId="ef6d4a4c-0407-41ef-a29c-ad023839d563" testId="fd6576fe-8e64-b2e3-565c-e729b98d43e4" testName="ItemTest" computerName="CLIENTAZS" duration="00:00:00.0180925" startTime="2011-07-17T02:32:54.0103457+09:00" endTime="2011-07-17T02:32:54.0413474+09:00" testType="13cdc9d9-ddb5-4fa4-a97d-d965ccfc6d4b" outcome="Passed" testListId="8c84fa94-04c1-424b-9868-57a2d4851a1d" relativeResultsDirectory="ef6d4a4c-0407-41ef-a29c-ad023839d563">
    </UnitTestResult>
    <UnitTestResult executionId="a7b9719d-81a9-4658-af1d-4068fe5c6128" testId="ff56d913-09b6-6f1a-eca1-4fc7d055cea3" testName="MotherBoardViewModelConstructorTest" computerName="CLIENTAZS" duration="00:00:00.0002990" startTime="2011-07-17T02:32:54.0453477+09:00" endTime="2011-07-17T02:32:54.0583484+09:00" testType="13cdc9d9-ddb5-4fa4-a97d-d965ccfc6d4b" outcome="Passed" testListId="8c84fa94-04c1-424b-9868-57a2d4851a1d" relativeResultsDirectory="a7b9719d-81a9-4658-af1d-4068fe5c6128">
    </UnitTestResult>
  </Results>
</TestRun>