<?xml version="1.0" encoding="UTF-8"?>
<TestRun id="22890d62-dec0-48d8-b291-c35396ac861c" name="root@CLIENTAZS 2011-07-03 01:06:10" runUser="CLIENTAZS\root" xmlns="http://microsoft.com/schemas/VisualStudio/TeamTest/2010">
  <TestSettings name="ローカル" id="82b9a1a8-b1c9-4cfe-afea-c8e70cee6ddc">
    <Description>これらはローカル テスト実行用の既定のテスト設定です。</Description>
    <Deployment enabled="false" runDeploymentRoot="root_CLIENTAZS 2011-07-03 01_06_10">
      <DeploymentItem filename="C:\Users\root\Documents\Visual Studio 2010\Projects\SerialPortTest\SensorLivetView\InfrastructureAssemblies\Livet.dll" />
      <DeploymentItem filename="C:\Users\root\Documents\Visual Studio 2010\Projects\SerialPortTest\CensorLibrary\bin\Debug\SensorLibrary.dll" />
      <DeploymentItem filename="C:\Program Files (x86)\Microsoft SDKs\Expression\Blend\.NETFramework\v4.0\Libraries\Microsoft.Expression.Interactions.dll" />
      <DeploymentItem filename="C:\Program Files (x86)\Microsoft Reactive Extensions SDK\v1.1.10621\Binaries\.NETFramework\v4.0\System.Reactive.dll" />
      <DeploymentItem filename="C:\Users\root\Documents\Visual Studio 2010\Projects\SerialPortTest\SensorLivetView\bin\Debug\SensorLivetView.exe" />
      <DeploymentItem filename="C:\Program Files\LibUsbDotNet\Src\LibWinUsb\bin\Debug\LibUsbDotNet.dll" />
      <DeploymentItem filename="C:\Program Files (x86)\Microsoft SDKs\Expression\Blend\.NETFramework\v4.0\Libraries\System.Windows.Interactivity.dll" />
      <DeploymentItem filename="C:\Users\root\Documents\Visual Studio 2010\Projects\SerialPortTest\TestProject\bin\Debug\Microsoft.Reactive.Testing.dll" />
    </Deployment>
    <Execution>
      <TestTypeSpecific />
      <AgentRule name="Execution Agents">
      </AgentRule>
    </Execution>
  </TestSettings>
  <Times creation="2011-07-03T01:06:10.2086379+09:00" queuing="2011-07-03T01:06:10.5546577+09:00" start="2011-07-03T01:06:10.7726701+09:00" finish="2011-07-03T01:06:14.0088552+09:00" />
  <ResultSummary outcome="Completed">
    <Counters total="33" executed="33" passed="33" error="0" failed="0" timeout="0" aborted="0" inconclusive="0" passedButRunAborted="0" notRunnable="0" notExecuted="0" disconnected="0" warning="0" completed="0" inProgress="0" pending="0" />
  </ResultSummary>
  <TestDefinitions>
    <UnitTest name="TimerTest" storage="c:\users\root\documents\visual studio 2010\projects\serialporttest\testproject\bin\debug\testproject.dll" id="02112a0a-b267-4424-8970-91320a0a97c2">
      <Execution id="42e1fea5-c02e-40ed-90d5-7d5d1a4718d6" />
      <TestMethod codeBase="C:/Users/root/Documents/Visual Studio 2010/Projects/SerialPortTest/TestProject/bin/Debug/TestProject.DLL" adapterTypeName="Microsoft.VisualStudio.TestTools.TestTypes.Unit.UnitTestAdapter, Microsoft.VisualStudio.QualityTools.Tips.UnitTest.Adapter, Version=10.0.0.0, Culture=neutral, PublicKeyToken=b03f5f7f11d50a3a" className="TestProject.TrainSensorStateTest, TestProject, Version=1.0.0.0, Culture=neutral, PublicKeyToken=null" name="TimerTest" />
    </UnitTest>
    <UnitTest name="ToStringTest" storage="c:\users\root\documents\visual studio 2010\projects\serialporttest\testproject\bin\debug\testproject.dll" id="1ad9505e-7b3d-d16d-51df-a136ac1ace33">
      <Execution id="6fb7ff7b-fe4c-4fb8-87bb-d41e612fefa6" />
      <TestMethod codeBase="C:/Users/root/Documents/Visual Studio 2010/Projects/SerialPortTest/TestProject/bin/Debug/TestProject.DLL" adapterTypeName="Microsoft.VisualStudio.TestTools.TestTypes.Unit.UnitTestAdapter, Microsoft.VisualStudio.QualityTools.Tips.UnitTest.Adapter, Version=10.0.0.0, Culture=neutral, PublicKeyToken=b03f5f7f11d50a3a" className="TestProject.TrainSensorStateTest, TestProject, Version=1.0.0.0, Culture=neutral, PublicKeyToken=null" name="ToStringTest" />
    </UnitTest>
    <UnitTest name="PointModuleStateConstructorTest" storage="c:\users\root\documents\visual studio 2010\projects\serialporttest\testproject\bin\debug\testproject.dll" id="8da466f7-c384-a693-e5eb-95d9f9f6fa64">
      <Execution id="3a4f1713-5b44-4f3e-adf4-c5e7cf612991" />
      <TestMethod codeBase="C:/Users/root/Documents/Visual Studio 2010/Projects/SerialPortTest/TestProject/bin/Debug/TestProject.DLL" adapterTypeName="Microsoft.VisualStudio.TestTools.TestTypes.Unit.UnitTestAdapter, Microsoft.VisualStudio.QualityTools.Tips.UnitTest.Adapter, Version=10.0.0.0, Culture=neutral, PublicKeyToken=b03f5f7f11d50a3a" className="TestProject.PointModuleStateTest, TestProject, Version=1.0.0.0, Culture=neutral, PublicKeyToken=null" name="PointModuleStateConstructorTest" />
    </UnitTest>
    <UnitTest name="ItemTest" storage="c:\users\root\documents\visual studio 2010\projects\serialporttest\testproject\bin\debug\testproject.dll" id="fd6576fe-8e64-b2e3-565c-e729b98d43e4">
      <Execution id="be85b50b-a8b3-425e-b847-85398b1be192" />
      <TestMethod codeBase="C:/Users/root/Documents/Visual Studio 2010/Projects/SerialPortTest/TestProject/bin/Debug/TestProject.DLL" adapterTypeName="Microsoft.VisualStudio.TestTools.TestTypes.Unit.UnitTestAdapter, Microsoft.VisualStudio.QualityTools.Tips.UnitTest.Adapter, Version=10.0.0.0, Culture=neutral, PublicKeyToken=b03f5f7f11d50a3a" className="TestProject.MotherBoardStateTest, TestProject, Version=1.0.0.0, Culture=neutral, PublicKeyToken=null" name="ItemTest" />
    </UnitTest>
    <UnitTest name="SelectedDeviceTest" storage="c:\users\root\documents\visual studio 2010\projects\serialporttest\testproject\bin\debug\testproject.dll" id="3a4db604-7139-9804-2ab5-ad14796afec1">
      <Execution id="c656689d-aea8-45a7-96e9-fafde5e0e3f2" />
      <TestMethod codeBase="C:/Users/root/Documents/Visual Studio 2010/Projects/SerialPortTest/TestProject/bin/Debug/TestProject.DLL" adapterTypeName="Microsoft.VisualStudio.TestTools.TestTypes.Unit.UnitTestAdapter, Microsoft.VisualStudio.QualityTools.Tips.UnitTest.Adapter, Version=10.0.0.0, Culture=neutral, PublicKeyToken=b03f5f7f11d50a3a" className="TestProject.UsbDevicesViewModelTest, TestProject, Version=1.0.0.0, Culture=neutral, PublicKeyToken=null" name="SelectedDeviceTest" />
    </UnitTest>
    <UnitTest name="PushTest" storage="c:\users\root\documents\visual studio 2010\projects\serialporttest\testproject\bin\debug\testproject.dll" id="314353f8-f8f2-09fc-9d42-2c7ab0b773e8">
      <Execution id="ae3d4b41-c422-4b96-aa58-8c5c93074dea" />
      <TestMethod codeBase="C:/Users/root/Documents/Visual Studio 2010/Projects/SerialPortTest/TestProject/bin/Debug/TestProject.DLL" adapterTypeName="Microsoft.VisualStudio.TestTools.TestTypes.Unit.UnitTestAdapter, Microsoft.VisualStudio.QualityTools.Tips.UnitTest.Adapter, Version=10.0.0.0, Culture=neutral, PublicKeyToken=b03f5f7f11d50a3a" className="TestProject.LoopingArrayTest, TestProject, Version=1.0.0.0, Culture=neutral, PublicKeyToken=null" name="PushTest" />
    </UnitTest>
    <UnitTest name="DeviceCandicatesTest" storage="c:\users\root\documents\visual studio 2010\projects\serialporttest\testproject\bin\debug\testproject.dll" id="c57eff42-a84b-6116-b645-b74d987ba9b1">
      <Execution id="135ffabd-e683-4250-9375-6adccc298ef6" />
      <TestMethod codeBase="C:/Users/root/Documents/Visual Studio 2010/Projects/SerialPortTest/TestProject/bin/Debug/TestProject.DLL" adapterTypeName="Microsoft.VisualStudio.TestTools.TestTypes.Unit.UnitTestAdapter, Microsoft.VisualStudio.QualityTools.Tips.UnitTest.Adapter, Version=10.0.0.0, Culture=neutral, PublicKeyToken=b03f5f7f11d50a3a" className="TestProject.UsbDevicesViewModelTest, TestProject, Version=1.0.0.0, Culture=neutral, PublicKeyToken=null" name="DeviceCandicatesTest" />
    </UnitTest>
    <UnitTest name="MotherBoardDataConstructorTest" storage="c:\users\root\documents\visual studio 2010\projects\serialporttest\testproject\bin\debug\testproject.dll" id="31c80489-96bc-6432-541f-227c31e73e53">
      <Execution id="43b5a7b2-7e88-4789-a60c-f8743b8d5b13" />
      <TestMethod codeBase="C:/Users/root/Documents/Visual Studio 2010/Projects/SerialPortTest/TestProject/bin/Debug/TestProject.DLL" adapterTypeName="Microsoft.VisualStudio.TestTools.TestTypes.Unit.UnitTestAdapter, Microsoft.VisualStudio.QualityTools.Tips.UnitTest.Adapter, Version=10.0.0.0, Culture=neutral, PublicKeyToken=b03f5f7f11d50a3a" className="TestProject.MotherBoardDataTest, TestProject, Version=1.0.0.0, Culture=neutral, PublicKeyToken=null" name="MotherBoardDataConstructorTest" />
    </UnitTest>
    <UnitTest name="FlushTest" storage="c:\users\root\documents\visual studio 2010\projects\serialporttest\testproject\bin\debug\testproject.dll" id="64811b85-89b0-0b59-3263-26f94adb60fb">
      <Execution id="0be9fec6-886f-4732-80bf-5cd336187cdb" />
      <TestMethod codeBase="C:/Users/root/Documents/Visual Studio 2010/Projects/SerialPortTest/TestProject/bin/Debug/TestProject.DLL" adapterTypeName="Microsoft.VisualStudio.TestTools.TestTypes.Unit.UnitTestAdapter, Microsoft.VisualStudio.QualityTools.Tips.UnitTest.Adapter, Version=10.0.0.0, Culture=neutral, PublicKeyToken=b03f5f7f11d50a3a" className="TestProject.ChunckedStreamTest, TestProject, Version=1.0.0.0, Culture=neutral, PublicKeyToken=null" name="FlushTest" />
    </UnitTest>
    <UnitTest name="IsDetectedTest" storage="c:\users\root\documents\visual studio 2010\projects\serialporttest\testproject\bin\debug\testproject.dll" id="4820147a-9623-95f5-e2c8-b660da05a3c5">
      <Execution id="fd35fc02-9742-4b95-b720-590250b47a92" />
      <TestMethod codeBase="C:/Users/root/Documents/Visual Studio 2010/Projects/SerialPortTest/TestProject/bin/Debug/TestProject.DLL" adapterTypeName="Microsoft.VisualStudio.TestTools.TestTypes.Unit.UnitTestAdapter, Microsoft.VisualStudio.QualityTools.Tips.UnitTest.Adapter, Version=10.0.0.0, Culture=neutral, PublicKeyToken=b03f5f7f11d50a3a" className="TestProject.TrainSensorStateTest, TestProject, Version=1.0.0.0, Culture=neutral, PublicKeyToken=null" name="IsDetectedTest" />
    </UnitTest>
    <UnitTest name="PointModuleDataConstructorTest" storage="c:\users\root\documents\visual studio 2010\projects\serialporttest\testproject\bin\debug\testproject.dll" id="e636afca-43c6-677e-deb3-86d562155830">
      <Execution id="b2c73f49-94dc-4fb2-a296-32485918d16f" />
      <TestMethod codeBase="C:/Users/root/Documents/Visual Studio 2010/Projects/SerialPortTest/TestProject/bin/Debug/TestProject.DLL" adapterTypeName="Microsoft.VisualStudio.TestTools.TestTypes.Unit.UnitTestAdapter, Microsoft.VisualStudio.QualityTools.Tips.UnitTest.Adapter, Version=10.0.0.0, Culture=neutral, PublicKeyToken=b03f5f7f11d50a3a" className="TestProject.PointModuleDataTest, TestProject, Version=1.0.0.0, Culture=neutral, PublicKeyToken=null" name="PointModuleDataConstructorTest" />
    </UnitTest>
    <UnitTest name="PortMappingEnumerableTest" storage="c:\users\root\documents\visual studio 2010\projects\serialporttest\testproject\bin\debug\testproject.dll" id="c89c1729-1b69-9af7-691d-ccb30e6f1a55">
      <Execution id="3ce4c48b-6dc5-4243-a742-ec92deab9392" />
      <TestMethod codeBase="C:/Users/root/Documents/Visual Studio 2010/Projects/SerialPortTest/TestProject/bin/Debug/TestProject.DLL" adapterTypeName="Microsoft.VisualStudio.TestTools.TestTypes.Unit.UnitTestAdapter, Microsoft.VisualStudio.QualityTools.Tips.UnitTest.Adapter, Version=10.0.0.0, Culture=neutral, PublicKeyToken=b03f5f7f11d50a3a" className="TestProject.MotherBoardViewModelTest, TestProject, Version=1.0.0.0, Culture=neutral, PublicKeyToken=null" name="PortMappingEnumerableTest" />
    </UnitTest>
    <UnitTest name="GetEnumeratorTest1" storage="c:\users\root\documents\visual studio 2010\projects\serialporttest\testproject\bin\debug\testproject.dll" id="b5a4d5e0-4c69-c428-0875-3e21832ca469">
      <DeploymentItems>
        <DeploymentItem filename="SensorLibrary.dll" />
      </DeploymentItems>
      <Execution id="d863b576-ce9e-45d8-80b3-7d89bea72ae6" />
      <TestMethod codeBase="C:/Users/root/Documents/Visual Studio 2010/Projects/SerialPortTest/TestProject/bin/Debug/TestProject.DLL" adapterTypeName="Microsoft.VisualStudio.TestTools.TestTypes.Unit.UnitTestAdapter, Microsoft.VisualStudio.QualityTools.Tips.UnitTest.Adapter, Version=10.0.0.0, Culture=neutral, PublicKeyToken=b03f5f7f11d50a3a" className="TestProject.LoopingArrayTest, TestProject, Version=1.0.0.0, Culture=neutral, PublicKeyToken=null" name="GetEnumeratorTest1" />
    </UnitTest>
    <UnitTest name="ByteArrayValidationCheck" storage="c:\users\root\documents\visual studio 2010\projects\serialporttest\testproject\bin\debug\testproject.dll" id="e97e0475-1df3-1614-6d37-36b8da6c07df">
      <Execution id="32e4fed4-8a58-4698-ae4e-3e5043988ca5" />
      <TestMethod codeBase="C:/Users/root/Documents/Visual Studio 2010/Projects/SerialPortTest/TestProject/bin/Debug/TestProject.DLL" adapterTypeName="Microsoft.VisualStudio.TestTools.TestTypes.Unit.UnitTestAdapter, Microsoft.VisualStudio.QualityTools.Tips.UnitTest.Adapter, Version=10.0.0.0, Culture=neutral, PublicKeyToken=b03f5f7f11d50a3a" className="TestProject.ConvertExtenstionsTest, TestProject, Version=1.0.0.0, Culture=neutral, PublicKeyToken=null" name="ByteArrayValidationCheck" />
    </UnitTest>
    <UnitTest name="ParentIDTest" storage="c:\users\root\documents\visual studio 2010\projects\serialporttest\testproject\bin\debug\testproject.dll" id="888367e1-b0e5-f904-1073-ef6838ec8384">
      <Execution id="c3cf3606-8a94-4279-a513-968bdf4a2e49" />
      <TestMethod codeBase="C:/Users/root/Documents/Visual Studio 2010/Projects/SerialPortTest/TestProject/bin/Debug/TestProject.DLL" adapterTypeName="Microsoft.VisualStudio.TestTools.TestTypes.Unit.UnitTestAdapter, Microsoft.VisualStudio.QualityTools.Tips.UnitTest.Adapter, Version=10.0.0.0, Culture=neutral, PublicKeyToken=b03f5f7f11d50a3a" className="TestProject.MotherBoardStateTest, TestProject, Version=1.0.0.0, Culture=neutral, PublicKeyToken=null" name="ParentIDTest" />
    </UnitTest>
    <UnitTest name="LoopingArrayConstructorTest" storage="c:\users\root\documents\visual studio 2010\projects\serialporttest\testproject\bin\debug\testproject.dll" id="bab9a259-07fe-b630-2db5-50efc4a015e7">
      <Execution id="13fd7723-52ae-4837-bbec-24856bf42c57" />
      <TestMethod codeBase="C:/Users/root/Documents/Visual Studio 2010/Projects/SerialPortTest/TestProject/bin/Debug/TestProject.DLL" adapterTypeName="Microsoft.VisualStudio.TestTools.TestTypes.Unit.UnitTestAdapter, Microsoft.VisualStudio.QualityTools.Tips.UnitTest.Adapter, Version=10.0.0.0, Culture=neutral, PublicKeyToken=b03f5f7f11d50a3a" className="TestProject.LoopingArrayTest, TestProject, Version=1.0.0.0, Culture=neutral, PublicKeyToken=null" name="LoopingArrayConstructorTest" />
    </UnitTest>
    <UnitTest name="MotherBoardViewModelConstructorTest" storage="c:\users\root\documents\visual studio 2010\projects\serialporttest\testproject\bin\debug\testproject.dll" id="ff56d913-09b6-6f1a-eca1-4fc7d055cea3">
      <Execution id="1e5ef543-b7db-4a1c-9f7d-3e53f813cf6e" />
      <TestMethod codeBase="C:/Users/root/Documents/Visual Studio 2010/Projects/SerialPortTest/TestProject/bin/Debug/TestProject.DLL" adapterTypeName="Microsoft.VisualStudio.TestTools.TestTypes.Unit.UnitTestAdapter, Microsoft.VisualStudio.QualityTools.Tips.UnitTest.Adapter, Version=10.0.0.0, Culture=neutral, PublicKeyToken=b03f5f7f11d50a3a" className="TestProject.MotherBoardViewModelTest, TestProject, Version=1.0.0.0, Culture=neutral, PublicKeyToken=null" name="MotherBoardViewModelConstructorTest" />
    </UnitTest>
    <UnitTest name="UsbDevicesViewModelConstructorTest" storage="c:\users\root\documents\visual studio 2010\projects\serialporttest\testproject\bin\debug\testproject.dll" id="bb37a384-0089-6563-1ba1-ccf041f0602b">
      <Execution id="c0b5951e-000f-41e0-b81a-6732fb8882ed" />
      <TestMethod codeBase="C:/Users/root/Documents/Visual Studio 2010/Projects/SerialPortTest/TestProject/bin/Debug/TestProject.DLL" adapterTypeName="Microsoft.VisualStudio.TestTools.TestTypes.Unit.UnitTestAdapter, Microsoft.VisualStudio.QualityTools.Tips.UnitTest.Adapter, Version=10.0.0.0, Culture=neutral, PublicKeyToken=b03f5f7f11d50a3a" className="TestProject.UsbDevicesViewModelTest, TestProject, Version=1.0.0.0, Culture=neutral, PublicKeyToken=null" name="UsbDevicesViewModelConstructorTest" />
    </UnitTest>
    <UnitTest name="DirectionsTest" storage="c:\users\root\documents\visual studio 2010\projects\serialporttest\testproject\bin\debug\testproject.dll" id="3924b4a9-c8e3-1923-e40a-d9b46ab0bbcb">
      <Execution id="7a552ac6-472f-4ce7-a477-301a672fe805" />
      <TestMethod codeBase="C:/Users/root/Documents/Visual Studio 2010/Projects/SerialPortTest/TestProject/bin/Debug/TestProject.DLL" adapterTypeName="Microsoft.VisualStudio.TestTools.TestTypes.Unit.UnitTestAdapter, Microsoft.VisualStudio.QualityTools.Tips.UnitTest.Adapter, Version=10.0.0.0, Culture=neutral, PublicKeyToken=b03f5f7f11d50a3a" className="TestProject.PointModuleDataTest, TestProject, Version=1.0.0.0, Culture=neutral, PublicKeyToken=null" name="DirectionsTest" />
    </UnitTest>
    <UnitTest name="WriteTest" storage="c:\users\root\documents\visual studio 2010\projects\serialporttest\testproject\bin\debug\testproject.dll" id="e1892563-72ac-e402-dfba-90f0fb1b229e">
      <Execution id="17544080-a882-415f-a948-b08a9265cb8c" />
      <TestMethod codeBase="C:/Users/root/Documents/Visual Studio 2010/Projects/SerialPortTest/TestProject/bin/Debug/TestProject.DLL" adapterTypeName="Microsoft.VisualStudio.TestTools.TestTypes.Unit.UnitTestAdapter, Microsoft.VisualStudio.QualityTools.Tips.UnitTest.Adapter, Version=10.0.0.0, Culture=neutral, PublicKeyToken=b03f5f7f11d50a3a" className="TestProject.ChunckedStreamTest, TestProject, Version=1.0.0.0, Culture=neutral, PublicKeyToken=null" name="WriteTest" />
    </UnitTest>
    <UnitTest name="TimerTest" storage="c:\users\root\documents\visual studio 2010\projects\serialporttest\testproject\bin\debug\testproject.dll" id="e531a444-ddb8-6cc8-ba69-dded1772c8fb">
      <Execution id="2736c8df-c62a-425e-b6e9-03b6cce395be" />
      <TestMethod codeBase="C:/Users/root/Documents/Visual Studio 2010/Projects/SerialPortTest/TestProject/bin/Debug/TestProject.DLL" adapterTypeName="Microsoft.VisualStudio.TestTools.TestTypes.Unit.UnitTestAdapter, Microsoft.VisualStudio.QualityTools.Tips.UnitTest.Adapter, Version=10.0.0.0, Culture=neutral, PublicKeyToken=b03f5f7f11d50a3a" className="TestProject.MotherBoardStateTest, TestProject, Version=1.0.0.0, Culture=neutral, PublicKeyToken=null" name="TimerTest" />
    </UnitTest>
    <UnitTest name="CurrentVoltageTest" storage="c:\users\root\documents\visual studio 2010\projects\serialporttest\testproject\bin\debug\testproject.dll" id="5ef5b6e1-0cec-8e3e-2a18-36ec4ba05980">
      <Execution id="55dcb0a6-0a3c-4b94-a1ef-961cab4e5405" />
      <TestMethod codeBase="C:/Users/root/Documents/Visual Studio 2010/Projects/SerialPortTest/TestProject/bin/Debug/TestProject.DLL" adapterTypeName="Microsoft.VisualStudio.TestTools.TestTypes.Unit.UnitTestAdapter, Microsoft.VisualStudio.QualityTools.Tips.UnitTest.Adapter, Version=10.0.0.0, Culture=neutral, PublicKeyToken=b03f5f7f11d50a3a" className="TestProject.TrainSensorStateTest, TestProject, Version=1.0.0.0, Culture=neutral, PublicKeyToken=null" name="CurrentVoltageTest" />
    </UnitTest>
    <UnitTest name="TrainSensorViewModelConstructorTest" storage="c:\users\root\documents\visual studio 2010\projects\serialporttest\testproject\bin\debug\testproject.dll" id="f7a737b6-f8da-3a0e-93c8-58a3d6ddb7dd">
      <Execution id="1adc6a4d-890f-4536-9cfb-ec233a09f064" />
      <TestMethod codeBase="C:/Users/root/Documents/Visual Studio 2010/Projects/SerialPortTest/TestProject/bin/Debug/TestProject.DLL" adapterTypeName="Microsoft.VisualStudio.TestTools.TestTypes.Unit.UnitTestAdapter, Microsoft.VisualStudio.QualityTools.Tips.UnitTest.Adapter, Version=10.0.0.0, Culture=neutral, PublicKeyToken=b03f5f7f11d50a3a" className="TestProject.TrainSensorViewModelTest, TestProject, Version=1.0.0.0, Culture=neutral, PublicKeyToken=null" name="TrainSensorViewModelConstructorTest" />
    </UnitTest>
    <UnitTest name="ModuleTypeTest" storage="c:\users\root\documents\visual studio 2010\projects\serialporttest\testproject\bin\debug\testproject.dll" id="c3e25e71-e6a3-3799-dbe0-bacda8fc8163">
      <Execution id="4f0340a5-6839-4499-86ae-cc8e208679cd" />
      <TestMethod codeBase="C:/Users/root/Documents/Visual Studio 2010/Projects/SerialPortTest/TestProject/bin/Debug/TestProject.DLL" adapterTypeName="Microsoft.VisualStudio.TestTools.TestTypes.Unit.UnitTestAdapter, Microsoft.VisualStudio.QualityTools.Tips.UnitTest.Adapter, Version=10.0.0.0, Culture=neutral, PublicKeyToken=b03f5f7f11d50a3a" className="TestProject.MotherBoardDataTest, TestProject, Version=1.0.0.0, Culture=neutral, PublicKeyToken=null" name="ModuleTypeTest" />
    </UnitTest>
    <UnitTest name="ItemTest" storage="c:\users\root\documents\visual studio 2010\projects\serialporttest\testproject\bin\debug\testproject.dll" id="c6c2c1ab-9d23-f24c-e326-eec075cfb3f8">
      <Execution id="bf5a66bc-7610-45b0-93d9-9b6d5a0ddb46" />
      <TestMethod codeBase="C:/Users/root/Documents/Visual Studio 2010/Projects/SerialPortTest/TestProject/bin/Debug/TestProject.DLL" adapterTypeName="Microsoft.VisualStudio.TestTools.TestTypes.Unit.UnitTestAdapter, Microsoft.VisualStudio.QualityTools.Tips.UnitTest.Adapter, Version=10.0.0.0, Culture=neutral, PublicKeyToken=b03f5f7f11d50a3a" className="TestProject.PointModuleStateTest, TestProject, Version=1.0.0.0, Culture=neutral, PublicKeyToken=null" name="ItemTest" />
    </UnitTest>
    <UnitTest name="ThresholdVoltageTest" storage="c:\users\root\documents\visual studio 2010\projects\serialporttest\testproject\bin\debug\testproject.dll" id="e36da11d-994b-1ac2-4a9f-70734f4a554b">
      <Execution id="de98de4f-8cba-450a-b0c6-5a2ed1ae951e" />
      <TestMethod codeBase="C:/Users/root/Documents/Visual Studio 2010/Projects/SerialPortTest/TestProject/bin/Debug/TestProject.DLL" adapterTypeName="Microsoft.VisualStudio.TestTools.TestTypes.Unit.UnitTestAdapter, Microsoft.VisualStudio.QualityTools.Tips.UnitTest.Adapter, Version=10.0.0.0, Culture=neutral, PublicKeyToken=b03f5f7f11d50a3a" className="TestProject.TrainSensorStateTest, TestProject, Version=1.0.0.0, Culture=neutral, PublicKeyToken=null" name="ThresholdVoltageTest" />
    </UnitTest>
    <UnitTest name="GetEnumeratorTest" storage="c:\users\root\documents\visual studio 2010\projects\serialporttest\testproject\bin\debug\testproject.dll" id="f47f23ed-0e88-3d4b-b24a-b93a5162bbab">
      <Execution id="e581c26c-31c3-41e1-b2bb-b75d2b3b204b" />
      <TestMethod codeBase="C:/Users/root/Documents/Visual Studio 2010/Projects/SerialPortTest/TestProject/bin/Debug/TestProject.DLL" adapterTypeName="Microsoft.VisualStudio.TestTools.TestTypes.Unit.UnitTestAdapter, Microsoft.VisualStudio.QualityTools.Tips.UnitTest.Adapter, Version=10.0.0.0, Culture=neutral, PublicKeyToken=b03f5f7f11d50a3a" className="TestProject.LoopingArrayTest, TestProject, Version=1.0.0.0, Culture=neutral, PublicKeyToken=null" name="GetEnumeratorTest" />
    </UnitTest>
    <UnitTest name="ConvertBackTest" storage="c:\users\root\documents\visual studio 2010\projects\serialporttest\testproject\bin\debug\testproject.dll" id="f3ffe881-46a7-6ee6-404d-376b40511b07">
      <Execution id="2ed7b628-0125-4494-932a-d6b3f6d8782f" />
      <TestMethod codeBase="C:/Users/root/Documents/Visual Studio 2010/Projects/SerialPortTest/TestProject/bin/Debug/TestProject.DLL" adapterTypeName="Microsoft.VisualStudio.TestTools.TestTypes.Unit.UnitTestAdapter, Microsoft.VisualStudio.QualityTools.Tips.UnitTest.Adapter, Version=10.0.0.0, Culture=neutral, PublicKeyToken=b03f5f7f11d50a3a" className="TestProject.UsbDeviceConverterTest, TestProject, Version=1.0.0.0, Culture=neutral, PublicKeyToken=null" name="ConvertBackTest" />
    </UnitTest>
    <UnitTest name="OverflowedCountTest" storage="c:\users\root\documents\visual studio 2010\projects\serialporttest\testproject\bin\debug\testproject.dll" id="ad40eac8-0529-544e-7cd1-f5b2a391e919">
      <Execution id="2c2df1e1-e9e0-4a74-bcdc-ab609e885bbe" />
      <TestMethod codeBase="C:/Users/root/Documents/Visual Studio 2010/Projects/SerialPortTest/TestProject/bin/Debug/TestProject.DLL" adapterTypeName="Microsoft.VisualStudio.TestTools.TestTypes.Unit.UnitTestAdapter, Microsoft.VisualStudio.QualityTools.Tips.UnitTest.Adapter, Version=10.0.0.0, Culture=neutral, PublicKeyToken=b03f5f7f11d50a3a" className="TestProject.TrainSensorStateTest, TestProject, Version=1.0.0.0, Culture=neutral, PublicKeyToken=null" name="OverflowedCountTest" />
    </UnitTest>
    <UnitTest name="ToByteArrayTest" storage="c:\users\root\documents\visual studio 2010\projects\serialporttest\testproject\bin\debug\testproject.dll" id="8c676a8d-ec31-5a6b-13ab-e80d4af41e42">
      <Execution id="c0f2a0df-b183-413c-8af3-36a71b11048d" />
      <TestMethod codeBase="C:/Users/root/Documents/Visual Studio 2010/Projects/SerialPortTest/TestProject/bin/Debug/TestProject.DLL" adapterTypeName="Microsoft.VisualStudio.TestTools.TestTypes.Unit.UnitTestAdapter, Microsoft.VisualStudio.QualityTools.Tips.UnitTest.Adapter, Version=10.0.0.0, Culture=neutral, PublicKeyToken=b03f5f7f11d50a3a" className="TestProject.ConvertExtenstionsTest, TestProject, Version=1.0.0.0, Culture=neutral, PublicKeyToken=null" name="ToByteArrayTest" />
    </UnitTest>
    <UnitTest name="ModeTest" storage="c:\users\root\documents\visual studio 2010\projects\serialporttest\testproject\bin\debug\testproject.dll" id="e7d27d5a-0dca-8191-f30e-a3d70f9835ee">
      <Execution id="04ba471b-add8-482c-9f04-17277a7c7916" />
      <TestMethod codeBase="C:/Users/root/Documents/Visual Studio 2010/Projects/SerialPortTest/TestProject/bin/Debug/TestProject.DLL" adapterTypeName="Microsoft.VisualStudio.TestTools.TestTypes.Unit.UnitTestAdapter, Microsoft.VisualStudio.QualityTools.Tips.UnitTest.Adapter, Version=10.0.0.0, Culture=neutral, PublicKeyToken=b03f5f7f11d50a3a" className="TestProject.TrainSensorStateTest, TestProject, Version=1.0.0.0, Culture=neutral, PublicKeyToken=null" name="ModeTest" />
    </UnitTest>
    <UnitTest name="ConvertTest" storage="c:\users\root\documents\visual studio 2010\projects\serialporttest\testproject\bin\debug\testproject.dll" id="674eb767-160f-184e-901f-e20a6d038918">
      <Execution id="b76dcf1e-0dd6-4ab9-bd35-88f8ad86f2b6" />
      <TestMethod codeBase="C:/Users/root/Documents/Visual Studio 2010/Projects/SerialPortTest/TestProject/bin/Debug/TestProject.DLL" adapterTypeName="Microsoft.VisualStudio.TestTools.TestTypes.Unit.UnitTestAdapter, Microsoft.VisualStudio.QualityTools.Tips.UnitTest.Adapter, Version=10.0.0.0, Culture=neutral, PublicKeyToken=b03f5f7f11d50a3a" className="TestProject.UsbDeviceConverterTest, TestProject, Version=1.0.0.0, Culture=neutral, PublicKeyToken=null" name="ConvertTest" />
    </UnitTest>
    <UnitTest name="ReadTest" storage="c:\users\root\documents\visual studio 2010\projects\serialporttest\testproject\bin\debug\testproject.dll" id="03d23227-fae1-7f69-18bc-75591f488ed7">
      <Execution id="607c4838-4f59-499c-bae1-8da54f7dd579" />
      <TestMethod codeBase="C:/Users/root/Documents/Visual Studio 2010/Projects/SerialPortTest/TestProject/bin/Debug/TestProject.DLL" adapterTypeName="Microsoft.VisualStudio.TestTools.TestTypes.Unit.UnitTestAdapter, Microsoft.VisualStudio.QualityTools.Tips.UnitTest.Adapter, Version=10.0.0.0, Culture=neutral, PublicKeyToken=b03f5f7f11d50a3a" className="TestProject.ChunckedStreamTest, TestProject, Version=1.0.0.0, Culture=neutral, PublicKeyToken=null" name="ReadTest" />
    </UnitTest>
  </TestDefinitions>
  <TestLists>
    <TestList name="一覧に存在しない結果" id="8c84fa94-04c1-424b-9868-57a2d4851a1d" />
    <TestList name="読み込まれたすべての結果" id="19431567-8539-422a-85d7-44ee4e166bda" />
  </TestLists>
  <TestEntries>
    <TestEntry testId="02112a0a-b267-4424-8970-91320a0a97c2" executionId="42e1fea5-c02e-40ed-90d5-7d5d1a4718d6" testListId="8c84fa94-04c1-424b-9868-57a2d4851a1d" />
    <TestEntry testId="03d23227-fae1-7f69-18bc-75591f488ed7" executionId="607c4838-4f59-499c-bae1-8da54f7dd579" testListId="8c84fa94-04c1-424b-9868-57a2d4851a1d" />
    <TestEntry testId="1ad9505e-7b3d-d16d-51df-a136ac1ace33" executionId="6fb7ff7b-fe4c-4fb8-87bb-d41e612fefa6" testListId="8c84fa94-04c1-424b-9868-57a2d4851a1d" />
    <TestEntry testId="314353f8-f8f2-09fc-9d42-2c7ab0b773e8" executionId="ae3d4b41-c422-4b96-aa58-8c5c93074dea" testListId="8c84fa94-04c1-424b-9868-57a2d4851a1d" />
    <TestEntry testId="31c80489-96bc-6432-541f-227c31e73e53" executionId="43b5a7b2-7e88-4789-a60c-f8743b8d5b13" testListId="8c84fa94-04c1-424b-9868-57a2d4851a1d" />
    <TestEntry testId="3924b4a9-c8e3-1923-e40a-d9b46ab0bbcb" executionId="7a552ac6-472f-4ce7-a477-301a672fe805" testListId="8c84fa94-04c1-424b-9868-57a2d4851a1d" />
    <TestEntry testId="3a4db604-7139-9804-2ab5-ad14796afec1" executionId="c656689d-aea8-45a7-96e9-fafde5e0e3f2" testListId="8c84fa94-04c1-424b-9868-57a2d4851a1d" />
    <TestEntry testId="4820147a-9623-95f5-e2c8-b660da05a3c5" executionId="fd35fc02-9742-4b95-b720-590250b47a92" testListId="8c84fa94-04c1-424b-9868-57a2d4851a1d" />
    <TestEntry testId="5ef5b6e1-0cec-8e3e-2a18-36ec4ba05980" executionId="55dcb0a6-0a3c-4b94-a1ef-961cab4e5405" testListId="8c84fa94-04c1-424b-9868-57a2d4851a1d" />
    <TestEntry testId="64811b85-89b0-0b59-3263-26f94adb60fb" executionId="0be9fec6-886f-4732-80bf-5cd336187cdb" testListId="8c84fa94-04c1-424b-9868-57a2d4851a1d" />
    <TestEntry testId="674eb767-160f-184e-901f-e20a6d038918" executionId="b76dcf1e-0dd6-4ab9-bd35-88f8ad86f2b6" testListId="8c84fa94-04c1-424b-9868-57a2d4851a1d" />
    <TestEntry testId="888367e1-b0e5-f904-1073-ef6838ec8384" executionId="c3cf3606-8a94-4279-a513-968bdf4a2e49" testListId="8c84fa94-04c1-424b-9868-57a2d4851a1d" />
    <TestEntry testId="8c676a8d-ec31-5a6b-13ab-e80d4af41e42" executionId="c0f2a0df-b183-413c-8af3-36a71b11048d" testListId="8c84fa94-04c1-424b-9868-57a2d4851a1d" />
    <TestEntry testId="8da466f7-c384-a693-e5eb-95d9f9f6fa64" executionId="3a4f1713-5b44-4f3e-adf4-c5e7cf612991" testListId="8c84fa94-04c1-424b-9868-57a2d4851a1d" />
    <TestEntry testId="ad40eac8-0529-544e-7cd1-f5b2a391e919" executionId="2c2df1e1-e9e0-4a74-bcdc-ab609e885bbe" testListId="8c84fa94-04c1-424b-9868-57a2d4851a1d" />
    <TestEntry testId="b5a4d5e0-4c69-c428-0875-3e21832ca469" executionId="d863b576-ce9e-45d8-80b3-7d89bea72ae6" testListId="8c84fa94-04c1-424b-9868-57a2d4851a1d" />
    <TestEntry testId="bab9a259-07fe-b630-2db5-50efc4a015e7" executionId="13fd7723-52ae-4837-bbec-24856bf42c57" testListId="8c84fa94-04c1-424b-9868-57a2d4851a1d" />
    <TestEntry testId="bb37a384-0089-6563-1ba1-ccf041f0602b" executionId="c0b5951e-000f-41e0-b81a-6732fb8882ed" testListId="8c84fa94-04c1-424b-9868-57a2d4851a1d" />
    <TestEntry testId="c3e25e71-e6a3-3799-dbe0-bacda8fc8163" executionId="4f0340a5-6839-4499-86ae-cc8e208679cd" testListId="8c84fa94-04c1-424b-9868-57a2d4851a1d" />
    <TestEntry testId="c57eff42-a84b-6116-b645-b74d987ba9b1" executionId="135ffabd-e683-4250-9375-6adccc298ef6" testListId="8c84fa94-04c1-424b-9868-57a2d4851a1d" />
    <TestEntry testId="c6c2c1ab-9d23-f24c-e326-eec075cfb3f8" executionId="bf5a66bc-7610-45b0-93d9-9b6d5a0ddb46" testListId="8c84fa94-04c1-424b-9868-57a2d4851a1d" />
    <TestEntry testId="c89c1729-1b69-9af7-691d-ccb30e6f1a55" executionId="3ce4c48b-6dc5-4243-a742-ec92deab9392" testListId="8c84fa94-04c1-424b-9868-57a2d4851a1d" />
    <TestEntry testId="e1892563-72ac-e402-dfba-90f0fb1b229e" executionId="17544080-a882-415f-a948-b08a9265cb8c" testListId="8c84fa94-04c1-424b-9868-57a2d4851a1d" />
    <TestEntry testId="e36da11d-994b-1ac2-4a9f-70734f4a554b" executionId="de98de4f-8cba-450a-b0c6-5a2ed1ae951e" testListId="8c84fa94-04c1-424b-9868-57a2d4851a1d" />
    <TestEntry testId="e531a444-ddb8-6cc8-ba69-dded1772c8fb" executionId="2736c8df-c62a-425e-b6e9-03b6cce395be" testListId="8c84fa94-04c1-424b-9868-57a2d4851a1d" />
    <TestEntry testId="e636afca-43c6-677e-deb3-86d562155830" executionId="b2c73f49-94dc-4fb2-a296-32485918d16f" testListId="8c84fa94-04c1-424b-9868-57a2d4851a1d" />
    <TestEntry testId="e7d27d5a-0dca-8191-f30e-a3d70f9835ee" executionId="04ba471b-add8-482c-9f04-17277a7c7916" testListId="8c84fa94-04c1-424b-9868-57a2d4851a1d" />
    <TestEntry testId="e97e0475-1df3-1614-6d37-36b8da6c07df" executionId="32e4fed4-8a58-4698-ae4e-3e5043988ca5" testListId="8c84fa94-04c1-424b-9868-57a2d4851a1d" />
    <TestEntry testId="f3ffe881-46a7-6ee6-404d-376b40511b07" executionId="2ed7b628-0125-4494-932a-d6b3f6d8782f" testListId="8c84fa94-04c1-424b-9868-57a2d4851a1d" />
    <TestEntry testId="f47f23ed-0e88-3d4b-b24a-b93a5162bbab" executionId="e581c26c-31c3-41e1-b2bb-b75d2b3b204b" testListId="8c84fa94-04c1-424b-9868-57a2d4851a1d" />
    <TestEntry testId="f7a737b6-f8da-3a0e-93c8-58a3d6ddb7dd" executionId="1adc6a4d-890f-4536-9cfb-ec233a09f064" testListId="8c84fa94-04c1-424b-9868-57a2d4851a1d" />
    <TestEntry testId="fd6576fe-8e64-b2e3-565c-e729b98d43e4" executionId="be85b50b-a8b3-425e-b847-85398b1be192" testListId="8c84fa94-04c1-424b-9868-57a2d4851a1d" />
    <TestEntry testId="ff56d913-09b6-6f1a-eca1-4fc7d055cea3" executionId="1e5ef543-b7db-4a1c-9f7d-3e53f813cf6e" testListId="8c84fa94-04c1-424b-9868-57a2d4851a1d" />
  </TestEntries>
  <Results>
    <UnitTestResult executionId="42e1fea5-c02e-40ed-90d5-7d5d1a4718d6" testId="02112a0a-b267-4424-8970-91320a0a97c2" testName="TimerTest" computerName="CLIENTAZS" duration="00:00:00.0332505" startTime="2011-07-03T01:06:10.8126724+09:00" endTime="2011-07-03T01:06:11.3697043+09:00" testType="13cdc9d9-ddb5-4fa4-a97d-d965ccfc6d4b" outcome="Passed" testListId="8c84fa94-04c1-424b-9868-57a2d4851a1d" relativeResultsDirectory="42e1fea5-c02e-40ed-90d5-7d5d1a4718d6">
    </UnitTestResult>
    <UnitTestResult executionId="607c4838-4f59-499c-bae1-8da54f7dd579" testId="03d23227-fae1-7f69-18bc-75591f488ed7" testName="ReadTest" computerName="CLIENTAZS" duration="00:00:00.0082396" startTime="2011-07-03T01:06:11.3817050+09:00" endTime="2011-07-03T01:06:11.4177070+09:00" testType="13cdc9d9-ddb5-4fa4-a97d-d965ccfc6d4b" outcome="Passed" testListId="8c84fa94-04c1-424b-9868-57a2d4851a1d" relativeResultsDirectory="607c4838-4f59-499c-bae1-8da54f7dd579">
    </UnitTestResult>
    <UnitTestResult executionId="6fb7ff7b-fe4c-4fb8-87bb-d41e612fefa6" testId="1ad9505e-7b3d-d16d-51df-a136ac1ace33" testName="ToStringTest" computerName="CLIENTAZS" duration="00:00:00.0090718" startTime="2011-07-03T01:06:11.4217073+09:00" endTime="2011-07-03T01:06:11.4547091+09:00" testType="13cdc9d9-ddb5-4fa4-a97d-d965ccfc6d4b" outcome="Passed" testListId="8c84fa94-04c1-424b-9868-57a2d4851a1d" relativeResultsDirectory="6fb7ff7b-fe4c-4fb8-87bb-d41e612fefa6">
      <Output>
        <TextMessages>
          <Message>Timer = 0, V = 2.5, IsDetected = True, Threshold = 1.25</Message>
        </TextMessages>
      </Output>
    </UnitTestResult>
    <UnitTestResult executionId="ae3d4b41-c422-4b96-aa58-8c5c93074dea" testId="314353f8-f8f2-09fc-9d42-2c7ab0b773e8" testName="PushTest" computerName="CLIENTAZS" duration="00:00:00.2242539" startTime="2011-07-03T01:06:11.4637097+09:00" endTime="2011-07-03T01:06:11.7017233+09:00" testType="13cdc9d9-ddb5-4fa4-a97d-d965ccfc6d4b" outcome="Passed" testListId="8c84fa94-04c1-424b-9868-57a2d4851a1d" relativeResultsDirectory="ae3d4b41-c422-4b96-aa58-8c5c93074dea">
    </UnitTestResult>
    <UnitTestResult executionId="43b5a7b2-7e88-4789-a60c-f8743b8d5b13" testId="31c80489-96bc-6432-541f-227c31e73e53" testName="MotherBoardDataConstructorTest" computerName="CLIENTAZS" duration="00:00:00.0015798" startTime="2011-07-03T01:06:11.8137297+09:00" endTime="2011-07-03T01:06:11.9287363+09:00" testType="13cdc9d9-ddb5-4fa4-a97d-d965ccfc6d4b" outcome="Passed" testListId="8c84fa94-04c1-424b-9868-57a2d4851a1d" relativeResultsDirectory="43b5a7b2-7e88-4789-a60c-f8743b8d5b13">
    </UnitTestResult>
    <UnitTestResult executionId="7a552ac6-472f-4ce7-a477-301a672fe805" testId="3924b4a9-c8e3-1923-e40a-d9b46ab0bbcb" testName="DirectionsTest" computerName="CLIENTAZS" duration="00:00:00.0350684" startTime="2011-07-03T01:06:11.9977402+09:00" endTime="2011-07-03T01:06:12.0787448+09:00" testType="13cdc9d9-ddb5-4fa4-a97d-d965ccfc6d4b" outcome="Passed" testListId="8c84fa94-04c1-424b-9868-57a2d4851a1d" relativeResultsDirectory="7a552ac6-472f-4ce7-a477-301a672fe805">
    </UnitTestResult>
    <UnitTestResult executionId="c656689d-aea8-45a7-96e9-fafde5e0e3f2" testId="3a4db604-7139-9804-2ab5-ad14796afec1" testName="SelectedDeviceTest" computerName="CLIENTAZS" duration="00:00:00.1212833" startTime="2011-07-03T01:06:12.1407484+09:00" endTime="2011-07-03T01:06:12.3987631+09:00" testType="13cdc9d9-ddb5-4fa4-a97d-d965ccfc6d4b" outcome="Passed" testListId="8c84fa94-04c1-424b-9868-57a2d4851a1d" relativeResultsDirectory="c656689d-aea8-45a7-96e9-fafde5e0e3f2">
    </UnitTestResult>
    <UnitTestResult executionId="fd35fc02-9742-4b95-b720-590250b47a92" testId="4820147a-9623-95f5-e2c8-b660da05a3c5" testName="IsDetectedTest" computerName="CLIENTAZS" duration="00:00:00.0032913" startTime="2011-07-03T01:06:12.5057693+09:00" endTime="2011-07-03T01:06:12.5597724+09:00" testType="13cdc9d9-ddb5-4fa4-a97d-d965ccfc6d4b" outcome="Passed" testListId="8c84fa94-04c1-424b-9868-57a2d4851a1d" relativeResultsDirectory="fd35fc02-9742-4b95-b720-590250b47a92">
    </UnitTestResult>
    <UnitTestResult executionId="55dcb0a6-0a3c-4b94-a1ef-961cab4e5405" testId="5ef5b6e1-0cec-8e3e-2a18-36ec4ba05980" testName="CurrentVoltageTest" computerName="CLIENTAZS" duration="00:00:00.0041170" startTime="2011-07-03T01:06:12.5697729+09:00" endTime="2011-07-03T01:06:12.6007747+09:00" testType="13cdc9d9-ddb5-4fa4-a97d-d965ccfc6d4b" outcome="Passed" testListId="8c84fa94-04c1-424b-9868-57a2d4851a1d" relativeResultsDirectory="55dcb0a6-0a3c-4b94-a1ef-961cab4e5405">
    </UnitTestResult>
    <UnitTestResult executionId="0be9fec6-886f-4732-80bf-5cd336187cdb" testId="64811b85-89b0-0b59-3263-26f94adb60fb" testName="FlushTest" computerName="CLIENTAZS" duration="00:00:00.0223769" startTime="2011-07-03T01:06:12.6097752+09:00" endTime="2011-07-03T01:06:12.6587780+09:00" testType="13cdc9d9-ddb5-4fa4-a97d-d965ccfc6d4b" outcome="Passed" testListId="8c84fa94-04c1-424b-9868-57a2d4851a1d" relativeResultsDirectory="0be9fec6-886f-4732-80bf-5cd336187cdb">
    </UnitTestResult>
    <UnitTestResult executionId="b76dcf1e-0dd6-4ab9-bd35-88f8ad86f2b6" testId="674eb767-160f-184e-901f-e20a6d038918" testName="ConvertTest" computerName="CLIENTAZS" duration="00:00:00.2288016" startTime="2011-07-03T01:06:12.6667785+09:00" endTime="2011-07-03T01:06:12.9117925+09:00" testType="13cdc9d9-ddb5-4fa4-a97d-d965ccfc6d4b" outcome="Passed" testListId="8c84fa94-04c1-424b-9868-57a2d4851a1d" relativeResultsDirectory="b76dcf1e-0dd6-4ab9-bd35-88f8ad86f2b6">
    </UnitTestResult>
    <UnitTestResult executionId="c3cf3606-8a94-4279-a513-968bdf4a2e49" testId="888367e1-b0e5-f904-1073-ef6838ec8384" testName="ParentIDTest" computerName="CLIENTAZS" duration="00:00:00.0033872" startTime="2011-07-03T01:06:12.9197929+09:00" endTime="2011-07-03T01:06:12.9457944+09:00" testType="13cdc9d9-ddb5-4fa4-a97d-d965ccfc6d4b" outcome="Passed" testListId="8c84fa94-04c1-424b-9868-57a2d4851a1d" relativeResultsDirectory="c3cf3606-8a94-4279-a513-968bdf4a2e49">
    </UnitTestResult>
    <UnitTestResult executionId="c0f2a0df-b183-413c-8af3-36a71b11048d" testId="8c676a8d-ec31-5a6b-13ab-e80d4af41e42" testName="ToByteArrayTest" computerName="CLIENTAZS" duration="00:00:00.0011174" startTime="2011-07-03T01:06:12.9527948+09:00" endTime="2011-07-03T01:06:12.9607953+09:00" testType="13cdc9d9-ddb5-4fa4-a97d-d965ccfc6d4b" outcome="Passed" testListId="8c84fa94-04c1-424b-9868-57a2d4851a1d" relativeResultsDirectory="c0f2a0df-b183-413c-8af3-36a71b11048d">
    </UnitTestResult>
    <UnitTestResult executionId="3a4f1713-5b44-4f3e-adf4-c5e7cf612991" testId="8da466f7-c384-a693-e5eb-95d9f9f6fa64" testName="PointModuleStateConstructorTest" computerName="CLIENTAZS" duration="00:00:00.0011572" startTime="2011-07-03T01:06:12.9677957+09:00" endTime="2011-07-03T01:06:12.9757961+09:00" testType="13cdc9d9-ddb5-4fa4-a97d-d965ccfc6d4b" outcome="Passed" testListId="8c84fa94-04c1-424b-9868-57a2d4851a1d" relativeResultsDirectory="3a4f1713-5b44-4f3e-adf4-c5e7cf612991">
    </UnitTestResult>
    <UnitTestResult executionId="2c2df1e1-e9e0-4a74-bcdc-ab609e885bbe" testId="ad40eac8-0529-544e-7cd1-f5b2a391e919" testName="OverflowedCountTest" computerName="CLIENTAZS" duration="00:00:00.0008744" startTime="2011-07-03T01:06:12.9827965+09:00" endTime="2011-07-03T01:06:12.9987975+09:00" testType="13cdc9d9-ddb5-4fa4-a97d-d965ccfc6d4b" outcome="Passed" testListId="8c84fa94-04c1-424b-9868-57a2d4851a1d" relativeResultsDirectory="2c2df1e1-e9e0-4a74-bcdc-ab609e885bbe">
    </UnitTestResult>
    <UnitTestResult executionId="d863b576-ce9e-45d8-80b3-7d89bea72ae6" testId="b5a4d5e0-4c69-c428-0875-3e21832ca469" testName="GetEnumeratorTest1" computerName="CLIENTAZS" duration="00:00:00.0012693" startTime="2011-07-03T01:06:13.0057979+09:00" endTime="2011-07-03T01:06:13.0187986+09:00" testType="13cdc9d9-ddb5-4fa4-a97d-d965ccfc6d4b" outcome="Passed" testListId="8c84fa94-04c1-424b-9868-57a2d4851a1d" relativeResultsDirectory="d863b576-ce9e-45d8-80b3-7d89bea72ae6">
    </UnitTestResult>
    <UnitTestResult executionId="13fd7723-52ae-4837-bbec-24856bf42c57" testId="bab9a259-07fe-b630-2db5-50efc4a015e7" testName="LoopingArrayConstructorTest" computerName="CLIENTAZS" duration="00:00:00.0013392" startTime="2011-07-03T01:06:13.0317994+09:00" endTime="2011-07-03T01:06:13.0407999+09:00" testType="13cdc9d9-ddb5-4fa4-a97d-d965ccfc6d4b" outcome="Passed" testListId="8c84fa94-04c1-424b-9868-57a2d4851a1d" relativeResultsDirectory="13fd7723-52ae-4837-bbec-24856bf42c57">
    </UnitTestResult>
    <UnitTestResult executionId="c0b5951e-000f-41e0-b81a-6732fb8882ed" testId="bb37a384-0089-6563-1ba1-ccf041f0602b" testName="UsbDevicesViewModelConstructorTest" computerName="CLIENTAZS" duration="00:00:00.0002925" startTime="2011-07-03T01:06:13.0528006+09:00" endTime="2011-07-03T01:06:13.0598010+09:00" testType="13cdc9d9-ddb5-4fa4-a97d-d965ccfc6d4b" outcome="Passed" testListId="8c84fa94-04c1-424b-9868-57a2d4851a1d" relativeResultsDirectory="c0b5951e-000f-41e0-b81a-6732fb8882ed">
    </UnitTestResult>
    <UnitTestResult executionId="4f0340a5-6839-4499-86ae-cc8e208679cd" testId="c3e25e71-e6a3-3799-dbe0-bacda8fc8163" testName="ModuleTypeTest" computerName="CLIENTAZS" duration="00:00:00.0006078" startTime="2011-07-03T01:06:13.0688015+09:00" endTime="2011-07-03T01:06:13.0758019+09:00" testType="13cdc9d9-ddb5-4fa4-a97d-d965ccfc6d4b" outcome="Passed" testListId="8c84fa94-04c1-424b-9868-57a2d4851a1d" relativeResultsDirectory="4f0340a5-6839-4499-86ae-cc8e208679cd">
    </UnitTestResult>
    <UnitTestResult executionId="135ffabd-e683-4250-9375-6adccc298ef6" testId="c57eff42-a84b-6116-b645-b74d987ba9b1" testName="DeviceCandicatesTest" computerName="CLIENTAZS" duration="00:00:00.0636258" startTime="2011-07-03T01:06:13.0838023+09:00" endTime="2011-07-03T01:06:13.1558064+09:00" testType="13cdc9d9-ddb5-4fa4-a97d-d965ccfc6d4b" outcome="Passed" testListId="8c84fa94-04c1-424b-9868-57a2d4851a1d" relativeResultsDirectory="135ffabd-e683-4250-9375-6adccc298ef6">
    </UnitTestResult>
    <UnitTestResult executionId="bf5a66bc-7610-45b0-93d9-9b6d5a0ddb46" testId="c6c2c1ab-9d23-f24c-e326-eec075cfb3f8" testName="ItemTest" computerName="CLIENTAZS" duration="00:00:00.0212132" startTime="2011-07-03T01:06:13.1628068+09:00" endTime="2011-07-03T01:06:13.1908084+09:00" testType="13cdc9d9-ddb5-4fa4-a97d-d965ccfc6d4b" outcome="Passed" testListId="8c84fa94-04c1-424b-9868-57a2d4851a1d" relativeResultsDirectory="bf5a66bc-7610-45b0-93d9-9b6d5a0ddb46">
    </UnitTestResult>
    <UnitTestResult executionId="3ce4c48b-6dc5-4243-a742-ec92deab9392" testId="c89c1729-1b69-9af7-691d-ccb30e6f1a55" testName="PortMappingEnumerableTest" computerName="CLIENTAZS" duration="00:00:00.0137512" startTime="2011-07-03T01:06:13.1968088+09:00" endTime="2011-07-03T01:06:13.2198101+09:00" testType="13cdc9d9-ddb5-4fa4-a97d-d965ccfc6d4b" outcome="Passed" testListId="8c84fa94-04c1-424b-9868-57a2d4851a1d" relativeResultsDirectory="3ce4c48b-6dc5-4243-a742-ec92deab9392">
    </UnitTestResult>
    <UnitTestResult executionId="17544080-a882-415f-a948-b08a9265cb8c" testId="e1892563-72ac-e402-dfba-90f0fb1b229e" testName="WriteTest" computerName="CLIENTAZS" duration="00:00:00.0006907" startTime="2011-07-03T01:06:13.2258104+09:00" endTime="2011-07-03T01:06:13.2358110+09:00" testType="13cdc9d9-ddb5-4fa4-a97d-d965ccfc6d4b" outcome="Passed" testListId="8c84fa94-04c1-424b-9868-57a2d4851a1d" relativeResultsDirectory="17544080-a882-415f-a948-b08a9265cb8c">
    </UnitTestResult>
    <UnitTestResult executionId="de98de4f-8cba-450a-b0c6-5a2ed1ae951e" testId="e36da11d-994b-1ac2-4a9f-70734f4a554b" testName="ThresholdVoltageTest" computerName="CLIENTAZS" duration="00:00:00.0008931" startTime="2011-07-03T01:06:13.2438115+09:00" endTime="2011-07-03T01:06:13.2508119+09:00" testType="13cdc9d9-ddb5-4fa4-a97d-d965ccfc6d4b" outcome="Passed" testListId="8c84fa94-04c1-424b-9868-57a2d4851a1d" relativeResultsDirectory="de98de4f-8cba-450a-b0c6-5a2ed1ae951e">
    </UnitTestResult>
    <UnitTestResult executionId="2736c8df-c62a-425e-b6e9-03b6cce395be" testId="e531a444-ddb8-6cc8-ba69-dded1772c8fb" testName="TimerTest" computerName="CLIENTAZS" duration="00:00:00.0006095" startTime="2011-07-03T01:06:13.2578123+09:00" endTime="2011-07-03T01:06:13.2648127+09:00" testType="13cdc9d9-ddb5-4fa4-a97d-d965ccfc6d4b" outcome="Passed" testListId="8c84fa94-04c1-424b-9868-57a2d4851a1d" relativeResultsDirectory="2736c8df-c62a-425e-b6e9-03b6cce395be">
    </UnitTestResult>
    <UnitTestResult executionId="b2c73f49-94dc-4fb2-a296-32485918d16f" testId="e636afca-43c6-677e-deb3-86d562155830" testName="PointModuleDataConstructorTest" computerName="CLIENTAZS" duration="00:00:00.0003754" startTime="2011-07-03T01:06:13.2708130+09:00" endTime="2011-07-03T01:06:13.2778134+09:00" testType="13cdc9d9-ddb5-4fa4-a97d-d965ccfc6d4b" outcome="Passed" testListId="8c84fa94-04c1-424b-9868-57a2d4851a1d" relativeResultsDirectory="b2c73f49-94dc-4fb2-a296-32485918d16f">
    </UnitTestResult>
    <UnitTestResult executionId="04ba471b-add8-482c-9f04-17277a7c7916" testId="e7d27d5a-0dca-8191-f30e-a3d70f9835ee" testName="ModeTest" computerName="CLIENTAZS" duration="00:00:00.0019065" startTime="2011-07-03T01:06:13.2848138+09:00" endTime="2011-07-03T01:06:13.2918142+09:00" testType="13cdc9d9-ddb5-4fa4-a97d-d965ccfc6d4b" outcome="Passed" testListId="8c84fa94-04c1-424b-9868-57a2d4851a1d" relativeResultsDirectory="04ba471b-add8-482c-9f04-17277a7c7916">
    </UnitTestResult>
    <UnitTestResult executionId="32e4fed4-8a58-4698-ae4e-3e5043988ca5" testId="e97e0475-1df3-1614-6d37-36b8da6c07df" testName="ByteArrayValidationCheck" computerName="CLIENTAZS" duration="00:00:00.0002316" startTime="2011-07-03T01:06:13.2998147+09:00" endTime="2011-07-03T01:06:13.3068151+09:00" testType="13cdc9d9-ddb5-4fa4-a97d-d965ccfc6d4b" outcome="Passed" testListId="8c84fa94-04c1-424b-9868-57a2d4851a1d" relativeResultsDirectory="32e4fed4-8a58-4698-ae4e-3e5043988ca5">
    </UnitTestResult>
    <UnitTestResult executionId="2ed7b628-0125-4494-932a-d6b3f6d8782f" testId="f3ffe881-46a7-6ee6-404d-376b40511b07" testName="ConvertBackTest" computerName="CLIENTAZS" duration="00:00:00.0008793" startTime="2011-07-03T01:06:13.3138155+09:00" endTime="2011-07-03T01:06:13.3198158+09:00" testType="13cdc9d9-ddb5-4fa4-a97d-d965ccfc6d4b" outcome="Passed" testListId="8c84fa94-04c1-424b-9868-57a2d4851a1d" relativeResultsDirectory="2ed7b628-0125-4494-932a-d6b3f6d8782f">
    </UnitTestResult>
    <UnitTestResult executionId="e581c26c-31c3-41e1-b2bb-b75d2b3b204b" testId="f47f23ed-0e88-3d4b-b24a-b93a5162bbab" testName="GetEnumeratorTest" computerName="CLIENTAZS" duration="00:00:00.0018756" startTime="2011-07-03T01:06:13.3308165+09:00" endTime="2011-07-03T01:06:13.3408170+09:00" testType="13cdc9d9-ddb5-4fa4-a97d-d965ccfc6d4b" outcome="Passed" testListId="8c84fa94-04c1-424b-9868-57a2d4851a1d" relativeResultsDirectory="e581c26c-31c3-41e1-b2bb-b75d2b3b204b">
    </UnitTestResult>
    <UnitTestResult executionId="1adc6a4d-890f-4536-9cfb-ec233a09f064" testId="f7a737b6-f8da-3a0e-93c8-58a3d6ddb7dd" testName="TrainSensorViewModelConstructorTest" computerName="CLIENTAZS" duration="00:00:00.0017789" startTime="2011-07-03T01:06:13.3468174+09:00" endTime="2011-07-03T01:06:13.3548178+09:00" testType="13cdc9d9-ddb5-4fa4-a97d-d965ccfc6d4b" outcome="Passed" testListId="8c84fa94-04c1-424b-9868-57a2d4851a1d" relativeResultsDirectory="1adc6a4d-890f-4536-9cfb-ec233a09f064">
    </UnitTestResult>
    <UnitTestResult executionId="be85b50b-a8b3-425e-b847-85398b1be192" testId="fd6576fe-8e64-b2e3-565c-e729b98d43e4" testName="ItemTest" computerName="CLIENTAZS" duration="00:00:00.0188816" startTime="2011-07-03T01:06:13.3618182+09:00" endTime="2011-07-03T01:06:13.3868197+09:00" testType="13cdc9d9-ddb5-4fa4-a97d-d965ccfc6d4b" outcome="Passed" testListId="8c84fa94-04c1-424b-9868-57a2d4851a1d" relativeResultsDirectory="be85b50b-a8b3-425e-b847-85398b1be192">
    </UnitTestResult>
    <UnitTestResult executionId="1e5ef543-b7db-4a1c-9f7d-3e53f813cf6e" testId="ff56d913-09b6-6f1a-eca1-4fc7d055cea3" testName="MotherBoardViewModelConstructorTest" computerName="CLIENTAZS" duration="00:00:00.0003258" startTime="2011-07-03T01:06:13.3938201+09:00" endTime="2011-07-03T01:06:13.4018205+09:00" testType="13cdc9d9-ddb5-4fa4-a97d-d965ccfc6d4b" outcome="Passed" testListId="8c84fa94-04c1-424b-9868-57a2d4851a1d" relativeResultsDirectory="1e5ef543-b7db-4a1c-9f7d-3e53f813cf6e">
    </UnitTestResult>
  </Results>
</TestRun>