<?xml version="1.0" encoding="UTF-8"?>
<TestRun id="4219aecd-1b5a-4674-b21b-4994dfde4666" name="root@CLIENTAZS 2011-07-17 02:43:23" runUser="CLIENTAZS\root" xmlns="http://microsoft.com/schemas/VisualStudio/TeamTest/2010">
  <TestSettings name="ローカル" id="82b9a1a8-b1c9-4cfe-afea-c8e70cee6ddc">
    <Description>これらはローカル テスト実行用の既定のテスト設定です。</Description>
    <Deployment enabled="false" runDeploymentRoot="root_CLIENTAZS 2011-07-17 02_43_23">
      <DeploymentItem filename="C:\Users\root\Documents\Visual Studio 2010\Projects\SerialPortTest\SensorLivetView\InfrastructureAssemblies\Livet.dll" />
      <DeploymentItem filename="C:\Users\root\Documents\Visual Studio 2010\Projects\SerialPortTest\CensorLibrary\bin\Debug\SensorLibrary.dll" />
      <DeploymentItem filename="C:\Program Files (x86)\Microsoft SDKs\Expression\Blend\.NETFramework\v4.0\Libraries\Microsoft.Expression.Interactions.dll" />
      <DeploymentItem filename="C:\Program Files (x86)\Microsoft Reactive Extensions SDK\v1.1.10621\Binaries\.NETFramework\v4.0\System.Reactive.dll" />
      <DeploymentItem filename="C:\Users\root\Documents\Visual Studio 2010\Projects\SerialPortTest\SensorLivetView\bin\Debug\SensorLivetView.exe" />
      <DeploymentItem filename="C:\Program Files\LibUsbDotNet\Src\LibWinUsb\bin\Debug\LibUsbDotNet.dll" />
      <DeploymentItem filename="C:\Program Files (x86)\Microsoft SDKs\Expression\Blend\.NETFramework\v4.0\Libraries\System.Windows.Interactivity.dll" />
      <DeploymentItem filename="C:\Users\root\Documents\Visual Studio 2010\Projects\SerialPortTest\TestProject\bin\Debug\Microsoft.Reactive.Testing.dll" />
    </Deployment>
    <Execution>
      <TestTypeSpecific />
      <AgentRule name="Execution Agents">
      </AgentRule>
    </Execution>
  </TestSettings>
  <Times creation="2011-07-17T02:43:23.8593710+09:00" queuing="2011-07-17T02:43:27.7465933+09:00" start="2011-07-17T02:43:28.1736177+09:00" finish="2011-07-17T02:43:40.4983226+09:00" />
  <ResultSummary outcome="Error">
    <Counters total="1" executed="1" error="0" failed="0" timeout="0" aborted="1" inconclusive="0" passedButRunAborted="0" notRunnable="0" notExecuted="0" disconnected="0" warning="0" passed="0" completed="0" inProgress="0" pending="0" />
    <RunInfos>
      <RunInfo computerName="CLIENTAZS" outcome="Error" timestamp="2011-07-17T02:43:40.4943224+09:00">
        <Text>テストのホスト プロセスは予期せずに終了しました。</Text>
      </RunInfo>
    </RunInfos>
  </ResultSummary>
  <TestDefinitions>
    <UnitTest name="PWMPeriodTest" storage="c:\users\root\documents\visual studio 2010\projects\serialporttest\testproject\bin\debug\testproject.dll" id="8430c551-4dca-8dc6-6839-20a36a121715">
      <Execution id="eafe94ad-2414-48aa-b647-a08771a56fa8" />
      <TestMethod codeBase="C:/Users/root/Documents/Visual Studio 2010/Projects/SerialPortTest/TestProject/bin/Debug/TestProject.DLL" adapterTypeName="Microsoft.VisualStudio.TestTools.TestTypes.Unit.UnitTestAdapter, Microsoft.VisualStudio.QualityTools.Tips.UnitTest.Adapter, Version=10.0.0.0, Culture=neutral, PublicKeyToken=b03f5f7f11d50a3a" className="TestProject.TrainControllerStateTest, TestProject, Version=1.0.0.0, Culture=neutral, PublicKeyToken=null" name="PWMPeriodTest" />
    </UnitTest>
  </TestDefinitions>
  <TestLists>
    <TestList name="一覧に存在しない結果" id="8c84fa94-04c1-424b-9868-57a2d4851a1d" />
    <TestList name="読み込まれたすべての結果" id="19431567-8539-422a-85d7-44ee4e166bda" />
  </TestLists>
  <TestEntries>
    <TestEntry testId="8430c551-4dca-8dc6-6839-20a36a121715" executionId="eafe94ad-2414-48aa-b647-a08771a56fa8" testListId="8c84fa94-04c1-424b-9868-57a2d4851a1d" />
  </TestEntries>
  <Results>
    <UnitTestResult executionId="eafe94ad-2414-48aa-b647-a08771a56fa8" testId="8430c551-4dca-8dc6-6839-20a36a121715" testName="PWMPeriodTest" computerName="CLIENTAZS" duration="00:00:11.9086811" startTime="2011-07-17T02:43:28.5896415+09:00" endTime="2011-07-17T02:43:40.4983226+09:00" testType="13cdc9d9-ddb5-4fa4-a97d-d965ccfc6d4b" outcome="Aborted" testListId="8c84fa94-04c1-424b-9868-57a2d4851a1d" relativeResultsDirectory="eafe94ad-2414-48aa-b647-a08771a56fa8">
    </UnitTestResult>
  </Results>
</TestRun>