<?xml version="1.0" encoding="UTF-8"?>
<TestRun id="0d1e29c9-9f2e-47ec-836e-a47ef260ad91" name="root@CLIENTAZS 2011-06-19 17:42:03" runUser="CLIENTAZS\root" xmlns="http://microsoft.com/schemas/VisualStudio/TeamTest/2010">
  <TestSettings name="ローカル" id="82b9a1a8-b1c9-4cfe-afea-c8e70cee6ddc">
    <Description>これらはローカル テスト実行用の既定のテスト設定です。</Description>
    <Deployment enabled="false" runDeploymentRoot="root_CLIENTAZS 2011-06-19 17_42_03">
      <DeploymentItem filename="C:\Users\root\Documents\Visual Studio 2010\Projects\SerialPortTest\CensorLibrary\bin\Debug\SensorLibrary.dll" />
      <DeploymentItem filename="C:\Program Files\LibUsbDotNet\Src\LibWinUsb\bin\Debug\LibUsbDotNet.dll" />
    </Deployment>
    <Execution>
      <TestTypeSpecific />
      <AgentRule name="Execution Agents">
      </AgentRule>
    </Execution>
  </TestSettings>
  <Times creation="2011-06-19T17:42:03.4964264+09:00" queuing="2011-06-19T17:42:04.4444806+09:00" start="2011-06-19T17:42:04.5504866+09:00" finish="2011-06-19T17:42:05.6325485+09:00" />
  <ResultSummary outcome="Failed">
    <Counters total="1" executed="1" error="0" failed="1" timeout="0" aborted="0" inconclusive="0" passedButRunAborted="0" notRunnable="0" notExecuted="0" disconnected="0" warning="0" passed="0" completed="0" inProgress="0" pending="0" />
  </ResultSummary>
  <TestDefinitions>
    <UnitTest name="ItemTest" storage="c:\users\root\documents\visual studio 2010\projects\serialporttest\testproject\bin\debug\testproject.dll" id="fd6576fe-8e64-b2e3-565c-e729b98d43e4">
      <Execution id="a7291119-bc53-4e85-8e50-576ea18b2e65" />
      <TestMethod codeBase="C:/Users/root/Documents/Visual Studio 2010/Projects/SerialPortTest/TestProject/bin/Debug/TestProject.DLL" adapterTypeName="Microsoft.VisualStudio.TestTools.TestTypes.Unit.UnitTestAdapter, Microsoft.VisualStudio.QualityTools.Tips.UnitTest.Adapter, Version=10.0.0.0, Culture=neutral, PublicKeyToken=b03f5f7f11d50a3a" className="TestProject.MotherBoardStateTest, TestProject, Version=1.0.0.0, Culture=neutral, PublicKeyToken=null" name="ItemTest" />
    </UnitTest>
  </TestDefinitions>
  <TestLists>
    <TestList name="一覧に存在しない結果" id="8c84fa94-04c1-424b-9868-57a2d4851a1d" />
    <TestList name="読み込まれたすべての結果" id="19431567-8539-422a-85d7-44ee4e166bda" />
  </TestLists>
  <TestEntries>
    <TestEntry testId="fd6576fe-8e64-b2e3-565c-e729b98d43e4" executionId="a7291119-bc53-4e85-8e50-576ea18b2e65" testListId="8c84fa94-04c1-424b-9868-57a2d4851a1d" />
  </TestEntries>
  <Results>
    <UnitTestResult executionId="a7291119-bc53-4e85-8e50-576ea18b2e65" testId="fd6576fe-8e64-b2e3-565c-e729b98d43e4" testName="ItemTest" computerName="CLIENTAZS" duration="00:00:00.1493973" startTime="2011-06-19T17:42:04.6064898+09:00" endTime="2011-06-19T17:42:05.5165419+09:00" testType="13cdc9d9-ddb5-4fa4-a97d-d965ccfc6d4b" outcome="Failed" testListId="8c84fa94-04c1-424b-9868-57a2d4851a1d" relativeResultsDirectory="a7291119-bc53-4e85-8e50-576ea18b2e65">
      <Output>
        <ErrorInfo>
          <Message>Assert.AreEqual に失敗しました。&lt;Unknown&gt; が必要ですが、&lt;15&gt; が指定されました。</Message>
          <StackTrace>   場所 TestProject.MotherBoardStateTest.ItemTest() 場所 C:\Users\root\Documents\Visual Studio 2010\Projects\SerialPortTest\TestProject\MotherBoardStateTest.cs:行 125
</StackTrace>
        </ErrorInfo>
      </Output>
    </UnitTestResult>
  </Results>
</TestRun>