<?xml version="1.0" encoding="UTF-8"?>
<TestRun id="906b4282-6bf4-416f-ae23-bf3b4a1d6dad" name="root@CLIENTAZS 2011-06-19 17:28:44" runUser="CLIENTAZS\root" xmlns="http://microsoft.com/schemas/VisualStudio/TeamTest/2010">
  <TestSettings name="ローカル" id="82b9a1a8-b1c9-4cfe-afea-c8e70cee6ddc">
    <Description>これらはローカル テスト実行用の既定のテスト設定です。</Description>
    <Deployment enabled="false" runDeploymentRoot="root_CLIENTAZS 2011-06-19 17_28_44">
      <DeploymentItem filename="C:\Users\root\Documents\Visual Studio 2010\Projects\SerialPortTest\CensorLibrary\bin\Debug\SensorLibrary.dll" />
      <DeploymentItem filename="C:\Program Files\LibUsbDotNet\Src\LibWinUsb\bin\Debug\LibUsbDotNet.dll" />
    </Deployment>
    <Execution>
      <TestTypeSpecific />
      <AgentRule name="Execution Agents">
      </AgentRule>
    </Execution>
  </TestSettings>
  <Times creation="2011-06-19T17:28:44.4107213+09:00" queuing="2011-06-19T17:28:45.9558096+09:00" start="2011-06-19T17:28:46.3778338+09:00" finish="2011-06-19T17:28:58.4315232+09:00" />
  <ResultSummary outcome="Error">
    <Counters total="24" executed="24" passed="16" error="3" failed="3" timeout="0" aborted="0" inconclusive="2" passedButRunAborted="0" notRunnable="0" notExecuted="0" disconnected="0" warning="0" completed="0" inProgress="0" pending="0" />
  </ResultSummary>
  <TestDefinitions>
    <UnitTest name="ModeTest" storage="c:\users\root\documents\visual studio 2010\projects\serialporttest\testproject\bin\debug\testproject.dll" id="e7d27d5a-0dca-8191-f30e-a3d70f9835ee">
      <Execution id="5bb3ab44-63a3-4128-ac1c-bfb29badd3c8" />
      <TestMethod codeBase="C:/Users/root/Documents/Visual Studio 2010/Projects/SerialPortTest/TestProject/bin/Debug/TestProject.DLL" adapterTypeName="Microsoft.VisualStudio.TestTools.TestTypes.Unit.UnitTestAdapter, Microsoft.VisualStudio.QualityTools.Tips.UnitTest.Adapter, Version=10.0.0.0, Culture=neutral, PublicKeyToken=b03f5f7f11d50a3a" className="TestProject.TrainSensorStateTest, TestProject, Version=1.0.0.0, Culture=neutral, PublicKeyToken=null" name="ModeTest" />
    </UnitTest>
    <UnitTest name="DirectionsTest" storage="c:\users\root\documents\visual studio 2010\projects\serialporttest\testproject\bin\debug\testproject.dll" id="3924b4a9-c8e3-1923-e40a-d9b46ab0bbcb">
      <Execution id="398145c2-26bb-467f-a7ea-dce936ec33f0" />
      <TestMethod codeBase="C:/Users/root/Documents/Visual Studio 2010/Projects/SerialPortTest/TestProject/bin/Debug/TestProject.DLL" adapterTypeName="Microsoft.VisualStudio.TestTools.TestTypes.Unit.UnitTestAdapter, Microsoft.VisualStudio.QualityTools.Tips.UnitTest.Adapter, Version=10.0.0.0, Culture=neutral, PublicKeyToken=b03f5f7f11d50a3a" className="TestProject.PointModuleDataTest, TestProject, Version=1.0.0.0, Culture=neutral, PublicKeyToken=null" name="DirectionsTest" />
    </UnitTest>
    <UnitTest name="ThresholdVoltageTest" storage="c:\users\root\documents\visual studio 2010\projects\serialporttest\testproject\bin\debug\testproject.dll" id="e36da11d-994b-1ac2-4a9f-70734f4a554b">
      <Execution id="c6d0182f-a04f-457d-8c7c-992c1551ac91" />
      <TestMethod codeBase="C:/Users/root/Documents/Visual Studio 2010/Projects/SerialPortTest/TestProject/bin/Debug/TestProject.DLL" adapterTypeName="Microsoft.VisualStudio.TestTools.TestTypes.Unit.UnitTestAdapter, Microsoft.VisualStudio.QualityTools.Tips.UnitTest.Adapter, Version=10.0.0.0, Culture=neutral, PublicKeyToken=b03f5f7f11d50a3a" className="TestProject.TrainSensorStateTest, TestProject, Version=1.0.0.0, Culture=neutral, PublicKeyToken=null" name="ThresholdVoltageTest" />
    </UnitTest>
    <UnitTest name="PointModuleStateConstructorTest" storage="c:\users\root\documents\visual studio 2010\projects\serialporttest\testproject\bin\debug\testproject.dll" id="8da466f7-c384-a693-e5eb-95d9f9f6fa64">
      <Execution id="115e3fb2-3d44-498b-829c-06a454589bae" />
      <TestMethod codeBase="C:/Users/root/Documents/Visual Studio 2010/Projects/SerialPortTest/TestProject/bin/Debug/TestProject.DLL" adapterTypeName="Microsoft.VisualStudio.TestTools.TestTypes.Unit.UnitTestAdapter, Microsoft.VisualStudio.QualityTools.Tips.UnitTest.Adapter, Version=10.0.0.0, Culture=neutral, PublicKeyToken=b03f5f7f11d50a3a" className="TestProject.PointModuleStateTest, TestProject, Version=1.0.0.0, Culture=neutral, PublicKeyToken=null" name="PointModuleStateConstructorTest" />
    </UnitTest>
    <UnitTest name="FlushTest" storage="c:\users\root\documents\visual studio 2010\projects\serialporttest\testproject\bin\debug\testproject.dll" id="64811b85-89b0-0b59-3263-26f94adb60fb">
      <Execution id="e04054e0-6b2c-42bc-9f7b-e25c63a418dc" />
      <TestMethod codeBase="C:/Users/root/Documents/Visual Studio 2010/Projects/SerialPortTest/TestProject/bin/Debug/TestProject.DLL" adapterTypeName="Microsoft.VisualStudio.TestTools.TestTypes.Unit.UnitTestAdapter, Microsoft.VisualStudio.QualityTools.Tips.UnitTest.Adapter, Version=10.0.0.0, Culture=neutral, PublicKeyToken=b03f5f7f11d50a3a" className="TestProject.ChunckedStreamTest, TestProject, Version=1.0.0.0, Culture=neutral, PublicKeyToken=null" name="FlushTest" />
    </UnitTest>
    <UnitTest name="ItemTest" storage="c:\users\root\documents\visual studio 2010\projects\serialporttest\testproject\bin\debug\testproject.dll" id="c6c2c1ab-9d23-f24c-e326-eec075cfb3f8">
      <Execution id="67fe1981-7d39-44b6-a36d-a41e8cb6d9c0" />
      <TestMethod codeBase="C:/Users/root/Documents/Visual Studio 2010/Projects/SerialPortTest/TestProject/bin/Debug/TestProject.DLL" adapterTypeName="Microsoft.VisualStudio.TestTools.TestTypes.Unit.UnitTestAdapter, Microsoft.VisualStudio.QualityTools.Tips.UnitTest.Adapter, Version=10.0.0.0, Culture=neutral, PublicKeyToken=b03f5f7f11d50a3a" className="TestProject.PointModuleStateTest, TestProject, Version=1.0.0.0, Culture=neutral, PublicKeyToken=null" name="ItemTest" />
    </UnitTest>
    <UnitTest name="WriteTest" storage="c:\users\root\documents\visual studio 2010\projects\serialporttest\testproject\bin\debug\testproject.dll" id="e1892563-72ac-e402-dfba-90f0fb1b229e">
      <Execution id="52136bef-99c6-4b0d-94ef-59785f8c4149" />
      <TestMethod codeBase="C:/Users/root/Documents/Visual Studio 2010/Projects/SerialPortTest/TestProject/bin/Debug/TestProject.DLL" adapterTypeName="Microsoft.VisualStudio.TestTools.TestTypes.Unit.UnitTestAdapter, Microsoft.VisualStudio.QualityTools.Tips.UnitTest.Adapter, Version=10.0.0.0, Culture=neutral, PublicKeyToken=b03f5f7f11d50a3a" className="TestProject.ChunckedStreamTest, TestProject, Version=1.0.0.0, Culture=neutral, PublicKeyToken=null" name="WriteTest" />
    </UnitTest>
    <UnitTest name="PointModuleStateConstructorTest1" storage="c:\users\root\documents\visual studio 2010\projects\serialporttest\testproject\bin\debug\testproject.dll" id="48df926c-1e10-ea4f-821f-fe6d7ae397e0">
      <Execution id="92173a77-a440-4e72-bb07-853c3d4b6d69" />
      <TestMethod codeBase="C:/Users/root/Documents/Visual Studio 2010/Projects/SerialPortTest/TestProject/bin/Debug/TestProject.DLL" adapterTypeName="Microsoft.VisualStudio.TestTools.TestTypes.Unit.UnitTestAdapter, Microsoft.VisualStudio.QualityTools.Tips.UnitTest.Adapter, Version=10.0.0.0, Culture=neutral, PublicKeyToken=b03f5f7f11d50a3a" className="TestProject.PointModuleStateTest, TestProject, Version=1.0.0.0, Culture=neutral, PublicKeyToken=null" name="PointModuleStateConstructorTest1" />
    </UnitTest>
    <UnitTest name="SetPointStateTest" storage="c:\users\root\documents\visual studio 2010\projects\serialporttest\testproject\bin\debug\testproject.dll" id="b838cd42-a1d9-5f7b-8393-2795415c3b1e">
      <Execution id="bdb48e2d-81ca-433d-97b1-db5c9115ce08" />
      <TestMethod codeBase="C:/Users/root/Documents/Visual Studio 2010/Projects/SerialPortTest/TestProject/bin/Debug/TestProject.DLL" adapterTypeName="Microsoft.VisualStudio.TestTools.TestTypes.Unit.UnitTestAdapter, Microsoft.VisualStudio.QualityTools.Tips.UnitTest.Adapter, Version=10.0.0.0, Culture=neutral, PublicKeyToken=b03f5f7f11d50a3a" className="TestProject.PointModuleStateTest, TestProject, Version=1.0.0.0, Culture=neutral, PublicKeyToken=null" name="SetPointStateTest" />
    </UnitTest>
    <UnitTest name="ToByteArrayTest" storage="c:\users\root\documents\visual studio 2010\projects\serialporttest\testproject\bin\debug\testproject.dll" id="8c676a8d-ec31-5a6b-13ab-e80d4af41e42">
      <Execution id="7bb60521-ebf2-462c-af72-bc74ffd01327" />
      <TestMethod codeBase="C:/Users/root/Documents/Visual Studio 2010/Projects/SerialPortTest/TestProject/bin/Debug/TestProject.DLL" adapterTypeName="Microsoft.VisualStudio.TestTools.TestTypes.Unit.UnitTestAdapter, Microsoft.VisualStudio.QualityTools.Tips.UnitTest.Adapter, Version=10.0.0.0, Culture=neutral, PublicKeyToken=b03f5f7f11d50a3a" className="TestProject.ConvertExtenstionsTest, TestProject, Version=1.0.0.0, Culture=neutral, PublicKeyToken=null" name="ToByteArrayTest" />
    </UnitTest>
    <UnitTest name="OverflowedCountTest" storage="c:\users\root\documents\visual studio 2010\projects\serialporttest\testproject\bin\debug\testproject.dll" id="ad40eac8-0529-544e-7cd1-f5b2a391e919">
      <Execution id="aa93ae2c-589d-4c75-913d-854bf8eb602b" />
      <TestMethod codeBase="C:/Users/root/Documents/Visual Studio 2010/Projects/SerialPortTest/TestProject/bin/Debug/TestProject.DLL" adapterTypeName="Microsoft.VisualStudio.TestTools.TestTypes.Unit.UnitTestAdapter, Microsoft.VisualStudio.QualityTools.Tips.UnitTest.Adapter, Version=10.0.0.0, Culture=neutral, PublicKeyToken=b03f5f7f11d50a3a" className="TestProject.TrainSensorStateTest, TestProject, Version=1.0.0.0, Culture=neutral, PublicKeyToken=null" name="OverflowedCountTest" />
    </UnitTest>
    <UnitTest name="ReadTest" storage="c:\users\root\documents\visual studio 2010\projects\serialporttest\testproject\bin\debug\testproject.dll" id="03d23227-fae1-7f69-18bc-75591f488ed7">
      <Execution id="be72a115-1fec-4232-9a43-2fc10adf1ff1" />
      <TestMethod codeBase="C:/Users/root/Documents/Visual Studio 2010/Projects/SerialPortTest/TestProject/bin/Debug/TestProject.DLL" adapterTypeName="Microsoft.VisualStudio.TestTools.TestTypes.Unit.UnitTestAdapter, Microsoft.VisualStudio.QualityTools.Tips.UnitTest.Adapter, Version=10.0.0.0, Culture=neutral, PublicKeyToken=b03f5f7f11d50a3a" className="TestProject.ChunckedStreamTest, TestProject, Version=1.0.0.0, Culture=neutral, PublicKeyToken=null" name="ReadTest" />
    </UnitTest>
    <UnitTest name="ItemTest" storage="c:\users\root\documents\visual studio 2010\projects\serialporttest\testproject\bin\debug\testproject.dll" id="fd6576fe-8e64-b2e3-565c-e729b98d43e4">
      <Execution id="55e1b3f9-337e-4631-b92c-e086846d5eda" />
      <TestMethod codeBase="C:/Users/root/Documents/Visual Studio 2010/Projects/SerialPortTest/TestProject/bin/Debug/TestProject.DLL" adapterTypeName="Microsoft.VisualStudio.TestTools.TestTypes.Unit.UnitTestAdapter, Microsoft.VisualStudio.QualityTools.Tips.UnitTest.Adapter, Version=10.0.0.0, Culture=neutral, PublicKeyToken=b03f5f7f11d50a3a" className="TestProject.MotherBoardStateTest, TestProject, Version=1.0.0.0, Culture=neutral, PublicKeyToken=null" name="ItemTest" />
    </UnitTest>
    <UnitTest name="CurrentVoltageTest" storage="c:\users\root\documents\visual studio 2010\projects\serialporttest\testproject\bin\debug\testproject.dll" id="5ef5b6e1-0cec-8e3e-2a18-36ec4ba05980">
      <Execution id="27e5f627-e197-4bf6-acc6-c63bd49c0cfc" />
      <TestMethod codeBase="C:/Users/root/Documents/Visual Studio 2010/Projects/SerialPortTest/TestProject/bin/Debug/TestProject.DLL" adapterTypeName="Microsoft.VisualStudio.TestTools.TestTypes.Unit.UnitTestAdapter, Microsoft.VisualStudio.QualityTools.Tips.UnitTest.Adapter, Version=10.0.0.0, Culture=neutral, PublicKeyToken=b03f5f7f11d50a3a" className="TestProject.TrainSensorStateTest, TestProject, Version=1.0.0.0, Culture=neutral, PublicKeyToken=null" name="CurrentVoltageTest" />
    </UnitTest>
    <UnitTest name="ModuleTypeTest" storage="c:\users\root\documents\visual studio 2010\projects\serialporttest\testproject\bin\debug\testproject.dll" id="c3e25e71-e6a3-3799-dbe0-bacda8fc8163">
      <Execution id="b0b17828-41ac-4146-b3d5-d05f6719545a" />
      <TestMethod codeBase="C:/Users/root/Documents/Visual Studio 2010/Projects/SerialPortTest/TestProject/bin/Debug/TestProject.DLL" adapterTypeName="Microsoft.VisualStudio.TestTools.TestTypes.Unit.UnitTestAdapter, Microsoft.VisualStudio.QualityTools.Tips.UnitTest.Adapter, Version=10.0.0.0, Culture=neutral, PublicKeyToken=b03f5f7f11d50a3a" className="TestProject.MotherBoardDataTest, TestProject, Version=1.0.0.0, Culture=neutral, PublicKeyToken=null" name="ModuleTypeTest" />
    </UnitTest>
    <UnitTest name="IsDetectedTest" storage="c:\users\root\documents\visual studio 2010\projects\serialporttest\testproject\bin\debug\testproject.dll" id="4820147a-9623-95f5-e2c8-b660da05a3c5">
      <Execution id="7450c7c2-7008-4d6a-9db5-5d686842a9a9" />
      <TestMethod codeBase="C:/Users/root/Documents/Visual Studio 2010/Projects/SerialPortTest/TestProject/bin/Debug/TestProject.DLL" adapterTypeName="Microsoft.VisualStudio.TestTools.TestTypes.Unit.UnitTestAdapter, Microsoft.VisualStudio.QualityTools.Tips.UnitTest.Adapter, Version=10.0.0.0, Culture=neutral, PublicKeyToken=b03f5f7f11d50a3a" className="TestProject.TrainSensorStateTest, TestProject, Version=1.0.0.0, Culture=neutral, PublicKeyToken=null" name="IsDetectedTest" />
    </UnitTest>
    <UnitTest name="ByteArrayValidationCheck" storage="c:\users\root\documents\visual studio 2010\projects\serialporttest\testproject\bin\debug\testproject.dll" id="e97e0475-1df3-1614-6d37-36b8da6c07df">
      <Execution id="2c667949-5c6f-41bd-8ad4-509b7a03ea27" />
      <TestMethod codeBase="C:/Users/root/Documents/Visual Studio 2010/Projects/SerialPortTest/TestProject/bin/Debug/TestProject.DLL" adapterTypeName="Microsoft.VisualStudio.TestTools.TestTypes.Unit.UnitTestAdapter, Microsoft.VisualStudio.QualityTools.Tips.UnitTest.Adapter, Version=10.0.0.0, Culture=neutral, PublicKeyToken=b03f5f7f11d50a3a" className="TestProject.ConvertExtenstionsTest, TestProject, Version=1.0.0.0, Culture=neutral, PublicKeyToken=null" name="ByteArrayValidationCheck" />
    </UnitTest>
    <UnitTest name="ToStringTest" storage="c:\users\root\documents\visual studio 2010\projects\serialporttest\testproject\bin\debug\testproject.dll" id="1ad9505e-7b3d-d16d-51df-a136ac1ace33">
      <Execution id="42151971-4447-4efe-87f9-db83e09036ba" />
      <TestMethod codeBase="C:/Users/root/Documents/Visual Studio 2010/Projects/SerialPortTest/TestProject/bin/Debug/TestProject.DLL" adapterTypeName="Microsoft.VisualStudio.TestTools.TestTypes.Unit.UnitTestAdapter, Microsoft.VisualStudio.QualityTools.Tips.UnitTest.Adapter, Version=10.0.0.0, Culture=neutral, PublicKeyToken=b03f5f7f11d50a3a" className="TestProject.TrainSensorStateTest, TestProject, Version=1.0.0.0, Culture=neutral, PublicKeyToken=null" name="ToStringTest" />
    </UnitTest>
    <UnitTest name="PointModuleDataConstructorTest" storage="c:\users\root\documents\visual studio 2010\projects\serialporttest\testproject\bin\debug\testproject.dll" id="e636afca-43c6-677e-deb3-86d562155830">
      <Execution id="012ebdd1-4fce-4a14-aea6-b2c7d329c30d" />
      <TestMethod codeBase="C:/Users/root/Documents/Visual Studio 2010/Projects/SerialPortTest/TestProject/bin/Debug/TestProject.DLL" adapterTypeName="Microsoft.VisualStudio.TestTools.TestTypes.Unit.UnitTestAdapter, Microsoft.VisualStudio.QualityTools.Tips.UnitTest.Adapter, Version=10.0.0.0, Culture=neutral, PublicKeyToken=b03f5f7f11d50a3a" className="TestProject.PointModuleDataTest, TestProject, Version=1.0.0.0, Culture=neutral, PublicKeyToken=null" name="PointModuleDataConstructorTest" />
    </UnitTest>
    <UnitTest name="ParentIDTest" storage="c:\users\root\documents\visual studio 2010\projects\serialporttest\testproject\bin\debug\testproject.dll" id="888367e1-b0e5-f904-1073-ef6838ec8384">
      <Execution id="0c78c947-b7cb-49ce-beca-845a9717b67e" />
      <TestMethod codeBase="C:/Users/root/Documents/Visual Studio 2010/Projects/SerialPortTest/TestProject/bin/Debug/TestProject.DLL" adapterTypeName="Microsoft.VisualStudio.TestTools.TestTypes.Unit.UnitTestAdapter, Microsoft.VisualStudio.QualityTools.Tips.UnitTest.Adapter, Version=10.0.0.0, Culture=neutral, PublicKeyToken=b03f5f7f11d50a3a" className="TestProject.MotherBoardStateTest, TestProject, Version=1.0.0.0, Culture=neutral, PublicKeyToken=null" name="ParentIDTest" />
    </UnitTest>
    <UnitTest name="TimerTest" storage="c:\users\root\documents\visual studio 2010\projects\serialporttest\testproject\bin\debug\testproject.dll" id="02112a0a-b267-4424-8970-91320a0a97c2">
      <Execution id="48c68fb4-1ceb-4977-a6d5-ea8068db2330" />
      <TestMethod codeBase="C:/Users/root/Documents/Visual Studio 2010/Projects/SerialPortTest/TestProject/bin/Debug/TestProject.DLL" adapterTypeName="Microsoft.VisualStudio.TestTools.TestTypes.Unit.UnitTestAdapter, Microsoft.VisualStudio.QualityTools.Tips.UnitTest.Adapter, Version=10.0.0.0, Culture=neutral, PublicKeyToken=b03f5f7f11d50a3a" className="TestProject.TrainSensorStateTest, TestProject, Version=1.0.0.0, Culture=neutral, PublicKeyToken=null" name="TimerTest" />
    </UnitTest>
    <UnitTest name="MotherBoardDataConstructorTest" storage="c:\users\root\documents\visual studio 2010\projects\serialporttest\testproject\bin\debug\testproject.dll" id="31c80489-96bc-6432-541f-227c31e73e53">
      <Execution id="6f060cb9-00cc-4587-88ba-fefa53a894b7" />
      <TestMethod codeBase="C:/Users/root/Documents/Visual Studio 2010/Projects/SerialPortTest/TestProject/bin/Debug/TestProject.DLL" adapterTypeName="Microsoft.VisualStudio.TestTools.TestTypes.Unit.UnitTestAdapter, Microsoft.VisualStudio.QualityTools.Tips.UnitTest.Adapter, Version=10.0.0.0, Culture=neutral, PublicKeyToken=b03f5f7f11d50a3a" className="TestProject.MotherBoardDataTest, TestProject, Version=1.0.0.0, Culture=neutral, PublicKeyToken=null" name="MotherBoardDataConstructorTest" />
    </UnitTest>
    <UnitTest name="GetPointStateTest" storage="c:\users\root\documents\visual studio 2010\projects\serialporttest\testproject\bin\debug\testproject.dll" id="4a4e554a-7ba4-a5d9-4848-e1fe230e364e">
      <Execution id="41fe0791-d39f-4cd2-874e-abdce4933d83" />
      <TestMethod codeBase="C:/Users/root/Documents/Visual Studio 2010/Projects/SerialPortTest/TestProject/bin/Debug/TestProject.DLL" adapterTypeName="Microsoft.VisualStudio.TestTools.TestTypes.Unit.UnitTestAdapter, Microsoft.VisualStudio.QualityTools.Tips.UnitTest.Adapter, Version=10.0.0.0, Culture=neutral, PublicKeyToken=b03f5f7f11d50a3a" className="TestProject.PointModuleStateTest, TestProject, Version=1.0.0.0, Culture=neutral, PublicKeyToken=null" name="GetPointStateTest" />
    </UnitTest>
    <UnitTest name="TimerTest" storage="c:\users\root\documents\visual studio 2010\projects\serialporttest\testproject\bin\debug\testproject.dll" id="e531a444-ddb8-6cc8-ba69-dded1772c8fb">
      <Execution id="b2628ace-9594-49e7-961f-05ec2f6d91d2" />
      <TestMethod codeBase="C:/Users/root/Documents/Visual Studio 2010/Projects/SerialPortTest/TestProject/bin/Debug/TestProject.DLL" adapterTypeName="Microsoft.VisualStudio.TestTools.TestTypes.Unit.UnitTestAdapter, Microsoft.VisualStudio.QualityTools.Tips.UnitTest.Adapter, Version=10.0.0.0, Culture=neutral, PublicKeyToken=b03f5f7f11d50a3a" className="TestProject.MotherBoardStateTest, TestProject, Version=1.0.0.0, Culture=neutral, PublicKeyToken=null" name="TimerTest" />
    </UnitTest>
  </TestDefinitions>
  <TestLists>
    <TestList name="一覧に存在しない結果" id="8c84fa94-04c1-424b-9868-57a2d4851a1d" />
    <TestList name="読み込まれたすべての結果" id="19431567-8539-422a-85d7-44ee4e166bda" />
  </TestLists>
  <TestEntries>
    <TestEntry testId="02112a0a-b267-4424-8970-91320a0a97c2" executionId="48c68fb4-1ceb-4977-a6d5-ea8068db2330" testListId="8c84fa94-04c1-424b-9868-57a2d4851a1d" />
    <TestEntry testId="03d23227-fae1-7f69-18bc-75591f488ed7" executionId="be72a115-1fec-4232-9a43-2fc10adf1ff1" testListId="8c84fa94-04c1-424b-9868-57a2d4851a1d" />
    <TestEntry testId="1ad9505e-7b3d-d16d-51df-a136ac1ace33" executionId="42151971-4447-4efe-87f9-db83e09036ba" testListId="8c84fa94-04c1-424b-9868-57a2d4851a1d" />
    <TestEntry testId="31c80489-96bc-6432-541f-227c31e73e53" executionId="6f060cb9-00cc-4587-88ba-fefa53a894b7" testListId="8c84fa94-04c1-424b-9868-57a2d4851a1d" />
    <TestEntry testId="3924b4a9-c8e3-1923-e40a-d9b46ab0bbcb" executionId="398145c2-26bb-467f-a7ea-dce936ec33f0" testListId="8c84fa94-04c1-424b-9868-57a2d4851a1d" />
    <TestEntry testId="4820147a-9623-95f5-e2c8-b660da05a3c5" executionId="7450c7c2-7008-4d6a-9db5-5d686842a9a9" testListId="8c84fa94-04c1-424b-9868-57a2d4851a1d" />
    <TestEntry testId="48df926c-1e10-ea4f-821f-fe6d7ae397e0" executionId="92173a77-a440-4e72-bb07-853c3d4b6d69" testListId="8c84fa94-04c1-424b-9868-57a2d4851a1d" />
    <TestEntry testId="4a4e554a-7ba4-a5d9-4848-e1fe230e364e" executionId="41fe0791-d39f-4cd2-874e-abdce4933d83" testListId="8c84fa94-04c1-424b-9868-57a2d4851a1d" />
    <TestEntry testId="5ef5b6e1-0cec-8e3e-2a18-36ec4ba05980" executionId="27e5f627-e197-4bf6-acc6-c63bd49c0cfc" testListId="8c84fa94-04c1-424b-9868-57a2d4851a1d" />
    <TestEntry testId="64811b85-89b0-0b59-3263-26f94adb60fb" executionId="e04054e0-6b2c-42bc-9f7b-e25c63a418dc" testListId="8c84fa94-04c1-424b-9868-57a2d4851a1d" />
    <TestEntry testId="888367e1-b0e5-f904-1073-ef6838ec8384" executionId="0c78c947-b7cb-49ce-beca-845a9717b67e" testListId="8c84fa94-04c1-424b-9868-57a2d4851a1d" />
    <TestEntry testId="8c676a8d-ec31-5a6b-13ab-e80d4af41e42" executionId="7bb60521-ebf2-462c-af72-bc74ffd01327" testListId="8c84fa94-04c1-424b-9868-57a2d4851a1d" />
    <TestEntry testId="8da466f7-c384-a693-e5eb-95d9f9f6fa64" executionId="115e3fb2-3d44-498b-829c-06a454589bae" testListId="8c84fa94-04c1-424b-9868-57a2d4851a1d" />
    <TestEntry testId="ad40eac8-0529-544e-7cd1-f5b2a391e919" executionId="aa93ae2c-589d-4c75-913d-854bf8eb602b" testListId="8c84fa94-04c1-424b-9868-57a2d4851a1d" />
    <TestEntry testId="b838cd42-a1d9-5f7b-8393-2795415c3b1e" executionId="bdb48e2d-81ca-433d-97b1-db5c9115ce08" testListId="8c84fa94-04c1-424b-9868-57a2d4851a1d" />
    <TestEntry testId="c3e25e71-e6a3-3799-dbe0-bacda8fc8163" executionId="b0b17828-41ac-4146-b3d5-d05f6719545a" testListId="8c84fa94-04c1-424b-9868-57a2d4851a1d" />
    <TestEntry testId="c6c2c1ab-9d23-f24c-e326-eec075cfb3f8" executionId="67fe1981-7d39-44b6-a36d-a41e8cb6d9c0" testListId="8c84fa94-04c1-424b-9868-57a2d4851a1d" />
    <TestEntry testId="e1892563-72ac-e402-dfba-90f0fb1b229e" executionId="52136bef-99c6-4b0d-94ef-59785f8c4149" testListId="8c84fa94-04c1-424b-9868-57a2d4851a1d" />
    <TestEntry testId="e36da11d-994b-1ac2-4a9f-70734f4a554b" executionId="c6d0182f-a04f-457d-8c7c-992c1551ac91" testListId="8c84fa94-04c1-424b-9868-57a2d4851a1d" />
    <TestEntry testId="e531a444-ddb8-6cc8-ba69-dded1772c8fb" executionId="b2628ace-9594-49e7-961f-05ec2f6d91d2" testListId="8c84fa94-04c1-424b-9868-57a2d4851a1d" />
    <TestEntry testId="e636afca-43c6-677e-deb3-86d562155830" executionId="012ebdd1-4fce-4a14-aea6-b2c7d329c30d" testListId="8c84fa94-04c1-424b-9868-57a2d4851a1d" />
    <TestEntry testId="e7d27d5a-0dca-8191-f30e-a3d70f9835ee" executionId="5bb3ab44-63a3-4128-ac1c-bfb29badd3c8" testListId="8c84fa94-04c1-424b-9868-57a2d4851a1d" />
    <TestEntry testId="e97e0475-1df3-1614-6d37-36b8da6c07df" executionId="2c667949-5c6f-41bd-8ad4-509b7a03ea27" testListId="8c84fa94-04c1-424b-9868-57a2d4851a1d" />
    <TestEntry testId="fd6576fe-8e64-b2e3-565c-e729b98d43e4" executionId="55e1b3f9-337e-4631-b92c-e086846d5eda" testListId="8c84fa94-04c1-424b-9868-57a2d4851a1d" />
  </TestEntries>
  <Results>
    <UnitTestResult executionId="48c68fb4-1ceb-4977-a6d5-ea8068db2330" testId="02112a0a-b267-4424-8970-91320a0a97c2" testName="TimerTest" computerName="CLIENTAZS" duration="00:00:00.0357353" startTime="2011-06-19T17:28:46.4258365+09:00" endTime="2011-06-19T17:28:47.2298825+09:00" testType="13cdc9d9-ddb5-4fa4-a97d-d965ccfc6d4b" outcome="Passed" testListId="8c84fa94-04c1-424b-9868-57a2d4851a1d" relativeResultsDirectory="48c68fb4-1ceb-4977-a6d5-ea8068db2330">
    </UnitTestResult>
    <UnitTestResult executionId="be72a115-1fec-4232-9a43-2fc10adf1ff1" testId="03d23227-fae1-7f69-18bc-75591f488ed7" testName="ReadTest" computerName="CLIENTAZS" duration="00:00:00.0178526" startTime="2011-06-19T17:28:47.2418832+09:00" endTime="2011-06-19T17:28:47.3038867+09:00" testType="13cdc9d9-ddb5-4fa4-a97d-d965ccfc6d4b" outcome="Passed" testListId="8c84fa94-04c1-424b-9868-57a2d4851a1d" relativeResultsDirectory="be72a115-1fec-4232-9a43-2fc10adf1ff1">
    </UnitTestResult>
    <UnitTestResult executionId="42151971-4447-4efe-87f9-db83e09036ba" testId="1ad9505e-7b3d-d16d-51df-a136ac1ace33" testName="ToStringTest" computerName="CLIENTAZS" duration="00:00:00.0174341" startTime="2011-06-19T17:28:47.3218878+09:00" endTime="2011-06-19T17:28:47.3528895+09:00" testType="13cdc9d9-ddb5-4fa4-a97d-d965ccfc6d4b" outcome="Passed" testListId="8c84fa94-04c1-424b-9868-57a2d4851a1d" relativeResultsDirectory="42151971-4447-4efe-87f9-db83e09036ba">
      <Output>
        <TextMessages>
          <Message>Timer = 0, V = 2.5, IsDetected = True, Threshold = 1.25</Message>
        </TextMessages>
      </Output>
    </UnitTestResult>
    <UnitTestResult executionId="6f060cb9-00cc-4587-88ba-fefa53a894b7" testId="31c80489-96bc-6432-541f-227c31e73e53" testName="MotherBoardDataConstructorTest" computerName="CLIENTAZS" duration="00:00:00.0041267" startTime="2011-06-19T17:28:47.4118929+09:00" endTime="2011-06-19T17:28:47.4388945+09:00" testType="13cdc9d9-ddb5-4fa4-a97d-d965ccfc6d4b" outcome="Passed" testListId="8c84fa94-04c1-424b-9868-57a2d4851a1d" relativeResultsDirectory="6f060cb9-00cc-4587-88ba-fefa53a894b7">
    </UnitTestResult>
    <UnitTestResult executionId="398145c2-26bb-467f-a7ea-dce936ec33f0" testId="3924b4a9-c8e3-1923-e40a-d9b46ab0bbcb" testName="DirectionsTest" computerName="CLIENTAZS" duration="00:00:00.0016383" startTime="2011-06-19T17:28:47.4568955+09:00" endTime="2011-06-19T17:28:47.4758966+09:00" testType="13cdc9d9-ddb5-4fa4-a97d-d965ccfc6d4b" outcome="Passed" testListId="8c84fa94-04c1-424b-9868-57a2d4851a1d" relativeResultsDirectory="398145c2-26bb-467f-a7ea-dce936ec33f0">
    </UnitTestResult>
    <UnitTestResult executionId="7450c7c2-7008-4d6a-9db5-5d686842a9a9" testId="4820147a-9623-95f5-e2c8-b660da05a3c5" testName="IsDetectedTest" computerName="CLIENTAZS" duration="00:00:00.0027427" startTime="2011-06-19T17:28:47.4928976+09:00" endTime="2011-06-19T17:28:47.5278996+09:00" testType="13cdc9d9-ddb5-4fa4-a97d-d965ccfc6d4b" outcome="Passed" testListId="8c84fa94-04c1-424b-9868-57a2d4851a1d" relativeResultsDirectory="7450c7c2-7008-4d6a-9db5-5d686842a9a9">
    </UnitTestResult>
    <UnitTestResult executionId="92173a77-a440-4e72-bb07-853c3d4b6d69" testId="48df926c-1e10-ea4f-821f-fe6d7ae397e0" testName="PointModuleStateConstructorTest1" computerName="CLIENTAZS" duration="00:00:00.0541853" startTime="2011-06-19T17:28:47.5419004+09:00" endTime="2011-06-19T17:28:47.6209049+09:00" testType="13cdc9d9-ddb5-4fa4-a97d-d965ccfc6d4b" outcome="Inconclusive" testListId="8c84fa94-04c1-424b-9868-57a2d4851a1d" relativeResultsDirectory="92173a77-a440-4e72-bb07-853c3d4b6d69">
      <Output>
        <ErrorInfo>
          <Message>Assert.Inconclusive に失敗しました。TODO: ターゲットを確認するためのコードを実装してください</Message>
          <StackTrace>   場所 TestProject.PointModuleStateTest.PointModuleStateConstructorTest1() 場所 C:\Users\root\Documents\Visual Studio 2010\Projects\SerialPortTest\TestProject\PointModuleStateTest.cs:行 87
</StackTrace>
        </ErrorInfo>
      </Output>
    </UnitTestResult>
    <UnitTestResult executionId="41fe0791-d39f-4cd2-874e-abdce4933d83" testId="4a4e554a-7ba4-a5d9-4848-e1fe230e364e" testName="GetPointStateTest" computerName="CLIENTAZS" duration="00:00:00.0457961" startTime="2011-06-19T17:28:47.6439062+09:00" endTime="2011-06-19T17:28:47.7019095+09:00" testType="13cdc9d9-ddb5-4fa4-a97d-d965ccfc6d4b" outcome="Failed" testListId="8c84fa94-04c1-424b-9868-57a2d4851a1d" relativeResultsDirectory="41fe0791-d39f-4cd2-874e-abdce4933d83">
      <Output>
        <ErrorInfo>
          <Message>テスト メソッド TestProject.PointModuleStateTest.GetPointStateTest が例外をスローしました: 
System.NullReferenceException: オブジェクト参照がオブジェクト インスタンスに設定されていません。</Message>
          <StackTrace>    場所 SensorLibrary.DeviceState`1.get_Data() 場所 C:\Users\root\Documents\Visual Studio 2010\Projects\SerialPortTest\CensorLibrary\DeviceState.cs:行 57
   場所 SensorLibrary.PointModuleState.GetPointState(Int32 addr) 場所 C:\Users\root\Documents\Visual Studio 2010\Projects\SerialPortTest\CensorLibrary\DeviceState.cs:行 218
   場所 TestProject.PointModuleStateTest.GetPointStateTest() 場所 C:\Users\root\Documents\Visual Studio 2010\Projects\SerialPortTest\TestProject\PointModuleStateTest.cs:行 101
</StackTrace>
        </ErrorInfo>
      </Output>
    </UnitTestResult>
    <UnitTestResult executionId="27e5f627-e197-4bf6-acc6-c63bd49c0cfc" testId="5ef5b6e1-0cec-8e3e-2a18-36ec4ba05980" testName="CurrentVoltageTest" computerName="CLIENTAZS" duration="00:00:00.0051905" startTime="2011-06-19T17:28:47.7459120+09:00" endTime="2011-06-19T17:28:47.7919147+09:00" testType="13cdc9d9-ddb5-4fa4-a97d-d965ccfc6d4b" outcome="Passed" testListId="8c84fa94-04c1-424b-9868-57a2d4851a1d" relativeResultsDirectory="27e5f627-e197-4bf6-acc6-c63bd49c0cfc">
    </UnitTestResult>
    <UnitTestResult executionId="e04054e0-6b2c-42bc-9f7b-e25c63a418dc" testId="64811b85-89b0-0b59-3263-26f94adb60fb" testName="FlushTest" computerName="CLIENTAZS" duration="00:00:00.0211610" startTime="2011-06-19T17:28:47.7999151+09:00" endTime="2011-06-19T17:28:47.8439176+09:00" testType="13cdc9d9-ddb5-4fa4-a97d-d965ccfc6d4b" outcome="Passed" testListId="8c84fa94-04c1-424b-9868-57a2d4851a1d" relativeResultsDirectory="e04054e0-6b2c-42bc-9f7b-e25c63a418dc">
    </UnitTestResult>
    <UnitTestResult executionId="0c78c947-b7cb-49ce-beca-845a9717b67e" testId="888367e1-b0e5-f904-1073-ef6838ec8384" testName="ParentIDTest" computerName="CLIENTAZS" startTime="2011-06-19T17:28:47.8539182+09:00" endTime="2011-06-19T17:28:51.6691364+09:00" testType="13cdc9d9-ddb5-4fa4-a97d-d965ccfc6d4b" testListId="8c84fa94-04c1-424b-9868-57a2d4851a1d" relativeResultsDirectory="0c78c947-b7cb-49ce-beca-845a9717b67e">
      <Output>
        <ErrorInfo>
          <Message>テストの実行中にエージェント プロセスが停止しました。</Message>
        </ErrorInfo>
      </Output>
    </UnitTestResult>
    <UnitTestResult executionId="7bb60521-ebf2-462c-af72-bc74ffd01327" testId="8c676a8d-ec31-5a6b-13ab-e80d4af41e42" testName="ToByteArrayTest" computerName="CLIENTAZS" duration="00:00:00.0322132" startTime="2011-06-19T17:28:51.7031384+09:00" endTime="2011-06-19T17:28:52.3771769+09:00" testType="13cdc9d9-ddb5-4fa4-a97d-d965ccfc6d4b" outcome="Passed" testListId="8c84fa94-04c1-424b-9868-57a2d4851a1d" relativeResultsDirectory="7bb60521-ebf2-462c-af72-bc74ffd01327">
    </UnitTestResult>
    <UnitTestResult executionId="115e3fb2-3d44-498b-829c-06a454589bae" testId="8da466f7-c384-a693-e5eb-95d9f9f6fa64" testName="PointModuleStateConstructorTest" computerName="CLIENTAZS" duration="00:00:00.0367512" startTime="2011-06-19T17:28:52.3981781+09:00" endTime="2011-06-19T17:28:52.4571815+09:00" testType="13cdc9d9-ddb5-4fa4-a97d-d965ccfc6d4b" outcome="Inconclusive" testListId="8c84fa94-04c1-424b-9868-57a2d4851a1d" relativeResultsDirectory="115e3fb2-3d44-498b-829c-06a454589bae">
      <Output>
        <ErrorInfo>
          <Message>Assert.Inconclusive に失敗しました。TODO: ターゲットを確認するためのコードを実装してください</Message>
          <StackTrace>   場所 TestProject.PointModuleStateTest.PointModuleStateConstructorTest() 場所 C:\Users\root\Documents\Visual Studio 2010\Projects\SerialPortTest\TestProject\PointModuleStateTest.cs:行 75
</StackTrace>
        </ErrorInfo>
      </Output>
    </UnitTestResult>
    <UnitTestResult executionId="aa93ae2c-589d-4c75-913d-854bf8eb602b" testId="ad40eac8-0529-544e-7cd1-f5b2a391e919" testName="OverflowedCountTest" computerName="CLIENTAZS" duration="00:00:00.0085386" startTime="2011-06-19T17:28:52.4621818+09:00" endTime="2011-06-19T17:28:52.4881833+09:00" testType="13cdc9d9-ddb5-4fa4-a97d-d965ccfc6d4b" outcome="Passed" testListId="8c84fa94-04c1-424b-9868-57a2d4851a1d" relativeResultsDirectory="aa93ae2c-589d-4c75-913d-854bf8eb602b">
    </UnitTestResult>
    <UnitTestResult executionId="bdb48e2d-81ca-433d-97b1-db5c9115ce08" testId="b838cd42-a1d9-5f7b-8393-2795415c3b1e" testName="SetPointStateTest" computerName="CLIENTAZS" duration="00:00:00.0319987" startTime="2011-06-19T17:28:52.4991839+09:00" endTime="2011-06-19T17:28:52.5411863+09:00" testType="13cdc9d9-ddb5-4fa4-a97d-d965ccfc6d4b" outcome="Failed" testListId="8c84fa94-04c1-424b-9868-57a2d4851a1d" relativeResultsDirectory="bdb48e2d-81ca-433d-97b1-db5c9115ce08">
      <Output>
        <ErrorInfo>
          <Message>テスト メソッド TestProject.PointModuleStateTest.SetPointStateTest が例外をスローしました: 
System.NullReferenceException: オブジェクト参照がオブジェクト インスタンスに設定されていません。</Message>
          <StackTrace>    場所 SensorLibrary.DeviceState`1.get_Data() 場所 C:\Users\root\Documents\Visual Studio 2010\Projects\SerialPortTest\CensorLibrary\DeviceState.cs:行 57
   場所 SensorLibrary.PointModuleState.SetPointState(Int32 addr, PointStateEnum state) 場所 C:\Users\root\Documents\Visual Studio 2010\Projects\SerialPortTest\CensorLibrary\DeviceState.cs:行 228
   場所 TestProject.PointModuleStateTest.SetPointStateTest() 場所 C:\Users\root\Documents\Visual Studio 2010\Projects\SerialPortTest\TestProject\PointModuleStateTest.cs:行 116
</StackTrace>
        </ErrorInfo>
      </Output>
    </UnitTestResult>
    <UnitTestResult executionId="b0b17828-41ac-4146-b3d5-d05f6719545a" testId="c3e25e71-e6a3-3799-dbe0-bacda8fc8163" testName="ModuleTypeTest" computerName="CLIENTAZS" duration="00:00:00.0012011" startTime="2011-06-19T17:28:52.5451865+09:00" endTime="2011-06-19T17:28:52.5661877+09:00" testType="13cdc9d9-ddb5-4fa4-a97d-d965ccfc6d4b" outcome="Passed" testListId="8c84fa94-04c1-424b-9868-57a2d4851a1d" relativeResultsDirectory="b0b17828-41ac-4146-b3d5-d05f6719545a">
    </UnitTestResult>
    <UnitTestResult executionId="67fe1981-7d39-44b6-a36d-a41e8cb6d9c0" testId="c6c2c1ab-9d23-f24c-e326-eec075cfb3f8" testName="ItemTest" computerName="CLIENTAZS" duration="00:00:00.0035781" startTime="2011-06-19T17:28:52.5781884+09:00" endTime="2011-06-19T17:28:52.5921892+09:00" testType="13cdc9d9-ddb5-4fa4-a97d-d965ccfc6d4b" outcome="Failed" testListId="8c84fa94-04c1-424b-9868-57a2d4851a1d" relativeResultsDirectory="67fe1981-7d39-44b6-a36d-a41e8cb6d9c0">
      <Output>
        <ErrorInfo>
          <Message>テスト メソッド TestProject.PointModuleStateTest.ItemTest が例外をスローしました: 
System.NullReferenceException: オブジェクト参照がオブジェクト インスタンスに設定されていません。</Message>
          <StackTrace>    場所 SensorLibrary.DeviceState`1.get_Data() 場所 C:\Users\root\Documents\Visual Studio 2010\Projects\SerialPortTest\CensorLibrary\DeviceState.cs:行 57
   場所 SensorLibrary.PointModuleState.SetPointState(Int32 addr, PointStateEnum state) 場所 C:\Users\root\Documents\Visual Studio 2010\Projects\SerialPortTest\CensorLibrary\DeviceState.cs:行 228
   場所 SensorLibrary.PointModuleState.set_Item(Int32 addr, PointStateEnum value) 場所 C:\Users\root\Documents\Visual Studio 2010\Projects\SerialPortTest\CensorLibrary\DeviceState.cs:行 246
   場所 TestProject.PointModuleStateTest.ItemTest() 場所 C:\Users\root\Documents\Visual Studio 2010\Projects\SerialPortTest\TestProject\PointModuleStateTest.cs:行 131
</StackTrace>
        </ErrorInfo>
      </Output>
    </UnitTestResult>
    <UnitTestResult executionId="52136bef-99c6-4b0d-94ef-59785f8c4149" testId="e1892563-72ac-e402-dfba-90f0fb1b229e" testName="WriteTest" computerName="CLIENTAZS" duration="00:00:00.0157161" startTime="2011-06-19T17:28:52.6071901+09:00" endTime="2011-06-19T17:28:52.6351917+09:00" testType="13cdc9d9-ddb5-4fa4-a97d-d965ccfc6d4b" outcome="Passed" testListId="8c84fa94-04c1-424b-9868-57a2d4851a1d" relativeResultsDirectory="52136bef-99c6-4b0d-94ef-59785f8c4149">
    </UnitTestResult>
    <UnitTestResult executionId="c6d0182f-a04f-457d-8c7c-992c1551ac91" testId="e36da11d-994b-1ac2-4a9f-70734f4a554b" testName="ThresholdVoltageTest" computerName="CLIENTAZS" duration="00:00:00.0040682" startTime="2011-06-19T17:28:52.6421921+09:00" endTime="2011-06-19T17:28:52.6621932+09:00" testType="13cdc9d9-ddb5-4fa4-a97d-d965ccfc6d4b" outcome="Passed" testListId="8c84fa94-04c1-424b-9868-57a2d4851a1d" relativeResultsDirectory="c6d0182f-a04f-457d-8c7c-992c1551ac91">
    </UnitTestResult>
    <UnitTestResult executionId="b2628ace-9594-49e7-961f-05ec2f6d91d2" testId="e531a444-ddb8-6cc8-ba69-dded1772c8fb" testName="TimerTest" computerName="CLIENTAZS" startTime="2011-06-19T17:28:52.6751940+09:00" endTime="2011-06-19T17:28:54.9563244+09:00" testType="13cdc9d9-ddb5-4fa4-a97d-d965ccfc6d4b" testListId="8c84fa94-04c1-424b-9868-57a2d4851a1d" relativeResultsDirectory="b2628ace-9594-49e7-961f-05ec2f6d91d2">
      <Output>
        <ErrorInfo>
          <Message>テストの実行中にエージェント プロセスが停止しました。</Message>
        </ErrorInfo>
      </Output>
    </UnitTestResult>
    <UnitTestResult executionId="012ebdd1-4fce-4a14-aea6-b2c7d329c30d" testId="e636afca-43c6-677e-deb3-86d562155830" testName="PointModuleDataConstructorTest" computerName="CLIENTAZS" duration="00:00:00.0307017" startTime="2011-06-19T17:28:54.9903264+09:00" endTime="2011-06-19T17:28:55.6963668+09:00" testType="13cdc9d9-ddb5-4fa4-a97d-d965ccfc6d4b" outcome="Passed" testListId="8c84fa94-04c1-424b-9868-57a2d4851a1d" relativeResultsDirectory="012ebdd1-4fce-4a14-aea6-b2c7d329c30d">
    </UnitTestResult>
    <UnitTestResult executionId="5bb3ab44-63a3-4128-ac1c-bfb29badd3c8" testId="e7d27d5a-0dca-8191-f30e-a3d70f9835ee" testName="ModeTest" computerName="CLIENTAZS" duration="00:00:00.0078926" startTime="2011-06-19T17:28:55.7083675+09:00" endTime="2011-06-19T17:28:55.7453696+09:00" testType="13cdc9d9-ddb5-4fa4-a97d-d965ccfc6d4b" outcome="Passed" testListId="8c84fa94-04c1-424b-9868-57a2d4851a1d" relativeResultsDirectory="5bb3ab44-63a3-4128-ac1c-bfb29badd3c8">
    </UnitTestResult>
    <UnitTestResult executionId="2c667949-5c6f-41bd-8ad4-509b7a03ea27" testId="e97e0475-1df3-1614-6d37-36b8da6c07df" testName="ByteArrayValidationCheck" computerName="CLIENTAZS" duration="00:00:00.0006355" startTime="2011-06-19T17:28:55.7613705+09:00" endTime="2011-06-19T17:28:55.7733712+09:00" testType="13cdc9d9-ddb5-4fa4-a97d-d965ccfc6d4b" outcome="Passed" testListId="8c84fa94-04c1-424b-9868-57a2d4851a1d" relativeResultsDirectory="2c667949-5c6f-41bd-8ad4-509b7a03ea27">
    </UnitTestResult>
    <UnitTestResult executionId="55e1b3f9-337e-4631-b92c-e086846d5eda" testId="fd6576fe-8e64-b2e3-565c-e729b98d43e4" testName="ItemTest" computerName="CLIENTAZS" startTime="2011-06-19T17:28:55.7923723+09:00" endTime="2011-06-19T17:28:58.3665195+09:00" testType="13cdc9d9-ddb5-4fa4-a97d-d965ccfc6d4b" testListId="8c84fa94-04c1-424b-9868-57a2d4851a1d" relativeResultsDirectory="55e1b3f9-337e-4631-b92c-e086846d5eda">
      <Output>
        <ErrorInfo>
          <Message>テストの実行中にエージェント プロセスが停止しました。</Message>
        </ErrorInfo>
      </Output>
    </UnitTestResult>
  </Results>
</TestRun>