<?xml version="1.0" encoding="UTF-8"?>
<TestRun id="1f63fa4e-0791-460f-9929-cdc8b0f1c912" name="root@CLIENTAZS 2011-06-18 18:19:22" runUser="CLIENTAZS\root" xmlns="http://microsoft.com/schemas/VisualStudio/TeamTest/2010">
  <TestSettings name="ローカル" id="82b9a1a8-b1c9-4cfe-afea-c8e70cee6ddc">
    <Description>これらはローカル テスト実行用の既定のテスト設定です。</Description>
    <Deployment enabled="false" runDeploymentRoot="root_CLIENTAZS 2011-06-18 18_19_22">
      <DeploymentItem filename="C:\Users\root\Documents\Visual Studio 2010\Projects\SerialPortTest\CensorLibrary\bin\Debug\SensorLibrary.dll" />
      <DeploymentItem filename="C:\Program Files\LibUsbDotNet\Src\LibWinUsb\bin\Debug\LibUsbDotNet.dll" />
    </Deployment>
    <Execution>
      <TestTypeSpecific />
      <AgentRule name="Execution Agents">
      </AgentRule>
    </Execution>
  </TestSettings>
  <Times creation="2011-06-18T18:19:22.5462389+09:00" queuing="2011-06-18T18:19:22.6912472+09:00" start="2011-06-18T18:19:22.7232491+09:00" finish="2011-06-18T18:19:23.8043109+09:00" />
  <ResultSummary outcome="Inconclusive">
    <Counters total="10" executed="10" passed="9" error="0" failed="0" timeout="0" aborted="0" inconclusive="1" passedButRunAborted="0" notRunnable="0" notExecuted="0" disconnected="0" warning="0" completed="0" inProgress="0" pending="0" />
  </ResultSummary>
  <TestDefinitions>
    <UnitTest name="ModuleTypeTest" storage="c:\users\root\documents\visual studio 2010\projects\serialporttest\testproject\bin\debug\testproject.dll" id="c3e25e71-e6a3-3799-dbe0-bacda8fc8163">
      <Execution id="9b81a67f-6b38-4659-a3f0-56e261bbf231" />
      <TestMethod codeBase="C:/Users/root/Documents/Visual Studio 2010/Projects/SerialPortTest/TestProject/bin/Debug/TestProject.DLL" adapterTypeName="Microsoft.VisualStudio.TestTools.TestTypes.Unit.UnitTestAdapter, Microsoft.VisualStudio.QualityTools.Tips.UnitTest.Adapter, Version=10.0.0.0, Culture=neutral, PublicKeyToken=b03f5f7f11d50a3a" className="TestProject.MotherBoardDataTest, TestProject, Version=1.0.0.0, Culture=neutral, PublicKeyToken=null" name="ModuleTypeTest" />
    </UnitTest>
    <UnitTest name="PointModuleDataConstructorTest" storage="c:\users\root\documents\visual studio 2010\projects\serialporttest\testproject\bin\debug\testproject.dll" id="e636afca-43c6-677e-deb3-86d562155830">
      <Execution id="8c9b5559-95a0-4752-b7d8-611ebe30cf42" />
      <TestMethod codeBase="C:/Users/root/Documents/Visual Studio 2010/Projects/SerialPortTest/TestProject/bin/Debug/TestProject.DLL" adapterTypeName="Microsoft.VisualStudio.TestTools.TestTypes.Unit.UnitTestAdapter, Microsoft.VisualStudio.QualityTools.Tips.UnitTest.Adapter, Version=10.0.0.0, Culture=neutral, PublicKeyToken=b03f5f7f11d50a3a" className="TestProject.PointModuleDataTest, TestProject, Version=1.0.0.0, Culture=neutral, PublicKeyToken=null" name="PointModuleDataConstructorTest" />
    </UnitTest>
    <UnitTest name="WriteTest" storage="c:\users\root\documents\visual studio 2010\projects\serialporttest\testproject\bin\debug\testproject.dll" id="e1892563-72ac-e402-dfba-90f0fb1b229e">
      <Execution id="07b1cae7-3955-4860-b1a5-c232b9367899" />
      <TestMethod codeBase="C:/Users/root/Documents/Visual Studio 2010/Projects/SerialPortTest/TestProject/bin/Debug/TestProject.DLL" adapterTypeName="Microsoft.VisualStudio.TestTools.TestTypes.Unit.UnitTestAdapter, Microsoft.VisualStudio.QualityTools.Tips.UnitTest.Adapter, Version=10.0.0.0, Culture=neutral, PublicKeyToken=b03f5f7f11d50a3a" className="TestProject.ChunckedStreamTest, TestProject, Version=1.0.0.0, Culture=neutral, PublicKeyToken=null" name="WriteTest" />
    </UnitTest>
    <UnitTest name="ByteArrayValidationCheck" storage="c:\users\root\documents\visual studio 2010\projects\serialporttest\testproject\bin\debug\testproject.dll" id="e97e0475-1df3-1614-6d37-36b8da6c07df">
      <Execution id="2709bd56-684d-4897-aa6c-940ee889ea10" />
      <TestMethod codeBase="C:/Users/root/Documents/Visual Studio 2010/Projects/SerialPortTest/TestProject/bin/Debug/TestProject.DLL" adapterTypeName="Microsoft.VisualStudio.TestTools.TestTypes.Unit.UnitTestAdapter, Microsoft.VisualStudio.QualityTools.Tips.UnitTest.Adapter, Version=10.0.0.0, Culture=neutral, PublicKeyToken=b03f5f7f11d50a3a" className="TestProject.ConvertExtenstionsTest, TestProject, Version=1.0.0.0, Culture=neutral, PublicKeyToken=null" name="ByteArrayValidationCheck" />
    </UnitTest>
    <UnitTest name="TrainSensorDataConstructorTest" storage="c:\users\root\documents\visual studio 2010\projects\serialporttest\testproject\bin\debug\testproject.dll" id="7ea7ef99-fd7d-2047-11ab-67cdd7ea0aac">
      <Execution id="5ec38f75-e932-4854-96a1-928ed5cfa1a3" />
      <TestMethod codeBase="C:/Users/root/Documents/Visual Studio 2010/Projects/SerialPortTest/TestProject/bin/Debug/TestProject.DLL" adapterTypeName="Microsoft.VisualStudio.TestTools.TestTypes.Unit.UnitTestAdapter, Microsoft.VisualStudio.QualityTools.Tips.UnitTest.Adapter, Version=10.0.0.0, Culture=neutral, PublicKeyToken=b03f5f7f11d50a3a" className="TestProject.TrainSensorDataTest, TestProject, Version=1.0.0.0, Culture=neutral, PublicKeyToken=null" name="TrainSensorDataConstructorTest" />
    </UnitTest>
    <UnitTest name="FlushTest" storage="c:\users\root\documents\visual studio 2010\projects\serialporttest\testproject\bin\debug\testproject.dll" id="64811b85-89b0-0b59-3263-26f94adb60fb">
      <Execution id="d88e432c-088e-4576-a025-78ccdc00476e" />
      <TestMethod codeBase="C:/Users/root/Documents/Visual Studio 2010/Projects/SerialPortTest/TestProject/bin/Debug/TestProject.DLL" adapterTypeName="Microsoft.VisualStudio.TestTools.TestTypes.Unit.UnitTestAdapter, Microsoft.VisualStudio.QualityTools.Tips.UnitTest.Adapter, Version=10.0.0.0, Culture=neutral, PublicKeyToken=b03f5f7f11d50a3a" className="TestProject.ChunckedStreamTest, TestProject, Version=1.0.0.0, Culture=neutral, PublicKeyToken=null" name="FlushTest" />
    </UnitTest>
    <UnitTest name="MotherBoardDataConstructorTest" storage="c:\users\root\documents\visual studio 2010\projects\serialporttest\testproject\bin\debug\testproject.dll" id="31c80489-96bc-6432-541f-227c31e73e53">
      <Execution id="fb54f7c5-d4ce-40f6-926f-2ce9f4e8197f" />
      <TestMethod codeBase="C:/Users/root/Documents/Visual Studio 2010/Projects/SerialPortTest/TestProject/bin/Debug/TestProject.DLL" adapterTypeName="Microsoft.VisualStudio.TestTools.TestTypes.Unit.UnitTestAdapter, Microsoft.VisualStudio.QualityTools.Tips.UnitTest.Adapter, Version=10.0.0.0, Culture=neutral, PublicKeyToken=b03f5f7f11d50a3a" className="TestProject.MotherBoardDataTest, TestProject, Version=1.0.0.0, Culture=neutral, PublicKeyToken=null" name="MotherBoardDataConstructorTest" />
    </UnitTest>
    <UnitTest name="ReadTest" storage="c:\users\root\documents\visual studio 2010\projects\serialporttest\testproject\bin\debug\testproject.dll" id="03d23227-fae1-7f69-18bc-75591f488ed7">
      <Execution id="5ff72523-8205-4a8f-bbe9-b1b4f6ac8b88" />
      <TestMethod codeBase="C:/Users/root/Documents/Visual Studio 2010/Projects/SerialPortTest/TestProject/bin/Debug/TestProject.DLL" adapterTypeName="Microsoft.VisualStudio.TestTools.TestTypes.Unit.UnitTestAdapter, Microsoft.VisualStudio.QualityTools.Tips.UnitTest.Adapter, Version=10.0.0.0, Culture=neutral, PublicKeyToken=b03f5f7f11d50a3a" className="TestProject.ChunckedStreamTest, TestProject, Version=1.0.0.0, Culture=neutral, PublicKeyToken=null" name="ReadTest" />
    </UnitTest>
    <UnitTest name="DirectionsTest" storage="c:\users\root\documents\visual studio 2010\projects\serialporttest\testproject\bin\debug\testproject.dll" id="3924b4a9-c8e3-1923-e40a-d9b46ab0bbcb">
      <Execution id="aed9c9f2-0ca2-4b10-8c1b-a4fc141f2b91" />
      <TestMethod codeBase="C:/Users/root/Documents/Visual Studio 2010/Projects/SerialPortTest/TestProject/bin/Debug/TestProject.DLL" adapterTypeName="Microsoft.VisualStudio.TestTools.TestTypes.Unit.UnitTestAdapter, Microsoft.VisualStudio.QualityTools.Tips.UnitTest.Adapter, Version=10.0.0.0, Culture=neutral, PublicKeyToken=b03f5f7f11d50a3a" className="TestProject.PointModuleDataTest, TestProject, Version=1.0.0.0, Culture=neutral, PublicKeyToken=null" name="DirectionsTest" />
    </UnitTest>
    <UnitTest name="ToByteArrayTest" storage="c:\users\root\documents\visual studio 2010\projects\serialporttest\testproject\bin\debug\testproject.dll" id="8c676a8d-ec31-5a6b-13ab-e80d4af41e42">
      <Execution id="6d84a0ce-c3ab-4204-8eb0-2e924339520e" />
      <TestMethod codeBase="C:/Users/root/Documents/Visual Studio 2010/Projects/SerialPortTest/TestProject/bin/Debug/TestProject.DLL" adapterTypeName="Microsoft.VisualStudio.TestTools.TestTypes.Unit.UnitTestAdapter, Microsoft.VisualStudio.QualityTools.Tips.UnitTest.Adapter, Version=10.0.0.0, Culture=neutral, PublicKeyToken=b03f5f7f11d50a3a" className="TestProject.ConvertExtenstionsTest, TestProject, Version=1.0.0.0, Culture=neutral, PublicKeyToken=null" name="ToByteArrayTest" />
    </UnitTest>
  </TestDefinitions>
  <TestLists>
    <TestList name="一覧に存在しない結果" id="8c84fa94-04c1-424b-9868-57a2d4851a1d" />
    <TestList name="読み込まれたすべての結果" id="19431567-8539-422a-85d7-44ee4e166bda" />
  </TestLists>
  <TestEntries>
    <TestEntry testId="03d23227-fae1-7f69-18bc-75591f488ed7" executionId="5ff72523-8205-4a8f-bbe9-b1b4f6ac8b88" testListId="8c84fa94-04c1-424b-9868-57a2d4851a1d" />
    <TestEntry testId="31c80489-96bc-6432-541f-227c31e73e53" executionId="fb54f7c5-d4ce-40f6-926f-2ce9f4e8197f" testListId="8c84fa94-04c1-424b-9868-57a2d4851a1d" />
    <TestEntry testId="3924b4a9-c8e3-1923-e40a-d9b46ab0bbcb" executionId="aed9c9f2-0ca2-4b10-8c1b-a4fc141f2b91" testListId="8c84fa94-04c1-424b-9868-57a2d4851a1d" />
    <TestEntry testId="64811b85-89b0-0b59-3263-26f94adb60fb" executionId="d88e432c-088e-4576-a025-78ccdc00476e" testListId="8c84fa94-04c1-424b-9868-57a2d4851a1d" />
    <TestEntry testId="7ea7ef99-fd7d-2047-11ab-67cdd7ea0aac" executionId="5ec38f75-e932-4854-96a1-928ed5cfa1a3" testListId="8c84fa94-04c1-424b-9868-57a2d4851a1d" />
    <TestEntry testId="8c676a8d-ec31-5a6b-13ab-e80d4af41e42" executionId="6d84a0ce-c3ab-4204-8eb0-2e924339520e" testListId="8c84fa94-04c1-424b-9868-57a2d4851a1d" />
    <TestEntry testId="c3e25e71-e6a3-3799-dbe0-bacda8fc8163" executionId="9b81a67f-6b38-4659-a3f0-56e261bbf231" testListId="8c84fa94-04c1-424b-9868-57a2d4851a1d" />
    <TestEntry testId="e1892563-72ac-e402-dfba-90f0fb1b229e" executionId="07b1cae7-3955-4860-b1a5-c232b9367899" testListId="8c84fa94-04c1-424b-9868-57a2d4851a1d" />
    <TestEntry testId="e636afca-43c6-677e-deb3-86d562155830" executionId="8c9b5559-95a0-4752-b7d8-611ebe30cf42" testListId="8c84fa94-04c1-424b-9868-57a2d4851a1d" />
    <TestEntry testId="e97e0475-1df3-1614-6d37-36b8da6c07df" executionId="2709bd56-684d-4897-aa6c-940ee889ea10" testListId="8c84fa94-04c1-424b-9868-57a2d4851a1d" />
  </TestEntries>
  <Results>
    <UnitTestResult executionId="5ff72523-8205-4a8f-bbe9-b1b4f6ac8b88" testId="03d23227-fae1-7f69-18bc-75591f488ed7" testName="ReadTest" computerName="CLIENTAZS" duration="00:00:00.0375419" startTime="2011-06-18T18:19:22.7382499+09:00" endTime="2011-06-18T18:19:23.3742863+09:00" testType="13cdc9d9-ddb5-4fa4-a97d-d965ccfc6d4b" outcome="Passed" testListId="8c84fa94-04c1-424b-9868-57a2d4851a1d" relativeResultsDirectory="5ff72523-8205-4a8f-bbe9-b1b4f6ac8b88">
    </UnitTestResult>
    <UnitTestResult executionId="fb54f7c5-d4ce-40f6-926f-2ce9f4e8197f" testId="31c80489-96bc-6432-541f-227c31e73e53" testName="MotherBoardDataConstructorTest" computerName="CLIENTAZS" duration="00:00:00.0094862" startTime="2011-06-18T18:19:23.3842869+09:00" endTime="2011-06-18T18:19:23.3992877+09:00" testType="13cdc9d9-ddb5-4fa4-a97d-d965ccfc6d4b" outcome="Passed" testListId="8c84fa94-04c1-424b-9868-57a2d4851a1d" relativeResultsDirectory="fb54f7c5-d4ce-40f6-926f-2ce9f4e8197f">
    </UnitTestResult>
    <UnitTestResult executionId="aed9c9f2-0ca2-4b10-8c1b-a4fc141f2b91" testId="3924b4a9-c8e3-1923-e40a-d9b46ab0bbcb" testName="DirectionsTest" computerName="CLIENTAZS" duration="00:00:00.0030726" startTime="2011-06-18T18:19:23.4082882+09:00" endTime="2011-06-18T18:19:23.4412901+09:00" testType="13cdc9d9-ddb5-4fa4-a97d-d965ccfc6d4b" outcome="Passed" testListId="8c84fa94-04c1-424b-9868-57a2d4851a1d" relativeResultsDirectory="aed9c9f2-0ca2-4b10-8c1b-a4fc141f2b91">
    </UnitTestResult>
    <UnitTestResult executionId="d88e432c-088e-4576-a025-78ccdc00476e" testId="64811b85-89b0-0b59-3263-26f94adb60fb" testName="FlushTest" computerName="CLIENTAZS" duration="00:00:00.0029199" startTime="2011-06-18T18:19:23.4502906+09:00" endTime="2011-06-18T18:19:23.4752921+09:00" testType="13cdc9d9-ddb5-4fa4-a97d-d965ccfc6d4b" outcome="Passed" testListId="8c84fa94-04c1-424b-9868-57a2d4851a1d" relativeResultsDirectory="d88e432c-088e-4576-a025-78ccdc00476e">
    </UnitTestResult>
    <UnitTestResult executionId="5ec38f75-e932-4854-96a1-928ed5cfa1a3" testId="7ea7ef99-fd7d-2047-11ab-67cdd7ea0aac" testName="TrainSensorDataConstructorTest" computerName="CLIENTAZS" duration="00:00:00.0288195" startTime="2011-06-18T18:19:23.4812924+09:00" endTime="2011-06-18T18:19:23.5482963+09:00" testType="13cdc9d9-ddb5-4fa4-a97d-d965ccfc6d4b" outcome="Inconclusive" testListId="8c84fa94-04c1-424b-9868-57a2d4851a1d" relativeResultsDirectory="5ec38f75-e932-4854-96a1-928ed5cfa1a3">
      <Output>
        <ErrorInfo>
          <Message>Assert.Inconclusive に失敗しました。TODO: ターゲットを確認するためのコードを実装してください</Message>
          <StackTrace>   場所 TestProject.TrainSensorDataTest.TrainSensorDataConstructorTest() 場所 C:\Users\root\Documents\Visual Studio 2010\Projects\SerialPortTest\TestProject\TrainSensorDataTest.cs:行 105
</StackTrace>
        </ErrorInfo>
      </Output>
    </UnitTestResult>
    <UnitTestResult executionId="6d84a0ce-c3ab-4204-8eb0-2e924339520e" testId="8c676a8d-ec31-5a6b-13ab-e80d4af41e42" testName="ToByteArrayTest" computerName="CLIENTAZS" duration="00:00:00.0184117" startTime="2011-06-18T18:19:23.5562967+09:00" endTime="2011-06-18T18:19:23.6052995+09:00" testType="13cdc9d9-ddb5-4fa4-a97d-d965ccfc6d4b" outcome="Passed" testListId="8c84fa94-04c1-424b-9868-57a2d4851a1d" relativeResultsDirectory="6d84a0ce-c3ab-4204-8eb0-2e924339520e">
    </UnitTestResult>
    <UnitTestResult executionId="9b81a67f-6b38-4659-a3f0-56e261bbf231" testId="c3e25e71-e6a3-3799-dbe0-bacda8fc8163" testName="ModuleTypeTest" computerName="CLIENTAZS" duration="00:00:00.0006501" startTime="2011-06-18T18:19:23.6333011+09:00" endTime="2011-06-18T18:19:23.6533023+09:00" testType="13cdc9d9-ddb5-4fa4-a97d-d965ccfc6d4b" outcome="Passed" testListId="8c84fa94-04c1-424b-9868-57a2d4851a1d" relativeResultsDirectory="9b81a67f-6b38-4659-a3f0-56e261bbf231">
    </UnitTestResult>
    <UnitTestResult executionId="07b1cae7-3955-4860-b1a5-c232b9367899" testId="e1892563-72ac-e402-dfba-90f0fb1b229e" testName="WriteTest" computerName="CLIENTAZS" duration="00:00:00.0022153" startTime="2011-06-18T18:19:23.6633028+09:00" endTime="2011-06-18T18:19:23.6933045+09:00" testType="13cdc9d9-ddb5-4fa4-a97d-d965ccfc6d4b" outcome="Passed" testListId="8c84fa94-04c1-424b-9868-57a2d4851a1d" relativeResultsDirectory="07b1cae7-3955-4860-b1a5-c232b9367899">
    </UnitTestResult>
    <UnitTestResult executionId="8c9b5559-95a0-4752-b7d8-611ebe30cf42" testId="e636afca-43c6-677e-deb3-86d562155830" testName="PointModuleDataConstructorTest" computerName="CLIENTAZS" duration="00:00:00.0006151" startTime="2011-06-18T18:19:23.7083054+09:00" endTime="2011-06-18T18:19:23.7273065+09:00" testType="13cdc9d9-ddb5-4fa4-a97d-d965ccfc6d4b" outcome="Passed" testListId="8c84fa94-04c1-424b-9868-57a2d4851a1d" relativeResultsDirectory="8c9b5559-95a0-4752-b7d8-611ebe30cf42">
    </UnitTestResult>
    <UnitTestResult executionId="2709bd56-684d-4897-aa6c-940ee889ea10" testId="e97e0475-1df3-1614-6d37-36b8da6c07df" testName="ByteArrayValidationCheck" computerName="CLIENTAZS" duration="00:00:00.0002649" startTime="2011-06-18T18:19:23.7413073+09:00" endTime="2011-06-18T18:19:23.7563081+09:00" testType="13cdc9d9-ddb5-4fa4-a97d-d965ccfc6d4b" outcome="Passed" testListId="8c84fa94-04c1-424b-9868-57a2d4851a1d" relativeResultsDirectory="2709bd56-684d-4897-aa6c-940ee889ea10">
    </UnitTestResult>
  </Results>
</TestRun>