<?xml version="1.0" encoding="UTF-8"?>
<TestRun id="32fa1503-7610-4140-8653-0b529ef28f09" name="root@CLIENTAZS 2011-07-06 21:52:49" runUser="CLIENTAZS\root" xmlns="http://microsoft.com/schemas/VisualStudio/TeamTest/2010">
  <TestSettings name="ローカル" id="82b9a1a8-b1c9-4cfe-afea-c8e70cee6ddc">
    <Description>これらはローカル テスト実行用の既定のテスト設定です。</Description>
    <Deployment enabled="false" runDeploymentRoot="root_CLIENTAZS 2011-07-06 21_52_49">
      <DeploymentItem filename="C:\Users\root\Documents\Visual Studio 2010\Projects\SerialPortTest\SensorLivetView\InfrastructureAssemblies\Livet.dll" />
      <DeploymentItem filename="C:\Users\root\Documents\Visual Studio 2010\Projects\SerialPortTest\CensorLibrary\bin\Debug\SensorLibrary.dll" />
      <DeploymentItem filename="C:\Program Files (x86)\Microsoft SDKs\Expression\Blend\.NETFramework\v4.0\Libraries\Microsoft.Expression.Interactions.dll" />
      <DeploymentItem filename="C:\Program Files (x86)\Microsoft Reactive Extensions SDK\v1.1.10621\Binaries\.NETFramework\v4.0\System.Reactive.dll" />
      <DeploymentItem filename="C:\Users\root\Documents\Visual Studio 2010\Projects\SerialPortTest\SensorLivetView\bin\Debug\SensorLivetView.exe" />
      <DeploymentItem filename="C:\Program Files\LibUsbDotNet\Src\LibWinUsb\bin\Debug\LibUsbDotNet.dll" />
      <DeploymentItem filename="C:\Program Files (x86)\Microsoft SDKs\Expression\Blend\.NETFramework\v4.0\Libraries\System.Windows.Interactivity.dll" />
      <DeploymentItem filename="C:\Users\root\Documents\Visual Studio 2010\Projects\SerialPortTest\TestProject\bin\Debug\Microsoft.Reactive.Testing.dll" />
    </Deployment>
    <Execution>
      <TestTypeSpecific />
      <AgentRule name="Execution Agents">
      </AgentRule>
    </Execution>
  </TestSettings>
  <Times creation="2011-07-06T21:52:49.1176095+09:00" queuing="2011-07-06T21:52:53.1208385+09:00" start="2011-07-06T21:52:53.4748587+09:00" finish="2011-07-06T21:52:55.4679727+09:00" />
  <ResultSummary outcome="Completed">
    <Counters total="35" executed="35" passed="35" error="0" failed="0" timeout="0" aborted="0" inconclusive="0" passedButRunAborted="0" notRunnable="0" notExecuted="0" disconnected="0" warning="0" completed="0" inProgress="0" pending="0" />
  </ResultSummary>
  <TestDefinitions>
    <UnitTest name="TimerTest" storage="c:\users\root\documents\visual studio 2010\projects\serialporttest\testproject\bin\debug\testproject.dll" id="02112a0a-b267-4424-8970-91320a0a97c2">
      <Execution id="42093d40-5aa5-4fd3-8349-199bd3ab8cce" />
      <TestMethod codeBase="C:/Users/root/Documents/Visual Studio 2010/Projects/SerialPortTest/TestProject/bin/Debug/TestProject.DLL" adapterTypeName="Microsoft.VisualStudio.TestTools.TestTypes.Unit.UnitTestAdapter, Microsoft.VisualStudio.QualityTools.Tips.UnitTest.Adapter, Version=10.0.0.0, Culture=neutral, PublicKeyToken=b03f5f7f11d50a3a" className="TestProject.TrainSensorStateTest, TestProject, Version=1.0.0.0, Culture=neutral, PublicKeyToken=null" name="TimerTest" />
    </UnitTest>
    <UnitTest name="ToStringTest" storage="c:\users\root\documents\visual studio 2010\projects\serialporttest\testproject\bin\debug\testproject.dll" id="1ad9505e-7b3d-d16d-51df-a136ac1ace33">
      <Execution id="777ec583-f7c3-4931-8aa9-ff21be87c3cb" />
      <TestMethod codeBase="C:/Users/root/Documents/Visual Studio 2010/Projects/SerialPortTest/TestProject/bin/Debug/TestProject.DLL" adapterTypeName="Microsoft.VisualStudio.TestTools.TestTypes.Unit.UnitTestAdapter, Microsoft.VisualStudio.QualityTools.Tips.UnitTest.Adapter, Version=10.0.0.0, Culture=neutral, PublicKeyToken=b03f5f7f11d50a3a" className="TestProject.TrainSensorStateTest, TestProject, Version=1.0.0.0, Culture=neutral, PublicKeyToken=null" name="ToStringTest" />
    </UnitTest>
    <UnitTest name="NotifyTest" storage="c:\users\root\documents\visual studio 2010\projects\serialporttest\testproject\bin\debug\testproject.dll" id="33375970-617f-3a5a-7a00-f7181501c5a1">
      <Execution id="ad760bd6-d6a1-4547-9af8-d144f5d9a716" />
      <TestMethod codeBase="C:/Users/root/Documents/Visual Studio 2010/Projects/SerialPortTest/TestProject/bin/Debug/TestProject.DLL" adapterTypeName="Microsoft.VisualStudio.TestTools.TestTypes.Unit.UnitTestAdapter, Microsoft.VisualStudio.QualityTools.Tips.UnitTest.Adapter, Version=10.0.0.0, Culture=neutral, PublicKeyToken=b03f5f7f11d50a3a" className="TestProject.PacketDispatcherSingleTest, TestProject, Version=1.0.0.0, Culture=neutral, PublicKeyToken=null" name="NotifyTest" />
    </UnitTest>
    <UnitTest name="PointModuleStateConstructorTest" storage="c:\users\root\documents\visual studio 2010\projects\serialporttest\testproject\bin\debug\testproject.dll" id="8da466f7-c384-a693-e5eb-95d9f9f6fa64">
      <Execution id="188b3ad5-ca67-42f5-9a75-e4c8af2603c3" />
      <TestMethod codeBase="C:/Users/root/Documents/Visual Studio 2010/Projects/SerialPortTest/TestProject/bin/Debug/TestProject.DLL" adapterTypeName="Microsoft.VisualStudio.TestTools.TestTypes.Unit.UnitTestAdapter, Microsoft.VisualStudio.QualityTools.Tips.UnitTest.Adapter, Version=10.0.0.0, Culture=neutral, PublicKeyToken=b03f5f7f11d50a3a" className="TestProject.PointModuleStateTest, TestProject, Version=1.0.0.0, Culture=neutral, PublicKeyToken=null" name="PointModuleStateConstructorTest" />
    </UnitTest>
    <UnitTest name="ItemTest" storage="c:\users\root\documents\visual studio 2010\projects\serialporttest\testproject\bin\debug\testproject.dll" id="fd6576fe-8e64-b2e3-565c-e729b98d43e4">
      <Execution id="ae098e19-e0f0-47a3-90ce-51278d6de414" />
      <TestMethod codeBase="C:/Users/root/Documents/Visual Studio 2010/Projects/SerialPortTest/TestProject/bin/Debug/TestProject.DLL" adapterTypeName="Microsoft.VisualStudio.TestTools.TestTypes.Unit.UnitTestAdapter, Microsoft.VisualStudio.QualityTools.Tips.UnitTest.Adapter, Version=10.0.0.0, Culture=neutral, PublicKeyToken=b03f5f7f11d50a3a" className="TestProject.MotherBoardStateTest, TestProject, Version=1.0.0.0, Culture=neutral, PublicKeyToken=null" name="ItemTest" />
    </UnitTest>
    <UnitTest name="SelectedDeviceTest" storage="c:\users\root\documents\visual studio 2010\projects\serialporttest\testproject\bin\debug\testproject.dll" id="3a4db604-7139-9804-2ab5-ad14796afec1">
      <Execution id="5131e83e-15e9-4bb5-aa3d-bcbe17a9b1e7" />
      <TestMethod codeBase="C:/Users/root/Documents/Visual Studio 2010/Projects/SerialPortTest/TestProject/bin/Debug/TestProject.DLL" adapterTypeName="Microsoft.VisualStudio.TestTools.TestTypes.Unit.UnitTestAdapter, Microsoft.VisualStudio.QualityTools.Tips.UnitTest.Adapter, Version=10.0.0.0, Culture=neutral, PublicKeyToken=b03f5f7f11d50a3a" className="TestProject.UsbDevicesViewModelTest, TestProject, Version=1.0.0.0, Culture=neutral, PublicKeyToken=null" name="SelectedDeviceTest" />
    </UnitTest>
    <UnitTest name="PushTest" storage="c:\users\root\documents\visual studio 2010\projects\serialporttest\testproject\bin\debug\testproject.dll" id="314353f8-f8f2-09fc-9d42-2c7ab0b773e8">
      <Execution id="6dfd9e62-e427-4148-8db1-0679f112e456" />
      <TestMethod codeBase="C:/Users/root/Documents/Visual Studio 2010/Projects/SerialPortTest/TestProject/bin/Debug/TestProject.DLL" adapterTypeName="Microsoft.VisualStudio.TestTools.TestTypes.Unit.UnitTestAdapter, Microsoft.VisualStudio.QualityTools.Tips.UnitTest.Adapter, Version=10.0.0.0, Culture=neutral, PublicKeyToken=b03f5f7f11d50a3a" className="TestProject.LoopingArrayTest, TestProject, Version=1.0.0.0, Culture=neutral, PublicKeyToken=null" name="PushTest" />
    </UnitTest>
    <UnitTest name="DeviceCandicatesTest" storage="c:\users\root\documents\visual studio 2010\projects\serialporttest\testproject\bin\debug\testproject.dll" id="c57eff42-a84b-6116-b645-b74d987ba9b1">
      <Execution id="335e890f-d124-4e9c-a2ee-e671c5c496eb" />
      <TestMethod codeBase="C:/Users/root/Documents/Visual Studio 2010/Projects/SerialPortTest/TestProject/bin/Debug/TestProject.DLL" adapterTypeName="Microsoft.VisualStudio.TestTools.TestTypes.Unit.UnitTestAdapter, Microsoft.VisualStudio.QualityTools.Tips.UnitTest.Adapter, Version=10.0.0.0, Culture=neutral, PublicKeyToken=b03f5f7f11d50a3a" className="TestProject.UsbDevicesViewModelTest, TestProject, Version=1.0.0.0, Culture=neutral, PublicKeyToken=null" name="DeviceCandicatesTest" />
    </UnitTest>
    <UnitTest name="MotherBoardDataConstructorTest" storage="c:\users\root\documents\visual studio 2010\projects\serialporttest\testproject\bin\debug\testproject.dll" id="31c80489-96bc-6432-541f-227c31e73e53">
      <Execution id="b6be99cb-c75b-49d8-92a3-994a1354ce81" />
      <TestMethod codeBase="C:/Users/root/Documents/Visual Studio 2010/Projects/SerialPortTest/TestProject/bin/Debug/TestProject.DLL" adapterTypeName="Microsoft.VisualStudio.TestTools.TestTypes.Unit.UnitTestAdapter, Microsoft.VisualStudio.QualityTools.Tips.UnitTest.Adapter, Version=10.0.0.0, Culture=neutral, PublicKeyToken=b03f5f7f11d50a3a" className="TestProject.MotherBoardDataTest, TestProject, Version=1.0.0.0, Culture=neutral, PublicKeyToken=null" name="MotherBoardDataConstructorTest" />
    </UnitTest>
    <UnitTest name="ThresholdVoltageTest" storage="c:\users\root\documents\visual studio 2010\projects\serialporttest\testproject\bin\debug\testproject.dll" id="e36da11d-994b-1ac2-4a9f-70734f4a554b">
      <Execution id="a6cc3241-c6cc-4444-8fab-d41eff6fb019" />
      <TestMethod codeBase="C:/Users/root/Documents/Visual Studio 2010/Projects/SerialPortTest/TestProject/bin/Debug/TestProject.DLL" adapterTypeName="Microsoft.VisualStudio.TestTools.TestTypes.Unit.UnitTestAdapter, Microsoft.VisualStudio.QualityTools.Tips.UnitTest.Adapter, Version=10.0.0.0, Culture=neutral, PublicKeyToken=b03f5f7f11d50a3a" className="TestProject.TrainSensorStateTest, TestProject, Version=1.0.0.0, Culture=neutral, PublicKeyToken=null" name="ThresholdVoltageTest" />
    </UnitTest>
    <UnitTest name="IsDetectedTest" storage="c:\users\root\documents\visual studio 2010\projects\serialporttest\testproject\bin\debug\testproject.dll" id="4820147a-9623-95f5-e2c8-b660da05a3c5">
      <Execution id="c6734eb0-29e4-4eb1-95d7-d2450b0f40e1" />
      <TestMethod codeBase="C:/Users/root/Documents/Visual Studio 2010/Projects/SerialPortTest/TestProject/bin/Debug/TestProject.DLL" adapterTypeName="Microsoft.VisualStudio.TestTools.TestTypes.Unit.UnitTestAdapter, Microsoft.VisualStudio.QualityTools.Tips.UnitTest.Adapter, Version=10.0.0.0, Culture=neutral, PublicKeyToken=b03f5f7f11d50a3a" className="TestProject.TrainSensorStateTest, TestProject, Version=1.0.0.0, Culture=neutral, PublicKeyToken=null" name="IsDetectedTest" />
    </UnitTest>
    <UnitTest name="CurrentVoltageTest" storage="c:\users\root\documents\visual studio 2010\projects\serialporttest\testproject\bin\debug\testproject.dll" id="5ef5b6e1-0cec-8e3e-2a18-36ec4ba05980">
      <Execution id="451a5b4e-96d6-440c-b9b1-988d1dae902c" />
      <TestMethod codeBase="C:/Users/root/Documents/Visual Studio 2010/Projects/SerialPortTest/TestProject/bin/Debug/TestProject.DLL" adapterTypeName="Microsoft.VisualStudio.TestTools.TestTypes.Unit.UnitTestAdapter, Microsoft.VisualStudio.QualityTools.Tips.UnitTest.Adapter, Version=10.0.0.0, Culture=neutral, PublicKeyToken=b03f5f7f11d50a3a" className="TestProject.TrainSensorStateTest, TestProject, Version=1.0.0.0, Culture=neutral, PublicKeyToken=null" name="CurrentVoltageTest" />
    </UnitTest>
    <UnitTest name="PortMappingEnumerableTest" storage="c:\users\root\documents\visual studio 2010\projects\serialporttest\testproject\bin\debug\testproject.dll" id="c89c1729-1b69-9af7-691d-ccb30e6f1a55">
      <Execution id="a1f25c5f-49df-4b79-9b6f-710a257b189d" />
      <TestMethod codeBase="C:/Users/root/Documents/Visual Studio 2010/Projects/SerialPortTest/TestProject/bin/Debug/TestProject.DLL" adapterTypeName="Microsoft.VisualStudio.TestTools.TestTypes.Unit.UnitTestAdapter, Microsoft.VisualStudio.QualityTools.Tips.UnitTest.Adapter, Version=10.0.0.0, Culture=neutral, PublicKeyToken=b03f5f7f11d50a3a" className="TestProject.MotherBoardViewModelTest, TestProject, Version=1.0.0.0, Culture=neutral, PublicKeyToken=null" name="PortMappingEnumerableTest" />
    </UnitTest>
    <UnitTest name="GetEnumeratorTest1" storage="c:\users\root\documents\visual studio 2010\projects\serialporttest\testproject\bin\debug\testproject.dll" id="b5a4d5e0-4c69-c428-0875-3e21832ca469">
      <DeploymentItems>
        <DeploymentItem filename="SensorLibrary.dll" />
      </DeploymentItems>
      <Execution id="cc5703d3-3424-4f35-bf97-f3f0a748c470" />
      <TestMethod codeBase="C:/Users/root/Documents/Visual Studio 2010/Projects/SerialPortTest/TestProject/bin/Debug/TestProject.DLL" adapterTypeName="Microsoft.VisualStudio.TestTools.TestTypes.Unit.UnitTestAdapter, Microsoft.VisualStudio.QualityTools.Tips.UnitTest.Adapter, Version=10.0.0.0, Culture=neutral, PublicKeyToken=b03f5f7f11d50a3a" className="TestProject.LoopingArrayTest, TestProject, Version=1.0.0.0, Culture=neutral, PublicKeyToken=null" name="GetEnumeratorTest1" />
    </UnitTest>
    <UnitTest name="ByteArrayValidationCheck" storage="c:\users\root\documents\visual studio 2010\projects\serialporttest\testproject\bin\debug\testproject.dll" id="e97e0475-1df3-1614-6d37-36b8da6c07df">
      <Execution id="b2a52d90-1416-4985-ab97-ad862007976d" />
      <TestMethod codeBase="C:/Users/root/Documents/Visual Studio 2010/Projects/SerialPortTest/TestProject/bin/Debug/TestProject.DLL" adapterTypeName="Microsoft.VisualStudio.TestTools.TestTypes.Unit.UnitTestAdapter, Microsoft.VisualStudio.QualityTools.Tips.UnitTest.Adapter, Version=10.0.0.0, Culture=neutral, PublicKeyToken=b03f5f7f11d50a3a" className="TestProject.ConvertExtenstionsTest, TestProject, Version=1.0.0.0, Culture=neutral, PublicKeyToken=null" name="ByteArrayValidationCheck" />
    </UnitTest>
    <UnitTest name="ParentIDTest" storage="c:\users\root\documents\visual studio 2010\projects\serialporttest\testproject\bin\debug\testproject.dll" id="888367e1-b0e5-f904-1073-ef6838ec8384">
      <Execution id="b7c4aa06-ccda-4347-9563-6fd5eb5c742b" />
      <TestMethod codeBase="C:/Users/root/Documents/Visual Studio 2010/Projects/SerialPortTest/TestProject/bin/Debug/TestProject.DLL" adapterTypeName="Microsoft.VisualStudio.TestTools.TestTypes.Unit.UnitTestAdapter, Microsoft.VisualStudio.QualityTools.Tips.UnitTest.Adapter, Version=10.0.0.0, Culture=neutral, PublicKeyToken=b03f5f7f11d50a3a" className="TestProject.MotherBoardStateTest, TestProject, Version=1.0.0.0, Culture=neutral, PublicKeyToken=null" name="ParentIDTest" />
    </UnitTest>
    <UnitTest name="LoopingArrayConstructorTest" storage="c:\users\root\documents\visual studio 2010\projects\serialporttest\testproject\bin\debug\testproject.dll" id="bab9a259-07fe-b630-2db5-50efc4a015e7">
      <Execution id="d014a903-6596-4c09-9bc7-4342a8544c46" />
      <TestMethod codeBase="C:/Users/root/Documents/Visual Studio 2010/Projects/SerialPortTest/TestProject/bin/Debug/TestProject.DLL" adapterTypeName="Microsoft.VisualStudio.TestTools.TestTypes.Unit.UnitTestAdapter, Microsoft.VisualStudio.QualityTools.Tips.UnitTest.Adapter, Version=10.0.0.0, Culture=neutral, PublicKeyToken=b03f5f7f11d50a3a" className="TestProject.LoopingArrayTest, TestProject, Version=1.0.0.0, Culture=neutral, PublicKeyToken=null" name="LoopingArrayConstructorTest" />
    </UnitTest>
    <UnitTest name="MotherBoardViewModelConstructorTest" storage="c:\users\root\documents\visual studio 2010\projects\serialporttest\testproject\bin\debug\testproject.dll" id="ff56d913-09b6-6f1a-eca1-4fc7d055cea3">
      <Execution id="f50de25d-c623-40ea-82b3-17a28b634e18" />
      <TestMethod codeBase="C:/Users/root/Documents/Visual Studio 2010/Projects/SerialPortTest/TestProject/bin/Debug/TestProject.DLL" adapterTypeName="Microsoft.VisualStudio.TestTools.TestTypes.Unit.UnitTestAdapter, Microsoft.VisualStudio.QualityTools.Tips.UnitTest.Adapter, Version=10.0.0.0, Culture=neutral, PublicKeyToken=b03f5f7f11d50a3a" className="TestProject.MotherBoardViewModelTest, TestProject, Version=1.0.0.0, Culture=neutral, PublicKeyToken=null" name="MotherBoardViewModelConstructorTest" />
    </UnitTest>
    <UnitTest name="UsbDevicesViewModelConstructorTest" storage="c:\users\root\documents\visual studio 2010\projects\serialporttest\testproject\bin\debug\testproject.dll" id="bb37a384-0089-6563-1ba1-ccf041f0602b">
      <Execution id="29dedcf1-59c4-4dd4-9a7a-373e3f367e45" />
      <TestMethod codeBase="C:/Users/root/Documents/Visual Studio 2010/Projects/SerialPortTest/TestProject/bin/Debug/TestProject.DLL" adapterTypeName="Microsoft.VisualStudio.TestTools.TestTypes.Unit.UnitTestAdapter, Microsoft.VisualStudio.QualityTools.Tips.UnitTest.Adapter, Version=10.0.0.0, Culture=neutral, PublicKeyToken=b03f5f7f11d50a3a" className="TestProject.UsbDevicesViewModelTest, TestProject, Version=1.0.0.0, Culture=neutral, PublicKeyToken=null" name="UsbDevicesViewModelConstructorTest" />
    </UnitTest>
    <UnitTest name="DirectionsTest" storage="c:\users\root\documents\visual studio 2010\projects\serialporttest\testproject\bin\debug\testproject.dll" id="3924b4a9-c8e3-1923-e40a-d9b46ab0bbcb">
      <Execution id="a37d10aa-74e2-47e0-9509-1e479ddaa894" />
      <TestMethod codeBase="C:/Users/root/Documents/Visual Studio 2010/Projects/SerialPortTest/TestProject/bin/Debug/TestProject.DLL" adapterTypeName="Microsoft.VisualStudio.TestTools.TestTypes.Unit.UnitTestAdapter, Microsoft.VisualStudio.QualityTools.Tips.UnitTest.Adapter, Version=10.0.0.0, Culture=neutral, PublicKeyToken=b03f5f7f11d50a3a" className="TestProject.PointModuleDataTest, TestProject, Version=1.0.0.0, Culture=neutral, PublicKeyToken=null" name="DirectionsTest" />
    </UnitTest>
    <UnitTest name="WriteTest" storage="c:\users\root\documents\visual studio 2010\projects\serialporttest\testproject\bin\debug\testproject.dll" id="e1892563-72ac-e402-dfba-90f0fb1b229e">
      <Execution id="2266ed2f-d5c1-48be-afe0-27f74da77e75" />
      <TestMethod codeBase="C:/Users/root/Documents/Visual Studio 2010/Projects/SerialPortTest/TestProject/bin/Debug/TestProject.DLL" adapterTypeName="Microsoft.VisualStudio.TestTools.TestTypes.Unit.UnitTestAdapter, Microsoft.VisualStudio.QualityTools.Tips.UnitTest.Adapter, Version=10.0.0.0, Culture=neutral, PublicKeyToken=b03f5f7f11d50a3a" className="TestProject.ChunckedStreamTest, TestProject, Version=1.0.0.0, Culture=neutral, PublicKeyToken=null" name="WriteTest" />
    </UnitTest>
    <UnitTest name="TimerTest" storage="c:\users\root\documents\visual studio 2010\projects\serialporttest\testproject\bin\debug\testproject.dll" id="e531a444-ddb8-6cc8-ba69-dded1772c8fb">
      <Execution id="250e1c64-6891-4e97-af86-6c96f252d8ef" />
      <TestMethod codeBase="C:/Users/root/Documents/Visual Studio 2010/Projects/SerialPortTest/TestProject/bin/Debug/TestProject.DLL" adapterTypeName="Microsoft.VisualStudio.TestTools.TestTypes.Unit.UnitTestAdapter, Microsoft.VisualStudio.QualityTools.Tips.UnitTest.Adapter, Version=10.0.0.0, Culture=neutral, PublicKeyToken=b03f5f7f11d50a3a" className="TestProject.MotherBoardStateTest, TestProject, Version=1.0.0.0, Culture=neutral, PublicKeyToken=null" name="TimerTest" />
    </UnitTest>
    <UnitTest name="ModeTest" storage="c:\users\root\documents\visual studio 2010\projects\serialporttest\testproject\bin\debug\testproject.dll" id="e7d27d5a-0dca-8191-f30e-a3d70f9835ee">
      <Execution id="747cac1a-5023-459f-bdd9-7e08569cecfd" />
      <TestMethod codeBase="C:/Users/root/Documents/Visual Studio 2010/Projects/SerialPortTest/TestProject/bin/Debug/TestProject.DLL" adapterTypeName="Microsoft.VisualStudio.TestTools.TestTypes.Unit.UnitTestAdapter, Microsoft.VisualStudio.QualityTools.Tips.UnitTest.Adapter, Version=10.0.0.0, Culture=neutral, PublicKeyToken=b03f5f7f11d50a3a" className="TestProject.TrainSensorStateTest, TestProject, Version=1.0.0.0, Culture=neutral, PublicKeyToken=null" name="ModeTest" />
    </UnitTest>
    <UnitTest name="TrainSensorViewModelConstructorTest" storage="c:\users\root\documents\visual studio 2010\projects\serialporttest\testproject\bin\debug\testproject.dll" id="f7a737b6-f8da-3a0e-93c8-58a3d6ddb7dd">
      <Execution id="cb563958-808a-442c-9224-93c25a8d3a8c" />
      <TestMethod codeBase="C:/Users/root/Documents/Visual Studio 2010/Projects/SerialPortTest/TestProject/bin/Debug/TestProject.DLL" adapterTypeName="Microsoft.VisualStudio.TestTools.TestTypes.Unit.UnitTestAdapter, Microsoft.VisualStudio.QualityTools.Tips.UnitTest.Adapter, Version=10.0.0.0, Culture=neutral, PublicKeyToken=b03f5f7f11d50a3a" className="TestProject.TrainSensorViewModelTest, TestProject, Version=1.0.0.0, Culture=neutral, PublicKeyToken=null" name="TrainSensorViewModelConstructorTest" />
    </UnitTest>
    <UnitTest name="ModuleTypeTest" storage="c:\users\root\documents\visual studio 2010\projects\serialporttest\testproject\bin\debug\testproject.dll" id="c3e25e71-e6a3-3799-dbe0-bacda8fc8163">
      <Execution id="7b21172b-aeae-44f8-9105-abd1ba49c18e" />
      <TestMethod codeBase="C:/Users/root/Documents/Visual Studio 2010/Projects/SerialPortTest/TestProject/bin/Debug/TestProject.DLL" adapterTypeName="Microsoft.VisualStudio.TestTools.TestTypes.Unit.UnitTestAdapter, Microsoft.VisualStudio.QualityTools.Tips.UnitTest.Adapter, Version=10.0.0.0, Culture=neutral, PublicKeyToken=b03f5f7f11d50a3a" className="TestProject.MotherBoardDataTest, TestProject, Version=1.0.0.0, Culture=neutral, PublicKeyToken=null" name="ModuleTypeTest" />
    </UnitTest>
    <UnitTest name="ItemTest" storage="c:\users\root\documents\visual studio 2010\projects\serialporttest\testproject\bin\debug\testproject.dll" id="c6c2c1ab-9d23-f24c-e326-eec075cfb3f8">
      <Execution id="df872285-622a-4408-b237-ce80b5d7326a" />
      <TestMethod codeBase="C:/Users/root/Documents/Visual Studio 2010/Projects/SerialPortTest/TestProject/bin/Debug/TestProject.DLL" adapterTypeName="Microsoft.VisualStudio.TestTools.TestTypes.Unit.UnitTestAdapter, Microsoft.VisualStudio.QualityTools.Tips.UnitTest.Adapter, Version=10.0.0.0, Culture=neutral, PublicKeyToken=b03f5f7f11d50a3a" className="TestProject.PointModuleStateTest, TestProject, Version=1.0.0.0, Culture=neutral, PublicKeyToken=null" name="ItemTest" />
    </UnitTest>
    <UnitTest name="PointModuleDataConstructorTest" storage="c:\users\root\documents\visual studio 2010\projects\serialporttest\testproject\bin\debug\testproject.dll" id="e636afca-43c6-677e-deb3-86d562155830">
      <Execution id="0683914e-fc9b-4f0e-8ac9-196d0b20ec54" />
      <TestMethod codeBase="C:/Users/root/Documents/Visual Studio 2010/Projects/SerialPortTest/TestProject/bin/Debug/TestProject.DLL" adapterTypeName="Microsoft.VisualStudio.TestTools.TestTypes.Unit.UnitTestAdapter, Microsoft.VisualStudio.QualityTools.Tips.UnitTest.Adapter, Version=10.0.0.0, Culture=neutral, PublicKeyToken=b03f5f7f11d50a3a" className="TestProject.PointModuleDataTest, TestProject, Version=1.0.0.0, Culture=neutral, PublicKeyToken=null" name="PointModuleDataConstructorTest" />
    </UnitTest>
    <UnitTest name="GetEnumeratorTest" storage="c:\users\root\documents\visual studio 2010\projects\serialporttest\testproject\bin\debug\testproject.dll" id="f47f23ed-0e88-3d4b-b24a-b93a5162bbab">
      <Execution id="257f942d-4da2-4a7a-847a-afeeaf77fadb" />
      <TestMethod codeBase="C:/Users/root/Documents/Visual Studio 2010/Projects/SerialPortTest/TestProject/bin/Debug/TestProject.DLL" adapterTypeName="Microsoft.VisualStudio.TestTools.TestTypes.Unit.UnitTestAdapter, Microsoft.VisualStudio.QualityTools.Tips.UnitTest.Adapter, Version=10.0.0.0, Culture=neutral, PublicKeyToken=b03f5f7f11d50a3a" className="TestProject.LoopingArrayTest, TestProject, Version=1.0.0.0, Culture=neutral, PublicKeyToken=null" name="GetEnumeratorTest" />
    </UnitTest>
    <UnitTest name="ConvertBackTest" storage="c:\users\root\documents\visual studio 2010\projects\serialporttest\testproject\bin\debug\testproject.dll" id="f3ffe881-46a7-6ee6-404d-376b40511b07">
      <Execution id="56fb9fbc-4eb4-40a5-a364-29f7afc00a2d" />
      <TestMethod codeBase="C:/Users/root/Documents/Visual Studio 2010/Projects/SerialPortTest/TestProject/bin/Debug/TestProject.DLL" adapterTypeName="Microsoft.VisualStudio.TestTools.TestTypes.Unit.UnitTestAdapter, Microsoft.VisualStudio.QualityTools.Tips.UnitTest.Adapter, Version=10.0.0.0, Culture=neutral, PublicKeyToken=b03f5f7f11d50a3a" className="TestProject.UsbDeviceConverterTest, TestProject, Version=1.0.0.0, Culture=neutral, PublicKeyToken=null" name="ConvertBackTest" />
    </UnitTest>
    <UnitTest name="OverflowedCountTest" storage="c:\users\root\documents\visual studio 2010\projects\serialporttest\testproject\bin\debug\testproject.dll" id="ad40eac8-0529-544e-7cd1-f5b2a391e919">
      <Execution id="d21aec38-bf51-4176-b63e-6cdd57825e22" />
      <TestMethod codeBase="C:/Users/root/Documents/Visual Studio 2010/Projects/SerialPortTest/TestProject/bin/Debug/TestProject.DLL" adapterTypeName="Microsoft.VisualStudio.TestTools.TestTypes.Unit.UnitTestAdapter, Microsoft.VisualStudio.QualityTools.Tips.UnitTest.Adapter, Version=10.0.0.0, Culture=neutral, PublicKeyToken=b03f5f7f11d50a3a" className="TestProject.TrainSensorStateTest, TestProject, Version=1.0.0.0, Culture=neutral, PublicKeyToken=null" name="OverflowedCountTest" />
    </UnitTest>
    <UnitTest name="ToByteArrayTest" storage="c:\users\root\documents\visual studio 2010\projects\serialporttest\testproject\bin\debug\testproject.dll" id="8c676a8d-ec31-5a6b-13ab-e80d4af41e42">
      <Execution id="67a987be-8bab-49ff-a1bc-15a174c2e7a5" />
      <TestMethod codeBase="C:/Users/root/Documents/Visual Studio 2010/Projects/SerialPortTest/TestProject/bin/Debug/TestProject.DLL" adapterTypeName="Microsoft.VisualStudio.TestTools.TestTypes.Unit.UnitTestAdapter, Microsoft.VisualStudio.QualityTools.Tips.UnitTest.Adapter, Version=10.0.0.0, Culture=neutral, PublicKeyToken=b03f5f7f11d50a3a" className="TestProject.ConvertExtenstionsTest, TestProject, Version=1.0.0.0, Culture=neutral, PublicKeyToken=null" name="ToByteArrayTest" />
    </UnitTest>
    <UnitTest name="AvailableDevicesTest" storage="c:\users\root\documents\visual studio 2010\projects\serialporttest\testproject\bin\debug\testproject.dll" id="d525b94c-5b6f-2f29-8d49-3701df1775ef">
      <Execution id="bc1a9e22-e37b-4572-8aff-649bc01390aa" />
      <TestMethod codeBase="C:/Users/root/Documents/Visual Studio 2010/Projects/SerialPortTest/TestProject/bin/Debug/TestProject.DLL" adapterTypeName="Microsoft.VisualStudio.TestTools.TestTypes.Unit.UnitTestAdapter, Microsoft.VisualStudio.QualityTools.Tips.UnitTest.Adapter, Version=10.0.0.0, Culture=neutral, PublicKeyToken=b03f5f7f11d50a3a" className="TestProject.PacketDispatcherSingleTest, TestProject, Version=1.0.0.0, Culture=neutral, PublicKeyToken=null" name="AvailableDevicesTest" />
    </UnitTest>
    <UnitTest name="ConvertTest" storage="c:\users\root\documents\visual studio 2010\projects\serialporttest\testproject\bin\debug\testproject.dll" id="674eb767-160f-184e-901f-e20a6d038918">
      <Execution id="fcaffb58-9dad-43a9-a8ca-c6927dfd0536" />
      <TestMethod codeBase="C:/Users/root/Documents/Visual Studio 2010/Projects/SerialPortTest/TestProject/bin/Debug/TestProject.DLL" adapterTypeName="Microsoft.VisualStudio.TestTools.TestTypes.Unit.UnitTestAdapter, Microsoft.VisualStudio.QualityTools.Tips.UnitTest.Adapter, Version=10.0.0.0, Culture=neutral, PublicKeyToken=b03f5f7f11d50a3a" className="TestProject.UsbDeviceConverterTest, TestProject, Version=1.0.0.0, Culture=neutral, PublicKeyToken=null" name="ConvertTest" />
    </UnitTest>
    <UnitTest name="FlushTest" storage="c:\users\root\documents\visual studio 2010\projects\serialporttest\testproject\bin\debug\testproject.dll" id="64811b85-89b0-0b59-3263-26f94adb60fb">
      <Execution id="1bbe2afc-7fb2-4444-b320-8b5fbcd9598e" />
      <TestMethod codeBase="C:/Users/root/Documents/Visual Studio 2010/Projects/SerialPortTest/TestProject/bin/Debug/TestProject.DLL" adapterTypeName="Microsoft.VisualStudio.TestTools.TestTypes.Unit.UnitTestAdapter, Microsoft.VisualStudio.QualityTools.Tips.UnitTest.Adapter, Version=10.0.0.0, Culture=neutral, PublicKeyToken=b03f5f7f11d50a3a" className="TestProject.ChunckedStreamTest, TestProject, Version=1.0.0.0, Culture=neutral, PublicKeyToken=null" name="FlushTest" />
    </UnitTest>
    <UnitTest name="ReadTest" storage="c:\users\root\documents\visual studio 2010\projects\serialporttest\testproject\bin\debug\testproject.dll" id="03d23227-fae1-7f69-18bc-75591f488ed7">
      <Execution id="db845f59-bff8-43cd-883f-d09cbc3078cc" />
      <TestMethod codeBase="C:/Users/root/Documents/Visual Studio 2010/Projects/SerialPortTest/TestProject/bin/Debug/TestProject.DLL" adapterTypeName="Microsoft.VisualStudio.TestTools.TestTypes.Unit.UnitTestAdapter, Microsoft.VisualStudio.QualityTools.Tips.UnitTest.Adapter, Version=10.0.0.0, Culture=neutral, PublicKeyToken=b03f5f7f11d50a3a" className="TestProject.ChunckedStreamTest, TestProject, Version=1.0.0.0, Culture=neutral, PublicKeyToken=null" name="ReadTest" />
    </UnitTest>
  </TestDefinitions>
  <TestLists>
    <TestList name="一覧に存在しない結果" id="8c84fa94-04c1-424b-9868-57a2d4851a1d" />
    <TestList name="読み込まれたすべての結果" id="19431567-8539-422a-85d7-44ee4e166bda" />
  </TestLists>
  <TestEntries>
    <TestEntry testId="02112a0a-b267-4424-8970-91320a0a97c2" executionId="42093d40-5aa5-4fd3-8349-199bd3ab8cce" testListId="8c84fa94-04c1-424b-9868-57a2d4851a1d" />
    <TestEntry testId="03d23227-fae1-7f69-18bc-75591f488ed7" executionId="db845f59-bff8-43cd-883f-d09cbc3078cc" testListId="8c84fa94-04c1-424b-9868-57a2d4851a1d" />
    <TestEntry testId="1ad9505e-7b3d-d16d-51df-a136ac1ace33" executionId="777ec583-f7c3-4931-8aa9-ff21be87c3cb" testListId="8c84fa94-04c1-424b-9868-57a2d4851a1d" />
    <TestEntry testId="314353f8-f8f2-09fc-9d42-2c7ab0b773e8" executionId="6dfd9e62-e427-4148-8db1-0679f112e456" testListId="8c84fa94-04c1-424b-9868-57a2d4851a1d" />
    <TestEntry testId="31c80489-96bc-6432-541f-227c31e73e53" executionId="b6be99cb-c75b-49d8-92a3-994a1354ce81" testListId="8c84fa94-04c1-424b-9868-57a2d4851a1d" />
    <TestEntry testId="33375970-617f-3a5a-7a00-f7181501c5a1" executionId="ad760bd6-d6a1-4547-9af8-d144f5d9a716" testListId="8c84fa94-04c1-424b-9868-57a2d4851a1d" />
    <TestEntry testId="3924b4a9-c8e3-1923-e40a-d9b46ab0bbcb" executionId="a37d10aa-74e2-47e0-9509-1e479ddaa894" testListId="8c84fa94-04c1-424b-9868-57a2d4851a1d" />
    <TestEntry testId="3a4db604-7139-9804-2ab5-ad14796afec1" executionId="5131e83e-15e9-4bb5-aa3d-bcbe17a9b1e7" testListId="8c84fa94-04c1-424b-9868-57a2d4851a1d" />
    <TestEntry testId="4820147a-9623-95f5-e2c8-b660da05a3c5" executionId="c6734eb0-29e4-4eb1-95d7-d2450b0f40e1" testListId="8c84fa94-04c1-424b-9868-57a2d4851a1d" />
    <TestEntry testId="5ef5b6e1-0cec-8e3e-2a18-36ec4ba05980" executionId="451a5b4e-96d6-440c-b9b1-988d1dae902c" testListId="8c84fa94-04c1-424b-9868-57a2d4851a1d" />
    <TestEntry testId="64811b85-89b0-0b59-3263-26f94adb60fb" executionId="1bbe2afc-7fb2-4444-b320-8b5fbcd9598e" testListId="8c84fa94-04c1-424b-9868-57a2d4851a1d" />
    <TestEntry testId="674eb767-160f-184e-901f-e20a6d038918" executionId="fcaffb58-9dad-43a9-a8ca-c6927dfd0536" testListId="8c84fa94-04c1-424b-9868-57a2d4851a1d" />
    <TestEntry testId="888367e1-b0e5-f904-1073-ef6838ec8384" executionId="b7c4aa06-ccda-4347-9563-6fd5eb5c742b" testListId="8c84fa94-04c1-424b-9868-57a2d4851a1d" />
    <TestEntry testId="8c676a8d-ec31-5a6b-13ab-e80d4af41e42" executionId="67a987be-8bab-49ff-a1bc-15a174c2e7a5" testListId="8c84fa94-04c1-424b-9868-57a2d4851a1d" />
    <TestEntry testId="8da466f7-c384-a693-e5eb-95d9f9f6fa64" executionId="188b3ad5-ca67-42f5-9a75-e4c8af2603c3" testListId="8c84fa94-04c1-424b-9868-57a2d4851a1d" />
    <TestEntry testId="ad40eac8-0529-544e-7cd1-f5b2a391e919" executionId="d21aec38-bf51-4176-b63e-6cdd57825e22" testListId="8c84fa94-04c1-424b-9868-57a2d4851a1d" />
    <TestEntry testId="b5a4d5e0-4c69-c428-0875-3e21832ca469" executionId="cc5703d3-3424-4f35-bf97-f3f0a748c470" testListId="8c84fa94-04c1-424b-9868-57a2d4851a1d" />
    <TestEntry testId="bab9a259-07fe-b630-2db5-50efc4a015e7" executionId="d014a903-6596-4c09-9bc7-4342a8544c46" testListId="8c84fa94-04c1-424b-9868-57a2d4851a1d" />
    <TestEntry testId="bb37a384-0089-6563-1ba1-ccf041f0602b" executionId="29dedcf1-59c4-4dd4-9a7a-373e3f367e45" testListId="8c84fa94-04c1-424b-9868-57a2d4851a1d" />
    <TestEntry testId="c3e25e71-e6a3-3799-dbe0-bacda8fc8163" executionId="7b21172b-aeae-44f8-9105-abd1ba49c18e" testListId="8c84fa94-04c1-424b-9868-57a2d4851a1d" />
    <TestEntry testId="c57eff42-a84b-6116-b645-b74d987ba9b1" executionId="335e890f-d124-4e9c-a2ee-e671c5c496eb" testListId="8c84fa94-04c1-424b-9868-57a2d4851a1d" />
    <TestEntry testId="c6c2c1ab-9d23-f24c-e326-eec075cfb3f8" executionId="df872285-622a-4408-b237-ce80b5d7326a" testListId="8c84fa94-04c1-424b-9868-57a2d4851a1d" />
    <TestEntry testId="c89c1729-1b69-9af7-691d-ccb30e6f1a55" executionId="a1f25c5f-49df-4b79-9b6f-710a257b189d" testListId="8c84fa94-04c1-424b-9868-57a2d4851a1d" />
    <TestEntry testId="d525b94c-5b6f-2f29-8d49-3701df1775ef" executionId="bc1a9e22-e37b-4572-8aff-649bc01390aa" testListId="8c84fa94-04c1-424b-9868-57a2d4851a1d" />
    <TestEntry testId="e1892563-72ac-e402-dfba-90f0fb1b229e" executionId="2266ed2f-d5c1-48be-afe0-27f74da77e75" testListId="8c84fa94-04c1-424b-9868-57a2d4851a1d" />
    <TestEntry testId="e36da11d-994b-1ac2-4a9f-70734f4a554b" executionId="a6cc3241-c6cc-4444-8fab-d41eff6fb019" testListId="8c84fa94-04c1-424b-9868-57a2d4851a1d" />
    <TestEntry testId="e531a444-ddb8-6cc8-ba69-dded1772c8fb" executionId="250e1c64-6891-4e97-af86-6c96f252d8ef" testListId="8c84fa94-04c1-424b-9868-57a2d4851a1d" />
    <TestEntry testId="e636afca-43c6-677e-deb3-86d562155830" executionId="0683914e-fc9b-4f0e-8ac9-196d0b20ec54" testListId="8c84fa94-04c1-424b-9868-57a2d4851a1d" />
    <TestEntry testId="e7d27d5a-0dca-8191-f30e-a3d70f9835ee" executionId="747cac1a-5023-459f-bdd9-7e08569cecfd" testListId="8c84fa94-04c1-424b-9868-57a2d4851a1d" />
    <TestEntry testId="e97e0475-1df3-1614-6d37-36b8da6c07df" executionId="b2a52d90-1416-4985-ab97-ad862007976d" testListId="8c84fa94-04c1-424b-9868-57a2d4851a1d" />
    <TestEntry testId="f3ffe881-46a7-6ee6-404d-376b40511b07" executionId="56fb9fbc-4eb4-40a5-a364-29f7afc00a2d" testListId="8c84fa94-04c1-424b-9868-57a2d4851a1d" />
    <TestEntry testId="f47f23ed-0e88-3d4b-b24a-b93a5162bbab" executionId="257f942d-4da2-4a7a-847a-afeeaf77fadb" testListId="8c84fa94-04c1-424b-9868-57a2d4851a1d" />
    <TestEntry testId="f7a737b6-f8da-3a0e-93c8-58a3d6ddb7dd" executionId="cb563958-808a-442c-9224-93c25a8d3a8c" testListId="8c84fa94-04c1-424b-9868-57a2d4851a1d" />
    <TestEntry testId="fd6576fe-8e64-b2e3-565c-e729b98d43e4" executionId="ae098e19-e0f0-47a3-90ce-51278d6de414" testListId="8c84fa94-04c1-424b-9868-57a2d4851a1d" />
    <TestEntry testId="ff56d913-09b6-6f1a-eca1-4fc7d055cea3" executionId="f50de25d-c623-40ea-82b3-17a28b634e18" testListId="8c84fa94-04c1-424b-9868-57a2d4851a1d" />
  </TestEntries>
  <Results>
    <UnitTestResult executionId="42093d40-5aa5-4fd3-8349-199bd3ab8cce" testId="02112a0a-b267-4424-8970-91320a0a97c2" testName="TimerTest" computerName="CLIENTAZS" duration="00:00:00.0348149" startTime="2011-07-06T21:52:53.6168669+09:00" endTime="2011-07-06T21:52:54.3559091+09:00" testType="13cdc9d9-ddb5-4fa4-a97d-d965ccfc6d4b" outcome="Passed" testListId="8c84fa94-04c1-424b-9868-57a2d4851a1d" relativeResultsDirectory="42093d40-5aa5-4fd3-8349-199bd3ab8cce">
    </UnitTestResult>
    <UnitTestResult executionId="db845f59-bff8-43cd-883f-d09cbc3078cc" testId="03d23227-fae1-7f69-18bc-75591f488ed7" testName="ReadTest" computerName="CLIENTAZS" duration="00:00:00.0096342" startTime="2011-07-06T21:52:54.3619095+09:00" endTime="2011-07-06T21:52:54.3809106+09:00" testType="13cdc9d9-ddb5-4fa4-a97d-d965ccfc6d4b" outcome="Passed" testListId="8c84fa94-04c1-424b-9868-57a2d4851a1d" relativeResultsDirectory="db845f59-bff8-43cd-883f-d09cbc3078cc">
    </UnitTestResult>
    <UnitTestResult executionId="777ec583-f7c3-4931-8aa9-ff21be87c3cb" testId="1ad9505e-7b3d-d16d-51df-a136ac1ace33" testName="ToStringTest" computerName="CLIENTAZS" duration="00:00:00.0100178" startTime="2011-07-06T21:52:54.3899111+09:00" endTime="2011-07-06T21:52:54.4069120+09:00" testType="13cdc9d9-ddb5-4fa4-a97d-d965ccfc6d4b" outcome="Passed" testListId="8c84fa94-04c1-424b-9868-57a2d4851a1d" relativeResultsDirectory="777ec583-f7c3-4931-8aa9-ff21be87c3cb">
      <Output>
        <TextMessages>
          <Message>Timer = 0, V = 2.5, IsDetected = True, Threshold = 1.25</Message>
        </TextMessages>
      </Output>
    </UnitTestResult>
    <UnitTestResult executionId="6dfd9e62-e427-4148-8db1-0679f112e456" testId="314353f8-f8f2-09fc-9d42-2c7ab0b773e8" testName="PushTest" computerName="CLIENTAZS" duration="00:00:00.0316845" startTime="2011-07-06T21:52:54.4179127+09:00" endTime="2011-07-06T21:52:54.4719158+09:00" testType="13cdc9d9-ddb5-4fa4-a97d-d965ccfc6d4b" outcome="Passed" testListId="8c84fa94-04c1-424b-9868-57a2d4851a1d" relativeResultsDirectory="6dfd9e62-e427-4148-8db1-0679f112e456">
    </UnitTestResult>
    <UnitTestResult executionId="b6be99cb-c75b-49d8-92a3-994a1354ce81" testId="31c80489-96bc-6432-541f-227c31e73e53" testName="MotherBoardDataConstructorTest" computerName="CLIENTAZS" duration="00:00:00.0029727" startTime="2011-07-06T21:52:54.4809163+09:00" endTime="2011-07-06T21:52:54.4909169+09:00" testType="13cdc9d9-ddb5-4fa4-a97d-d965ccfc6d4b" outcome="Passed" testListId="8c84fa94-04c1-424b-9868-57a2d4851a1d" relativeResultsDirectory="b6be99cb-c75b-49d8-92a3-994a1354ce81">
    </UnitTestResult>
    <UnitTestResult executionId="ad760bd6-d6a1-4547-9af8-d144f5d9a716" testId="33375970-617f-3a5a-7a00-f7181501c5a1" testName="NotifyTest" computerName="CLIENTAZS" duration="00:00:00.0128841" startTime="2011-07-06T21:52:54.4969172+09:00" endTime="2011-07-06T21:52:54.5189185+09:00" testType="13cdc9d9-ddb5-4fa4-a97d-d965ccfc6d4b" outcome="Passed" testListId="8c84fa94-04c1-424b-9868-57a2d4851a1d" relativeResultsDirectory="ad760bd6-d6a1-4547-9af8-d144f5d9a716">
    </UnitTestResult>
    <UnitTestResult executionId="a37d10aa-74e2-47e0-9509-1e479ddaa894" testId="3924b4a9-c8e3-1923-e40a-d9b46ab0bbcb" testName="DirectionsTest" computerName="CLIENTAZS" duration="00:00:00.0011840" startTime="2011-07-06T21:52:54.5249188+09:00" endTime="2011-07-06T21:52:54.5359194+09:00" testType="13cdc9d9-ddb5-4fa4-a97d-d965ccfc6d4b" outcome="Passed" testListId="8c84fa94-04c1-424b-9868-57a2d4851a1d" relativeResultsDirectory="a37d10aa-74e2-47e0-9509-1e479ddaa894">
    </UnitTestResult>
    <UnitTestResult executionId="5131e83e-15e9-4bb5-aa3d-bcbe17a9b1e7" testId="3a4db604-7139-9804-2ab5-ad14796afec1" testName="SelectedDeviceTest" computerName="CLIENTAZS" duration="00:00:00.1559617" startTime="2011-07-06T21:52:54.5429198+09:00" endTime="2011-07-06T21:52:54.7139296+09:00" testType="13cdc9d9-ddb5-4fa4-a97d-d965ccfc6d4b" outcome="Passed" testListId="8c84fa94-04c1-424b-9868-57a2d4851a1d" relativeResultsDirectory="5131e83e-15e9-4bb5-aa3d-bcbe17a9b1e7">
    </UnitTestResult>
    <UnitTestResult executionId="c6734eb0-29e4-4eb1-95d7-d2450b0f40e1" testId="4820147a-9623-95f5-e2c8-b660da05a3c5" testName="IsDetectedTest" computerName="CLIENTAZS" duration="00:00:00.0029605" startTime="2011-07-06T21:52:54.7179298+09:00" endTime="2011-07-06T21:52:54.7259303+09:00" testType="13cdc9d9-ddb5-4fa4-a97d-d965ccfc6d4b" outcome="Passed" testListId="8c84fa94-04c1-424b-9868-57a2d4851a1d" relativeResultsDirectory="c6734eb0-29e4-4eb1-95d7-d2450b0f40e1">
    </UnitTestResult>
    <UnitTestResult executionId="451a5b4e-96d6-440c-b9b1-988d1dae902c" testId="5ef5b6e1-0cec-8e3e-2a18-36ec4ba05980" testName="CurrentVoltageTest" computerName="CLIENTAZS" duration="00:00:00.0042567" startTime="2011-07-06T21:52:54.7409312+09:00" endTime="2011-07-06T21:52:54.7579321+09:00" testType="13cdc9d9-ddb5-4fa4-a97d-d965ccfc6d4b" outcome="Passed" testListId="8c84fa94-04c1-424b-9868-57a2d4851a1d" relativeResultsDirectory="451a5b4e-96d6-440c-b9b1-988d1dae902c">
    </UnitTestResult>
    <UnitTestResult executionId="1bbe2afc-7fb2-4444-b320-8b5fbcd9598e" testId="64811b85-89b0-0b59-3263-26f94adb60fb" testName="FlushTest" computerName="CLIENTAZS" duration="00:00:00.0172067" startTime="2011-07-06T21:52:54.7659326+09:00" endTime="2011-07-06T21:52:54.7899340+09:00" testType="13cdc9d9-ddb5-4fa4-a97d-d965ccfc6d4b" outcome="Passed" testListId="8c84fa94-04c1-424b-9868-57a2d4851a1d" relativeResultsDirectory="1bbe2afc-7fb2-4444-b320-8b5fbcd9598e">
    </UnitTestResult>
    <UnitTestResult executionId="fcaffb58-9dad-43a9-a8ca-c6927dfd0536" testId="674eb767-160f-184e-901f-e20a6d038918" testName="ConvertTest" computerName="CLIENTAZS" duration="00:00:00.0208596" startTime="2011-07-06T21:52:54.7969344+09:00" endTime="2011-07-06T21:52:54.8259360+09:00" testType="13cdc9d9-ddb5-4fa4-a97d-d965ccfc6d4b" outcome="Passed" testListId="8c84fa94-04c1-424b-9868-57a2d4851a1d" relativeResultsDirectory="fcaffb58-9dad-43a9-a8ca-c6927dfd0536">
    </UnitTestResult>
    <UnitTestResult executionId="b7c4aa06-ccda-4347-9563-6fd5eb5c742b" testId="888367e1-b0e5-f904-1073-ef6838ec8384" testName="ParentIDTest" computerName="CLIENTAZS" duration="00:00:00.0044550" startTime="2011-07-06T21:52:54.8339365+09:00" endTime="2011-07-06T21:52:54.8459372+09:00" testType="13cdc9d9-ddb5-4fa4-a97d-d965ccfc6d4b" outcome="Passed" testListId="8c84fa94-04c1-424b-9868-57a2d4851a1d" relativeResultsDirectory="b7c4aa06-ccda-4347-9563-6fd5eb5c742b">
    </UnitTestResult>
    <UnitTestResult executionId="67a987be-8bab-49ff-a1bc-15a174c2e7a5" testId="8c676a8d-ec31-5a6b-13ab-e80d4af41e42" testName="ToByteArrayTest" computerName="CLIENTAZS" duration="00:00:00.0011320" startTime="2011-07-06T21:52:54.8549377+09:00" endTime="2011-07-06T21:52:54.8629381+09:00" testType="13cdc9d9-ddb5-4fa4-a97d-d965ccfc6d4b" outcome="Passed" testListId="8c84fa94-04c1-424b-9868-57a2d4851a1d" relativeResultsDirectory="67a987be-8bab-49ff-a1bc-15a174c2e7a5">
    </UnitTestResult>
    <UnitTestResult executionId="188b3ad5-ca67-42f5-9a75-e4c8af2603c3" testId="8da466f7-c384-a693-e5eb-95d9f9f6fa64" testName="PointModuleStateConstructorTest" computerName="CLIENTAZS" duration="00:00:00.0011296" startTime="2011-07-06T21:52:54.8689385+09:00" endTime="2011-07-06T21:52:54.8769389+09:00" testType="13cdc9d9-ddb5-4fa4-a97d-d965ccfc6d4b" outcome="Passed" testListId="8c84fa94-04c1-424b-9868-57a2d4851a1d" relativeResultsDirectory="188b3ad5-ca67-42f5-9a75-e4c8af2603c3">
    </UnitTestResult>
    <UnitTestResult executionId="d21aec38-bf51-4176-b63e-6cdd57825e22" testId="ad40eac8-0529-544e-7cd1-f5b2a391e919" testName="OverflowedCountTest" computerName="CLIENTAZS" duration="00:00:00.0008947" startTime="2011-07-06T21:52:54.8829393+09:00" endTime="2011-07-06T21:52:54.8919398+09:00" testType="13cdc9d9-ddb5-4fa4-a97d-d965ccfc6d4b" outcome="Passed" testListId="8c84fa94-04c1-424b-9868-57a2d4851a1d" relativeResultsDirectory="d21aec38-bf51-4176-b63e-6cdd57825e22">
    </UnitTestResult>
    <UnitTestResult executionId="cc5703d3-3424-4f35-bf97-f3f0a748c470" testId="b5a4d5e0-4c69-c428-0875-3e21832ca469" testName="GetEnumeratorTest1" computerName="CLIENTAZS" duration="00:00:00.0014782" startTime="2011-07-06T21:52:54.8979401+09:00" endTime="2011-07-06T21:52:54.9079407+09:00" testType="13cdc9d9-ddb5-4fa4-a97d-d965ccfc6d4b" outcome="Passed" testListId="8c84fa94-04c1-424b-9868-57a2d4851a1d" relativeResultsDirectory="cc5703d3-3424-4f35-bf97-f3f0a748c470">
    </UnitTestResult>
    <UnitTestResult executionId="d014a903-6596-4c09-9bc7-4342a8544c46" testId="bab9a259-07fe-b630-2db5-50efc4a015e7" testName="LoopingArrayConstructorTest" computerName="CLIENTAZS" duration="00:00:00.0014010" startTime="2011-07-06T21:52:54.9219415+09:00" endTime="2011-07-06T21:52:54.9309420+09:00" testType="13cdc9d9-ddb5-4fa4-a97d-d965ccfc6d4b" outcome="Passed" testListId="8c84fa94-04c1-424b-9868-57a2d4851a1d" relativeResultsDirectory="d014a903-6596-4c09-9bc7-4342a8544c46">
    </UnitTestResult>
    <UnitTestResult executionId="29dedcf1-59c4-4dd4-9a7a-373e3f367e45" testId="bb37a384-0089-6563-1ba1-ccf041f0602b" testName="UsbDevicesViewModelConstructorTest" computerName="CLIENTAZS" duration="00:00:00.0002860" startTime="2011-07-06T21:52:54.9379424+09:00" endTime="2011-07-06T21:52:54.9469429+09:00" testType="13cdc9d9-ddb5-4fa4-a97d-d965ccfc6d4b" outcome="Passed" testListId="8c84fa94-04c1-424b-9868-57a2d4851a1d" relativeResultsDirectory="29dedcf1-59c4-4dd4-9a7a-373e3f367e45">
    </UnitTestResult>
    <UnitTestResult executionId="7b21172b-aeae-44f8-9105-abd1ba49c18e" testId="c3e25e71-e6a3-3799-dbe0-bacda8fc8163" testName="ModuleTypeTest" computerName="CLIENTAZS" duration="00:00:00.0006607" startTime="2011-07-06T21:52:54.9529433+09:00" endTime="2011-07-06T21:52:54.9609437+09:00" testType="13cdc9d9-ddb5-4fa4-a97d-d965ccfc6d4b" outcome="Passed" testListId="8c84fa94-04c1-424b-9868-57a2d4851a1d" relativeResultsDirectory="7b21172b-aeae-44f8-9105-abd1ba49c18e">
    </UnitTestResult>
    <UnitTestResult executionId="335e890f-d124-4e9c-a2ee-e671c5c496eb" testId="c57eff42-a84b-6116-b645-b74d987ba9b1" testName="DeviceCandicatesTest" computerName="CLIENTAZS" duration="00:00:00.1515188" startTime="2011-07-06T21:52:54.9649440+09:00" endTime="2011-07-06T21:52:55.1259532+09:00" testType="13cdc9d9-ddb5-4fa4-a97d-d965ccfc6d4b" outcome="Passed" testListId="8c84fa94-04c1-424b-9868-57a2d4851a1d" relativeResultsDirectory="335e890f-d124-4e9c-a2ee-e671c5c496eb">
    </UnitTestResult>
    <UnitTestResult executionId="df872285-622a-4408-b237-ce80b5d7326a" testId="c6c2c1ab-9d23-f24c-e326-eec075cfb3f8" testName="ItemTest" computerName="CLIENTAZS" duration="00:00:00.0262875" startTime="2011-07-06T21:52:55.1299534+09:00" endTime="2011-07-06T21:52:55.1609552+09:00" testType="13cdc9d9-ddb5-4fa4-a97d-d965ccfc6d4b" outcome="Passed" testListId="8c84fa94-04c1-424b-9868-57a2d4851a1d" relativeResultsDirectory="df872285-622a-4408-b237-ce80b5d7326a">
    </UnitTestResult>
    <UnitTestResult executionId="a1f25c5f-49df-4b79-9b6f-710a257b189d" testId="c89c1729-1b69-9af7-691d-ccb30e6f1a55" testName="PortMappingEnumerableTest" computerName="CLIENTAZS" duration="00:00:00.0077090" startTime="2011-07-06T21:52:55.1649554+09:00" endTime="2011-07-06T21:52:55.1849566+09:00" testType="13cdc9d9-ddb5-4fa4-a97d-d965ccfc6d4b" outcome="Passed" testListId="8c84fa94-04c1-424b-9868-57a2d4851a1d" relativeResultsDirectory="a1f25c5f-49df-4b79-9b6f-710a257b189d">
    </UnitTestResult>
    <UnitTestResult executionId="bc1a9e22-e37b-4572-8aff-649bc01390aa" testId="d525b94c-5b6f-2f29-8d49-3701df1775ef" testName="AvailableDevicesTest" computerName="CLIENTAZS" duration="00:00:00.0070515" startTime="2011-07-06T21:52:55.1919570+09:00" endTime="2011-07-06T21:52:55.2099580+09:00" testType="13cdc9d9-ddb5-4fa4-a97d-d965ccfc6d4b" outcome="Passed" testListId="8c84fa94-04c1-424b-9868-57a2d4851a1d" relativeResultsDirectory="bc1a9e22-e37b-4572-8aff-649bc01390aa">
    </UnitTestResult>
    <UnitTestResult executionId="2266ed2f-d5c1-48be-afe0-27f74da77e75" testId="e1892563-72ac-e402-dfba-90f0fb1b229e" testName="WriteTest" computerName="CLIENTAZS" duration="00:00:00.0008435" startTime="2011-07-06T21:52:55.2169584+09:00" endTime="2011-07-06T21:52:55.2259589+09:00" testType="13cdc9d9-ddb5-4fa4-a97d-d965ccfc6d4b" outcome="Passed" testListId="8c84fa94-04c1-424b-9868-57a2d4851a1d" relativeResultsDirectory="2266ed2f-d5c1-48be-afe0-27f74da77e75">
    </UnitTestResult>
    <UnitTestResult executionId="a6cc3241-c6cc-4444-8fab-d41eff6fb019" testId="e36da11d-994b-1ac2-4a9f-70734f4a554b" testName="ThresholdVoltageTest" computerName="CLIENTAZS" duration="00:00:00.0008915" startTime="2011-07-06T21:52:55.2429599+09:00" endTime="2011-07-06T21:52:55.2569607+09:00" testType="13cdc9d9-ddb5-4fa4-a97d-d965ccfc6d4b" outcome="Passed" testListId="8c84fa94-04c1-424b-9868-57a2d4851a1d" relativeResultsDirectory="a6cc3241-c6cc-4444-8fab-d41eff6fb019">
    </UnitTestResult>
    <UnitTestResult executionId="250e1c64-6891-4e97-af86-6c96f252d8ef" testId="e531a444-ddb8-6cc8-ba69-dded1772c8fb" testName="TimerTest" computerName="CLIENTAZS" duration="00:00:00.0007460" startTime="2011-07-06T21:52:55.2619610+09:00" endTime="2011-07-06T21:52:55.2709615+09:00" testType="13cdc9d9-ddb5-4fa4-a97d-d965ccfc6d4b" outcome="Passed" testListId="8c84fa94-04c1-424b-9868-57a2d4851a1d" relativeResultsDirectory="250e1c64-6891-4e97-af86-6c96f252d8ef">
    </UnitTestResult>
    <UnitTestResult executionId="0683914e-fc9b-4f0e-8ac9-196d0b20ec54" testId="e636afca-43c6-677e-deb3-86d562155830" testName="PointModuleDataConstructorTest" computerName="CLIENTAZS" duration="00:00:00.0006964" startTime="2011-07-06T21:52:55.2779619+09:00" endTime="2011-07-06T21:52:55.2879624+09:00" testType="13cdc9d9-ddb5-4fa4-a97d-d965ccfc6d4b" outcome="Passed" testListId="8c84fa94-04c1-424b-9868-57a2d4851a1d" relativeResultsDirectory="0683914e-fc9b-4f0e-8ac9-196d0b20ec54">
    </UnitTestResult>
    <UnitTestResult executionId="747cac1a-5023-459f-bdd9-7e08569cecfd" testId="e7d27d5a-0dca-8191-f30e-a3d70f9835ee" testName="ModeTest" computerName="CLIENTAZS" duration="00:00:00.0019398" startTime="2011-07-06T21:52:55.2939628+09:00" endTime="2011-07-06T21:52:55.3029633+09:00" testType="13cdc9d9-ddb5-4fa4-a97d-d965ccfc6d4b" outcome="Passed" testListId="8c84fa94-04c1-424b-9868-57a2d4851a1d" relativeResultsDirectory="747cac1a-5023-459f-bdd9-7e08569cecfd">
    </UnitTestResult>
    <UnitTestResult executionId="b2a52d90-1416-4985-ab97-ad862007976d" testId="e97e0475-1df3-1614-6d37-36b8da6c07df" testName="ByteArrayValidationCheck" computerName="CLIENTAZS" duration="00:00:00.0003039" startTime="2011-07-06T21:52:55.3099637+09:00" endTime="2011-07-06T21:52:55.3189642+09:00" testType="13cdc9d9-ddb5-4fa4-a97d-d965ccfc6d4b" outcome="Passed" testListId="8c84fa94-04c1-424b-9868-57a2d4851a1d" relativeResultsDirectory="b2a52d90-1416-4985-ab97-ad862007976d">
    </UnitTestResult>
    <UnitTestResult executionId="56fb9fbc-4eb4-40a5-a364-29f7afc00a2d" testId="f3ffe881-46a7-6ee6-404d-376b40511b07" testName="ConvertBackTest" computerName="CLIENTAZS" duration="00:00:00.0014806" startTime="2011-07-06T21:52:55.3249646+09:00" endTime="2011-07-06T21:52:55.3339651+09:00" testType="13cdc9d9-ddb5-4fa4-a97d-d965ccfc6d4b" outcome="Passed" testListId="8c84fa94-04c1-424b-9868-57a2d4851a1d" relativeResultsDirectory="56fb9fbc-4eb4-40a5-a364-29f7afc00a2d">
    </UnitTestResult>
    <UnitTestResult executionId="257f942d-4da2-4a7a-847a-afeeaf77fadb" testId="f47f23ed-0e88-3d4b-b24a-b93a5162bbab" testName="GetEnumeratorTest" computerName="CLIENTAZS" duration="00:00:00.0023632" startTime="2011-07-06T21:52:55.3399654+09:00" endTime="2011-07-06T21:52:55.3519661+09:00" testType="13cdc9d9-ddb5-4fa4-a97d-d965ccfc6d4b" outcome="Passed" testListId="8c84fa94-04c1-424b-9868-57a2d4851a1d" relativeResultsDirectory="257f942d-4da2-4a7a-847a-afeeaf77fadb">
    </UnitTestResult>
    <UnitTestResult executionId="cb563958-808a-442c-9224-93c25a8d3a8c" testId="f7a737b6-f8da-3a0e-93c8-58a3d6ddb7dd" testName="TrainSensorViewModelConstructorTest" computerName="CLIENTAZS" duration="00:00:00.0015619" startTime="2011-07-06T21:52:55.3579664+09:00" endTime="2011-07-06T21:52:55.3679670+09:00" testType="13cdc9d9-ddb5-4fa4-a97d-d965ccfc6d4b" outcome="Passed" testListId="8c84fa94-04c1-424b-9868-57a2d4851a1d" relativeResultsDirectory="cb563958-808a-442c-9224-93c25a8d3a8c">
    </UnitTestResult>
    <UnitTestResult executionId="ae098e19-e0f0-47a3-90ce-51278d6de414" testId="fd6576fe-8e64-b2e3-565c-e729b98d43e4" testName="ItemTest" computerName="CLIENTAZS" duration="00:00:00.0201242" startTime="2011-07-06T21:52:55.3749674+09:00" endTime="2011-07-06T21:52:55.4069692+09:00" testType="13cdc9d9-ddb5-4fa4-a97d-d965ccfc6d4b" outcome="Passed" testListId="8c84fa94-04c1-424b-9868-57a2d4851a1d" relativeResultsDirectory="ae098e19-e0f0-47a3-90ce-51278d6de414">
    </UnitTestResult>
    <UnitTestResult executionId="f50de25d-c623-40ea-82b3-17a28b634e18" testId="ff56d913-09b6-6f1a-eca1-4fc7d055cea3" testName="MotherBoardViewModelConstructorTest" computerName="CLIENTAZS" duration="00:00:00.0005648" startTime="2011-07-06T21:52:55.4129696+09:00" endTime="2011-07-06T21:52:55.4209701+09:00" testType="13cdc9d9-ddb5-4fa4-a97d-d965ccfc6d4b" outcome="Passed" testListId="8c84fa94-04c1-424b-9868-57a2d4851a1d" relativeResultsDirectory="f50de25d-c623-40ea-82b3-17a28b634e18">
    </UnitTestResult>
  </Results>
</TestRun>