<?xml version="1.0" encoding="UTF-8"?>
<TestRun id="0e24873f-e5d6-4aa7-8ca3-c7e4c07f9858" name="root@CLIENTAZS 2011-06-06 16:02:19" runUser="CLIENTAZS\root" xmlns="http://microsoft.com/schemas/VisualStudio/TeamTest/2010">
  <TestSettings name="ローカル" id="82b9a1a8-b1c9-4cfe-afea-c8e70cee6ddc">
    <Description>これらはローカル テスト実行用の既定のテスト設定です。</Description>
    <Deployment enabled="false" runDeploymentRoot="root_CLIENTAZS 2011-06-06 16_02_19">
      <DeploymentItem filename="C:\Users\root\Documents\Visual Studio 2010\Projects\SerialPortTest\CensorLibrary\bin\Debug\SensorLibrary.dll" />
      <DeploymentItem filename="C:\Program Files\LibUsbDotNet\Src\LibWinUsb\bin\Debug\LibUsbDotNet.dll" />
    </Deployment>
    <Execution>
      <TestTypeSpecific />
      <AgentRule name="Execution Agents">
      </AgentRule>
    </Execution>
  </TestSettings>
  <Times creation="2011-06-06T16:02:19.7900793+09:00" queuing="2011-06-06T16:02:23.7263044+09:00" start="2011-06-06T16:02:24.1003258+09:00" finish="2011-06-06T16:02:41.2723080+09:00" />
  <ResultSummary outcome="Completed">
    <Counters total="7" executed="7" passed="7" error="0" failed="0" timeout="0" aborted="0" inconclusive="0" passedButRunAborted="0" notRunnable="0" notExecuted="0" disconnected="0" warning="0" completed="0" inProgress="0" pending="0" />
  </ResultSummary>
  <TestDefinitions>
    <UnitTest name="WriteTest" storage="c:\users\root\documents\visual studio 2010\projects\serialporttest\testproject\bin\debug\testproject.dll" id="e1892563-72ac-e402-dfba-90f0fb1b229e">
      <Execution id="f6a51a27-4652-48a8-8140-25aec4dfb9b6" />
      <TestMethod codeBase="C:/Users/root/Documents/Visual Studio 2010/Projects/SerialPortTest/TestProject/bin/Debug/TestProject.DLL" adapterTypeName="Microsoft.VisualStudio.TestTools.TestTypes.Unit.UnitTestAdapter, Microsoft.VisualStudio.QualityTools.Tips.UnitTest.Adapter, Version=10.0.0.0, Culture=neutral, PublicKeyToken=b03f5f7f11d50a3a" className="TestProject.ChunckedStreamTest, TestProject, Version=1.0.0.0, Culture=neutral, PublicKeyToken=null" name="WriteTest" />
    </UnitTest>
    <UnitTest name="CurrentVoltageTest" storage="c:\users\root\documents\visual studio 2010\projects\serialporttest\testproject\bin\debug\testproject.dll" id="3a8e9e00-491b-ea4c-5887-14849b5671cb">
      <Execution id="5d49f069-85dc-4183-b232-515b1024ff00" />
      <TestMethod codeBase="C:/Users/root/Documents/Visual Studio 2010/Projects/SerialPortTest/TestProject/bin/Debug/TestProject.DLL" adapterTypeName="Microsoft.VisualStudio.TestTools.TestTypes.Unit.UnitTestAdapter, Microsoft.VisualStudio.QualityTools.Tips.UnitTest.Adapter, Version=10.0.0.0, Culture=neutral, PublicKeyToken=b03f5f7f11d50a3a" className="TestProject.TrainSensorDataTest, TestProject, Version=1.0.0.0, Culture=neutral, PublicKeyToken=null" name="CurrentVoltageTest" />
    </UnitTest>
    <UnitTest name="FlushTest" storage="c:\users\root\documents\visual studio 2010\projects\serialporttest\testproject\bin\debug\testproject.dll" id="64811b85-89b0-0b59-3263-26f94adb60fb">
      <Execution id="0cfae59f-b5f4-4d72-bc76-23462b1f98b5" />
      <TestMethod codeBase="C:/Users/root/Documents/Visual Studio 2010/Projects/SerialPortTest/TestProject/bin/Debug/TestProject.DLL" adapterTypeName="Microsoft.VisualStudio.TestTools.TestTypes.Unit.UnitTestAdapter, Microsoft.VisualStudio.QualityTools.Tips.UnitTest.Adapter, Version=10.0.0.0, Culture=neutral, PublicKeyToken=b03f5f7f11d50a3a" className="TestProject.ChunckedStreamTest, TestProject, Version=1.0.0.0, Culture=neutral, PublicKeyToken=null" name="FlushTest" />
    </UnitTest>
    <UnitTest name="ByteArrayValidationCheck" storage="c:\users\root\documents\visual studio 2010\projects\serialporttest\testproject\bin\debug\testproject.dll" id="e97e0475-1df3-1614-6d37-36b8da6c07df">
      <Execution id="760e5d3e-fc98-4f57-b600-ff7e3183ee51" />
      <TestMethod codeBase="C:/Users/root/Documents/Visual Studio 2010/Projects/SerialPortTest/TestProject/bin/Debug/TestProject.DLL" adapterTypeName="Microsoft.VisualStudio.TestTools.TestTypes.Unit.UnitTestAdapter, Microsoft.VisualStudio.QualityTools.Tips.UnitTest.Adapter, Version=10.0.0.0, Culture=neutral, PublicKeyToken=b03f5f7f11d50a3a" className="TestProject.ConvertExtenstionsTest, TestProject, Version=1.0.0.0, Culture=neutral, PublicKeyToken=null" name="ByteArrayValidationCheck" />
    </UnitTest>
    <UnitTest name="ThresholdVoltageTest" storage="c:\users\root\documents\visual studio 2010\projects\serialporttest\testproject\bin\debug\testproject.dll" id="f2b0d1fb-85fd-8d9a-3775-86269f26d29b">
      <Execution id="7b4e496f-2bcc-405e-9565-f29a5d991c49" />
      <TestMethod codeBase="C:/Users/root/Documents/Visual Studio 2010/Projects/SerialPortTest/TestProject/bin/Debug/TestProject.DLL" adapterTypeName="Microsoft.VisualStudio.TestTools.TestTypes.Unit.UnitTestAdapter, Microsoft.VisualStudio.QualityTools.Tips.UnitTest.Adapter, Version=10.0.0.0, Culture=neutral, PublicKeyToken=b03f5f7f11d50a3a" className="TestProject.TrainSensorDataTest, TestProject, Version=1.0.0.0, Culture=neutral, PublicKeyToken=null" name="ThresholdVoltageTest" />
    </UnitTest>
    <UnitTest name="ReadTest" storage="c:\users\root\documents\visual studio 2010\projects\serialporttest\testproject\bin\debug\testproject.dll" id="03d23227-fae1-7f69-18bc-75591f488ed7">
      <Execution id="b89d0193-1830-44a5-b045-d15f149cbf47" />
      <TestMethod codeBase="C:/Users/root/Documents/Visual Studio 2010/Projects/SerialPortTest/TestProject/bin/Debug/TestProject.DLL" adapterTypeName="Microsoft.VisualStudio.TestTools.TestTypes.Unit.UnitTestAdapter, Microsoft.VisualStudio.QualityTools.Tips.UnitTest.Adapter, Version=10.0.0.0, Culture=neutral, PublicKeyToken=b03f5f7f11d50a3a" className="TestProject.ChunckedStreamTest, TestProject, Version=1.0.0.0, Culture=neutral, PublicKeyToken=null" name="ReadTest" />
    </UnitTest>
    <UnitTest name="ToByteArrayTest" storage="c:\users\root\documents\visual studio 2010\projects\serialporttest\testproject\bin\debug\testproject.dll" id="8c676a8d-ec31-5a6b-13ab-e80d4af41e42">
      <Execution id="0640f0e7-ca1f-4b2d-9b7d-8b7952eea4f5" />
      <TestMethod codeBase="C:/Users/root/Documents/Visual Studio 2010/Projects/SerialPortTest/TestProject/bin/Debug/TestProject.DLL" adapterTypeName="Microsoft.VisualStudio.TestTools.TestTypes.Unit.UnitTestAdapter, Microsoft.VisualStudio.QualityTools.Tips.UnitTest.Adapter, Version=10.0.0.0, Culture=neutral, PublicKeyToken=b03f5f7f11d50a3a" className="TestProject.ConvertExtenstionsTest, TestProject, Version=1.0.0.0, Culture=neutral, PublicKeyToken=null" name="ToByteArrayTest" />
    </UnitTest>
  </TestDefinitions>
  <TestLists>
    <TestList name="一覧に存在しない結果" id="8c84fa94-04c1-424b-9868-57a2d4851a1d" />
    <TestList name="読み込まれたすべての結果" id="19431567-8539-422a-85d7-44ee4e166bda" />
  </TestLists>
  <TestEntries>
    <TestEntry testId="03d23227-fae1-7f69-18bc-75591f488ed7" executionId="b89d0193-1830-44a5-b045-d15f149cbf47" testListId="8c84fa94-04c1-424b-9868-57a2d4851a1d" />
    <TestEntry testId="3a8e9e00-491b-ea4c-5887-14849b5671cb" executionId="5d49f069-85dc-4183-b232-515b1024ff00" testListId="8c84fa94-04c1-424b-9868-57a2d4851a1d" />
    <TestEntry testId="64811b85-89b0-0b59-3263-26f94adb60fb" executionId="0cfae59f-b5f4-4d72-bc76-23462b1f98b5" testListId="8c84fa94-04c1-424b-9868-57a2d4851a1d" />
    <TestEntry testId="8c676a8d-ec31-5a6b-13ab-e80d4af41e42" executionId="0640f0e7-ca1f-4b2d-9b7d-8b7952eea4f5" testListId="8c84fa94-04c1-424b-9868-57a2d4851a1d" />
    <TestEntry testId="e1892563-72ac-e402-dfba-90f0fb1b229e" executionId="f6a51a27-4652-48a8-8140-25aec4dfb9b6" testListId="8c84fa94-04c1-424b-9868-57a2d4851a1d" />
    <TestEntry testId="e97e0475-1df3-1614-6d37-36b8da6c07df" executionId="760e5d3e-fc98-4f57-b600-ff7e3183ee51" testListId="8c84fa94-04c1-424b-9868-57a2d4851a1d" />
    <TestEntry testId="f2b0d1fb-85fd-8d9a-3775-86269f26d29b" executionId="7b4e496f-2bcc-405e-9565-f29a5d991c49" testListId="8c84fa94-04c1-424b-9868-57a2d4851a1d" />
  </TestEntries>
  <Results>
    <UnitTestResult executionId="b89d0193-1830-44a5-b045-d15f149cbf47" testId="03d23227-fae1-7f69-18bc-75591f488ed7" testName="ReadTest" computerName="CLIENTAZS" duration="00:00:00.0339244" startTime="2011-06-06T16:02:24.7993658+09:00" endTime="2011-06-06T16:02:28.1555578+09:00" testType="13cdc9d9-ddb5-4fa4-a97d-d965ccfc6d4b" outcome="Passed" testListId="8c84fa94-04c1-424b-9868-57a2d4851a1d" relativeResultsDirectory="b89d0193-1830-44a5-b045-d15f149cbf47">
    </UnitTestResult>
    <UnitTestResult executionId="5d49f069-85dc-4183-b232-515b1024ff00" testId="3a8e9e00-491b-ea4c-5887-14849b5671cb" testName="CurrentVoltageTest" computerName="CLIENTAZS" duration="00:00:00.0055310" startTime="2011-06-06T16:02:28.1975602+09:00" endTime="2011-06-06T16:02:28.2225616+09:00" testType="13cdc9d9-ddb5-4fa4-a97d-d965ccfc6d4b" outcome="Passed" testListId="8c84fa94-04c1-424b-9868-57a2d4851a1d" relativeResultsDirectory="5d49f069-85dc-4183-b232-515b1024ff00">
    </UnitTestResult>
    <UnitTestResult executionId="0cfae59f-b5f4-4d72-bc76-23462b1f98b5" testId="64811b85-89b0-0b59-3263-26f94adb60fb" testName="FlushTest" computerName="CLIENTAZS" duration="00:00:05.6469965" startTime="2011-06-06T16:02:28.2555635+09:00" endTime="2011-06-06T16:02:33.9208875+09:00" testType="13cdc9d9-ddb5-4fa4-a97d-d965ccfc6d4b" outcome="Passed" testListId="8c84fa94-04c1-424b-9868-57a2d4851a1d" relativeResultsDirectory="0cfae59f-b5f4-4d72-bc76-23462b1f98b5">
    </UnitTestResult>
    <UnitTestResult executionId="0640f0e7-ca1f-4b2d-9b7d-8b7952eea4f5" testId="8c676a8d-ec31-5a6b-13ab-e80d4af41e42" testName="ToByteArrayTest" computerName="CLIENTAZS" duration="00:00:06.7938517" startTime="2011-06-06T16:02:33.9768907+09:00" endTime="2011-06-06T16:02:40.7972808+09:00" testType="13cdc9d9-ddb5-4fa4-a97d-d965ccfc6d4b" outcome="Passed" testListId="8c84fa94-04c1-424b-9868-57a2d4851a1d" relativeResultsDirectory="0640f0e7-ca1f-4b2d-9b7d-8b7952eea4f5">
    </UnitTestResult>
    <UnitTestResult executionId="f6a51a27-4652-48a8-8140-25aec4dfb9b6" testId="e1892563-72ac-e402-dfba-90f0fb1b229e" testName="WriteTest" computerName="CLIENTAZS" duration="00:00:00.0018870" startTime="2011-06-06T16:02:40.8702850+09:00" endTime="2011-06-06T16:02:40.9202879+09:00" testType="13cdc9d9-ddb5-4fa4-a97d-d965ccfc6d4b" outcome="Passed" testListId="8c84fa94-04c1-424b-9868-57a2d4851a1d" relativeResultsDirectory="f6a51a27-4652-48a8-8140-25aec4dfb9b6">
    </UnitTestResult>
    <UnitTestResult executionId="760e5d3e-fc98-4f57-b600-ff7e3183ee51" testId="e97e0475-1df3-1614-6d37-36b8da6c07df" testName="ByteArrayValidationCheck" computerName="CLIENTAZS" duration="00:00:00.0141349" startTime="2011-06-06T16:02:40.9542898+09:00" endTime="2011-06-06T16:02:41.0002924+09:00" testType="13cdc9d9-ddb5-4fa4-a97d-d965ccfc6d4b" outcome="Passed" testListId="8c84fa94-04c1-424b-9868-57a2d4851a1d" relativeResultsDirectory="760e5d3e-fc98-4f57-b600-ff7e3183ee51">
    </UnitTestResult>
    <UnitTestResult executionId="7b4e496f-2bcc-405e-9565-f29a5d991c49" testId="f2b0d1fb-85fd-8d9a-3775-86269f26d29b" testName="ThresholdVoltageTest" computerName="CLIENTAZS" duration="00:00:00.0006005" startTime="2011-06-06T16:02:41.0442950+09:00" endTime="2011-06-06T16:02:41.0802970+09:00" testType="13cdc9d9-ddb5-4fa4-a97d-d965ccfc6d4b" outcome="Passed" testListId="8c84fa94-04c1-424b-9868-57a2d4851a1d" relativeResultsDirectory="7b4e496f-2bcc-405e-9565-f29a5d991c49">
    </UnitTestResult>
  </Results>
</TestRun>