<?xml version="1.0" encoding="UTF-8"?>
<TestRun id="7b14d253-6e4c-45be-a0ff-abde01edc6c9" name="root@CLIENTAZS 2011-06-29 10:28:37" runUser="CLIENTAZS\root" xmlns="http://microsoft.com/schemas/VisualStudio/TeamTest/2010">
  <TestSettings name="ローカル" id="82b9a1a8-b1c9-4cfe-afea-c8e70cee6ddc">
    <Description>これらはローカル テスト実行用の既定のテスト設定です。</Description>
    <Deployment enabled="false" runDeploymentRoot="root_CLIENTAZS 2011-06-29 10_28_37">
      <DeploymentItem filename="C:\Program Files (x86)\Microsoft SDKs\Expression\Blend\.NETFramework\v4.0\Libraries\Microsoft.Expression.Interactions.dll" />
      <DeploymentItem filename="C:\Program Files\LibUsbDotNet\Src\LibWinUsb\bin\x86\Release\LibUsbDotNet.dll" />
      <DeploymentItem filename="C:\Program Files (x86)\Microsoft Reactive Extensions SDK\v1.0.10605\Binaries\.NETFramework\v4.0\System.Reactive.dll" />
      <DeploymentItem filename="C:\Program Files (x86)\Microsoft SDKs\Expression\Blend\.NETFramework\v4.0\Libraries\System.Windows.Interactivity.dll" />
      <DeploymentItem filename="C:\Users\root\Documents\Visual Studio 2010\Projects\SerialPortTest\SensorLivetView\bin\Release\SensorLivetView.exe" />
      <DeploymentItem filename="C:\Program Files (x86)\Microsoft Reactive Extensions SDK\v1.0.10605\Binaries\.NETFramework\v4.0\Microsoft.Reactive.Testing.dll" />
      <DeploymentItem filename="C:\Users\root\Documents\Visual Studio 2010\Projects\SerialPortTest\CensorLibrary\bin\Release\SensorLibrary.dll" />
      <DeploymentItem filename="C:\Users\root\Documents\Visual Studio 2010\Projects\SerialPortTest\SensorLivetView\InfrastructureAssemblies\Livet.dll" />
      <DeploymentItem filename="C:\Program Files (x86)\Microsoft Reactive Extensions SDK\v1.0.10605\Binaries\.NETFramework\v4.0\System.Reactive.Windows.Threading.dll" />
    </Deployment>
    <Execution>
      <TestTypeSpecific />
      <AgentRule name="Execution Agents">
      </AgentRule>
    </Execution>
  </TestSettings>
  <Times creation="2011-06-29T10:28:37.0515105+09:00" queuing="2011-06-29T10:28:44.9009594+09:00" start="2011-06-29T10:28:45.4279896+09:00" finish="2011-06-29T10:28:48.4381618+09:00" />
  <ResultSummary outcome="Completed">
    <Counters total="29" executed="29" passed="29" error="0" failed="0" timeout="0" aborted="0" inconclusive="0" passedButRunAborted="0" notRunnable="0" notExecuted="0" disconnected="0" warning="0" completed="0" inProgress="0" pending="0" />
  </ResultSummary>
  <TestDefinitions>
    <UnitTest name="TimerTest" storage="c:\users\root\documents\visual studio 2010\projects\serialporttest\testproject\bin\release\testproject.dll" id="02112a0a-b267-4424-8970-91320a0a97c2">
      <Execution id="c8673722-aebb-442c-9cb1-e758772014e9" />
      <TestMethod codeBase="C:/Users/root/Documents/Visual Studio 2010/Projects/SerialPortTest/TestProject/bin/Release/TestProject.DLL" adapterTypeName="Microsoft.VisualStudio.TestTools.TestTypes.Unit.UnitTestAdapter, Microsoft.VisualStudio.QualityTools.Tips.UnitTest.Adapter, Version=10.0.0.0, Culture=neutral, PublicKeyToken=b03f5f7f11d50a3a" className="TestProject.TrainSensorStateTest, TestProject, Version=1.0.0.0, Culture=neutral, PublicKeyToken=null" name="TimerTest" />
    </UnitTest>
    <UnitTest name="ToStringTest" storage="c:\users\root\documents\visual studio 2010\projects\serialporttest\testproject\bin\release\testproject.dll" id="1ad9505e-7b3d-d16d-51df-a136ac1ace33">
      <Execution id="b0823193-91a5-4e59-83fb-a9ef85d64710" />
      <TestMethod codeBase="C:/Users/root/Documents/Visual Studio 2010/Projects/SerialPortTest/TestProject/bin/Release/TestProject.DLL" adapterTypeName="Microsoft.VisualStudio.TestTools.TestTypes.Unit.UnitTestAdapter, Microsoft.VisualStudio.QualityTools.Tips.UnitTest.Adapter, Version=10.0.0.0, Culture=neutral, PublicKeyToken=b03f5f7f11d50a3a" className="TestProject.TrainSensorStateTest, TestProject, Version=1.0.0.0, Culture=neutral, PublicKeyToken=null" name="ToStringTest" />
    </UnitTest>
    <UnitTest name="PointModuleStateConstructorTest" storage="c:\users\root\documents\visual studio 2010\projects\serialporttest\testproject\bin\release\testproject.dll" id="8da466f7-c384-a693-e5eb-95d9f9f6fa64">
      <Execution id="93293e50-80d6-4cb5-85dc-5c9f082efdbf" />
      <TestMethod codeBase="C:/Users/root/Documents/Visual Studio 2010/Projects/SerialPortTest/TestProject/bin/Release/TestProject.DLL" adapterTypeName="Microsoft.VisualStudio.TestTools.TestTypes.Unit.UnitTestAdapter, Microsoft.VisualStudio.QualityTools.Tips.UnitTest.Adapter, Version=10.0.0.0, Culture=neutral, PublicKeyToken=b03f5f7f11d50a3a" className="TestProject.PointModuleStateTest, TestProject, Version=1.0.0.0, Culture=neutral, PublicKeyToken=null" name="PointModuleStateConstructorTest" />
    </UnitTest>
    <UnitTest name="ItemTest" storage="c:\users\root\documents\visual studio 2010\projects\serialporttest\testproject\bin\release\testproject.dll" id="fd6576fe-8e64-b2e3-565c-e729b98d43e4">
      <Execution id="eb1dc927-4fa0-41e0-bc48-3230639fcdff" />
      <TestMethod codeBase="C:/Users/root/Documents/Visual Studio 2010/Projects/SerialPortTest/TestProject/bin/Release/TestProject.DLL" adapterTypeName="Microsoft.VisualStudio.TestTools.TestTypes.Unit.UnitTestAdapter, Microsoft.VisualStudio.QualityTools.Tips.UnitTest.Adapter, Version=10.0.0.0, Culture=neutral, PublicKeyToken=b03f5f7f11d50a3a" className="TestProject.MotherBoardStateTest, TestProject, Version=1.0.0.0, Culture=neutral, PublicKeyToken=null" name="ItemTest" />
    </UnitTest>
    <UnitTest name="SelectedDeviceTest" storage="c:\users\root\documents\visual studio 2010\projects\serialporttest\testproject\bin\release\testproject.dll" id="3a4db604-7139-9804-2ab5-ad14796afec1">
      <Execution id="cc830117-064d-4869-9e8e-a98de1a78f8d" />
      <TestMethod codeBase="C:/Users/root/Documents/Visual Studio 2010/Projects/SerialPortTest/TestProject/bin/Release/TestProject.DLL" adapterTypeName="Microsoft.VisualStudio.TestTools.TestTypes.Unit.UnitTestAdapter, Microsoft.VisualStudio.QualityTools.Tips.UnitTest.Adapter, Version=10.0.0.0, Culture=neutral, PublicKeyToken=b03f5f7f11d50a3a" className="TestProject.UsbDevicesViewModelTest, TestProject, Version=1.0.0.0, Culture=neutral, PublicKeyToken=null" name="SelectedDeviceTest" />
    </UnitTest>
    <UnitTest name="DeviceCandicatesTest" storage="c:\users\root\documents\visual studio 2010\projects\serialporttest\testproject\bin\release\testproject.dll" id="c57eff42-a84b-6116-b645-b74d987ba9b1">
      <Execution id="6e189284-c7d9-490d-9380-0ef24d14c7d7" />
      <TestMethod codeBase="C:/Users/root/Documents/Visual Studio 2010/Projects/SerialPortTest/TestProject/bin/Release/TestProject.DLL" adapterTypeName="Microsoft.VisualStudio.TestTools.TestTypes.Unit.UnitTestAdapter, Microsoft.VisualStudio.QualityTools.Tips.UnitTest.Adapter, Version=10.0.0.0, Culture=neutral, PublicKeyToken=b03f5f7f11d50a3a" className="TestProject.UsbDevicesViewModelTest, TestProject, Version=1.0.0.0, Culture=neutral, PublicKeyToken=null" name="DeviceCandicatesTest" />
    </UnitTest>
    <UnitTest name="MotherBoardDataConstructorTest" storage="c:\users\root\documents\visual studio 2010\projects\serialporttest\testproject\bin\release\testproject.dll" id="31c80489-96bc-6432-541f-227c31e73e53">
      <Execution id="c75e9a0c-49ea-4543-bd16-1187c393f1ff" />
      <TestMethod codeBase="C:/Users/root/Documents/Visual Studio 2010/Projects/SerialPortTest/TestProject/bin/Release/TestProject.DLL" adapterTypeName="Microsoft.VisualStudio.TestTools.TestTypes.Unit.UnitTestAdapter, Microsoft.VisualStudio.QualityTools.Tips.UnitTest.Adapter, Version=10.0.0.0, Culture=neutral, PublicKeyToken=b03f5f7f11d50a3a" className="TestProject.MotherBoardDataTest, TestProject, Version=1.0.0.0, Culture=neutral, PublicKeyToken=null" name="MotherBoardDataConstructorTest" />
    </UnitTest>
    <UnitTest name="FlushTest" storage="c:\users\root\documents\visual studio 2010\projects\serialporttest\testproject\bin\release\testproject.dll" id="64811b85-89b0-0b59-3263-26f94adb60fb">
      <Execution id="10324c8f-92b9-4c89-9c90-d782cba3c043" />
      <TestMethod codeBase="C:/Users/root/Documents/Visual Studio 2010/Projects/SerialPortTest/TestProject/bin/Release/TestProject.DLL" adapterTypeName="Microsoft.VisualStudio.TestTools.TestTypes.Unit.UnitTestAdapter, Microsoft.VisualStudio.QualityTools.Tips.UnitTest.Adapter, Version=10.0.0.0, Culture=neutral, PublicKeyToken=b03f5f7f11d50a3a" className="TestProject.ChunckedStreamTest, TestProject, Version=1.0.0.0, Culture=neutral, PublicKeyToken=null" name="FlushTest" />
    </UnitTest>
    <UnitTest name="IsDetectedTest" storage="c:\users\root\documents\visual studio 2010\projects\serialporttest\testproject\bin\release\testproject.dll" id="4820147a-9623-95f5-e2c8-b660da05a3c5">
      <Execution id="b93751f3-00a2-49ad-8d31-2eca737f9819" />
      <TestMethod codeBase="C:/Users/root/Documents/Visual Studio 2010/Projects/SerialPortTest/TestProject/bin/Release/TestProject.DLL" adapterTypeName="Microsoft.VisualStudio.TestTools.TestTypes.Unit.UnitTestAdapter, Microsoft.VisualStudio.QualityTools.Tips.UnitTest.Adapter, Version=10.0.0.0, Culture=neutral, PublicKeyToken=b03f5f7f11d50a3a" className="TestProject.TrainSensorStateTest, TestProject, Version=1.0.0.0, Culture=neutral, PublicKeyToken=null" name="IsDetectedTest" />
    </UnitTest>
    <UnitTest name="PointModuleDataConstructorTest" storage="c:\users\root\documents\visual studio 2010\projects\serialporttest\testproject\bin\release\testproject.dll" id="e636afca-43c6-677e-deb3-86d562155830">
      <Execution id="d70cb057-552a-4803-aab3-921659aaf4d0" />
      <TestMethod codeBase="C:/Users/root/Documents/Visual Studio 2010/Projects/SerialPortTest/TestProject/bin/Release/TestProject.DLL" adapterTypeName="Microsoft.VisualStudio.TestTools.TestTypes.Unit.UnitTestAdapter, Microsoft.VisualStudio.QualityTools.Tips.UnitTest.Adapter, Version=10.0.0.0, Culture=neutral, PublicKeyToken=b03f5f7f11d50a3a" className="TestProject.PointModuleDataTest, TestProject, Version=1.0.0.0, Culture=neutral, PublicKeyToken=null" name="PointModuleDataConstructorTest" />
    </UnitTest>
    <UnitTest name="PortMappingEnumerableTest" storage="c:\users\root\documents\visual studio 2010\projects\serialporttest\testproject\bin\release\testproject.dll" id="c89c1729-1b69-9af7-691d-ccb30e6f1a55">
      <Execution id="63038b2e-711f-4687-94fb-894a1bc7aa75" />
      <TestMethod codeBase="C:/Users/root/Documents/Visual Studio 2010/Projects/SerialPortTest/TestProject/bin/Release/TestProject.DLL" adapterTypeName="Microsoft.VisualStudio.TestTools.TestTypes.Unit.UnitTestAdapter, Microsoft.VisualStudio.QualityTools.Tips.UnitTest.Adapter, Version=10.0.0.0, Culture=neutral, PublicKeyToken=b03f5f7f11d50a3a" className="TestProject.MotherBoardViewModelTest, TestProject, Version=1.0.0.0, Culture=neutral, PublicKeyToken=null" name="PortMappingEnumerableTest" />
    </UnitTest>
    <UnitTest name="ByteArrayValidationCheck" storage="c:\users\root\documents\visual studio 2010\projects\serialporttest\testproject\bin\release\testproject.dll" id="e97e0475-1df3-1614-6d37-36b8da6c07df">
      <Execution id="728eaa5c-ff43-4a38-a01c-4352f8a13ff2" />
      <TestMethod codeBase="C:/Users/root/Documents/Visual Studio 2010/Projects/SerialPortTest/TestProject/bin/Release/TestProject.DLL" adapterTypeName="Microsoft.VisualStudio.TestTools.TestTypes.Unit.UnitTestAdapter, Microsoft.VisualStudio.QualityTools.Tips.UnitTest.Adapter, Version=10.0.0.0, Culture=neutral, PublicKeyToken=b03f5f7f11d50a3a" className="TestProject.ConvertExtenstionsTest, TestProject, Version=1.0.0.0, Culture=neutral, PublicKeyToken=null" name="ByteArrayValidationCheck" />
    </UnitTest>
    <UnitTest name="ParentIDTest" storage="c:\users\root\documents\visual studio 2010\projects\serialporttest\testproject\bin\release\testproject.dll" id="888367e1-b0e5-f904-1073-ef6838ec8384">
      <Execution id="793ed89f-823e-4b7e-89e6-10a64eff113c" />
      <TestMethod codeBase="C:/Users/root/Documents/Visual Studio 2010/Projects/SerialPortTest/TestProject/bin/Release/TestProject.DLL" adapterTypeName="Microsoft.VisualStudio.TestTools.TestTypes.Unit.UnitTestAdapter, Microsoft.VisualStudio.QualityTools.Tips.UnitTest.Adapter, Version=10.0.0.0, Culture=neutral, PublicKeyToken=b03f5f7f11d50a3a" className="TestProject.MotherBoardStateTest, TestProject, Version=1.0.0.0, Culture=neutral, PublicKeyToken=null" name="ParentIDTest" />
    </UnitTest>
    <UnitTest name="MotherBoardViewModelConstructorTest" storage="c:\users\root\documents\visual studio 2010\projects\serialporttest\testproject\bin\release\testproject.dll" id="ff56d913-09b6-6f1a-eca1-4fc7d055cea3">
      <Execution id="e25fe253-b64a-40f3-bb04-a73a8a8fcd1c" />
      <TestMethod codeBase="C:/Users/root/Documents/Visual Studio 2010/Projects/SerialPortTest/TestProject/bin/Release/TestProject.DLL" adapterTypeName="Microsoft.VisualStudio.TestTools.TestTypes.Unit.UnitTestAdapter, Microsoft.VisualStudio.QualityTools.Tips.UnitTest.Adapter, Version=10.0.0.0, Culture=neutral, PublicKeyToken=b03f5f7f11d50a3a" className="TestProject.MotherBoardViewModelTest, TestProject, Version=1.0.0.0, Culture=neutral, PublicKeyToken=null" name="MotherBoardViewModelConstructorTest" />
    </UnitTest>
    <UnitTest name="UsbDevicesViewModelConstructorTest" storage="c:\users\root\documents\visual studio 2010\projects\serialporttest\testproject\bin\release\testproject.dll" id="bb37a384-0089-6563-1ba1-ccf041f0602b">
      <Execution id="e9c2e825-683c-4c12-843f-afe8185c3b00" />
      <TestMethod codeBase="C:/Users/root/Documents/Visual Studio 2010/Projects/SerialPortTest/TestProject/bin/Release/TestProject.DLL" adapterTypeName="Microsoft.VisualStudio.TestTools.TestTypes.Unit.UnitTestAdapter, Microsoft.VisualStudio.QualityTools.Tips.UnitTest.Adapter, Version=10.0.0.0, Culture=neutral, PublicKeyToken=b03f5f7f11d50a3a" className="TestProject.UsbDevicesViewModelTest, TestProject, Version=1.0.0.0, Culture=neutral, PublicKeyToken=null" name="UsbDevicesViewModelConstructorTest" />
    </UnitTest>
    <UnitTest name="DirectionsTest" storage="c:\users\root\documents\visual studio 2010\projects\serialporttest\testproject\bin\release\testproject.dll" id="3924b4a9-c8e3-1923-e40a-d9b46ab0bbcb">
      <Execution id="b599da31-5e5d-49f3-b09f-857f2b597884" />
      <TestMethod codeBase="C:/Users/root/Documents/Visual Studio 2010/Projects/SerialPortTest/TestProject/bin/Release/TestProject.DLL" adapterTypeName="Microsoft.VisualStudio.TestTools.TestTypes.Unit.UnitTestAdapter, Microsoft.VisualStudio.QualityTools.Tips.UnitTest.Adapter, Version=10.0.0.0, Culture=neutral, PublicKeyToken=b03f5f7f11d50a3a" className="TestProject.PointModuleDataTest, TestProject, Version=1.0.0.0, Culture=neutral, PublicKeyToken=null" name="DirectionsTest" />
    </UnitTest>
    <UnitTest name="WriteTest" storage="c:\users\root\documents\visual studio 2010\projects\serialporttest\testproject\bin\release\testproject.dll" id="e1892563-72ac-e402-dfba-90f0fb1b229e">
      <Execution id="8b52cc2c-1cac-42cf-a477-c1c7a207b389" />
      <TestMethod codeBase="C:/Users/root/Documents/Visual Studio 2010/Projects/SerialPortTest/TestProject/bin/Release/TestProject.DLL" adapterTypeName="Microsoft.VisualStudio.TestTools.TestTypes.Unit.UnitTestAdapter, Microsoft.VisualStudio.QualityTools.Tips.UnitTest.Adapter, Version=10.0.0.0, Culture=neutral, PublicKeyToken=b03f5f7f11d50a3a" className="TestProject.ChunckedStreamTest, TestProject, Version=1.0.0.0, Culture=neutral, PublicKeyToken=null" name="WriteTest" />
    </UnitTest>
    <UnitTest name="TimerTest" storage="c:\users\root\documents\visual studio 2010\projects\serialporttest\testproject\bin\release\testproject.dll" id="e531a444-ddb8-6cc8-ba69-dded1772c8fb">
      <Execution id="1e999794-780a-41d0-9d3c-0ee301819e23" />
      <TestMethod codeBase="C:/Users/root/Documents/Visual Studio 2010/Projects/SerialPortTest/TestProject/bin/Release/TestProject.DLL" adapterTypeName="Microsoft.VisualStudio.TestTools.TestTypes.Unit.UnitTestAdapter, Microsoft.VisualStudio.QualityTools.Tips.UnitTest.Adapter, Version=10.0.0.0, Culture=neutral, PublicKeyToken=b03f5f7f11d50a3a" className="TestProject.MotherBoardStateTest, TestProject, Version=1.0.0.0, Culture=neutral, PublicKeyToken=null" name="TimerTest" />
    </UnitTest>
    <UnitTest name="CurrentVoltageTest" storage="c:\users\root\documents\visual studio 2010\projects\serialporttest\testproject\bin\release\testproject.dll" id="5ef5b6e1-0cec-8e3e-2a18-36ec4ba05980">
      <Execution id="1d23dfaf-5f63-43a2-b9d6-a3f49d03dbfd" />
      <TestMethod codeBase="C:/Users/root/Documents/Visual Studio 2010/Projects/SerialPortTest/TestProject/bin/Release/TestProject.DLL" adapterTypeName="Microsoft.VisualStudio.TestTools.TestTypes.Unit.UnitTestAdapter, Microsoft.VisualStudio.QualityTools.Tips.UnitTest.Adapter, Version=10.0.0.0, Culture=neutral, PublicKeyToken=b03f5f7f11d50a3a" className="TestProject.TrainSensorStateTest, TestProject, Version=1.0.0.0, Culture=neutral, PublicKeyToken=null" name="CurrentVoltageTest" />
    </UnitTest>
    <UnitTest name="TrainSensorViewModelConstructorTest" storage="c:\users\root\documents\visual studio 2010\projects\serialporttest\testproject\bin\release\testproject.dll" id="f7a737b6-f8da-3a0e-93c8-58a3d6ddb7dd">
      <Execution id="4089c134-18a5-4545-95a4-63a4d2da44c8" />
      <TestMethod codeBase="C:/Users/root/Documents/Visual Studio 2010/Projects/SerialPortTest/TestProject/bin/Release/TestProject.DLL" adapterTypeName="Microsoft.VisualStudio.TestTools.TestTypes.Unit.UnitTestAdapter, Microsoft.VisualStudio.QualityTools.Tips.UnitTest.Adapter, Version=10.0.0.0, Culture=neutral, PublicKeyToken=b03f5f7f11d50a3a" className="TestProject.TrainSensorViewModelTest, TestProject, Version=1.0.0.0, Culture=neutral, PublicKeyToken=null" name="TrainSensorViewModelConstructorTest" />
    </UnitTest>
    <UnitTest name="ModuleTypeTest" storage="c:\users\root\documents\visual studio 2010\projects\serialporttest\testproject\bin\release\testproject.dll" id="c3e25e71-e6a3-3799-dbe0-bacda8fc8163">
      <Execution id="379b7c4b-7e0e-48b9-b2e5-6be32a07df90" />
      <TestMethod codeBase="C:/Users/root/Documents/Visual Studio 2010/Projects/SerialPortTest/TestProject/bin/Release/TestProject.DLL" adapterTypeName="Microsoft.VisualStudio.TestTools.TestTypes.Unit.UnitTestAdapter, Microsoft.VisualStudio.QualityTools.Tips.UnitTest.Adapter, Version=10.0.0.0, Culture=neutral, PublicKeyToken=b03f5f7f11d50a3a" className="TestProject.MotherBoardDataTest, TestProject, Version=1.0.0.0, Culture=neutral, PublicKeyToken=null" name="ModuleTypeTest" />
    </UnitTest>
    <UnitTest name="ItemTest" storage="c:\users\root\documents\visual studio 2010\projects\serialporttest\testproject\bin\release\testproject.dll" id="c6c2c1ab-9d23-f24c-e326-eec075cfb3f8">
      <Execution id="91b5a263-4a4a-4e75-8969-e0939f26eb3a" />
      <TestMethod codeBase="C:/Users/root/Documents/Visual Studio 2010/Projects/SerialPortTest/TestProject/bin/Release/TestProject.DLL" adapterTypeName="Microsoft.VisualStudio.TestTools.TestTypes.Unit.UnitTestAdapter, Microsoft.VisualStudio.QualityTools.Tips.UnitTest.Adapter, Version=10.0.0.0, Culture=neutral, PublicKeyToken=b03f5f7f11d50a3a" className="TestProject.PointModuleStateTest, TestProject, Version=1.0.0.0, Culture=neutral, PublicKeyToken=null" name="ItemTest" />
    </UnitTest>
    <UnitTest name="ThresholdVoltageTest" storage="c:\users\root\documents\visual studio 2010\projects\serialporttest\testproject\bin\release\testproject.dll" id="e36da11d-994b-1ac2-4a9f-70734f4a554b">
      <Execution id="533fd18d-c530-4832-ac26-e9f052697b93" />
      <TestMethod codeBase="C:/Users/root/Documents/Visual Studio 2010/Projects/SerialPortTest/TestProject/bin/Release/TestProject.DLL" adapterTypeName="Microsoft.VisualStudio.TestTools.TestTypes.Unit.UnitTestAdapter, Microsoft.VisualStudio.QualityTools.Tips.UnitTest.Adapter, Version=10.0.0.0, Culture=neutral, PublicKeyToken=b03f5f7f11d50a3a" className="TestProject.TrainSensorStateTest, TestProject, Version=1.0.0.0, Culture=neutral, PublicKeyToken=null" name="ThresholdVoltageTest" />
    </UnitTest>
    <UnitTest name="ConvertBackTest" storage="c:\users\root\documents\visual studio 2010\projects\serialporttest\testproject\bin\release\testproject.dll" id="f3ffe881-46a7-6ee6-404d-376b40511b07">
      <Execution id="17bc2bbc-9937-4d0d-9774-3b8cd6210c5a" />
      <TestMethod codeBase="C:/Users/root/Documents/Visual Studio 2010/Projects/SerialPortTest/TestProject/bin/Release/TestProject.DLL" adapterTypeName="Microsoft.VisualStudio.TestTools.TestTypes.Unit.UnitTestAdapter, Microsoft.VisualStudio.QualityTools.Tips.UnitTest.Adapter, Version=10.0.0.0, Culture=neutral, PublicKeyToken=b03f5f7f11d50a3a" className="TestProject.UsbDeviceConverterTest, TestProject, Version=1.0.0.0, Culture=neutral, PublicKeyToken=null" name="ConvertBackTest" />
    </UnitTest>
    <UnitTest name="OverflowedCountTest" storage="c:\users\root\documents\visual studio 2010\projects\serialporttest\testproject\bin\release\testproject.dll" id="ad40eac8-0529-544e-7cd1-f5b2a391e919">
      <Execution id="ee408d36-98f3-49f4-9eb9-46a89d918b04" />
      <TestMethod codeBase="C:/Users/root/Documents/Visual Studio 2010/Projects/SerialPortTest/TestProject/bin/Release/TestProject.DLL" adapterTypeName="Microsoft.VisualStudio.TestTools.TestTypes.Unit.UnitTestAdapter, Microsoft.VisualStudio.QualityTools.Tips.UnitTest.Adapter, Version=10.0.0.0, Culture=neutral, PublicKeyToken=b03f5f7f11d50a3a" className="TestProject.TrainSensorStateTest, TestProject, Version=1.0.0.0, Culture=neutral, PublicKeyToken=null" name="OverflowedCountTest" />
    </UnitTest>
    <UnitTest name="ToByteArrayTest" storage="c:\users\root\documents\visual studio 2010\projects\serialporttest\testproject\bin\release\testproject.dll" id="8c676a8d-ec31-5a6b-13ab-e80d4af41e42">
      <Execution id="559159b8-1495-41db-970e-eae33accbc39" />
      <TestMethod codeBase="C:/Users/root/Documents/Visual Studio 2010/Projects/SerialPortTest/TestProject/bin/Release/TestProject.DLL" adapterTypeName="Microsoft.VisualStudio.TestTools.TestTypes.Unit.UnitTestAdapter, Microsoft.VisualStudio.QualityTools.Tips.UnitTest.Adapter, Version=10.0.0.0, Culture=neutral, PublicKeyToken=b03f5f7f11d50a3a" className="TestProject.ConvertExtenstionsTest, TestProject, Version=1.0.0.0, Culture=neutral, PublicKeyToken=null" name="ToByteArrayTest" />
    </UnitTest>
    <UnitTest name="ModeTest" storage="c:\users\root\documents\visual studio 2010\projects\serialporttest\testproject\bin\release\testproject.dll" id="e7d27d5a-0dca-8191-f30e-a3d70f9835ee">
      <Execution id="f3d4a70b-4465-4271-9884-19615fe8cd01" />
      <TestMethod codeBase="C:/Users/root/Documents/Visual Studio 2010/Projects/SerialPortTest/TestProject/bin/Release/TestProject.DLL" adapterTypeName="Microsoft.VisualStudio.TestTools.TestTypes.Unit.UnitTestAdapter, Microsoft.VisualStudio.QualityTools.Tips.UnitTest.Adapter, Version=10.0.0.0, Culture=neutral, PublicKeyToken=b03f5f7f11d50a3a" className="TestProject.TrainSensorStateTest, TestProject, Version=1.0.0.0, Culture=neutral, PublicKeyToken=null" name="ModeTest" />
    </UnitTest>
    <UnitTest name="ConvertTest" storage="c:\users\root\documents\visual studio 2010\projects\serialporttest\testproject\bin\release\testproject.dll" id="674eb767-160f-184e-901f-e20a6d038918">
      <Execution id="61d33c54-dacd-433a-8d9d-4983fc949f47" />
      <TestMethod codeBase="C:/Users/root/Documents/Visual Studio 2010/Projects/SerialPortTest/TestProject/bin/Release/TestProject.DLL" adapterTypeName="Microsoft.VisualStudio.TestTools.TestTypes.Unit.UnitTestAdapter, Microsoft.VisualStudio.QualityTools.Tips.UnitTest.Adapter, Version=10.0.0.0, Culture=neutral, PublicKeyToken=b03f5f7f11d50a3a" className="TestProject.UsbDeviceConverterTest, TestProject, Version=1.0.0.0, Culture=neutral, PublicKeyToken=null" name="ConvertTest" />
    </UnitTest>
    <UnitTest name="ReadTest" storage="c:\users\root\documents\visual studio 2010\projects\serialporttest\testproject\bin\release\testproject.dll" id="03d23227-fae1-7f69-18bc-75591f488ed7">
      <Execution id="e879c284-4baf-4ded-9cfe-693b73ba631b" />
      <TestMethod codeBase="C:/Users/root/Documents/Visual Studio 2010/Projects/SerialPortTest/TestProject/bin/Release/TestProject.DLL" adapterTypeName="Microsoft.VisualStudio.TestTools.TestTypes.Unit.UnitTestAdapter, Microsoft.VisualStudio.QualityTools.Tips.UnitTest.Adapter, Version=10.0.0.0, Culture=neutral, PublicKeyToken=b03f5f7f11d50a3a" className="TestProject.ChunckedStreamTest, TestProject, Version=1.0.0.0, Culture=neutral, PublicKeyToken=null" name="ReadTest" />
    </UnitTest>
  </TestDefinitions>
  <TestLists>
    <TestList name="一覧に存在しない結果" id="8c84fa94-04c1-424b-9868-57a2d4851a1d" />
    <TestList name="読み込まれたすべての結果" id="19431567-8539-422a-85d7-44ee4e166bda" />
  </TestLists>
  <TestEntries>
    <TestEntry testId="02112a0a-b267-4424-8970-91320a0a97c2" executionId="c8673722-aebb-442c-9cb1-e758772014e9" testListId="8c84fa94-04c1-424b-9868-57a2d4851a1d" />
    <TestEntry testId="03d23227-fae1-7f69-18bc-75591f488ed7" executionId="e879c284-4baf-4ded-9cfe-693b73ba631b" testListId="8c84fa94-04c1-424b-9868-57a2d4851a1d" />
    <TestEntry testId="1ad9505e-7b3d-d16d-51df-a136ac1ace33" executionId="b0823193-91a5-4e59-83fb-a9ef85d64710" testListId="8c84fa94-04c1-424b-9868-57a2d4851a1d" />
    <TestEntry testId="31c80489-96bc-6432-541f-227c31e73e53" executionId="c75e9a0c-49ea-4543-bd16-1187c393f1ff" testListId="8c84fa94-04c1-424b-9868-57a2d4851a1d" />
    <TestEntry testId="3924b4a9-c8e3-1923-e40a-d9b46ab0bbcb" executionId="b599da31-5e5d-49f3-b09f-857f2b597884" testListId="8c84fa94-04c1-424b-9868-57a2d4851a1d" />
    <TestEntry testId="3a4db604-7139-9804-2ab5-ad14796afec1" executionId="cc830117-064d-4869-9e8e-a98de1a78f8d" testListId="8c84fa94-04c1-424b-9868-57a2d4851a1d" />
    <TestEntry testId="4820147a-9623-95f5-e2c8-b660da05a3c5" executionId="b93751f3-00a2-49ad-8d31-2eca737f9819" testListId="8c84fa94-04c1-424b-9868-57a2d4851a1d" />
    <TestEntry testId="5ef5b6e1-0cec-8e3e-2a18-36ec4ba05980" executionId="1d23dfaf-5f63-43a2-b9d6-a3f49d03dbfd" testListId="8c84fa94-04c1-424b-9868-57a2d4851a1d" />
    <TestEntry testId="64811b85-89b0-0b59-3263-26f94adb60fb" executionId="10324c8f-92b9-4c89-9c90-d782cba3c043" testListId="8c84fa94-04c1-424b-9868-57a2d4851a1d" />
    <TestEntry testId="674eb767-160f-184e-901f-e20a6d038918" executionId="61d33c54-dacd-433a-8d9d-4983fc949f47" testListId="8c84fa94-04c1-424b-9868-57a2d4851a1d" />
    <TestEntry testId="888367e1-b0e5-f904-1073-ef6838ec8384" executionId="793ed89f-823e-4b7e-89e6-10a64eff113c" testListId="8c84fa94-04c1-424b-9868-57a2d4851a1d" />
    <TestEntry testId="8c676a8d-ec31-5a6b-13ab-e80d4af41e42" executionId="559159b8-1495-41db-970e-eae33accbc39" testListId="8c84fa94-04c1-424b-9868-57a2d4851a1d" />
    <TestEntry testId="8da466f7-c384-a693-e5eb-95d9f9f6fa64" executionId="93293e50-80d6-4cb5-85dc-5c9f082efdbf" testListId="8c84fa94-04c1-424b-9868-57a2d4851a1d" />
    <TestEntry testId="ad40eac8-0529-544e-7cd1-f5b2a391e919" executionId="ee408d36-98f3-49f4-9eb9-46a89d918b04" testListId="8c84fa94-04c1-424b-9868-57a2d4851a1d" />
    <TestEntry testId="bb37a384-0089-6563-1ba1-ccf041f0602b" executionId="e9c2e825-683c-4c12-843f-afe8185c3b00" testListId="8c84fa94-04c1-424b-9868-57a2d4851a1d" />
    <TestEntry testId="c3e25e71-e6a3-3799-dbe0-bacda8fc8163" executionId="379b7c4b-7e0e-48b9-b2e5-6be32a07df90" testListId="8c84fa94-04c1-424b-9868-57a2d4851a1d" />
    <TestEntry testId="c57eff42-a84b-6116-b645-b74d987ba9b1" executionId="6e189284-c7d9-490d-9380-0ef24d14c7d7" testListId="8c84fa94-04c1-424b-9868-57a2d4851a1d" />
    <TestEntry testId="c6c2c1ab-9d23-f24c-e326-eec075cfb3f8" executionId="91b5a263-4a4a-4e75-8969-e0939f26eb3a" testListId="8c84fa94-04c1-424b-9868-57a2d4851a1d" />
    <TestEntry testId="c89c1729-1b69-9af7-691d-ccb30e6f1a55" executionId="63038b2e-711f-4687-94fb-894a1bc7aa75" testListId="8c84fa94-04c1-424b-9868-57a2d4851a1d" />
    <TestEntry testId="e1892563-72ac-e402-dfba-90f0fb1b229e" executionId="8b52cc2c-1cac-42cf-a477-c1c7a207b389" testListId="8c84fa94-04c1-424b-9868-57a2d4851a1d" />
    <TestEntry testId="e36da11d-994b-1ac2-4a9f-70734f4a554b" executionId="533fd18d-c530-4832-ac26-e9f052697b93" testListId="8c84fa94-04c1-424b-9868-57a2d4851a1d" />
    <TestEntry testId="e531a444-ddb8-6cc8-ba69-dded1772c8fb" executionId="1e999794-780a-41d0-9d3c-0ee301819e23" testListId="8c84fa94-04c1-424b-9868-57a2d4851a1d" />
    <TestEntry testId="e636afca-43c6-677e-deb3-86d562155830" executionId="d70cb057-552a-4803-aab3-921659aaf4d0" testListId="8c84fa94-04c1-424b-9868-57a2d4851a1d" />
    <TestEntry testId="e7d27d5a-0dca-8191-f30e-a3d70f9835ee" executionId="f3d4a70b-4465-4271-9884-19615fe8cd01" testListId="8c84fa94-04c1-424b-9868-57a2d4851a1d" />
    <TestEntry testId="e97e0475-1df3-1614-6d37-36b8da6c07df" executionId="728eaa5c-ff43-4a38-a01c-4352f8a13ff2" testListId="8c84fa94-04c1-424b-9868-57a2d4851a1d" />
    <TestEntry testId="f3ffe881-46a7-6ee6-404d-376b40511b07" executionId="17bc2bbc-9937-4d0d-9774-3b8cd6210c5a" testListId="8c84fa94-04c1-424b-9868-57a2d4851a1d" />
    <TestEntry testId="f7a737b6-f8da-3a0e-93c8-58a3d6ddb7dd" executionId="4089c134-18a5-4545-95a4-63a4d2da44c8" testListId="8c84fa94-04c1-424b-9868-57a2d4851a1d" />
    <TestEntry testId="fd6576fe-8e64-b2e3-565c-e729b98d43e4" executionId="eb1dc927-4fa0-41e0-bc48-3230639fcdff" testListId="8c84fa94-04c1-424b-9868-57a2d4851a1d" />
    <TestEntry testId="ff56d913-09b6-6f1a-eca1-4fc7d055cea3" executionId="e25fe253-b64a-40f3-bb04-a73a8a8fcd1c" testListId="8c84fa94-04c1-424b-9868-57a2d4851a1d" />
  </TestEntries>
  <Results>
    <UnitTestResult executionId="c8673722-aebb-442c-9cb1-e758772014e9" testId="02112a0a-b267-4424-8970-91320a0a97c2" testName="TimerTest" computerName="CLIENTAZS" duration="00:00:00.0381197" startTime="2011-06-29T10:28:45.5769981+09:00" endTime="2011-06-29T10:28:46.5750552+09:00" testType="13cdc9d9-ddb5-4fa4-a97d-d965ccfc6d4b" outcome="Passed" testListId="8c84fa94-04c1-424b-9868-57a2d4851a1d" relativeResultsDirectory="c8673722-aebb-442c-9cb1-e758772014e9">
    </UnitTestResult>
    <UnitTestResult executionId="e879c284-4baf-4ded-9cfe-693b73ba631b" testId="03d23227-fae1-7f69-18bc-75591f488ed7" testName="ReadTest" computerName="CLIENTAZS" duration="00:00:00.0615407" startTime="2011-06-29T10:28:46.6000566+09:00" endTime="2011-06-29T10:28:46.6720607+09:00" testType="13cdc9d9-ddb5-4fa4-a97d-d965ccfc6d4b" outcome="Passed" testListId="8c84fa94-04c1-424b-9868-57a2d4851a1d" relativeResultsDirectory="e879c284-4baf-4ded-9cfe-693b73ba631b">
    </UnitTestResult>
    <UnitTestResult executionId="b0823193-91a5-4e59-83fb-a9ef85d64710" testId="1ad9505e-7b3d-d16d-51df-a136ac1ace33" testName="ToStringTest" computerName="CLIENTAZS" duration="00:00:00.0786750" startTime="2011-06-29T10:28:46.6790611+09:00" endTime="2011-06-29T10:28:46.7800669+09:00" testType="13cdc9d9-ddb5-4fa4-a97d-d965ccfc6d4b" outcome="Passed" testListId="8c84fa94-04c1-424b-9868-57a2d4851a1d" relativeResultsDirectory="b0823193-91a5-4e59-83fb-a9ef85d64710">
      <Output>
        <TextMessages>
          <Message>Timer = 0, V = 2.5, IsDetected = True, Threshold = 1.25</Message>
        </TextMessages>
      </Output>
    </UnitTestResult>
    <UnitTestResult executionId="c75e9a0c-49ea-4543-bd16-1187c393f1ff" testId="31c80489-96bc-6432-541f-227c31e73e53" testName="MotherBoardDataConstructorTest" computerName="CLIENTAZS" duration="00:00:00.0033327" startTime="2011-06-29T10:28:46.7870673+09:00" endTime="2011-06-29T10:28:46.8130688+09:00" testType="13cdc9d9-ddb5-4fa4-a97d-d965ccfc6d4b" outcome="Passed" testListId="8c84fa94-04c1-424b-9868-57a2d4851a1d" relativeResultsDirectory="c75e9a0c-49ea-4543-bd16-1187c393f1ff">
    </UnitTestResult>
    <UnitTestResult executionId="b599da31-5e5d-49f3-b09f-857f2b597884" testId="3924b4a9-c8e3-1923-e40a-d9b46ab0bbcb" testName="DirectionsTest" computerName="CLIENTAZS" duration="00:00:00.0034416" startTime="2011-06-29T10:28:46.8210693+09:00" endTime="2011-06-29T10:28:46.8480708+09:00" testType="13cdc9d9-ddb5-4fa4-a97d-d965ccfc6d4b" outcome="Passed" testListId="8c84fa94-04c1-424b-9868-57a2d4851a1d" relativeResultsDirectory="b599da31-5e5d-49f3-b09f-857f2b597884">
    </UnitTestResult>
    <UnitTestResult executionId="cc830117-064d-4869-9e8e-a98de1a78f8d" testId="3a4db604-7139-9804-2ab5-ad14796afec1" testName="SelectedDeviceTest" computerName="CLIENTAZS" duration="00:00:00.2614567" startTime="2011-06-29T10:28:46.8530711+09:00" endTime="2011-06-29T10:28:47.1540883+09:00" testType="13cdc9d9-ddb5-4fa4-a97d-d965ccfc6d4b" outcome="Passed" testListId="8c84fa94-04c1-424b-9868-57a2d4851a1d" relativeResultsDirectory="cc830117-064d-4869-9e8e-a98de1a78f8d">
    </UnitTestResult>
    <UnitTestResult executionId="b93751f3-00a2-49ad-8d31-2eca737f9819" testId="4820147a-9623-95f5-e2c8-b660da05a3c5" testName="IsDetectedTest" computerName="CLIENTAZS" duration="00:00:00.0024623" startTime="2011-06-29T10:28:47.1620888+09:00" endTime="2011-06-29T10:28:47.1840900+09:00" testType="13cdc9d9-ddb5-4fa4-a97d-d965ccfc6d4b" outcome="Passed" testListId="8c84fa94-04c1-424b-9868-57a2d4851a1d" relativeResultsDirectory="b93751f3-00a2-49ad-8d31-2eca737f9819">
    </UnitTestResult>
    <UnitTestResult executionId="1d23dfaf-5f63-43a2-b9d6-a3f49d03dbfd" testId="5ef5b6e1-0cec-8e3e-2a18-36ec4ba05980" testName="CurrentVoltageTest" computerName="CLIENTAZS" duration="00:00:00.0029239" startTime="2011-06-29T10:28:47.1940906+09:00" endTime="2011-06-29T10:28:47.2250924+09:00" testType="13cdc9d9-ddb5-4fa4-a97d-d965ccfc6d4b" outcome="Passed" testListId="8c84fa94-04c1-424b-9868-57a2d4851a1d" relativeResultsDirectory="1d23dfaf-5f63-43a2-b9d6-a3f49d03dbfd">
    </UnitTestResult>
    <UnitTestResult executionId="10324c8f-92b9-4c89-9c90-d782cba3c043" testId="64811b85-89b0-0b59-3263-26f94adb60fb" testName="FlushTest" computerName="CLIENTAZS" duration="00:00:00.0333583" startTime="2011-06-29T10:28:47.2290926+09:00" endTime="2011-06-29T10:28:47.2700949+09:00" testType="13cdc9d9-ddb5-4fa4-a97d-d965ccfc6d4b" outcome="Passed" testListId="8c84fa94-04c1-424b-9868-57a2d4851a1d" relativeResultsDirectory="10324c8f-92b9-4c89-9c90-d782cba3c043">
    </UnitTestResult>
    <UnitTestResult executionId="61d33c54-dacd-433a-8d9d-4983fc949f47" testId="674eb767-160f-184e-901f-e20a6d038918" testName="ConvertTest" computerName="CLIENTAZS" duration="00:00:00.3562925" startTime="2011-06-29T10:28:47.2950964+09:00" endTime="2011-06-29T10:28:47.6641175+09:00" testType="13cdc9d9-ddb5-4fa4-a97d-d965ccfc6d4b" outcome="Passed" testListId="8c84fa94-04c1-424b-9868-57a2d4851a1d" relativeResultsDirectory="61d33c54-dacd-433a-8d9d-4983fc949f47">
    </UnitTestResult>
    <UnitTestResult executionId="793ed89f-823e-4b7e-89e6-10a64eff113c" testId="888367e1-b0e5-f904-1073-ef6838ec8384" testName="ParentIDTest" computerName="CLIENTAZS" duration="00:00:00.0403822" startTime="2011-06-29T10:28:47.6711179+09:00" endTime="2011-06-29T10:28:47.7241209+09:00" testType="13cdc9d9-ddb5-4fa4-a97d-d965ccfc6d4b" outcome="Passed" testListId="8c84fa94-04c1-424b-9868-57a2d4851a1d" relativeResultsDirectory="793ed89f-823e-4b7e-89e6-10a64eff113c">
    </UnitTestResult>
    <UnitTestResult executionId="559159b8-1495-41db-970e-eae33accbc39" testId="8c676a8d-ec31-5a6b-13ab-e80d4af41e42" testName="ToByteArrayTest" computerName="CLIENTAZS" duration="00:00:00.0015026" startTime="2011-06-29T10:28:47.7311213+09:00" endTime="2011-06-29T10:28:47.7411219+09:00" testType="13cdc9d9-ddb5-4fa4-a97d-d965ccfc6d4b" outcome="Passed" testListId="8c84fa94-04c1-424b-9868-57a2d4851a1d" relativeResultsDirectory="559159b8-1495-41db-970e-eae33accbc39">
    </UnitTestResult>
    <UnitTestResult executionId="93293e50-80d6-4cb5-85dc-5c9f082efdbf" testId="8da466f7-c384-a693-e5eb-95d9f9f6fa64" testName="PointModuleStateConstructorTest" computerName="CLIENTAZS" duration="00:00:00.0010402" startTime="2011-06-29T10:28:47.7501224+09:00" endTime="2011-06-29T10:28:47.7611230+09:00" testType="13cdc9d9-ddb5-4fa4-a97d-d965ccfc6d4b" outcome="Passed" testListId="8c84fa94-04c1-424b-9868-57a2d4851a1d" relativeResultsDirectory="93293e50-80d6-4cb5-85dc-5c9f082efdbf">
    </UnitTestResult>
    <UnitTestResult executionId="ee408d36-98f3-49f4-9eb9-46a89d918b04" testId="ad40eac8-0529-544e-7cd1-f5b2a391e919" testName="OverflowedCountTest" computerName="CLIENTAZS" duration="00:00:00.0008411" startTime="2011-06-29T10:28:47.7701235+09:00" endTime="2011-06-29T10:28:47.7781240+09:00" testType="13cdc9d9-ddb5-4fa4-a97d-d965ccfc6d4b" outcome="Passed" testListId="8c84fa94-04c1-424b-9868-57a2d4851a1d" relativeResultsDirectory="ee408d36-98f3-49f4-9eb9-46a89d918b04">
    </UnitTestResult>
    <UnitTestResult executionId="e9c2e825-683c-4c12-843f-afe8185c3b00" testId="bb37a384-0089-6563-1ba1-ccf041f0602b" testName="UsbDevicesViewModelConstructorTest" computerName="CLIENTAZS" duration="00:00:00.0002584" startTime="2011-06-29T10:28:47.7871245+09:00" endTime="2011-06-29T10:28:47.7971251+09:00" testType="13cdc9d9-ddb5-4fa4-a97d-d965ccfc6d4b" outcome="Passed" testListId="8c84fa94-04c1-424b-9868-57a2d4851a1d" relativeResultsDirectory="e9c2e825-683c-4c12-843f-afe8185c3b00">
    </UnitTestResult>
    <UnitTestResult executionId="379b7c4b-7e0e-48b9-b2e5-6be32a07df90" testId="c3e25e71-e6a3-3799-dbe0-bacda8fc8163" testName="ModuleTypeTest" computerName="CLIENTAZS" duration="00:00:00.0005420" startTime="2011-06-29T10:28:47.8061256+09:00" endTime="2011-06-29T10:28:47.8131260+09:00" testType="13cdc9d9-ddb5-4fa4-a97d-d965ccfc6d4b" outcome="Passed" testListId="8c84fa94-04c1-424b-9868-57a2d4851a1d" relativeResultsDirectory="379b7c4b-7e0e-48b9-b2e5-6be32a07df90">
    </UnitTestResult>
    <UnitTestResult executionId="6e189284-c7d9-490d-9380-0ef24d14c7d7" testId="c57eff42-a84b-6116-b645-b74d987ba9b1" testName="DeviceCandicatesTest" computerName="CLIENTAZS" duration="00:00:00.1005357" startTime="2011-06-29T10:28:47.8221265+09:00" endTime="2011-06-29T10:28:47.9291326+09:00" testType="13cdc9d9-ddb5-4fa4-a97d-d965ccfc6d4b" outcome="Passed" testListId="8c84fa94-04c1-424b-9868-57a2d4851a1d" relativeResultsDirectory="6e189284-c7d9-490d-9380-0ef24d14c7d7">
    </UnitTestResult>
    <UnitTestResult executionId="91b5a263-4a4a-4e75-8969-e0939f26eb3a" testId="c6c2c1ab-9d23-f24c-e326-eec075cfb3f8" testName="ItemTest" computerName="CLIENTAZS" duration="00:00:00.0405276" startTime="2011-06-29T10:28:47.9421334+09:00" endTime="2011-06-29T10:28:47.9981366+09:00" testType="13cdc9d9-ddb5-4fa4-a97d-d965ccfc6d4b" outcome="Passed" testListId="8c84fa94-04c1-424b-9868-57a2d4851a1d" relativeResultsDirectory="91b5a263-4a4a-4e75-8969-e0939f26eb3a">
    </UnitTestResult>
    <UnitTestResult executionId="63038b2e-711f-4687-94fb-894a1bc7aa75" testId="c89c1729-1b69-9af7-691d-ccb30e6f1a55" testName="PortMappingEnumerableTest" computerName="CLIENTAZS" duration="00:00:00.0125849" startTime="2011-06-29T10:28:48.0061370+09:00" endTime="2011-06-29T10:28:48.0271382+09:00" testType="13cdc9d9-ddb5-4fa4-a97d-d965ccfc6d4b" outcome="Passed" testListId="8c84fa94-04c1-424b-9868-57a2d4851a1d" relativeResultsDirectory="63038b2e-711f-4687-94fb-894a1bc7aa75">
    </UnitTestResult>
    <UnitTestResult executionId="8b52cc2c-1cac-42cf-a477-c1c7a207b389" testId="e1892563-72ac-e402-dfba-90f0fb1b229e" testName="WriteTest" computerName="CLIENTAZS" duration="00:00:00.0009597" startTime="2011-06-29T10:28:48.0371388+09:00" endTime="2011-06-29T10:28:48.0441392+09:00" testType="13cdc9d9-ddb5-4fa4-a97d-d965ccfc6d4b" outcome="Passed" testListId="8c84fa94-04c1-424b-9868-57a2d4851a1d" relativeResultsDirectory="8b52cc2c-1cac-42cf-a477-c1c7a207b389">
    </UnitTestResult>
    <UnitTestResult executionId="533fd18d-c530-4832-ac26-e9f052697b93" testId="e36da11d-994b-1ac2-4a9f-70734f4a554b" testName="ThresholdVoltageTest" computerName="CLIENTAZS" duration="00:00:00.0009467" startTime="2011-06-29T10:28:48.0521397+09:00" endTime="2011-06-29T10:28:48.0611402+09:00" testType="13cdc9d9-ddb5-4fa4-a97d-d965ccfc6d4b" outcome="Passed" testListId="8c84fa94-04c1-424b-9868-57a2d4851a1d" relativeResultsDirectory="533fd18d-c530-4832-ac26-e9f052697b93">
    </UnitTestResult>
    <UnitTestResult executionId="1e999794-780a-41d0-9d3c-0ee301819e23" testId="e531a444-ddb8-6cc8-ba69-dded1772c8fb" testName="TimerTest" computerName="CLIENTAZS" duration="00:00:00.0006314" startTime="2011-06-29T10:28:48.0701407+09:00" endTime="2011-06-29T10:28:48.0791412+09:00" testType="13cdc9d9-ddb5-4fa4-a97d-d965ccfc6d4b" outcome="Passed" testListId="8c84fa94-04c1-424b-9868-57a2d4851a1d" relativeResultsDirectory="1e999794-780a-41d0-9d3c-0ee301819e23">
    </UnitTestResult>
    <UnitTestResult executionId="d70cb057-552a-4803-aab3-921659aaf4d0" testId="e636afca-43c6-677e-deb3-86d562155830" testName="PointModuleDataConstructorTest" computerName="CLIENTAZS" duration="00:00:00.0004404" startTime="2011-06-29T10:28:48.0881417+09:00" endTime="2011-06-29T10:28:48.0971423+09:00" testType="13cdc9d9-ddb5-4fa4-a97d-d965ccfc6d4b" outcome="Passed" testListId="8c84fa94-04c1-424b-9868-57a2d4851a1d" relativeResultsDirectory="d70cb057-552a-4803-aab3-921659aaf4d0">
    </UnitTestResult>
    <UnitTestResult executionId="f3d4a70b-4465-4271-9884-19615fe8cd01" testId="e7d27d5a-0dca-8191-f30e-a3d70f9835ee" testName="ModeTest" computerName="CLIENTAZS" duration="00:00:00.0020097" startTime="2011-06-29T10:28:48.1071428+09:00" endTime="2011-06-29T10:28:48.1171434+09:00" testType="13cdc9d9-ddb5-4fa4-a97d-d965ccfc6d4b" outcome="Passed" testListId="8c84fa94-04c1-424b-9868-57a2d4851a1d" relativeResultsDirectory="f3d4a70b-4465-4271-9884-19615fe8cd01">
    </UnitTestResult>
    <UnitTestResult executionId="728eaa5c-ff43-4a38-a01c-4352f8a13ff2" testId="e97e0475-1df3-1614-6d37-36b8da6c07df" testName="ByteArrayValidationCheck" computerName="CLIENTAZS" duration="00:00:00.0001665" startTime="2011-06-29T10:28:48.1261439+09:00" endTime="2011-06-29T10:28:48.1351444+09:00" testType="13cdc9d9-ddb5-4fa4-a97d-d965ccfc6d4b" outcome="Passed" testListId="8c84fa94-04c1-424b-9868-57a2d4851a1d" relativeResultsDirectory="728eaa5c-ff43-4a38-a01c-4352f8a13ff2">
    </UnitTestResult>
    <UnitTestResult executionId="17bc2bbc-9937-4d0d-9774-3b8cd6210c5a" testId="f3ffe881-46a7-6ee6-404d-376b40511b07" testName="ConvertBackTest" computerName="CLIENTAZS" duration="00:00:00.0195885" startTime="2011-06-29T10:28:48.1451450+09:00" endTime="2011-06-29T10:28:48.1791469+09:00" testType="13cdc9d9-ddb5-4fa4-a97d-d965ccfc6d4b" outcome="Passed" testListId="8c84fa94-04c1-424b-9868-57a2d4851a1d" relativeResultsDirectory="17bc2bbc-9937-4d0d-9774-3b8cd6210c5a">
    </UnitTestResult>
    <UnitTestResult executionId="4089c134-18a5-4545-95a4-63a4d2da44c8" testId="f7a737b6-f8da-3a0e-93c8-58a3d6ddb7dd" testName="TrainSensorViewModelConstructorTest" computerName="CLIENTAZS" duration="00:00:00.0016765" startTime="2011-06-29T10:28:48.1961479+09:00" endTime="2011-06-29T10:28:48.2131489+09:00" testType="13cdc9d9-ddb5-4fa4-a97d-d965ccfc6d4b" outcome="Passed" testListId="8c84fa94-04c1-424b-9868-57a2d4851a1d" relativeResultsDirectory="4089c134-18a5-4545-95a4-63a4d2da44c8">
    </UnitTestResult>
    <UnitTestResult executionId="eb1dc927-4fa0-41e0-bc48-3230639fcdff" testId="fd6576fe-8e64-b2e3-565c-e729b98d43e4" testName="ItemTest" computerName="CLIENTAZS" duration="00:00:00.0197518" startTime="2011-06-29T10:28:48.2221494+09:00" endTime="2011-06-29T10:28:48.2601516+09:00" testType="13cdc9d9-ddb5-4fa4-a97d-d965ccfc6d4b" outcome="Passed" testListId="8c84fa94-04c1-424b-9868-57a2d4851a1d" relativeResultsDirectory="eb1dc927-4fa0-41e0-bc48-3230639fcdff">
    </UnitTestResult>
    <UnitTestResult executionId="e25fe253-b64a-40f3-bb04-a73a8a8fcd1c" testId="ff56d913-09b6-6f1a-eca1-4fc7d055cea3" testName="MotherBoardViewModelConstructorTest" computerName="CLIENTAZS" duration="00:00:00.0003266" startTime="2011-06-29T10:28:48.2661519+09:00" endTime="2011-06-29T10:28:48.2751524+09:00" testType="13cdc9d9-ddb5-4fa4-a97d-d965ccfc6d4b" outcome="Passed" testListId="8c84fa94-04c1-424b-9868-57a2d4851a1d" relativeResultsDirectory="e25fe253-b64a-40f3-bb04-a73a8a8fcd1c">
    </UnitTestResult>
  </Results>
</TestRun>